#       step         max_devi_v         min_devi_v         avg_devi_v         max_devi_f         min_devi_f         avg_devi_f
           0       3.118626e-02       1.422922e-03       1.263206e-02       6.127037e-02       3.061601e-02       4.092777e-02
          10       2.020955e-02       5.617285e-03       1.043428e-02       5.944157e-02       1.818767e-02       3.673239e-02
          20       9.772875e-03       2.427879e-03       7.187408e-03       2.573182e-02       8.110041e-03       1.969329e-02
          30       8.188913e-03       1.773467e-03       4.955805e-03       2.194384e-02       1.201719e-02       1.708825e-02
          40       1.031369e-02       9.976508e-04       4.848756e-03       3.408376e-02       1.280936e-02       1.891667e-02
          50       6.956757e-03       1.103839e-03       3.965483e-03       1.438812e-02       7.885326e-03       1.117759e-02
          60       7.024550e-03       1.425353e-03       3.635179e-03       1.500983e-02       9.120430e-03       1.188462e-02
          70       8.089545e-03       1.341652e-03       3.867245e-03       1.692527e-02       9.036461e-03       1.205805e-02
          80       5.173285e-03       1.648478e-03       3.123372e-03       1.565106e-02       8.392600e-03       1.231187e-02
          90       8.751742e-03       3.582186e-03       5.202443e-03       1.876937e-02       6.076048e-03       1.194701e-02
         100       1.513508e-02       4.287397e-03       6.947988e-03       3.281272e-02       1.013736e-02       1.758023e-02
         110       9.788789e-03       1.804588e-03       5.867689e-03       3.497431e-02       6.844205e-03       1.874485e-02
         120       1.723817e-02       4.171550e-04       7.357597e-03       2.551164e-02       8.023669e-03       1.964774e-02
         130       8.928822e-03       3.221988e-03       6.479941e-03       3.406683e-02       1.053339e-02       1.952135e-02
         140       7.067505e-03       1.145148e-03       4.312291e-03       3.059465e-02       7.898244e-03       2.133687e-02
         150       1.267042e-02       3.413359e-03       7.690672e-03       3.061047e-02       1.309208e-02       2.263191e-02
         160       1.001906e-02       2.634472e-03       6.263839e-03       2.744864e-02       1.155266e-02       1.988222e-02
         170       8.210700e-03       3.236797e-03       5.791620e-03       2.505699e-02       1.644930e-02       1.969454e-02
         180       7.263086e-03       1.882482e-03       3.992781e-03       1.907453e-02       1.055849e-02       1.664802e-02
         190       8.275366e-03       1.484794e-03       4.930248e-03       2.543904e-02       1.310143e-02       1.766126e-02
         200       9.509567e-03       1.382207e-03       4.811177e-03       2.601658e-02       8.947994e-03       1.686833e-02
         210       6.868185e-03       2.175049e-03       5.205531e-03       2.462376e-02       1.021107e-02       1.655671e-02
         220       9.839281e-03       2.305942e-03       5.005253e-03       1.774238e-02       9.496709e-03       1.322653e-02
         230       1.304827e-02       1.885499e-03       5.607809e-03       1.923090e-02       1.363198e-02       1.627149e-02
         240       1.914271e-02       3.670000e-03       8.792015e-03       3.318769e-02       1.336636e-02       2.114285e-02
         250       8.644046e-03       2.163862e-03       4.302979e-03       1.814100e-02       1.465380e-02       1.642397e-02
         260       9.771010e-03       3.163227e-03       5.953038e-03       2.032022e-02       1.208803e-02       1.522531e-02
         270       1.160396e-02       1.898670e-03       4.826170e-03       1.853995e-02       1.119728e-02       1.454212e-02
         280       8.121567e-03       3.030189e-03       5.365284e-03       2.545270e-02       1.210222e-02       2.009679e-02
         290       6.011250e-03       8.874838e-04       4.457421e-03       2.835394e-02       1.222883e-02       2.127389e-02
         300       8.269396e-03       2.708193e-03       6.296454e-03       3.523194e-02       1.570683e-02       2.514300e-02
         310       1.007186e-02       2.670272e-03       5.487917e-03       2.366868e-02       1.265756e-02       1.768829e-02
         320       1.107937e-02       3.196960e-03       6.910905e-03       2.108835e-02       1.176623e-02       1.735565e-02
         330       1.377058e-02       2.976328e-03       7.185302e-03       2.810849e-02       1.008611e-02       1.971622e-02
         340       9.958760e-03       3.502999e-03       6.348074e-03       2.485683e-02       1.130141e-02       1.764361e-02
         350       9.924491e-03       2.351877e-03       6.077505e-03       2.977480e-02       8.137957e-03       1.803539e-02
         360       6.321260e-03       1.107149e-03       3.273607e-03       1.650166e-02       7.073429e-03       9.859203e-03
         370       1.127860e-02       1.664507e-03       5.042401e-03       2.634995e-02       1.035400e-02       1.622524e-02
         380       8.303786e-03       2.088724e-03       4.697516e-03       1.885928e-02       9.043357e-03       1.409103e-02
         390       8.882094e-03       1.878401e-03       5.461066e-03       2.234999e-02       6.846350e-03       1.405645e-02
         400       6.771230e-03       3.798127e-03       4.999182e-03       2.272989e-02       1.150615e-02       1.673221e-02
         410       8.662942e-03       2.679731e-03       6.594610e-03       3.124046e-02       1.489227e-02       1.839223e-02
         420       9.344318e-03       2.363856e-03       4.901247e-03       2.858899e-02       1.246653e-02       1.882804e-02
         430       1.120583e-02       1.871922e-03       5.339210e-03       2.707105e-02       8.406791e-03       1.729418e-02
         440       8.490137e-03       6.450918e-04       3.515893e-03       2.184515e-02       6.862386e-03       1.533649e-02
         450       8.335774e-03       3.504420e-03       5.747301e-03       3.092009e-02       1.216606e-02       1.889693e-02
         460       1.099752e-02       2.424855e-03       6.137236e-03       3.340746e-02       7.804463e-03       1.997667e-02
         470       9.784818e-03       1.903207e-03       5.036209e-03       2.020767e-02       1.117718e-02       1.558240e-02
         480       6.781102e-03       2.266280e-03       5.170069e-03       2.612983e-02       8.605824e-03       1.547100e-02
         490       1.188324e-02       1.422195e-03       5.438339e-03       2.190706e-02       8.367246e-03       1.427060e-02
         500       1.256862e-02       1.102035e-03       6.522685e-03       2.026313e-02       8.539823e-03       1.346368e-02
         510       6.610896e-03       1.906863e-03       3.939260e-03       1.434854e-02       7.071786e-03       1.125434e-02
         520       9.819662e-03       1.526027e-03       5.775923e-03       2.977001e-02       5.177154e-03       1.637061e-02
         530       1.056281e-02       3.174303e-03       6.056232e-03       2.385414e-02       9.582994e-03       1.362516e-02
         540       9.899590e-03       2.844346e-03       6.342747e-03       3.469467e-02       7.732429e-03       2.029816e-02
         550       1.054289e-02       5.271224e-03       6.969006e-03       2.625966e-02       1.065432e-02       1.941389e-02
         560       9.588902e-03       2.764913e-03       5.145212e-03       2.014959e-02       7.206819e-03       1.465007e-02
         570       7.315470e-03       2.140757e-03       5.467450e-03       3.079247e-02       1.238051e-02       1.855351e-02
         580       8.520642e-03       2.682080e-03       4.938949e-03       2.368596e-02       1.008018e-02       1.493138e-02
         590       1.011234e-02       3.881204e-03       7.049307e-03       2.387618e-02       1.450997e-02       1.873808e-02
         600       8.487213e-03       2.438533e-03       5.386911e-03       2.511893e-02       1.219792e-02       1.934623e-02
         610       1.250847e-02       1.670229e-03       7.416524e-03       2.228366e-02       1.311241e-02       1.707637e-02
         620       8.894335e-03       2.424480e-03       5.459775e-03       2.129489e-02       9.524608e-03       1.551414e-02
         630       7.584537e-03       3.715554e-03       5.628748e-03       1.928294e-02       9.944672e-03       1.425950e-02
         640       7.224926e-03       1.563213e-03       4.522327e-03       1.942878e-02       8.722785e-03       1.476890e-02
         650       7.419875e-03       2.968720e-03       5.067491e-03       2.497354e-02       9.518413e-03       1.758471e-02
         660       6.743204e-03       1.908554e-03       4.908154e-03       2.788115e-02       1.243741e-02       1.809315e-02
         670       6.020516e-03       2.856503e-03       4.657943e-03       2.362219e-02       1.086614e-02       1.602922e-02
         680       7.577031e-03       1.906380e-03       4.997822e-03       2.281433e-02       9.715098e-03       1.419889e-02
         690       1.454396e-02       3.557692e-03       7.055680e-03       2.363467e-02       1.276791e-02       1.942835e-02
         700       7.594058e-03       2.871245e-03       5.363494e-03       1.580000e-02       1.388029e-02       1.487534e-02
         710       7.256706e-03       1.841224e-03       5.332440e-03       2.042975e-02       1.082677e-02       1.490038e-02
         720       1.232059e-02       3.767678e-03       6.648761e-03       2.810498e-02       1.038699e-02       1.763217e-02
         730       9.471759e-03       3.005255e-03       5.570630e-03       1.936012e-02       7.353894e-03       1.434057e-02
         740       4.982175e-03       2.406708e-03       3.466417e-03       2.293738e-02       9.254341e-03       1.594566e-02
         750       1.034510e-02       4.213722e-03       6.199508e-03       1.873797e-02       1.069036e-02       1.578724e-02
         760       8.643583e-03       2.671469e-03       5.099451e-03       1.913606e-02       9.376052e-03       1.358097e-02
         770       7.867853e-03       3.934969e-03       5.543755e-03       3.001409e-02       1.263655e-02       1.842748e-02
         780       7.680329e-03       3.001523e-03       5.124170e-03       2.399815e-02       6.999885e-03       1.886939e-02
         790       8.635011e-03       2.749576e-03       4.669970e-03       3.232191e-02       1.225364e-02       1.995697e-02
         800       8.383434e-03       6.632235e-04       5.037914e-03       2.428203e-02       9.538300e-03       1.482953e-02
         810       6.976950e-03       1.579765e-03       4.832622e-03       2.383644e-02       1.016307e-02       1.515302e-02
         820       7.213648e-03       2.549716e-03       4.614070e-03       2.002635e-02       1.219109e-02       1.707696e-02
         830       1.209425e-02       3.476240e-03       6.289845e-03       2.779951e-02       8.639544e-03       1.844126e-02
         840       9.165256e-03       2.091527e-03       5.468215e-03       2.980851e-02       1.589411e-02       2.095541e-02
         850       6.354808e-03       3.462854e-03       4.713623e-03       1.998199e-02       9.186418e-03       1.498776e-02
         860       7.170559e-03       1.730969e-03       4.786111e-03       1.911778e-02       8.074661e-03       1.403149e-02
         870       8.017012e-03       2.684911e-03       5.270468e-03       2.562612e-02       1.347617e-02       1.817402e-02
         880       6.479604e-03       5.481564e-04       4.737468e-03       2.773400e-02       6.512956e-03       1.345088e-02
         890       9.394655e-03       2.023226e-03       4.227597e-03       3.018220e-02       6.310792e-03       1.252177e-02
         900       7.841518e-03       1.691639e-03       3.906134e-03       2.358101e-02       9.210559e-03       1.546337e-02
         910       1.474041e-02       2.399402e-03       6.765791e-03       3.102784e-02       7.520330e-03       1.806054e-02
         920       4.567069e-03       2.075479e-03       3.042176e-03       1.392962e-02       7.218195e-03       9.507672e-03
         930       5.948666e-03       1.100602e-03       3.482704e-03       1.195845e-02       8.784266e-03       1.037227e-02
         940       5.693597e-03       1.675247e-03       3.940012e-03       2.131115e-02       7.144803e-03       1.185013e-02
         950       9.658494e-03       2.206061e-03       5.971218e-03       2.524992e-02       1.143643e-02       1.504464e-02
         960       4.549243e-03       1.965358e-03       3.458850e-03       2.669611e-02       8.763433e-03       1.805411e-02
         970       6.076848e-03       1.969555e-03       4.305446e-03       3.086347e-02       4.996693e-03       1.376771e-02
         980       7.199776e-03       1.788948e-03       3.914931e-03       2.631134e-02       9.625926e-03       1.345962e-02
         990       1.065281e-02       1.643920e-03       4.783619e-03       1.918636e-02       9.520688e-03       1.452154e-02
        1000       7.933149e-03       2.099766e-03       4.034908e-03       2.107567e-02       9.868642e-03       1.362117e-02
