#       step         max_devi_v         min_devi_v         avg_devi_v         max_devi_f         min_devi_f         avg_devi_f
           0       8.164116e-03       1.592391e-03       4.193885e-03       1.370068e-02       5.645200e-03       1.003104e-02
          10       1.131456e-02       1.104454e-03       5.302092e-03       2.808827e-02       6.145934e-03       1.459902e-02
          20       5.489166e-03       1.832934e-03       4.242703e-03       1.769228e-02       9.184083e-03       1.324212e-02
          30       7.691786e-03       1.721877e-03       4.085954e-03       1.439214e-02       7.164730e-03       9.950003e-03
          40       1.067708e-02       2.114339e-03       6.096364e-03       1.564656e-02       8.868821e-03       1.219939e-02
          50       1.033827e-02       1.911092e-04       5.287945e-03       1.299677e-02       7.024235e-03       9.976808e-03
          60       8.711857e-03       1.091760e-03       4.146499e-03       1.425045e-02       8.706017e-03       1.077030e-02
          70       8.004674e-03       7.302573e-04       4.343629e-03       1.572971e-02       7.536270e-03       1.066372e-02
          80       8.251863e-03       2.135239e-03       4.479227e-03       1.650447e-02       5.416349e-03       1.085155e-02
          90       7.294424e-03       1.538377e-03       3.985959e-03       1.115256e-02       5.112478e-03       8.378146e-03
         100       7.400118e-03       1.066475e-03       3.653013e-03       1.217920e-02       4.508125e-03       8.160343e-03
         110       7.774198e-03       2.299002e-03       4.612336e-03       1.713137e-02       7.545453e-03       1.116156e-02
         120       1.017198e-02       1.891267e-03       5.738314e-03       2.702284e-02       6.307360e-03       1.619810e-02
         130       9.904494e-03       3.488955e-03       5.553386e-03       2.314390e-02       1.042786e-02       1.668567e-02
         140       8.741852e-03       1.992293e-03       4.932712e-03       2.113978e-02       1.199565e-02       1.519352e-02
         150       8.218540e-03       1.782875e-03       4.707052e-03       1.845261e-02       1.177116e-02       1.564250e-02
         160       8.160017e-03       1.100581e-03       4.322687e-03       1.759811e-02       4.655303e-03       1.233272e-02
         170       1.442783e-02       2.149960e-03       5.738048e-03       2.113537e-02       6.096231e-03       1.447598e-02
         180       7.933532e-03       2.591636e-03       4.117407e-03       1.590682e-02       5.048515e-03       1.125836e-02
         190       5.586906e-03       2.840589e-03       4.099881e-03       1.312619e-02       8.451481e-03       1.073335e-02
         200       7.368390e-03       1.208335e-03       3.661351e-03       1.735187e-02       7.433209e-03       1.068000e-02
         210       1.135451e-02       1.358072e-03       5.520795e-03       2.042385e-02       9.476378e-03       1.394159e-02
         220       6.780955e-03       2.353248e-03       4.006270e-03       1.672850e-02       7.704436e-03       1.120620e-02
         230       6.274158e-03       1.678529e-03       3.388653e-03       1.660799e-02       7.614003e-03       1.112955e-02
         240       1.030548e-02       1.416269e-03       4.842716e-03       1.990796e-02       7.931466e-03       1.282532e-02
         250       4.397362e-03       1.139065e-03       3.183355e-03       1.888193e-02       1.209378e-02       1.488731e-02
         260       7.474262e-03       9.132155e-04       4.459038e-03       1.725049e-02       6.068961e-03       1.240596e-02
         270       6.827944e-03       2.153435e-03       4.344683e-03       3.107891e-02       5.705446e-03       1.748209e-02
         280       1.452373e-02       2.530043e-03       7.057049e-03       3.412403e-02       9.933259e-03       1.886429e-02
         290       1.325891e-02       3.613037e-03       6.805973e-03       2.249445e-02       1.375853e-02       1.790299e-02
         300       1.278633e-02       2.643404e-03       7.869345e-03       3.865346e-02       6.627076e-03       2.119160e-02
         310       7.722293e-03       1.872149e-03       5.090479e-03       2.812954e-02       1.156332e-02       1.637014e-02
         320       9.114571e-03       1.750218e-03       6.290453e-03       2.990690e-02       6.358478e-03       1.674956e-02
         330       9.874069e-03       2.042010e-03       5.003301e-03       1.292338e-02       7.898004e-03       1.044072e-02
         340       1.330126e-02       2.381318e-03       6.298969e-03       2.049811e-02       9.644467e-03       1.658368e-02
         350       1.381923e-02       2.524661e-03       7.239850e-03       2.565447e-02       1.104238e-02       1.714402e-02
         360       1.177292e-02       3.849880e-03       6.946990e-03       2.629508e-02       9.350103e-03       1.740193e-02
         370       1.102057e-02       2.066371e-03       5.979180e-03       2.685824e-02       7.920957e-03       1.391846e-02
         380       9.541656e-03       3.451307e-03       6.871926e-03       2.773912e-02       8.373426e-03       1.697994e-02
         390       1.066376e-02       3.905491e-03       7.027380e-03       2.509160e-02       1.079423e-02       1.921592e-02
         400       1.368305e-02       3.620330e-03       7.776454e-03       3.049393e-02       1.340370e-02       2.006236e-02
         410       9.539421e-03       1.472082e-03       6.495871e-03       3.223221e-02       1.116553e-02       1.735000e-02
         420       5.472020e-03       1.817772e-03       4.243736e-03       2.123639e-02       9.153748e-03       1.370732e-02
         430       1.200181e-02       4.924233e-03       6.741056e-03       2.877084e-02       8.799766e-03       1.860014e-02
         440       8.093452e-03       2.054469e-03       4.751936e-03       1.800066e-02       7.858527e-03       1.292504e-02
         450       8.189639e-03       1.298258e-03       4.148578e-03       1.848360e-02       7.740408e-03       1.162063e-02
         460       7.479203e-03       3.129619e-03       4.625325e-03       1.616429e-02       6.703221e-03       1.179334e-02
         470       9.691618e-03       1.866335e-03       5.094268e-03       1.718474e-02       5.040895e-03       1.153980e-02
         480       1.190863e-02       1.330647e-03       6.215468e-03       2.471701e-02       6.467854e-03       1.425029e-02
         490       1.042285e-02       1.241619e-03       5.775550e-03       1.578244e-02       7.542175e-03       1.215382e-02
         500       1.033753e-02       1.705000e-03       5.510618e-03       1.946681e-02       7.127915e-03       1.385022e-02
         510       1.204993e-02       2.974502e-03       6.111333e-03       2.114432e-02       8.987876e-03       1.532213e-02
         520       1.304563e-02       4.075147e-03       7.358806e-03       3.108422e-02       1.466542e-02       2.000691e-02
         530       1.723057e-02       4.712867e-03       8.528478e-03       3.212653e-02       1.434342e-02       2.219347e-02
         540       1.019630e-02       1.588683e-03       6.579603e-03       2.914134e-02       1.001184e-02       1.828701e-02
         550       1.014923e-02       3.161610e-03       7.102032e-03       3.690435e-02       1.075163e-02       1.888425e-02
         560       7.436131e-03       5.467555e-04       5.410459e-03       3.001219e-02       9.562018e-03       1.619739e-02
         570       1.201167e-02       9.372372e-04       5.070439e-03       2.273731e-02       7.267049e-03       1.441288e-02
         580       8.038286e-03       3.128872e-03       5.834903e-03       4.191412e-02       1.341952e-02       2.242843e-02
         590       1.420513e-02       1.130098e-03       6.299622e-03       4.461914e-02       1.396565e-02       2.401035e-02
         600       1.595351e-02       1.330139e-03       6.761988e-03       4.284553e-02       3.766453e-03       1.822940e-02
         610       4.981034e-03       1.407509e-03       3.630132e-03       1.956840e-02       3.496528e-03       1.015027e-02
         620       7.358480e-03       1.642687e-03       3.680931e-03       2.020516e-02       7.392035e-03       1.220093e-02
         630       9.585435e-03       1.421171e-03       4.506664e-03       1.699396e-02       5.957824e-03       1.241522e-02
         640       1.552544e-02       1.748061e-03       6.074599e-03       2.399525e-02       8.863509e-03       1.471753e-02
         650       1.540324e-02       1.129095e-03       6.431328e-03       1.976601e-02       9.488793e-03       1.452341e-02
         660       9.080465e-03       2.423649e-03       4.754296e-03       1.766362e-02       8.897265e-03       1.209140e-02
         670       1.158966e-02       3.520244e-03       6.634255e-03       2.315656e-02       8.162290e-03       1.542054e-02
         680       1.680907e-02       8.916829e-04       7.995102e-03       2.676098e-02       9.928326e-03       1.803083e-02
         690       8.200989e-03       2.913567e-03       4.838640e-03       2.293599e-02       1.128650e-02       1.579818e-02
         700       4.916707e-03       1.133777e-03       4.083734e-03       2.077846e-02       9.986145e-03       1.402023e-02
         710       8.264220e-03       1.445135e-03       4.727720e-03       2.617344e-02       7.764045e-03       1.540765e-02
         720       9.066320e-03       8.207688e-04       5.931226e-03       2.532379e-02       1.144937e-02       1.626816e-02
         730       6.956380e-03       1.035678e-03       4.510394e-03       1.815130e-02       5.693279e-03       1.224349e-02
         740       7.178729e-03       1.124940e-03       3.532905e-03       2.403327e-02       5.096642e-03       1.500627e-02
         750       7.299787e-03       1.958767e-03       4.831301e-03       1.875785e-02       6.534527e-03       1.210224e-02
         760       5.208699e-03       1.683748e-03       2.960669e-03       1.846309e-02       5.789014e-03       1.160998e-02
         770       4.996896e-03       7.785541e-04       3.458836e-03       2.196895e-02       1.154157e-02       1.661674e-02
         780       7.697536e-03       1.993595e-03       5.902453e-03       1.892560e-02       9.281413e-03       1.503614e-02
         790       9.726896e-03       1.246420e-03       5.098600e-03       1.671660e-02       9.209763e-03       1.241876e-02
         800       8.178468e-03       1.515104e-03       4.657743e-03       1.680499e-02       6.871911e-03       1.074571e-02
         810       1.197225e-02       1.907845e-03       6.351927e-03       2.794948e-02       7.408858e-03       1.498060e-02
         820       9.323495e-03       1.091039e-03       4.271886e-03       1.807129e-02       6.540045e-03       1.314478e-02
         830       6.214260e-03       5.513310e-04       3.126876e-03       1.529462e-02       5.460585e-03       1.011497e-02
         840       1.088673e-02       3.107918e-03       6.748944e-03       3.553853e-02       7.083025e-03       1.835346e-02
         850       1.059341e-02       3.083777e-03       5.834556e-03       2.342081e-02       5.546924e-03       1.792434e-02
         860       1.402472e-02       1.787891e-03       6.743527e-03       2.707412e-02       5.705597e-03       1.836983e-02
         870       1.320498e-02       2.985923e-03       6.250420e-03       3.589289e-02       6.668943e-03       1.725736e-02
         880       8.488096e-03       2.342809e-03       4.943927e-03       2.337508e-02       6.720746e-03       1.330753e-02
         890       8.292613e-03       1.187442e-03       3.943562e-03       1.852907e-02       5.067478e-03       1.203345e-02
         900       4.655607e-03       6.285636e-04       2.412542e-03       1.232154e-02       3.149379e-03       8.230527e-03
         910       5.475015e-03       1.413827e-03       2.851498e-03       1.235489e-02       4.059464e-03       9.738663e-03
         920       8.176917e-03       4.428959e-04       4.106769e-03       2.132586e-02       3.186571e-03       1.148641e-02
         930       9.241173e-03       2.297503e-03       4.895939e-03       2.665502e-02       5.155718e-03       1.361953e-02
         940       8.701167e-03       1.917485e-03       5.271092e-03       2.278263e-02       1.104326e-02       1.526514e-02
         950       8.444437e-03       2.347641e-03       4.413449e-03       1.756568e-02       4.059804e-03       1.169651e-02
         960       6.741786e-03       3.406475e-03       4.394335e-03       1.960438e-02       6.583005e-03       1.278712e-02
         970       1.408950e-02       1.642226e-03       5.469157e-03       2.776288e-02       4.292606e-03       1.346618e-02
         980       1.007145e-02       1.250740e-03       4.694455e-03       2.086558e-02       7.048633e-03       1.218177e-02
         990       7.742449e-03       2.904447e-03       5.044609e-03       2.046619e-02       6.252270e-03       1.270527e-02
        1000       6.141507e-03       1.631659e-03       3.491283e-03       1.209100e-02       5.693782e-03       8.816392e-03
