#       step         max_devi_v         min_devi_v         avg_devi_v         max_devi_f         min_devi_f         avg_devi_f
           0       6.199077e-03       7.056786e-04       3.381233e-03       1.888446e-02       8.857688e-03       1.570676e-02
          10       1.308177e-02       1.066327e-03       5.757090e-03       1.831209e-02       9.148802e-03       1.468822e-02
          20       1.264996e-02       1.534882e-03       5.164532e-03       2.296540e-02       8.428077e-03       1.482988e-02
          30       1.574974e-02       8.077578e-04       6.132912e-03       2.371746e-02       7.218798e-03       1.333277e-02
          40       8.411026e-03       1.082863e-03       3.653956e-03       1.890322e-02       2.642097e-03       9.913673e-03
          50       5.450103e-03       1.175799e-03       3.080337e-03       1.855169e-02       5.115602e-03       1.090813e-02
          60       6.967638e-03       1.278609e-03       3.810021e-03       2.389341e-02       9.388235e-03       1.425957e-02
          70       1.346146e-02       1.454766e-03       6.216684e-03       2.827843e-02       9.007475e-03       1.749740e-02
          80       9.701048e-03       8.374710e-04       4.451496e-03       1.954464e-02       7.305549e-03       1.366489e-02
          90       1.066603e-02       1.313999e-03       4.511326e-03       1.598602e-02       6.227306e-03       1.292037e-02
         100       1.427794e-02       1.868322e-03       6.536001e-03       2.110488e-02       2.800881e-03       1.265527e-02
         110       1.043949e-02       1.418364e-03       4.682446e-03       1.815595e-02       8.064773e-03       1.295256e-02
         120       5.973741e-03       9.747724e-04       3.015576e-03       1.857715e-02       5.412873e-03       1.050350e-02
         130       3.590579e-03       1.271924e-03       2.278519e-03       1.449723e-02       5.836433e-03       9.273636e-03
         140       4.800948e-03       9.865977e-04       2.543038e-03       1.385349e-02       5.559303e-03       9.311899e-03
         150       8.297492e-03       1.133713e-03       4.295494e-03       1.998769e-02       5.441053e-03       1.245191e-02
         160       8.477322e-03       5.588965e-04       4.707604e-03       2.698574e-02       4.101624e-03       1.472506e-02
         170       1.248545e-02       4.890082e-03       7.251773e-03       3.716114e-02       3.947648e-03       1.907029e-02
         180       8.960662e-03       3.658146e-03       5.936937e-03       2.374712e-02       4.095479e-03       1.753906e-02
         190       1.129231e-02       1.972586e-03       5.842145e-03       2.261659e-02       6.787836e-03       1.634940e-02
         200       9.543137e-03       7.665290e-04       5.456211e-03       2.268759e-02       7.943430e-03       1.678675e-02
         210       5.867119e-03       9.917791e-04       3.580756e-03       2.037206e-02       4.251180e-03       1.062827e-02
         220       6.689150e-03       1.229922e-03       3.518911e-03       1.699966e-02       5.155465e-03       1.138095e-02
         230       6.075499e-03       2.037213e-03       4.496494e-03       1.762040e-02       7.186775e-03       1.141447e-02
         240       5.037331e-03       2.843451e-03       3.903599e-03       1.714795e-02       4.994079e-03       1.141932e-02
         250       7.113281e-03       3.561127e-03       4.976405e-03       1.558419e-02       8.943313e-03       1.204320e-02
         260       6.663791e-03       3.197102e-03       4.631278e-03       1.659066e-02       9.632649e-03       1.227618e-02
         270       9.756141e-03       3.010808e-03       4.840407e-03       1.998431e-02       8.847069e-03       1.314528e-02
         280       5.378360e-03       1.055079e-03       3.198671e-03       1.150114e-02       6.030617e-03       8.811731e-03
         290       5.615855e-03       1.390975e-03       3.445155e-03       1.126788e-02       5.467710e-03       8.818146e-03
         300       3.961233e-03       1.278084e-03       2.879845e-03       1.105740e-02       3.244777e-03       7.974864e-03
         310       5.451847e-03       1.939640e-03       3.796454e-03       1.876700e-02       4.559175e-03       1.127782e-02
         320       7.900323e-03       1.421954e-03       4.335841e-03       2.189107e-02       6.526715e-03       1.293183e-02
         330       7.198851e-03       2.136243e-03       3.937638e-03       2.120121e-02       6.619773e-03       1.419130e-02
         340       1.453976e-02       7.376525e-04       6.329589e-03       2.907089e-02       8.193328e-03       1.602725e-02
         350       1.826226e-02       1.207953e-03       6.857598e-03       1.547995e-02       8.257377e-03       1.137940e-02
         360       1.646294e-02       1.321697e-03       6.536212e-03       2.166731e-02       5.233713e-03       1.251472e-02
         370       1.339673e-02       2.182697e-03       6.596907e-03       1.628736e-02       8.930204e-03       1.216984e-02
         380       1.002322e-02       1.667282e-03       4.319369e-03       1.300151e-02       7.318159e-03       1.038334e-02
         390       1.026831e-02       2.506821e-03       5.484783e-03       1.561887e-02       7.528166e-03       1.133728e-02
         400       1.133472e-02       2.843080e-03       6.402689e-03       1.923937e-02       7.230334e-03       1.276372e-02
         410       9.112729e-03       1.784590e-03       4.371071e-03       2.295110e-02       8.031816e-03       1.347719e-02
         420       5.890745e-03       1.839313e-03       3.564254e-03       2.074397e-02       7.094914e-03       1.306135e-02
         430       7.868735e-03       1.343624e-03       4.222694e-03       1.696010e-02       7.494851e-03       1.165863e-02
         440       5.068305e-03       1.175349e-03       3.387757e-03       1.624727e-02       5.359459e-03       1.068262e-02
         450       6.609443e-03       1.556093e-03       3.707243e-03       1.310148e-02       7.338587e-03       1.046150e-02
         460       4.397239e-03       7.907708e-04       3.214282e-03       2.537708e-02       8.415999e-03       1.528315e-02
         470       1.554226e-02       2.411952e-03       6.937001e-03       1.637214e-02       8.892653e-03       1.204673e-02
         480       9.352551e-03       1.263776e-03       5.268348e-03       1.402631e-02       5.843786e-03       9.676654e-03
         490       9.924589e-03       7.949113e-04       5.493133e-03       1.526506e-02       7.785816e-03       1.217028e-02
         500       1.222733e-02       1.936815e-03       5.861918e-03       1.935877e-02       5.452138e-03       1.277036e-02
         510       5.236756e-03       1.265778e-03       3.969448e-03       2.907895e-02       5.582813e-03       1.616858e-02
         520       4.952564e-03       8.041196e-04       3.996824e-03       2.224685e-02       1.160243e-02       1.566697e-02
         530       5.667106e-03       1.815774e-03       3.013744e-03       1.336393e-02       3.473901e-03       9.706529e-03
         540       8.580753e-03       8.748684e-04       4.195679e-03       1.284683e-02       3.917582e-03       9.059989e-03
         550       9.238524e-03       1.824604e-03       4.751991e-03       1.974956e-02       5.364824e-03       1.153749e-02
         560       5.927188e-03       1.942226e-03       3.234448e-03       1.347572e-02       5.640624e-03       1.005967e-02
         570       8.306577e-03       2.779465e-03       4.436129e-03       2.507824e-02       9.627147e-03       1.452684e-02
         580       6.481093e-03       3.599665e-04       3.900250e-03       1.707985e-02       6.273389e-03       1.260303e-02
         590       4.646896e-03       1.001523e-03       2.930141e-03       1.207880e-02       6.334863e-03       9.067338e-03
         600       7.038806e-03       1.572484e-03       4.927555e-03       1.638291e-02       5.828955e-03       1.280664e-02
         610       1.063266e-02       2.276214e-03       6.039497e-03       2.109142e-02       5.434715e-03       1.314773e-02
         620       9.073710e-03       2.625420e-03       4.878355e-03       1.312620e-02       5.451693e-03       1.068116e-02
         630       8.781814e-03       1.081779e-03       5.787161e-03       2.339731e-02       1.205842e-02       1.607813e-02
         640       7.230438e-03       6.773335e-04       4.374572e-03       2.027453e-02       9.466462e-03       1.396618e-02
         650       4.923632e-03       2.205398e-03       3.538498e-03       1.783558e-02       7.463801e-03       1.314324e-02
         660       6.144245e-03       1.125015e-03       3.965947e-03       1.968696e-02       4.850269e-03       1.311339e-02
         670       7.256050e-03       1.280127e-03       3.924101e-03       1.943170e-02       8.454590e-03       1.281555e-02
         680       4.678559e-03       1.761161e-03       3.005682e-03       1.137678e-02       7.347909e-03       8.963299e-03
         690       6.734054e-03       1.843543e-03       3.939449e-03       1.597103e-02       6.790296e-03       1.044255e-02
         700       5.364563e-03       1.375216e-03       3.654750e-03       1.769189e-02       6.545617e-03       1.056587e-02
         710       8.593142e-03       4.500317e-04       4.174875e-03       2.303063e-02       6.790524e-03       1.436752e-02
         720       9.175606e-03       3.170000e-03       5.788239e-03       2.954286e-02       3.722728e-03       1.583938e-02
         730       6.986418e-03       1.624788e-03       3.605654e-03       1.696997e-02       2.898909e-03       8.695971e-03
         740       7.642160e-03       2.859258e-03       4.634864e-03       1.948303e-02       3.534936e-03       1.039931e-02
         750       7.268874e-03       2.597026e-03       4.552535e-03       2.176104e-02       4.563395e-03       1.131329e-02
         760       8.008597e-03       8.492524e-04       4.836507e-03       2.405100e-02       5.081900e-03       1.278363e-02
         770       1.140000e-02       5.936124e-04       5.062381e-03       2.520165e-02       4.560741e-03       1.244648e-02
         780       1.246346e-02       2.915105e-03       6.149190e-03       2.789825e-02       5.182082e-03       1.516534e-02
         790       5.332001e-03       4.524835e-04       2.347298e-03       1.063754e-02       4.089419e-03       7.282902e-03
         800       6.844319e-03       1.665057e-03       3.456184e-03       1.660466e-02       4.614300e-03       1.065403e-02
         810       9.061646e-03       2.619871e-03       5.515371e-03       2.310892e-02       4.655945e-03       1.484542e-02
         820       9.900866e-03       2.909045e-03       5.673522e-03       2.280935e-02       6.208618e-03       1.450115e-02
         830       8.965385e-03       3.317968e-03       5.958908e-03       2.611813e-02       1.107207e-02       1.614123e-02
         840       6.277186e-03       2.166391e-03       4.105651e-03       2.188360e-02       5.088921e-03       1.223085e-02
         850       5.891289e-03       2.360850e-03       3.997248e-03       2.140896e-02       7.566266e-03       1.386699e-02
         860       9.236766e-03       2.514235e-03       4.716366e-03       1.754747e-02       7.736859e-03       1.168624e-02
         870       4.522457e-03       5.974198e-04       2.887888e-03       2.435285e-02       8.193305e-03       1.355849e-02
         880       3.669668e-03       1.619342e-03       2.475197e-03       1.103917e-02       6.575480e-03       8.700951e-03
         890       6.855612e-03       2.159016e-03       4.128540e-03       2.146847e-02       6.656908e-03       1.367924e-02
         900       1.163118e-02       1.549502e-03       5.897467e-03       2.844883e-02       4.737134e-03       1.498886e-02
         910       6.897463e-03       9.380186e-04       4.012156e-03       2.496239e-02       6.123196e-03       1.430526e-02
         920       8.691221e-03       2.691812e-03       5.578328e-03       2.169357e-02       6.977939e-03       1.522287e-02
         930       8.108936e-03       2.128123e-03       4.363214e-03       1.712465e-02       6.964131e-03       1.141868e-02
         940       8.747747e-03       1.258591e-03       4.091118e-03       1.770005e-02       7.655950e-03       1.197821e-02
         950       4.789669e-03       1.236051e-03       3.217021e-03       1.904523e-02       4.496685e-03       1.236380e-02
         960       6.476621e-03       2.543596e-03       4.059870e-03       1.522065e-02       3.497787e-03       1.027161e-02
         970       7.041666e-03       1.410580e-03       4.026030e-03       1.878540e-02       5.023425e-03       1.148614e-02
         980       1.008248e-02       1.028804e-03       4.737106e-03       2.093374e-02       7.022012e-03       1.418071e-02
         990       8.610101e-03       1.897028e-03       4.149837e-03       2.336677e-02       5.927735e-03       1.073583e-02
        1000       6.361962e-03       1.785758e-03       3.533906e-03       2.304159e-02       7.354944e-03       1.249512e-02
