#       step         max_devi_v         min_devi_v         avg_devi_v         max_devi_f         min_devi_f         avg_devi_f
           0       1.378960e-02       1.762911e-03       7.244621e-03       3.943587e-02       1.333500e-02       2.510167e-02
          10       1.756427e-02       6.053517e-03       9.988462e-03       4.861145e-02       7.819348e-03       3.094056e-02
          20       7.592541e-03       1.625788e-03       5.851593e-03       2.894352e-02       8.857447e-03       1.742830e-02
          30       6.178290e-03       1.340275e-03       4.130347e-03       2.250180e-02       3.756881e-03       9.709933e-03
          40       3.474523e-03       1.451251e-03       2.500035e-03       1.087610e-02       5.123539e-03       8.254175e-03
          50       7.976538e-03       9.224195e-04       4.882692e-03       1.622971e-02       7.541686e-03       1.126462e-02
          60       8.505968e-03       1.379890e-03       5.213959e-03       1.375868e-02       5.987531e-03       1.120040e-02
          70       9.620910e-03       1.547356e-03       5.671006e-03       1.863573e-02       5.459863e-03       1.244291e-02
          80       1.038973e-02       1.199392e-03       5.594333e-03       1.672652e-02       5.708180e-03       1.212618e-02
          90       8.576843e-03       1.250101e-03       4.763796e-03       1.408617e-02       7.118426e-03       1.167831e-02
         100       6.010547e-03       6.018448e-04       3.054535e-03       8.572334e-03       3.390211e-03       6.845702e-03
         110       8.106786e-03       7.530440e-04       3.773203e-03       1.706788e-02       6.384034e-03       1.081445e-02
         120       6.879597e-03       8.225723e-04       4.233300e-03       1.907688e-02       2.314495e-03       1.013315e-02
         130       5.979380e-03       2.026303e-03       3.946772e-03       2.257622e-02       7.076152e-03       1.530017e-02
         140       6.512318e-03       3.527454e-03       4.578235e-03       3.132947e-02       6.601681e-03       1.637141e-02
         150       8.187249e-03       1.704119e-03       4.941971e-03       2.835190e-02       8.447574e-03       1.849300e-02
         160       4.425544e-03       6.831668e-04       3.301943e-03       1.859249e-02       9.557085e-03       1.382328e-02
         170       9.224525e-03       2.077409e-03       4.364703e-03       2.109438e-02       1.230252e-02       1.637662e-02
         180       5.614648e-03       2.453479e-03       4.498364e-03       2.856422e-02       7.657047e-03       1.728255e-02
         190       1.051735e-02       2.634752e-03       5.065783e-03       2.225657e-02       8.822345e-03       1.578240e-02
         200       7.194356e-03       1.726447e-03       4.033711e-03       2.246068e-02       6.171819e-03       1.180665e-02
         210       8.955297e-03       1.624925e-03       4.728644e-03       2.635872e-02       9.364296e-03       1.513843e-02
         220       6.054074e-03       1.111571e-03       3.952055e-03       1.297281e-02       7.035895e-03       9.716419e-03
         230       7.376303e-03       7.951873e-04       4.315203e-03       1.354830e-02       5.681148e-03       1.015890e-02
         240       1.253356e-02       1.428613e-03       6.184409e-03       3.442979e-02       5.948792e-03       1.570823e-02
         250       5.246925e-03       1.068410e-03       2.977303e-03       1.620048e-02       3.971537e-03       9.509848e-03
         260       4.089256e-03       5.781591e-04       2.352134e-03       2.625409e-02       4.717958e-03       1.497489e-02
         270       1.393522e-02       1.038044e-03       5.517617e-03       2.400855e-02       5.183698e-03       1.582260e-02
         280       5.972685e-03       1.722760e-03       3.194140e-03       1.259959e-02       6.505699e-03       9.234902e-03
         290       4.808966e-03       9.353501e-04       2.894537e-03       1.321868e-02       4.098468e-03       8.271922e-03
         300       9.422049e-03       1.475781e-03       4.225035e-03       1.830172e-02       6.369647e-03       1.232172e-02
         310       2.965872e-03       1.033725e-03       1.858669e-03       2.084557e-02       7.365580e-03       1.346626e-02
         320       4.904711e-03       1.656096e-03       3.417434e-03       2.283558e-02       5.699583e-03       1.347263e-02
         330       7.503653e-03       1.673369e-03       5.334239e-03       3.014994e-02       5.015819e-03       1.895529e-02
         340       7.282291e-03       3.974868e-04       3.473861e-03       2.651923e-02       8.396570e-03       1.634705e-02
         350       6.789023e-03       1.165633e-03       3.640751e-03       1.537792e-02       6.502169e-03       1.149896e-02
         360       4.990766e-03       6.086512e-04       3.489131e-03       1.381234e-02       6.424305e-03       9.485790e-03
         370       6.365802e-03       8.845987e-04       3.610171e-03       1.482976e-02       5.006921e-03       1.004422e-02
         380       5.631393e-03       1.601637e-03       3.113054e-03       1.221259e-02       5.048295e-03       9.434568e-03
         390       4.497019e-03       1.386183e-03       3.180111e-03       1.454418e-02       6.892329e-03       1.022412e-02
         400       8.408352e-03       1.898392e-03       5.073497e-03       1.867532e-02       6.880354e-03       1.165981e-02
         410       7.200938e-03       1.907576e-03       3.982855e-03       1.871122e-02       7.739788e-03       1.244551e-02
         420       5.880827e-03       1.113096e-03       3.647595e-03       1.532841e-02       5.516190e-03       1.036619e-02
         430       5.204357e-03       1.589172e-03       3.397742e-03       1.813945e-02       6.266578e-03       1.019763e-02
         440       9.504043e-03       2.002245e-03       4.521470e-03       2.705681e-02       6.679320e-03       1.363581e-02
         450       9.594876e-03       9.023613e-04       3.998981e-03       2.193629e-02       5.373528e-03       1.143312e-02
         460       8.991090e-03       1.903306e-03       4.083411e-03       1.694111e-02       5.140593e-03       9.384976e-03
         470       6.512522e-03       1.373568e-03       3.430765e-03       1.735515e-02       5.103726e-03       1.233746e-02
         480       1.217406e-02       1.984683e-03       6.942585e-03       2.155254e-02       9.384173e-03       1.594083e-02
         490       7.857416e-03       3.253311e-03       4.666854e-03       2.488978e-02       7.034128e-03       1.522463e-02
         500       7.867313e-03       1.971855e-03       4.995142e-03       2.433815e-02       1.025314e-02       1.696692e-02
         510       5.942952e-03       1.005422e-03       3.891697e-03       2.523791e-02       7.210000e-03       1.449502e-02
         520       5.806565e-03       8.735152e-04       3.590323e-03       2.207764e-02       5.732298e-03       1.196227e-02
         530       6.956496e-03       2.961417e-03       4.606114e-03       2.229719e-02       4.984041e-03       1.267376e-02
         540       8.953341e-03       4.333312e-03       5.377539e-03       2.391800e-02       8.191184e-03       1.497385e-02
         550       1.174722e-02       2.764896e-03       4.794445e-03       2.775302e-02       5.993783e-03       1.626893e-02
         560       5.827183e-03       2.446664e-03       4.159998e-03       2.196087e-02       5.542875e-03       1.299106e-02
         570       1.037310e-02       2.278121e-03       5.253743e-03       1.942320e-02       3.686200e-03       1.305998e-02
         580       7.255168e-03       6.855863e-04       3.947587e-03       2.142237e-02       3.994808e-03       1.148069e-02
         590       5.489363e-03       1.005109e-03       3.222241e-03       1.961288e-02       3.499570e-03       9.845601e-03
         600       5.183455e-03       1.167573e-03       3.267346e-03       1.473730e-02       3.535792e-03       1.068125e-02
         610       7.717901e-03       2.077664e-03       4.615077e-03       1.970090e-02       4.969880e-03       1.204391e-02
         620       6.998999e-03       1.713927e-03       4.479456e-03       2.289345e-02       8.729065e-03       1.439147e-02
         630       9.703465e-03       1.561162e-03       5.168842e-03       3.306933e-02       6.899111e-03       1.643347e-02
         640       8.313486e-03       1.944005e-03       4.416832e-03       3.263596e-02       1.174631e-02       1.921955e-02
         650       7.342563e-03       3.410405e-03       4.509730e-03       1.798422e-02       9.393320e-03       1.324791e-02
         660       1.132803e-02       1.206504e-03       5.920316e-03       2.270289e-02       1.030565e-02       1.567526e-02
         670       8.165530e-03       2.314855e-03       4.776478e-03       1.490346e-02       5.009174e-03       1.051524e-02
         680       1.313265e-02       1.823769e-03       6.378043e-03       2.900689e-02       7.737465e-03       1.640477e-02
         690       6.049357e-03       1.548864e-03       3.321978e-03       1.591759e-02       3.806908e-03       1.104190e-02
         700       4.680607e-03       1.627915e-03       3.138169e-03       1.486520e-02       3.634536e-03       7.389422e-03
         710       3.377158e-03       7.848323e-04       1.946483e-03       7.439944e-03       4.895492e-03       5.781089e-03
         720       7.710497e-03       1.151505e-03       3.342813e-03       1.838381e-02       5.338896e-03       9.656672e-03
         730       5.207589e-03       1.940913e-03       3.195747e-03       1.516490e-02       5.824936e-03       9.660805e-03
         740       1.076784e-02       2.407171e-03       5.104161e-03       2.196166e-02       5.705970e-03       1.413764e-02
         750       7.487180e-03       1.359894e-03       4.769097e-03       2.414536e-02       5.315974e-03       1.418387e-02
         760       8.439242e-03       1.538753e-03       4.081197e-03       2.203578e-02       4.583699e-03       1.314338e-02
         770       1.318431e-02       7.722967e-04       5.629964e-03       2.271526e-02       5.520549e-03       1.293552e-02
         780       7.788267e-03       1.302552e-03       3.474797e-03       1.919130e-02       6.489639e-03       1.189777e-02
         790       8.664898e-03       2.030041e-03       4.160206e-03       2.599562e-02       7.365424e-03       1.703091e-02
         800       1.222017e-02       2.787230e-03       5.539825e-03       1.781736e-02       5.536875e-03       1.457537e-02
         810       1.266324e-02       1.817347e-03       6.934962e-03       3.039515e-02       6.581369e-03       1.856503e-02
         820       6.216036e-03       1.635501e-03       3.615808e-03       1.661405e-02       5.914883e-03       1.252826e-02
         830       1.344146e-02       2.026182e-03       6.187176e-03       2.425916e-02       7.188890e-03       1.435061e-02
         840       8.580321e-03       9.750603e-04       4.546014e-03       1.653521e-02       7.477415e-03       1.260394e-02
         850       6.806100e-03       1.308908e-03       4.662772e-03       1.714949e-02       4.742212e-03       1.119799e-02
         860       6.744702e-03       1.769898e-03       4.232971e-03       1.818079e-02       4.850213e-03       1.191771e-02
         870       6.752179e-03       9.822383e-04       4.066661e-03       1.512771e-02       5.881467e-03       9.902021e-03
         880       9.202614e-03       5.251789e-04       4.357723e-03       1.579103e-02       4.338019e-03       9.719086e-03
         890       7.490354e-03       1.070178e-03       3.885448e-03       1.527329e-02       5.906594e-03       9.961182e-03
         900       5.854902e-03       1.694597e-03       3.546525e-03       1.562175e-02       4.646435e-03       8.763823e-03
         910       5.961712e-03       1.966548e-03       3.874677e-03       1.776936e-02       7.594350e-03       1.169157e-02
         920       7.453368e-03       7.629725e-04       4.200898e-03       2.091345e-02       4.120133e-03       1.225732e-02
         930       1.058341e-02       2.854076e-03       5.805797e-03       2.195152e-02       7.519544e-03       1.585012e-02
         940       1.150266e-02       3.365190e-03       6.850913e-03       2.450186e-02       1.119450e-02       1.874715e-02
         950       1.199558e-02       1.657536e-03       6.052469e-03       2.088413e-02       5.768338e-03       1.520058e-02
         960       1.615068e-02       2.631623e-03       7.587824e-03       3.249519e-02       1.365860e-02       2.293188e-02
         970       1.006263e-02       3.748398e-03       6.128040e-03       2.667428e-02       1.164232e-02       1.843804e-02
         980       1.085383e-02       1.328766e-03       5.329625e-03       2.520055e-02       1.041814e-02       1.452767e-02
         990       6.331876e-03       1.050233e-03       4.019269e-03       1.775978e-02       5.967529e-03       1.171334e-02
        1000       9.703678e-03       2.476197e-03       6.064958e-03       2.443674e-02       8.347924e-03       1.551850e-02
