#       step         max_devi_v         min_devi_v         avg_devi_v         max_devi_f         min_devi_f         avg_devi_f
           0       1.685722e-02       1.020199e-03       7.373842e-03       2.515530e-02       7.747355e-03       1.760234e-02
          10       1.068435e-02       3.795253e-03       5.743588e-03       3.136126e-02       1.413799e-02       2.167927e-02
          20       8.811297e-03       1.920364e-03       5.826703e-03       3.125462e-02       6.985378e-03       2.058586e-02
          30       7.697579e-03       1.265877e-03       4.167418e-03       2.851115e-02       1.009148e-02       1.526583e-02
          40       1.277838e-02       4.234300e-03       6.721167e-03       1.941916e-02       8.598464e-03       1.401782e-02
          50       1.092707e-02       2.450420e-03       5.527822e-03       2.096198e-02       9.321476e-03       1.511978e-02
          60       7.186782e-03       1.360031e-03       5.581784e-03       2.091322e-02       8.478392e-03       1.651492e-02
          70       8.623061e-03       1.255560e-03       5.917073e-03       1.962578e-02       9.148272e-03       1.538036e-02
          80       1.183602e-02       1.341749e-03       6.494743e-03       2.528208e-02       1.377073e-02       1.725141e-02
          90       1.333525e-02       3.211543e-03       7.723553e-03       3.139238e-02       1.453679e-02       1.976748e-02
         100       1.289191e-02       4.204332e-03       8.199385e-03       3.479110e-02       1.491858e-02       2.368512e-02
         110       9.295546e-03       4.485941e-03       7.442427e-03       3.283367e-02       1.152895e-02       2.108117e-02
         120       1.138500e-02       4.012640e-03       8.440577e-03       4.152480e-02       1.508265e-02       2.563191e-02
         130       1.416288e-02       4.894739e-03       8.355440e-03       5.769819e-02       1.715041e-02       3.231006e-02
         140       1.699531e-02       7.344586e-03       1.013489e-02       3.870889e-02       1.962038e-02       2.824527e-02
         150       1.060226e-02       3.392580e-03       7.259627e-03       3.564388e-02       1.239410e-02       2.337642e-02
         160       2.153178e-02       2.404417e-03       1.227403e-02       3.808311e-02       1.296999e-02       2.875650e-02
         170       1.467166e-02       1.222802e-03       5.707872e-03       4.489210e-02       1.102212e-02       2.021857e-02
         180       1.184482e-02       3.309959e-03       6.514874e-03       3.521188e-02       6.835877e-03       2.076026e-02
         190       8.304719e-03       2.235050e-03       5.136968e-03       2.983577e-02       7.490380e-03       1.504373e-02
         200       8.809103e-03       2.131604e-03       5.778096e-03       2.098808e-02       1.063409e-02       1.488794e-02
         210       1.284076e-02       3.006410e-03       6.810338e-03       3.380216e-02       1.124203e-02       2.116995e-02
         220       1.463026e-02       3.822456e-03       9.404989e-03       3.081397e-02       8.404915e-03       2.123666e-02
         230       7.960673e-03       3.117909e-03       5.660052e-03       2.717032e-02       1.316908e-02       1.820566e-02
         240       2.141134e-02       2.428469e-03       8.365380e-03       3.094915e-02       1.173999e-02       2.178708e-02
         250       9.390315e-03       1.778164e-03       5.446096e-03       2.787693e-02       1.153716e-02       2.003892e-02
         260       1.004401e-02       2.942031e-03       5.155290e-03       2.317228e-02       9.870666e-03       1.631529e-02
         270       8.237393e-03       2.063964e-03       4.424991e-03       3.300287e-02       1.222726e-02       1.924530e-02
         280       6.593080e-03       2.711390e-03       4.187278e-03       1.755633e-02       1.113490e-02       1.491159e-02
         290       1.365006e-02       4.543425e-03       8.463470e-03       3.881766e-02       1.180866e-02       2.317842e-02
         300       1.630336e-02       2.266933e-03       6.580334e-03       2.198613e-02       8.166064e-03       1.422963e-02
         310       1.247619e-02       2.170575e-03       6.356431e-03       2.543442e-02       9.154117e-03       1.474012e-02
         320       1.208858e-02       9.087635e-04       4.905514e-03       3.077632e-02       7.213940e-03       1.865702e-02
         330       1.637163e-02       2.649821e-03       6.879555e-03       3.876167e-02       7.736773e-03       1.985439e-02
         340       1.609443e-02       3.226254e-03       7.457192e-03       4.315481e-02       7.973918e-03       1.959247e-02
         350       7.459606e-03       1.482716e-03       4.468281e-03       2.551241e-02       7.868397e-03       1.589134e-02
         360       8.424782e-03       1.481767e-03       4.417376e-03       1.933358e-02       9.027799e-03       1.337013e-02
         370       1.620222e-02       2.949914e-03       6.931884e-03       2.740000e-02       7.095991e-03       1.647175e-02
         380       1.148364e-02       2.816738e-03       6.315336e-03       2.615029e-02       7.878247e-03       1.687632e-02
         390       8.387945e-03       1.217089e-03       4.865058e-03       2.610409e-02       7.509907e-03       1.603687e-02
         400       5.784998e-03       1.474629e-03       3.680419e-03       1.762982e-02       4.336068e-03       1.198337e-02
         410       9.247699e-03       1.213701e-03       4.820882e-03       3.914636e-02       6.259924e-03       1.631460e-02
         420       1.009117e-02       2.143984e-03       4.895150e-03       3.858205e-02       1.010484e-02       1.827669e-02
         430       1.028576e-02       1.181006e-03       5.943161e-03       3.378994e-02       7.465197e-03       2.000545e-02
         440       1.024998e-02       2.881060e-03       6.207963e-03       1.965140e-02       8.875689e-03       1.392536e-02
         450       6.247224e-03       2.450560e-03       4.373505e-03       1.848568e-02       8.437339e-03       1.398518e-02
         460       1.094051e-02       1.407230e-03       4.903008e-03       3.289113e-02       8.600845e-03       1.654937e-02
         470       8.874051e-03       7.152209e-04       5.179521e-03       2.519630e-02       9.731142e-03       1.465780e-02
         480       8.285542e-03       2.051977e-03       4.656163e-03       1.303589e-02       5.181816e-03       1.042065e-02
         490       5.774781e-03       9.658547e-04       2.915089e-03       1.391941e-02       7.034987e-03       1.055804e-02
         500       6.300869e-03       5.755409e-04       3.204021e-03       1.472355e-02       5.331886e-03       9.530462e-03
         510       6.100079e-03       1.210098e-03       3.341857e-03       1.688896e-02       7.676881e-03       1.161971e-02
         520       8.301935e-03       1.943945e-03       3.652683e-03       1.406659e-02       7.733856e-03       1.073356e-02
         530       3.540548e-03       9.007687e-04       2.617098e-03       1.278085e-02       6.170203e-03       9.305845e-03
         540       4.979959e-03       2.328530e-03       4.036464e-03       2.464215e-02       1.053761e-02       1.440173e-02
         550       1.037514e-02       5.216891e-04       5.065055e-03       1.286586e-02       4.875506e-03       1.036879e-02
         560       1.359607e-02       1.548336e-03       6.362421e-03       3.016460e-02       5.473650e-03       1.557379e-02
         570       8.790392e-03       1.031248e-03       4.974089e-03       2.833089e-02       1.068794e-02       1.636145e-02
         580       4.863391e-03       2.092698e-03       3.838862e-03       2.594720e-02       8.488954e-03       1.643416e-02
         590       1.137633e-02       1.083264e-03       5.856835e-03       2.178671e-02       9.303634e-03       1.266365e-02
         600       6.851934e-03       3.092186e-03       4.795947e-03       2.021086e-02       7.589950e-03       1.294397e-02
         610       7.554070e-03       1.896501e-03       4.818629e-03       2.160311e-02       8.646122e-03       1.587358e-02
         620       9.549382e-03       1.612446e-03       4.997425e-03       1.901612e-02       1.294865e-02       1.566773e-02
         630       1.173736e-02       1.446140e-03       5.734438e-03       2.580893e-02       7.661854e-03       1.553164e-02
         640       1.469052e-02       2.186652e-03       6.208590e-03       3.674989e-02       6.973559e-03       1.915697e-02
         650       1.635270e-02       3.003474e-03       6.449596e-03       3.686705e-02       5.681418e-03       1.663901e-02
         660       1.440273e-02       3.249370e-03       6.913780e-03       3.822586e-02       6.161891e-03       1.649101e-02
         670       5.990309e-03       2.618924e-03       4.333658e-03       1.389601e-02       5.199328e-03       9.651908e-03
         680       7.792483e-03       1.504242e-03       3.952142e-03       1.442174e-02       7.131630e-03       1.052847e-02
         690       6.852680e-03       1.637900e-03       3.569331e-03       1.380938e-02       2.540517e-03       8.160927e-03
         700       8.055314e-03       1.922232e-03       3.919295e-03       1.042623e-02       4.345603e-03       8.273305e-03
         710       8.824110e-03       1.139183e-03       4.402820e-03       1.426622e-02       8.207223e-03       1.130663e-02
         720       1.091275e-02       1.027166e-03       5.831508e-03       3.079334e-02       1.225906e-02       2.226777e-02
         730       1.101457e-02       2.258223e-03       7.127694e-03       3.063771e-02       1.221499e-02       2.011671e-02
         740       1.007496e-02       1.532976e-03       5.508628e-03       2.101513e-02       6.354892e-03       1.204419e-02
         750       1.201130e-02       1.693357e-03       5.740181e-03       3.233186e-02       7.635366e-03       1.738561e-02
         760       1.043326e-02       8.914788e-04       5.780697e-03       3.485327e-02       7.850494e-03       1.896853e-02
         770       6.285930e-03       7.901270e-04       4.178953e-03       1.764665e-02       5.569147e-03       1.136266e-02
         780       1.563997e-02       6.777365e-04       6.803783e-03       3.684730e-02       9.057963e-03       2.120333e-02
         790       1.223705e-02       2.411599e-03       6.577180e-03       3.593221e-02       6.087203e-03       2.143864e-02
         800       8.839760e-03       3.945508e-04       6.043203e-03       3.849652e-02       5.100318e-03       1.984063e-02
         810       1.910937e-02       2.591843e-03       8.414692e-03       4.621207e-02       5.018554e-03       2.347903e-02
         820       7.565219e-03       3.093737e-03       5.420660e-03       3.117239e-02       8.349470e-03       1.770927e-02
         830       7.971216e-03       2.039360e-03       4.641436e-03       2.828200e-02       6.617704e-03       1.435847e-02
         840       6.195826e-03       1.057199e-03       4.061748e-03       5.888647e-02       9.696924e-03       2.462190e-02
         850       1.271626e-02       3.653072e-03       7.331023e-03       5.092737e-02       1.127287e-02       2.506890e-02
         860       7.199812e-03       1.019516e-03       4.246705e-03       3.304415e-02       1.044917e-02       1.772024e-02
         870       9.958387e-03       2.903568e-03       6.026808e-03       2.556798e-02       7.806149e-03       1.872917e-02
         880       9.395625e-03       1.790213e-03       5.026013e-03       2.771204e-02       8.312464e-03       1.706972e-02
         890       1.237663e-02       2.137500e-03       5.778536e-03       3.038472e-02       3.711960e-03       1.693630e-02
         900       8.938190e-03       3.131418e-03       4.747024e-03       3.443677e-02       6.211731e-03       1.739341e-02
         910       6.945159e-03       2.575130e-03       4.748221e-03       1.886893e-02       6.325454e-03       1.200730e-02
         920       7.439679e-03       3.044469e-03       5.352583e-03       2.563269e-02       1.060587e-02       1.606280e-02
         930       1.007824e-02       2.325745e-03       4.769197e-03       2.219290e-02       5.349774e-03       1.406968e-02
         940       9.997046e-03       1.597463e-03       4.188196e-03       1.890984e-02       5.358292e-03       1.204907e-02
         950       8.146091e-03       2.105911e-03       4.133350e-03       1.493587e-02       5.749371e-03       1.062406e-02
         960       5.701130e-03       1.577526e-03       4.061789e-03       2.140278e-02       6.037175e-03       1.313944e-02
         970       9.269376e-03       3.476587e-03       5.215158e-03       2.121323e-02       4.862220e-03       1.400990e-02
         980       6.955719e-03       2.574580e-03       5.970313e-03       3.095296e-02       5.695457e-03       1.600780e-02
         990       9.667847e-03       2.682260e-03       5.672163e-03       2.310691e-02       8.717823e-03       1.363797e-02
        1000       6.894682e-03       1.294115e-03       3.794213e-03       1.413392e-02       6.589927e-03       1.041829e-02
