#       step         max_devi_v         min_devi_v         avg_devi_v         max_devi_f         min_devi_f         avg_devi_f
           0       7.187681e-03       1.124201e-03       3.210202e-03       1.262439e-02       6.853332e-03       9.154412e-03
          10       8.463960e-03       2.850659e-03       4.379718e-03       2.544931e-02       6.433678e-03       1.442171e-02
          20       7.275056e-03       1.338203e-03       3.649144e-03       1.845978e-02       5.347504e-03       1.229584e-02
          30       9.783593e-03       2.269917e-03       5.239083e-03       2.372479e-02       6.540072e-03       1.373762e-02
          40       6.583148e-03       1.040954e-03       3.358606e-03       1.711886e-02       4.898672e-03       1.147100e-02
          50       5.516608e-03       6.821080e-04       2.293959e-03       7.667660e-03       3.791046e-03       6.035975e-03
          60       9.137967e-03       2.244297e-03       5.221091e-03       1.686306e-02       7.762079e-03       1.289897e-02
          70       9.103858e-03       1.763266e-03       6.370102e-03       1.830173e-02       7.212373e-03       1.396942e-02
          80       7.814668e-03       1.129389e-03       4.797176e-03       1.594939e-02       7.167410e-03       1.090893e-02
          90       9.796629e-03       3.529704e-03       6.339681e-03       1.830733e-02       4.006212e-03       1.096418e-02
         100       8.796525e-03       6.498174e-04       3.927354e-03       1.344142e-02       7.602618e-03       1.037137e-02
         110       9.837065e-03       1.518748e-03       4.391399e-03       1.926161e-02       4.964086e-03       1.243724e-02
         120       1.754242e-02       2.167994e-03       7.300441e-03       2.386232e-02       1.081365e-02       1.811778e-02
         130       1.178807e-02       3.206360e-03       7.985169e-03       3.621804e-02       5.079937e-03       2.285420e-02
         140       1.010488e-02       4.197962e-03       7.593747e-03       5.830291e-02       7.754050e-03       2.485683e-02
         150       1.350889e-02       5.648097e-03       8.494255e-03       4.832807e-02       9.607851e-03       2.313138e-02
         160       1.202723e-02       4.588773e-03       7.091544e-03       3.568138e-02       3.839516e-03       2.121633e-02
         170       1.076613e-02       2.806872e-03       5.917283e-03       2.815934e-02       8.520271e-03       1.740191e-02
         180       1.076104e-02       2.846536e-03       6.652904e-03       3.240660e-02       7.550503e-03       1.888925e-02
         190       5.190058e-03       1.518516e-03       3.362279e-03       1.844784e-02       9.068401e-03       1.228958e-02
         200       8.738272e-03       1.549233e-03       5.154847e-03       1.797432e-02       5.732857e-03       1.227181e-02
         210       8.089168e-03       9.291017e-04       4.798218e-03       2.277137e-02       5.617700e-03       1.366254e-02
         220       5.008194e-03       2.068920e-03       3.175617e-03       1.249574e-02       7.277905e-03       9.289779e-03
         230       9.746581e-03       2.237721e-03       5.118148e-03       2.166140e-02       4.656234e-03       1.122373e-02
         240       5.658837e-03       2.412002e-03       4.083233e-03       1.557456e-02       8.451827e-03       1.186066e-02
         250       7.370537e-03       2.350279e-03       3.973537e-03       1.649953e-02       7.832449e-03       1.236936e-02
         260       8.435532e-03       2.134812e-03       5.090647e-03       2.447222e-02       5.724446e-03       1.528569e-02
         270       4.696743e-03       1.949773e-03       3.720672e-03       1.758997e-02       5.355673e-03       1.170368e-02
         280       1.165750e-02       2.381157e-03       5.571188e-03       3.029376e-02       6.869161e-03       1.790710e-02
         290       1.402031e-02       2.501565e-03       7.087869e-03       2.935064e-02       4.685006e-03       1.718387e-02
         300       8.426320e-03       1.301357e-03       3.828107e-03       1.834189e-02       4.225385e-03       1.084205e-02
         310       7.382450e-03       5.480901e-04       4.160424e-03       1.572139e-02       5.595766e-03       1.089474e-02
         320       5.718034e-03       1.797115e-03       3.323885e-03       1.341076e-02       4.963031e-03       8.459323e-03
         330       5.571385e-03       2.203243e-03       4.419543e-03       1.748748e-02       5.839004e-03       1.186270e-02
         340       6.145342e-03       2.140228e-03       4.053640e-03       1.367332e-02       3.112799e-03       9.216172e-03
         350       4.533848e-03       2.021248e-03       3.167496e-03       1.891302e-02       5.968077e-03       1.060479e-02
         360       5.963485e-03       2.106522e-03       3.233801e-03       1.640214e-02       5.190333e-03       1.066163e-02
         370       7.208352e-03       2.408319e-03       3.784386e-03       1.809505e-02       7.791331e-03       1.264819e-02
         380       7.517788e-03       1.014772e-03       4.816327e-03       1.683562e-02       9.589577e-03       1.353800e-02
         390       6.885180e-03       1.151464e-03       4.018980e-03       2.046092e-02       9.867581e-03       1.359714e-02
         400       4.856989e-03       1.568052e-03       3.070050e-03       1.756234e-02       4.689684e-03       8.772741e-03
         410       5.437087e-03       1.421640e-03       2.884579e-03       1.426868e-02       5.937508e-03       9.147794e-03
         420       7.764305e-03       1.670175e-03       3.813205e-03       2.127685e-02       4.089484e-03       1.199451e-02
         430       7.956995e-03       1.153612e-03       3.850911e-03       1.784862e-02       1.989905e-03       1.184995e-02
         440       1.053777e-02       1.608100e-03       4.738298e-03       1.882010e-02       2.256401e-03       1.210725e-02
         450       7.643193e-03       2.200908e-03       4.206805e-03       2.290946e-02       6.834852e-03       1.549641e-02
         460       1.004045e-02       1.881651e-03       5.631864e-03       2.027919e-02       4.098519e-03       1.445719e-02
         470       9.190226e-03       6.647272e-04       4.467277e-03       2.105517e-02       8.427232e-03       1.408926e-02
         480       4.330829e-03       1.638444e-03       2.501613e-03       2.645670e-02       7.758006e-03       1.523765e-02
         490       8.563873e-03       1.453329e-03       4.328105e-03       2.622215e-02       9.586620e-03       1.415360e-02
         500       8.353081e-03       5.385517e-04       4.703667e-03       3.106306e-02       4.484248e-03       1.320600e-02
         510       6.049578e-03       1.426519e-03       3.229957e-03       1.705618e-02       5.211232e-03       1.029490e-02
         520       1.160269e-02       1.405894e-03       5.192960e-03       2.892243e-02       7.678077e-03       1.783124e-02
         530       4.195856e-03       1.787595e-03       2.712557e-03       1.201928e-02       5.721921e-03       8.216198e-03
         540       6.782070e-03       2.706475e-03       3.894137e-03       2.084731e-02       8.436693e-03       1.378054e-02
         550       1.114316e-02       5.665560e-04       5.440176e-03       2.323324e-02       4.756750e-03       1.457088e-02
         560       4.542141e-03       1.216406e-03       2.580345e-03       1.781124e-02       8.067973e-03       1.419003e-02
         570       6.599238e-03       3.295441e-03       4.390326e-03       1.964790e-02       8.189879e-03       1.393272e-02
         580       8.150377e-03       8.122883e-04       3.861763e-03       1.648729e-02       5.399916e-03       1.203139e-02
         590       8.768281e-03       1.375213e-03       4.015971e-03       1.869863e-02       7.066115e-03       1.198544e-02
         600       9.239355e-03       6.530747e-04       5.918919e-03       2.274255e-02       7.207608e-03       1.450650e-02
         610       7.315635e-03       8.469726e-04       4.370892e-03       1.993154e-02       3.084321e-03       1.072328e-02
         620       1.035528e-02       2.417096e-03       5.943397e-03       2.462548e-02       1.185089e-02       1.803364e-02
         630       8.991368e-03       1.603393e-03       4.847271e-03       2.590795e-02       6.592135e-03       1.617160e-02
         640       1.336919e-02       1.574094e-03       5.260565e-03       2.090318e-02       8.671401e-03       1.379844e-02
         650       5.223286e-03       1.781100e-03       3.122728e-03       1.541216e-02       4.412569e-03       9.208967e-03
         660       8.048973e-03       9.014664e-04       4.563007e-03       2.384476e-02       5.482622e-03       1.231331e-02
         670       8.471596e-03       1.901295e-03       5.255570e-03       2.340412e-02       6.312055e-03       1.527436e-02
         680       1.347055e-02       2.222367e-03       5.920687e-03       3.568162e-02       1.175758e-02       1.928943e-02
         690       5.657445e-03       3.873070e-04       4.358323e-03       1.905588e-02       7.179217e-03       1.341043e-02
         700       1.072864e-02       1.585411e-03       5.547218e-03       2.276179e-02       5.305057e-03       1.581369e-02
         710       8.749959e-03       2.601581e-03       6.461105e-03       1.832830e-02       8.835942e-03       1.369912e-02
         720       6.084376e-03       1.869118e-03       3.449502e-03       1.799334e-02       4.844942e-03       1.130672e-02
         730       5.328170e-03       1.231294e-03       3.231147e-03       1.509116e-02       7.000284e-03       1.158247e-02
         740       5.223533e-03       2.641128e-03       3.575801e-03       1.213316e-02       7.631184e-03       1.013509e-02
         750       5.448503e-03       1.383342e-03       2.738860e-03       1.102787e-02       3.965899e-03       7.058953e-03
         760       6.220288e-03       8.584322e-04       3.515066e-03       1.784961e-02       2.983915e-03       8.771051e-03
         770       8.150298e-03       1.438266e-03       3.774897e-03       1.681542e-02       4.091150e-03       8.788363e-03
         780       6.089253e-03       3.732430e-04       2.858131e-03       1.465340e-02       5.777866e-03       8.969028e-03
         790       1.035296e-02       3.170523e-03       5.740308e-03       2.156275e-02       7.448475e-03       1.417504e-02
         800       1.265849e-02       1.659400e-03       6.322200e-03       2.301840e-02       8.415256e-03       1.647447e-02
         810       9.682950e-03       2.315047e-03       4.432346e-03       2.034118e-02       8.584753e-03       1.474266e-02
         820       9.071792e-03       3.418424e-03       5.487565e-03       2.340832e-02       7.503638e-03       1.498768e-02
         830       6.815992e-03       3.974711e-03       5.799248e-03       3.096153e-02       6.336239e-03       1.819714e-02
         840       1.137504e-02       2.936632e-03       5.727325e-03       2.488502e-02       7.596814e-03       1.481774e-02
         850       8.976901e-03       1.585041e-03       6.759117e-03       4.175853e-02       1.130773e-02       2.165388e-02
         860       1.266461e-02       4.660355e-03       6.901411e-03       2.692378e-02       9.552534e-03       1.703257e-02
         870       1.136427e-02       2.064006e-03       5.510918e-03       1.842519e-02       3.723389e-03       1.305544e-02
         880       9.674169e-03       2.592888e-03       4.798370e-03       2.708943e-02       1.169803e-02       1.662408e-02
         890       9.104214e-03       4.880110e-04       5.634503e-03       2.072506e-02       8.275064e-03       1.580283e-02
         900       6.021557e-03       1.857963e-04       2.993526e-03       1.631364e-02       6.245506e-03       9.565765e-03
         910       4.883216e-03       1.800562e-03       2.933461e-03       1.316525e-02       5.566480e-03       9.065708e-03
         920       5.422744e-03       1.367248e-03       3.057251e-03       1.468173e-02       4.417729e-03       9.181869e-03
         930       1.140841e-02       5.138408e-04       4.500656e-03       1.755663e-02       4.700386e-03       1.237538e-02
         940       6.073943e-03       1.636314e-03       3.643786e-03       1.899785e-02       4.510319e-03       1.122601e-02
         950       3.891802e-03       3.204619e-04       2.113016e-03       1.183707e-02       3.293285e-03       6.859431e-03
         960       1.013374e-02       9.907775e-04       4.186547e-03       2.405019e-02       4.836154e-03       1.298840e-02
         970       4.411838e-03       2.357251e-03       3.530489e-03       1.942683e-02       4.332754e-03       1.118630e-02
         980       9.025820e-03       2.229738e-03       4.553369e-03       1.719172e-02       4.261855e-03       1.192587e-02
         990       1.098445e-02       8.681898e-04       4.254241e-03       1.983672e-02       8.378852e-03       1.142210e-02
        1000       1.312417e-02       8.123602e-04       5.832707e-03       2.481776e-02       8.303078e-03       1.536104e-02
