#       step         max_devi_v         min_devi_v         avg_devi_v         max_devi_f         min_devi_f         avg_devi_f
           0       1.758200e-02       1.635121e-05       9.117764e-03       2.554821e-02       1.120115e-02       2.125194e-02
          10       9.318780e-03       2.489410e-03       5.848650e-03       2.963535e-02       1.375740e-02       2.284578e-02
          20       7.697371e-03       2.285308e-03       4.749613e-03       3.149029e-02       1.534383e-02       2.042869e-02
          30       1.397180e-02       2.588292e-03       8.421062e-03       3.429626e-02       9.456452e-03       2.336403e-02
          40       1.136806e-02       1.456134e-03       7.068560e-03       2.464522e-02       1.017959e-02       1.797153e-02
          50       1.077272e-02       1.040367e-03       5.112606e-03       1.552815e-02       1.004467e-02       1.144859e-02
          60       5.977793e-03       1.691103e-03       3.761348e-03       1.127133e-02       6.598183e-03       9.056592e-03
          70       5.181753e-03       1.537723e-03       3.530494e-03       1.128609e-02       5.748595e-03       9.348557e-03
          80       6.521577e-03       9.769406e-04       4.161893e-03       1.766310e-02       6.877672e-03       1.096760e-02
          90       6.655699e-03       1.525071e-03       3.867135e-03       1.641282e-02       5.697942e-03       1.011143e-02
         100       1.035935e-02       8.954187e-04       5.508020e-03       2.056371e-02       1.182776e-02       1.512672e-02
         110       9.859390e-03       4.599215e-03       7.066059e-03       2.481179e-02       6.502183e-03       1.792348e-02
         120       1.728897e-02       2.334974e-03       7.638285e-03       2.833268e-02       1.651518e-02       2.280444e-02
         130       6.409907e-03       3.151341e-03       4.834184e-03       2.705609e-02       9.779637e-03       2.028129e-02
         140       1.093795e-02       5.534072e-03       7.628294e-03       3.538057e-02       1.418176e-02       2.377422e-02
         150       1.180841e-02       1.791335e-03       5.823556e-03       2.606263e-02       1.032019e-02       1.737348e-02
         160       1.260380e-02       2.791132e-03       6.931918e-03       2.818728e-02       1.320024e-02       2.148094e-02
         170       1.329875e-02       2.982114e-03       6.717067e-03       2.676258e-02       1.367150e-02       1.937028e-02
         180       8.441476e-03       1.751877e-03       5.065610e-03       2.248388e-02       6.335452e-03       1.564486e-02
         190       1.093655e-02       1.821876e-03       6.008368e-03       2.662267e-02       5.533693e-03       1.687436e-02
         200       7.696359e-03       1.116717e-03       5.167624e-03       2.295658e-02       8.619841e-03       1.574158e-02
         210       1.001443e-02       1.641008e-03       5.358150e-03       2.671329e-02       9.712813e-03       1.522571e-02
         220       8.947940e-03       1.925723e-03       4.354590e-03       1.689650e-02       8.236001e-03       1.402780e-02
         230       8.347609e-03       1.679213e-03       5.230372e-03       2.345573e-02       9.719311e-03       1.529542e-02
         240       5.747382e-03       2.212138e-03       4.185587e-03       1.629889e-02       9.572860e-03       1.376271e-02
         250       6.440655e-03       2.662084e-03       4.341367e-03       2.496876e-02       1.214823e-02       1.699994e-02
         260       1.263817e-02       2.306527e-03       6.651881e-03       3.346916e-02       1.407670e-02       2.055302e-02
         270       1.006507e-02       2.352436e-03       6.533808e-03       3.129080e-02       1.304682e-02       2.263161e-02
         280       1.046278e-02       3.808077e-03       6.940313e-03       3.684252e-02       1.102981e-02       2.010359e-02
         290       1.550407e-02       2.122196e-03       6.878669e-03       2.874234e-02       1.404302e-02       2.082958e-02
         300       8.114505e-03       2.133796e-03       4.994754e-03       2.144569e-02       1.168913e-02       1.669112e-02
         310       8.261779e-03       2.108135e-03       6.224187e-03       2.318941e-02       1.031706e-02       1.719056e-02
         320       1.002238e-02       2.230874e-03       5.957558e-03       1.676743e-02       1.039892e-02       1.466006e-02
         330       8.792482e-03       3.582580e-03       5.725554e-03       2.827122e-02       7.227109e-03       1.961013e-02
         340       7.996926e-03       2.559284e-03       4.070597e-03       2.301488e-02       9.507027e-03       1.533738e-02
         350       9.765786e-03       2.212643e-03       4.666323e-03       1.926095e-02       7.900513e-03       1.263416e-02
         360       1.167020e-02       8.887419e-04       6.550323e-03       2.106798e-02       6.590010e-03       1.345055e-02
         370       1.333989e-02       3.773508e-03       9.383559e-03       2.900847e-02       7.303621e-03       2.011042e-02
         380       7.979704e-03       2.177164e-03       5.787689e-03       2.932013e-02       1.064165e-02       1.847873e-02
         390       7.988509e-03       3.649461e-03       6.522470e-03       2.558584e-02       1.249136e-02       1.864536e-02
         400       1.283017e-02       6.078651e-03       8.957964e-03       3.065582e-02       1.359313e-02       2.147321e-02
         410       8.700663e-03       2.148626e-03       4.752432e-03       2.144761e-02       1.168237e-02       1.661676e-02
         420       9.754716e-03       2.811280e-03       5.420007e-03       2.783294e-02       9.382081e-03       1.788706e-02
         430       6.241854e-03       7.933982e-04       4.522921e-03       3.623521e-02       1.387764e-02       2.313248e-02
         440       1.009366e-02       3.075080e-03       6.243421e-03       3.659980e-02       9.872230e-03       2.262760e-02
         450       6.140909e-03       3.035434e-03       4.241947e-03       1.784918e-02       8.560157e-03       1.228789e-02
         460       8.895540e-03       3.143401e-03       5.166979e-03       2.626602e-02       9.153705e-03       1.691632e-02
         470       8.815230e-03       5.369144e-04       4.112846e-03       1.512320e-02       4.379496e-03       9.880065e-03
         480       4.823592e-03       1.588006e-03       2.924810e-03       1.311861e-02       6.024465e-03       9.053291e-03
         490       9.166477e-03       1.032810e-03       5.565807e-03       2.756533e-02       5.961310e-03       1.312639e-02
         500       7.835064e-03       1.243513e-03       5.237377e-03       2.672384e-02       5.937392e-03       1.378692e-02
         510       7.364892e-03       8.751691e-04       4.864656e-03       2.240346e-02       6.379912e-03       1.316573e-02
         520       6.303436e-03       2.141266e-03       3.951406e-03       1.846872e-02       7.172318e-03       1.163886e-02
         530       5.813356e-03       9.959984e-04       3.587904e-03       1.760196e-02       5.673685e-03       1.109245e-02
         540       7.202381e-03       1.198686e-03       3.639008e-03       1.464157e-02       5.215175e-03       1.009024e-02
         550       9.370948e-03       2.788499e-03       5.617071e-03       2.096240e-02       1.004947e-02       1.589079e-02
         560       1.269495e-02       1.870387e-03       5.775262e-03       2.631575e-02       1.480035e-02       1.830700e-02
         570       1.635001e-02       2.468409e-03       8.998227e-03       4.126598e-02       8.001939e-03       2.301101e-02
         580       9.555634e-03       3.809027e-03       6.125566e-03       3.150051e-02       1.149967e-02       1.819303e-02
         590       6.433925e-03       2.169718e-03       4.261207e-03       2.237037e-02       8.154690e-03       1.578941e-02
         600       1.051286e-02       3.115108e-03       6.890573e-03       2.617485e-02       1.243276e-02       1.787862e-02
         610       1.031596e-02       2.576889e-03       6.289241e-03       2.807984e-02       1.001791e-02       1.820301e-02
         620       1.062088e-02       1.591282e-03       5.894914e-03       2.885027e-02       8.741687e-03       1.749196e-02
         630       9.018021e-03       2.110921e-03       5.569395e-03       2.290710e-02       9.228602e-03       1.535158e-02
         640       1.172233e-02       2.605055e-03       7.484204e-03       2.529960e-02       9.348075e-03       1.828813e-02
         650       9.433629e-03       2.657468e-03       5.774588e-03       2.469962e-02       6.730295e-03       1.547318e-02
         660       1.503017e-02       1.281723e-03       8.520923e-03       2.980526e-02       5.517213e-03       2.135710e-02
         670       8.558379e-03       3.141455e-03       5.360651e-03       2.685385e-02       6.352706e-03       1.680152e-02
         680       8.303161e-03       3.049263e-03       6.132669e-03       4.212185e-02       1.054053e-02       2.147630e-02
         690       1.247221e-02       1.430912e-03       8.076854e-03       2.866307e-02       1.667620e-02       2.229247e-02
         700       1.247150e-02       1.521128e-03       6.189312e-03       2.652100e-02       9.896285e-03       1.951019e-02
         710       1.286882e-02       3.085916e-03       6.801626e-03       2.688356e-02       6.597458e-03       1.784236e-02
         720       1.154177e-02       2.876465e-03       7.968793e-03       2.910837e-02       1.284684e-02       2.141071e-02
         730       8.537363e-03       2.634364e-03       6.199562e-03       3.039744e-02       1.010939e-02       2.163022e-02
         740       1.167559e-02       1.585690e-03       6.359663e-03       2.508365e-02       9.172093e-03       1.835684e-02
         750       5.382329e-03       6.795446e-04       3.154668e-03       1.869065e-02       1.157511e-02       1.453565e-02
         760       7.601289e-03       7.615423e-04       4.008406e-03       1.732748e-02       6.186878e-03       1.171158e-02
         770       9.613283e-03       1.132068e-03       5.805335e-03       1.845161e-02       9.461223e-03       1.414974e-02
         780       1.022526e-02       8.716642e-04       5.321900e-03       2.572799e-02       7.991077e-03       1.410073e-02
         790       1.168398e-02       3.235272e-03       7.770964e-03       2.892147e-02       1.268876e-02       1.964752e-02
         800       8.253664e-03       4.182407e-04       5.093958e-03       2.533626e-02       8.669014e-03       1.602265e-02
         810       1.185179e-02       3.344473e-03       7.030810e-03       2.363248e-02       1.016992e-02       1.759679e-02
         820       9.637087e-03       3.745307e-03       5.922484e-03       2.740831e-02       1.389972e-02       2.167369e-02
         830       6.396659e-03       1.214785e-03       4.409942e-03       2.762605e-02       6.648677e-03       1.638153e-02
         840       1.041220e-02       1.518471e-03       5.993155e-03       3.148794e-02       1.104592e-02       2.043222e-02
         850       1.067272e-02       2.365215e-03       6.446109e-03       2.991100e-02       9.996049e-03       2.001335e-02
         860       8.699403e-03       2.781023e-03       6.313579e-03       3.141250e-02       1.059570e-02       1.988920e-02
         870       1.106308e-02       1.228842e-03       6.535503e-03       2.623767e-02       5.939206e-03       1.773178e-02
         880       1.090531e-02       2.440351e-03       5.552775e-03       2.619358e-02       9.462297e-03       1.663377e-02
         890       7.466423e-03       2.181664e-03       4.944057e-03       2.543915e-02       7.340421e-03       1.373455e-02
         900       6.773107e-03       2.346955e-03       3.651452e-03       1.953163e-02       7.342501e-03       1.161930e-02
         910       7.336442e-03       2.135235e-03       5.076726e-03       2.991498e-02       9.539342e-03       1.651153e-02
         920       7.762323e-03       2.827388e-03       3.998886e-03       1.474322e-02       1.080574e-02       1.243272e-02
         930       1.062957e-02       3.027624e-03       5.322679e-03       1.758037e-02       8.190511e-03       1.322933e-02
         940       1.221950e-02       1.827139e-03       4.687634e-03       1.345360e-02       7.715085e-03       1.034197e-02
         950       1.638225e-02       5.614000e-04       7.321501e-03       2.167966e-02       1.423193e-02       1.693952e-02
         960       1.199487e-02       2.412657e-03       5.785717e-03       2.438994e-02       1.260659e-02       1.884024e-02
         970       1.103110e-02       5.080034e-03       7.210738e-03       2.723310e-02       1.681757e-02       1.986508e-02
         980       1.149943e-02       2.998863e-03       6.455020e-03       2.511400e-02       1.099350e-02       1.876685e-02
         990       1.054502e-02       3.309262e-03       6.782453e-03       2.765452e-02       1.822856e-02       2.239633e-02
        1000       1.484471e-02       4.553871e-03       8.122338e-03       2.624018e-02       1.199030e-02       1.987311e-02
