#       step         max_devi_v         min_devi_v         avg_devi_v         max_devi_f         min_devi_f         avg_devi_f
           0       1.269701e-02       2.402199e-03       6.930959e-03       2.081263e-02       8.226303e-03       1.436818e-02
          10       1.301588e-02       2.148966e-03       6.801232e-03       2.474752e-02       7.630201e-03       1.374721e-02
          20       9.875874e-03       1.519580e-03       6.095747e-03       3.282347e-02       5.842140e-03       1.480165e-02
          30       7.750478e-03       1.550382e-03       4.352863e-03       1.771234e-02       6.525020e-03       1.278339e-02
          40       1.172834e-02       1.448036e-03       5.582446e-03       2.578873e-02       9.937861e-03       1.539550e-02
          50       9.953971e-03       7.345241e-04       4.371277e-03       2.160814e-02       7.857792e-03       1.151580e-02
          60       7.143975e-03       4.383208e-04       4.178906e-03       1.499829e-02       4.356277e-03       9.787369e-03
          70       7.385396e-03       9.143011e-04       4.386251e-03       1.680832e-02       2.645690e-03       1.104239e-02
          80       1.093704e-02       1.578820e-03       5.787502e-03       1.941074e-02       6.294912e-03       1.230265e-02
          90       1.677897e-02       2.179670e-03       7.757474e-03       3.183183e-02       8.198076e-03       1.658774e-02
         100       1.593686e-02       2.013943e-03       7.330333e-03       3.095638e-02       3.803457e-03       1.578508e-02
         110       7.120435e-03       2.362671e-03       5.568984e-03       3.129621e-02       7.977353e-03       1.597485e-02
         120       1.070404e-02       1.249652e-03       5.553276e-03       2.453428e-02       5.220000e-03       1.246997e-02
         130       5.656264e-03       1.692281e-03       3.467661e-03       9.123466e-03       6.658103e-03       8.039361e-03
         140       4.389951e-03       1.447354e-03       2.631551e-03       1.353305e-02       6.186899e-03       9.257462e-03
         150       5.921691e-03       1.142760e-03       3.149570e-03       1.269939e-02       5.447070e-03       9.297319e-03
         160       1.190890e-02       2.467603e-03       5.292842e-03       1.539442e-02       5.850834e-03       1.148324e-02
         170       7.865392e-03       6.253253e-04       3.352857e-03       2.257176e-02       4.933574e-03       1.034756e-02
         180       1.034728e-02       2.358134e-03       4.926095e-03       1.814130e-02       8.915969e-03       1.230996e-02
         190       1.250862e-02       1.799635e-03       6.176666e-03       2.118597e-02       4.454764e-03       1.413395e-02
         200       1.466652e-02       2.094392e-03       6.889444e-03       2.135553e-02       1.041224e-02       1.424632e-02
         210       1.192697e-02       1.512824e-03       5.559454e-03       2.073613e-02       5.105103e-03       1.228932e-02
         220       6.571932e-03       6.934097e-04       3.504952e-03       1.103430e-02       5.069360e-03       7.697833e-03
         230       6.169270e-03       1.068569e-03       2.932130e-03       1.365185e-02       4.363120e-03       9.255455e-03
         240       6.584059e-03       1.809994e-03       3.107145e-03       1.515788e-02       5.751798e-03       9.282643e-03
         250       1.231875e-02       9.765731e-04       5.973080e-03       2.518434e-02       8.131016e-03       1.605575e-02
         260       4.871518e-03       1.130939e-03       3.000193e-03       1.381108e-02       6.841107e-03       9.762709e-03
         270       3.646291e-03       1.288067e-03       2.537269e-03       1.084336e-02       5.111475e-03       8.450840e-03
         280       5.299582e-03       1.025370e-03       2.928026e-03       1.139076e-02       4.345489e-03       8.355073e-03
         290       6.085708e-03       9.592858e-04       3.335095e-03       1.081827e-02       5.672016e-03       8.584307e-03
         300       6.543002e-03       8.590574e-04       4.141669e-03       1.035286e-02       7.192541e-03       8.560622e-03
         310       6.926561e-03       1.332835e-03       3.618729e-03       1.024773e-02       5.953379e-03       8.583981e-03
         320       5.784561e-03       3.954121e-04       3.324834e-03       1.336101e-02       6.070047e-03       8.849971e-03
         330       6.384374e-03       1.685662e-03       3.179275e-03       1.249889e-02       3.227337e-03       7.478029e-03
         340       5.084277e-03       1.308523e-03       2.722653e-03       1.089259e-02       3.409742e-03       6.631821e-03
         350       5.601975e-03       9.892480e-04       3.166665e-03       1.011308e-02       3.648083e-03       6.847983e-03
         360       4.796738e-03       1.194643e-03       2.794505e-03       1.738006e-02       7.080398e-03       1.030600e-02
         370       7.127945e-03       9.722011e-04       3.314463e-03       1.555257e-02       2.257343e-03       1.051113e-02
         380       7.852324e-03       1.374745e-03       4.114480e-03       9.982071e-03       6.920274e-03       8.844851e-03
         390       6.670002e-03       1.004561e-03       3.980071e-03       1.295575e-02       4.726568e-03       8.287346e-03
         400       7.703252e-03       1.583360e-03       4.218615e-03       1.361931e-02       5.775730e-03       9.813211e-03
         410       7.044906e-03       3.495525e-04       3.934889e-03       1.092794e-02       6.689281e-03       8.792224e-03
         420       4.833079e-03       1.971183e-03       3.681171e-03       1.226155e-02       7.266415e-03       9.382490e-03
         430       5.059165e-03       8.253447e-04       2.678006e-03       1.588652e-02       1.107149e-03       7.330409e-03
         440       7.530605e-03       2.227097e-03       4.509128e-03       2.074729e-02       5.975970e-03       1.085689e-02
         450       7.196059e-03       2.214726e-03       5.091986e-03       2.716541e-02       5.276903e-03       1.521919e-02
         460       1.552459e-02       1.273220e-03       7.036262e-03       2.437354e-02       5.238713e-03       1.651079e-02
         470       6.185888e-03       2.379406e-03       4.768520e-03       2.696818e-02       4.871745e-03       1.333102e-02
         480       4.113693e-03       2.154231e-03       2.958324e-03       1.936298e-02       6.427814e-03       1.055895e-02
         490       3.802262e-03       1.926262e-03       2.724609e-03       1.574714e-02       5.823299e-03       1.009544e-02
         500       5.381944e-03       5.821413e-04       3.381040e-03       1.263939e-02       5.204401e-03       9.503967e-03
         510       1.331086e-02       6.571397e-04       4.888288e-03       2.022065e-02       7.327424e-03       1.337530e-02
         520       1.257667e-02       5.249141e-04       6.099345e-03       3.232066e-02       5.013584e-03       1.516131e-02
         530       1.439080e-02       1.457147e-03       6.495025e-03       2.827560e-02       7.008940e-03       1.609306e-02
         540       8.377785e-03       1.516407e-03       4.789415e-03       2.514039e-02       4.676432e-03       1.349144e-02
         550       1.179568e-02       1.202253e-03       4.832480e-03       1.557855e-02       8.419510e-03       1.103390e-02
         560       9.097554e-03       1.987995e-03       4.522234e-03       2.294634e-02       2.111970e-03       1.104383e-02
         570       4.226580e-03       7.480021e-04       2.098395e-03       1.470687e-02       3.999872e-03       7.399266e-03
         580       4.581410e-03       1.224914e-03       3.014596e-03       1.316318e-02       3.827502e-03       8.376057e-03
         590       8.189437e-03       9.202506e-04       3.424349e-03       1.467733e-02       4.444662e-03       1.005813e-02
         600       4.400027e-03       1.958672e-03       3.109070e-03       1.636331e-02       5.976813e-03       1.006210e-02
         610       1.118625e-02       1.323107e-03       4.597414e-03       2.708579e-02       5.733113e-03       1.758550e-02
         620       4.934459e-03       1.602953e-03       3.754230e-03       1.588993e-02       3.338831e-03       1.013765e-02
         630       8.123488e-03       1.295290e-03       4.518864e-03       2.338447e-02       7.977078e-03       1.385003e-02
         640       6.543975e-03       2.692501e-03       4.397294e-03       1.944118e-02       6.234771e-03       1.218371e-02
         650       7.991720e-03       1.876243e-03       5.129646e-03       2.766683e-02       7.854124e-03       1.548950e-02
         660       1.389957e-02       1.299569e-03       4.959937e-03       2.165036e-02       7.540832e-03       1.259011e-02
         670       7.898862e-03       1.618814e-03       4.035944e-03       1.573570e-02       5.210799e-03       1.096568e-02
         680       3.970583e-03       3.082652e-04       2.804485e-03       8.683087e-03       3.712842e-03       5.937197e-03
         690       7.188664e-03       2.234276e-03       4.632488e-03       2.163912e-02       4.153445e-03       1.065055e-02
         700       1.109125e-02       2.602253e-03       5.877661e-03       3.206569e-02       4.802161e-03       1.449429e-02
         710       1.287101e-02       9.037539e-04       5.703294e-03       2.935440e-02       6.441221e-03       1.495979e-02
         720       1.231230e-02       1.842078e-03       5.030351e-03       2.981158e-02       6.172617e-03       1.778894e-02
         730       1.290928e-02       2.955908e-03       6.128451e-03       3.199116e-02       7.123025e-03       1.963949e-02
         740       8.074366e-03       1.711796e-03       5.225694e-03       2.626962e-02       7.714506e-03       1.643471e-02
         750       4.208064e-03       8.862180e-04       2.546927e-03       1.410954e-02       4.710970e-03       9.334615e-03
         760       7.461920e-03       1.214254e-03       3.596619e-03       1.471937e-02       6.520817e-03       1.113544e-02
         770       4.636754e-03       2.041997e-03       3.420923e-03       2.953018e-02       4.783283e-03       1.247507e-02
         780       1.020260e-02       3.261646e-03       5.034758e-03       2.973752e-02       3.775239e-03       1.587097e-02
         790       8.683189e-03       1.304454e-03       4.968725e-03       3.276203e-02       4.802689e-03       1.605191e-02
         800       1.034710e-02       2.104982e-03       5.555082e-03       2.043862e-02       4.523884e-03       1.161364e-02
         810       1.092375e-02       2.623592e-03       6.896269e-03       2.032209e-02       3.749238e-03       1.285464e-02
         820       1.211326e-02       2.747329e-03       6.901848e-03       2.943923e-02       6.305091e-03       1.737037e-02
         830       6.617941e-03       4.669956e-04       4.278251e-03       2.111790e-02       7.856896e-03       1.161843e-02
         840       6.236194e-03       4.135874e-04       3.628889e-03       1.706070e-02       7.869126e-03       1.131336e-02
         850       1.067584e-02       2.545448e-04       4.393709e-03       1.802542e-02       6.772061e-03       1.115313e-02
         860       4.091768e-03       1.446154e-03       2.900214e-03       1.041866e-02       5.460240e-03       8.115450e-03
         870       1.114352e-02       4.233864e-04       5.276527e-03       2.438623e-02       7.321924e-03       1.363969e-02
         880       3.092612e-03       8.302965e-04       1.945561e-03       1.517931e-02       3.650792e-03       9.271639e-03
         890       6.022452e-03       8.387642e-04       3.392827e-03       1.636329e-02       3.223394e-03       8.922958e-03
         900       5.404157e-03       2.102235e-03       3.022085e-03       2.037282e-02       6.994899e-03       1.174967e-02
         910       1.117317e-02       1.410963e-03       5.852180e-03       3.456133e-02       5.728790e-03       1.892918e-02
         920       6.994420e-03       2.041330e-03       4.212120e-03       2.179963e-02       4.817746e-03       1.109508e-02
         930       7.886040e-03       1.314984e-03       3.333824e-03       1.372885e-02       4.382899e-03       7.898142e-03
         940       6.769053e-03       2.399548e-03       3.463581e-03       1.755710e-02       4.771809e-03       1.041057e-02
         950       8.394114e-03       1.171931e-03       3.817325e-03       1.691335e-02       3.990253e-03       9.239729e-03
         960       8.779094e-03       3.791050e-04       4.930572e-03       2.525697e-02       5.407813e-03       1.382953e-02
         970       4.610737e-03       1.543088e-03       2.783472e-03       1.464025e-02       4.807179e-03       8.252138e-03
         980       2.500599e-03       1.546345e-03       2.201687e-03       1.539530e-02       4.363212e-03       8.552763e-03
         990       9.833664e-03       1.017341e-03       4.027394e-03       2.355989e-02       5.727674e-03       1.261179e-02
        1000       4.080347e-03       1.377274e-03       2.981937e-03       1.466880e-02       5.165474e-03       9.969989e-03
