#       step         max_devi_v         min_devi_v         avg_devi_v         max_devi_f         min_devi_f         avg_devi_f
           0       9.730263e-03       2.520418e-03       5.105068e-03       2.509205e-02       1.024665e-02       1.534984e-02
          10       8.481786e-03       1.157360e-03       4.119755e-03       1.700359e-02       6.919402e-03       1.294794e-02
          20       6.496802e-03       1.557092e-03       3.118657e-03       2.080563e-02       7.811412e-03       1.374401e-02
          30       1.097925e-02       2.881666e-03       5.338651e-03       2.390472e-02       9.297798e-03       1.655448e-02
          40       7.808134e-03       8.824182e-04       4.231502e-03       1.794654e-02       3.399963e-03       1.055886e-02
          50       1.343934e-02       1.130465e-03       6.252112e-03       2.221380e-02       4.434064e-03       1.250531e-02
          60       1.064428e-02       2.204360e-03       5.533135e-03       1.622435e-02       5.485113e-03       1.175429e-02
          70       9.328332e-03       9.696694e-04       4.451754e-03       1.615769e-02       4.479400e-03       1.025914e-02
          80       1.235848e-02       1.888718e-03       5.805889e-03       2.102977e-02       7.865247e-03       1.294738e-02
          90       9.958363e-03       1.519260e-03       4.994060e-03       2.072851e-02       6.278800e-03       1.305468e-02
         100       5.627543e-03       1.775382e-03       3.200002e-03       1.658516e-02       3.939158e-03       9.652072e-03
         110       1.091125e-02       2.345681e-03       5.035189e-03       1.762176e-02       8.797037e-03       1.379042e-02
         120       2.048039e-02       2.374003e-03       8.267262e-03       2.927649e-02       9.505240e-03       1.965861e-02
         130       9.636994e-03       2.793483e-03       7.013983e-03       2.916546e-02       9.947932e-03       2.108919e-02
         140       5.955807e-03       1.654744e-03       4.420902e-03       2.333591e-02       7.750351e-03       1.370843e-02
         150       6.320860e-03       2.396980e-03       4.057646e-03       2.453634e-02       1.228158e-02       1.681873e-02
         160       7.521100e-03       2.191938e-03       4.518668e-03       1.635931e-02       9.806141e-03       1.287332e-02
         170       8.320948e-03       2.720899e-03       4.776267e-03       2.197944e-02       1.091840e-02       1.563094e-02
         180       1.207582e-02       2.726831e-03       5.860958e-03       2.637074e-02       1.225138e-02       1.596557e-02
         190       9.051727e-03       2.373373e-03       5.090665e-03       2.472312e-02       8.228200e-03       1.384047e-02
         200       1.365116e-02       1.164239e-03       5.728385e-03       2.127862e-02       8.224818e-03       1.256935e-02
         210       1.038825e-02       2.324055e-03       4.497678e-03       2.068289e-02       9.525875e-03       1.318642e-02
         220       7.836577e-03       9.777175e-04       3.633355e-03       2.637018e-02       8.470819e-03       1.491003e-02
         230       6.428160e-03       2.292759e-03       4.288204e-03       2.764670e-02       8.734915e-03       1.470433e-02
         240       7.683436e-03       9.903778e-04       5.329262e-03       3.069775e-02       1.266042e-02       1.967920e-02
         250       7.134983e-03       1.593657e-03       4.806690e-03       3.074999e-02       8.527068e-03       1.931684e-02
         260       1.615258e-02       5.174835e-03       8.508903e-03       3.221491e-02       1.522815e-02       2.175164e-02
         270       9.218671e-03       4.536697e-03       5.816538e-03       3.454062e-02       1.703815e-02       2.567879e-02
         280       1.084661e-02       3.005770e-03       5.934509e-03       2.328708e-02       9.399665e-03       1.869036e-02
         290       1.019149e-02       3.262134e-03       4.965701e-03       4.214009e-02       7.917048e-03       2.048937e-02
         300       1.184878e-02       5.529456e-04       4.829110e-03       2.059595e-02       7.818167e-03       1.369665e-02
         310       7.289031e-03       3.614207e-03       5.316208e-03       2.127776e-02       7.526478e-03       1.348315e-02
         320       8.653451e-03       9.836099e-04       5.882442e-03       2.099047e-02       1.039446e-02       1.524028e-02
         330       7.527174e-03       1.570641e-03       4.784812e-03       1.919071e-02       7.583584e-03       1.110424e-02
         340       1.029176e-02       9.153718e-04       5.057655e-03       1.835782e-02       7.894916e-03       1.395171e-02
         350       7.745932e-03       1.845866e-03       3.963123e-03       1.703223e-02       8.992271e-03       1.283502e-02
         360       7.714602e-03       1.237326e-03       5.023734e-03       1.752825e-02       1.127537e-02       1.392489e-02
         370       8.740284e-03       2.392391e-03       4.967266e-03       1.336092e-02       8.745690e-03       1.147240e-02
         380       1.396595e-02       1.470210e-03       8.329721e-03       2.387677e-02       1.522934e-02       1.807170e-02
         390       1.202841e-02       2.302220e-03       7.353751e-03       2.373477e-02       1.482574e-02       1.843614e-02
         400       1.022920e-02       2.583769e-03       6.601450e-03       1.994253e-02       1.186235e-02       1.610516e-02
         410       1.335748e-02       3.265089e-03       8.329377e-03       2.704489e-02       1.064181e-02       1.936689e-02
         420       9.437824e-03       1.238974e-03       5.195307e-03       2.382348e-02       1.011109e-02       1.480965e-02
         430       7.648238e-03       6.938121e-04       5.350471e-03       2.359985e-02       7.164716e-03       1.435846e-02
         440       6.618345e-03       2.152189e-03       4.223447e-03       1.688117e-02       4.932970e-03       1.059802e-02
         450       7.277097e-03       1.774680e-03       4.134721e-03       1.702450e-02       5.664417e-03       1.165308e-02
         460       8.799426e-03       1.723097e-03       4.542420e-03       2.508875e-02       6.336995e-03       1.326978e-02
         470       4.733054e-03       1.059894e-03       2.743475e-03       1.696805e-02       6.366817e-03       9.772466e-03
         480       1.108811e-02       1.538031e-03       5.339407e-03       3.511517e-02       4.639382e-03       1.698391e-02
         490       8.962092e-03       2.598828e-03       4.710758e-03       1.985634e-02       6.977054e-03       1.451121e-02
         500       1.066035e-02       3.828126e-03       6.170185e-03       3.417376e-02       1.109876e-02       2.019355e-02
         510       1.299429e-02       4.434433e-03       7.257977e-03       4.012104e-02       1.033104e-02       2.082866e-02
         520       7.954111e-03       2.609211e-03       5.762181e-03       3.770207e-02       8.866285e-03       2.111547e-02
         530       7.065941e-03       1.494557e-03       4.780644e-03       2.690725e-02       8.917305e-03       1.527467e-02
         540       1.118388e-02       1.791900e-03       5.567615e-03       2.336459e-02       4.171068e-03       1.402526e-02
         550       5.600150e-03       4.476029e-04       2.724618e-03       1.909602e-02       6.937058e-03       1.092893e-02
         560       5.380777e-03       1.984687e-03       3.702553e-03       2.489442e-02       5.320263e-03       1.179436e-02
         570       8.764265e-03       2.135274e-03       4.791326e-03       1.712885e-02       5.849664e-03       1.244536e-02
         580       7.576175e-03       1.642702e-03       4.159515e-03       2.485325e-02       1.178433e-02       1.646412e-02
         590       4.809843e-03       2.301528e-03       3.769664e-03       1.820021e-02       6.921364e-03       1.158753e-02
         600       7.926017e-03       1.618447e-03       4.139170e-03       2.117123e-02       5.979839e-03       1.314756e-02
         610       1.116775e-02       9.658198e-04       5.336743e-03       2.166184e-02       7.051732e-03       1.369952e-02
         620       9.456573e-03       1.544370e-03       5.136036e-03       1.799174e-02       6.876134e-03       1.148131e-02
         630       1.024289e-02       1.396544e-03       4.683979e-03       1.936113e-02       3.026358e-03       1.062546e-02
         640       7.378758e-03       1.583758e-03       3.898366e-03       1.827749e-02       6.960471e-03       1.234162e-02
         650       8.090971e-03       2.424045e-03       4.764896e-03       2.266353e-02       4.442553e-03       1.542567e-02
         660       1.031202e-02       2.361613e-03       4.956175e-03       1.943669e-02       5.882468e-03       1.163304e-02
         670       9.151501e-03       1.015832e-03       3.915067e-03       1.843251e-02       7.514696e-03       1.337208e-02
         680       6.539201e-03       1.826811e-03       4.646964e-03       2.245556e-02       5.581398e-03       1.439928e-02
         690       8.763783e-03       2.930908e-03       5.467656e-03       2.117459e-02       5.877380e-03       1.566966e-02
         700       1.054064e-02       1.649534e-03       5.152964e-03       1.997855e-02       8.544372e-03       1.397568e-02
         710       8.902774e-03       2.235924e-03       4.318330e-03       2.059546e-02       5.354733e-03       1.319639e-02
         720       1.436449e-02       3.489335e-03       6.703450e-03       2.818569e-02       8.643798e-03       1.751585e-02
         730       1.524629e-02       2.081626e-03       6.455843e-03       2.593769e-02       7.585947e-03       1.646196e-02
         740       6.385444e-03       1.016282e-03       3.807268e-03       1.144620e-02       4.512537e-03       7.956285e-03
         750       3.617441e-03       1.148267e-03       2.292060e-03       1.244402e-02       4.545003e-03       8.305703e-03
         760       6.624180e-03       7.027552e-04       3.656744e-03       1.545400e-02       4.681071e-03       1.049672e-02
         770       5.170068e-03       3.124229e-03       4.185071e-03       1.285639e-02       4.250289e-03       1.001123e-02
         780       1.204319e-02       3.484076e-03       5.536835e-03       2.854566e-02       5.851022e-03       1.514422e-02
         790       5.115667e-03       7.523180e-04       2.721132e-03       1.320142e-02       6.360695e-03       9.375951e-03
         800       9.911429e-03       2.159942e-03       4.796922e-03       2.519787e-02       1.069223e-02       1.601113e-02
         810       2.180918e-02       7.530539e-04       1.013088e-02       3.567732e-02       1.014067e-02       2.069116e-02
         820       2.049557e-02       1.278921e-03       9.687400e-03       4.101242e-02       1.478935e-02       2.503829e-02
         830       1.020726e-02       2.511280e-03       5.100714e-03       2.670023e-02       1.129182e-02       1.832394e-02
         840       8.088497e-03       3.273763e-03       5.530167e-03       2.609735e-02       8.102756e-03       1.572783e-02
         850       8.067936e-03       3.128991e-03       5.982971e-03       3.481401e-02       6.674525e-03       1.619172e-02
         860       1.400243e-02       1.989731e-03       5.786568e-03       2.473896e-02       6.051797e-03       1.332888e-02
         870       7.708140e-03       1.859528e-03       3.911347e-03       2.061323e-02       8.127587e-03       1.314106e-02
         880       9.853712e-03       1.888096e-03       5.423086e-03       3.211039e-02       7.313377e-03       1.651940e-02
         890       4.955530e-03       2.112722e-03       3.600007e-03       2.174033e-02       5.632319e-03       1.328990e-02
         900       9.917220e-03       1.067040e-03       6.154936e-03       2.150916e-02       1.110769e-02       1.592902e-02
         910       1.490649e-02       2.211174e-03       6.758407e-03       2.786533e-02       1.265345e-02       1.751857e-02
         920       1.679052e-02       7.174831e-04       7.589869e-03       3.377017e-02       9.227453e-03       1.916327e-02
         930       1.577544e-02       1.328886e-03       8.042153e-03       2.814782e-02       1.095699e-02       2.085980e-02
         940       7.471780e-03       1.784330e-03       4.353023e-03       2.555656e-02       4.396392e-03       1.476811e-02
         950       7.594472e-03       1.519295e-03       4.114989e-03       1.781277e-02       5.314448e-03       1.100036e-02
         960       9.936206e-03       1.162569e-03       5.073669e-03       2.368048e-02       1.114634e-02       1.624089e-02
         970       7.580650e-03       2.869438e-03       5.098771e-03       2.970613e-02       6.780023e-03       1.849516e-02
         980       1.030411e-02       1.147112e-03       4.709965e-03       2.226442e-02       6.392715e-03       1.349175e-02
         990       9.240699e-03       2.786600e-03       4.748953e-03       1.939430e-02       8.243309e-03       1.338670e-02
        1000       1.440779e-02       8.325570e-04       5.706124e-03       2.632846e-02       1.035632e-02       1.431508e-02
