#       step         max_devi_v         min_devi_v         avg_devi_v         max_devi_f         min_devi_f         avg_devi_f
           0       1.275967e-02       1.040658e-03       6.092384e-03       2.000335e-02       1.118435e-02       1.504220e-02
          10       2.218417e-02       3.015857e-03       1.030113e-02       4.187845e-02       1.545659e-02       2.524440e-02
          20       5.655373e-03       1.017001e-03       3.562731e-03       2.571123e-02       8.177980e-03       1.837451e-02
          30       2.039421e-02       2.741134e-03       9.451381e-03       3.829053e-02       1.614310e-02       2.604077e-02
          40       8.398075e-03       1.612519e-03       5.690162e-03       1.897293e-02       8.799281e-03       1.440390e-02
          50       6.340396e-03       6.693106e-04       4.479123e-03       2.200241e-02       5.877481e-03       1.247606e-02
          60       6.008333e-03       1.801929e-03       2.939079e-03       1.990234e-02       5.305962e-03       9.684520e-03
          70       6.038480e-03       7.747489e-04       3.908649e-03       2.338036e-02       5.553438e-03       1.152342e-02
          80       7.496046e-03       1.109818e-03       3.543279e-03       1.545177e-02       4.949400e-03       9.852333e-03
          90       6.808654e-03       1.424266e-03       3.205229e-03       1.912709e-02       3.994328e-03       1.054675e-02
         100       4.246150e-03       1.013462e-03       2.969285e-03       1.160642e-02       6.300806e-03       9.116443e-03
         110       5.414988e-03       1.801007e-03       3.664528e-03       1.761864e-02       7.246982e-03       1.093232e-02
         120       1.079827e-02       9.580826e-04       4.818916e-03       2.390117e-02       8.012798e-03       1.357373e-02
         130       9.707074e-03       1.355023e-03       5.582294e-03       2.458449e-02       8.305311e-03       1.563186e-02
         140       6.789953e-03       1.016806e-03       3.574153e-03       1.150616e-02       6.929085e-03       9.317211e-03
         150       1.006590e-02       1.834009e-03       5.746570e-03       2.395741e-02       1.001565e-02       1.912553e-02
         160       1.065725e-02       1.760907e-03       5.340772e-03       2.265940e-02       1.248671e-02       1.682690e-02
         170       6.126106e-03       1.825038e-03       3.680488e-03       1.704517e-02       1.144757e-02       1.402829e-02
         180       8.650605e-03       2.199279e-03       4.807471e-03       1.999650e-02       1.107820e-02       1.416139e-02
         190       5.117945e-03       1.450803e-03       2.594561e-03       2.106913e-02       5.247811e-03       1.346340e-02
         200       8.618413e-03       2.134625e-03       5.139353e-03       2.568905e-02       1.006092e-02       1.507854e-02
         210       8.553828e-03       1.397713e-03       5.000054e-03       2.055960e-02       7.222912e-03       1.411895e-02
         220       5.302138e-03       1.544843e-03       3.972832e-03       1.739433e-02       6.258093e-03       1.209309e-02
         230       7.510739e-03       1.816964e-03       4.096976e-03       2.171439e-02       8.413696e-03       1.350625e-02
         240       1.068942e-02       1.905492e-03       4.711161e-03       2.443035e-02       1.058948e-02       1.608809e-02
         250       1.494380e-02       2.339663e-03       6.061843e-03       2.458124e-02       8.921685e-03       1.740826e-02
         260       1.494484e-02       1.457620e-03       6.695269e-03       2.632945e-02       1.150459e-02       1.822954e-02
         270       4.903726e-03       3.264352e-03       3.973830e-03       2.411509e-02       1.016589e-02       1.520174e-02
         280       1.306846e-02       3.137249e-03       6.753548e-03       2.838696e-02       5.848515e-03       1.786970e-02
         290       1.102848e-02       1.214194e-03       5.990936e-03       3.298766e-02       7.921455e-03       1.907042e-02
         300       1.280396e-02       3.476914e-03       6.224763e-03       2.246727e-02       1.015107e-02       1.660980e-02
         310       1.175795e-02       2.603384e-03       5.240290e-03       2.191569e-02       8.155470e-03       1.522389e-02
         320       1.386776e-02       2.343527e-03       6.673781e-03       3.180043e-02       8.089072e-03       1.788191e-02
         330       1.221670e-02       1.978456e-03       5.789061e-03       3.015197e-02       5.743431e-03       1.444842e-02
         340       6.365044e-03       1.758697e-03       3.670120e-03       1.285050e-02       7.917373e-03       1.008705e-02
         350       5.502624e-03       1.870931e-03       3.602472e-03       1.425295e-02       3.126947e-03       1.008177e-02
         360       9.239111e-03       2.140165e-03       4.582571e-03       1.901545e-02       7.593663e-03       1.356702e-02
         370       3.788083e-03       9.741491e-04       2.807216e-03       1.685355e-02       4.495578e-03       9.567848e-03
         380       6.860284e-03       9.111396e-04       4.384995e-03       1.932128e-02       1.009927e-02       1.325055e-02
         390       9.923653e-03       1.328812e-03       5.811047e-03       2.944696e-02       5.890935e-03       1.563016e-02
         400       7.709414e-03       1.899346e-03       4.593271e-03       2.399071e-02       5.395054e-03       1.537505e-02
         410       9.373507e-03       1.783065e-03       5.832593e-03       2.000215e-02       7.860691e-03       1.540602e-02
         420       9.145903e-03       2.472036e-03       5.530764e-03       2.688481e-02       9.414518e-03       1.993873e-02
         430       7.186640e-03       3.055640e-03       5.566894e-03       2.227680e-02       1.373164e-02       1.666537e-02
         440       1.257512e-02       3.589764e-03       6.301727e-03       2.793964e-02       1.080822e-02       1.929874e-02
         450       7.469968e-03       2.125315e-03       4.847699e-03       2.725239e-02       8.868563e-03       1.603031e-02
         460       8.216126e-03       2.113446e-03       5.079207e-03       3.193010e-02       7.194427e-03       1.535385e-02
         470       8.952728e-03       2.273768e-03       5.124412e-03       2.533898e-02       5.033417e-03       1.387276e-02
         480       1.090938e-02       1.706560e-03       6.642462e-03       2.923606e-02       1.121068e-02       1.948079e-02
         490       1.535096e-02       4.062537e-03       8.219401e-03       3.475693e-02       9.095164e-03       2.287632e-02
         500       1.086293e-02       1.476305e-03       6.358939e-03       2.883538e-02       1.101468e-02       1.940136e-02
         510       1.266306e-02       4.310393e-03       7.259759e-03       2.826123e-02       9.110237e-03       1.940631e-02
         520       1.124847e-02       2.815805e-03       5.234263e-03       2.233424e-02       1.018322e-02       1.552517e-02
         530       1.500733e-02       3.349772e-03       6.821773e-03       3.190020e-02       8.866033e-03       1.871594e-02
         540       1.277674e-02       8.239004e-04       5.555287e-03       2.701201e-02       1.290065e-02       1.664478e-02
         550       7.223358e-03       1.394000e-03       5.196136e-03       2.301279e-02       1.148555e-02       1.616894e-02
         560       9.049591e-03       3.600791e-03       5.644693e-03       2.396447e-02       9.869265e-03       1.773746e-02
         570       1.514749e-02       2.193460e-03       6.275640e-03       2.732634e-02       9.390891e-03       1.927452e-02
         580       8.107707e-03       9.184785e-04       5.047787e-03       2.146578e-02       7.012976e-03       1.634481e-02
         590       1.100073e-02       1.101200e-03       4.912746e-03       2.199108e-02       7.817559e-03       1.733651e-02
         600       1.009347e-02       3.777945e-03       5.576573e-03       2.063174e-02       1.369331e-02       1.649823e-02
         610       8.913365e-03       4.300481e-03       6.314634e-03       2.263391e-02       1.134303e-02       1.600294e-02
         620       9.748763e-03       3.185492e-03       5.852206e-03       2.184383e-02       7.482637e-03       1.533178e-02
         630       7.525760e-03       1.174691e-03       3.370740e-03       2.004910e-02       6.715425e-03       1.232060e-02
         640       9.129116e-03       2.102256e-03       5.408962e-03       2.747764e-02       6.179467e-03       1.393303e-02
         650       1.184805e-02       2.581992e-03       7.571183e-03       3.478822e-02       7.980695e-03       1.937268e-02
         660       8.072751e-03       1.182592e-03       5.349621e-03       1.803418e-02       1.273078e-02       1.480310e-02
         670       7.380042e-03       2.574175e-03       4.837180e-03       2.116039e-02       1.277345e-02       1.723440e-02
         680       1.238618e-02       2.453795e-03       6.285877e-03       2.502518e-02       1.182174e-02       1.652494e-02
         690       1.325400e-02       2.501168e-03       7.188465e-03       2.845888e-02       9.698556e-03       1.845989e-02
         700       1.132382e-02       1.461420e-03       6.360493e-03       2.471243e-02       1.081338e-02       1.771454e-02
         710       1.256148e-02       7.978432e-04       5.577019e-03       2.020670e-02       9.097166e-03       1.444319e-02
         720       1.648901e-02       3.487908e-03       8.020386e-03       3.038628e-02       1.198421e-02       2.117417e-02
         730       1.083494e-02       1.064924e-03       7.255895e-03       2.518429e-02       1.076040e-02       2.078743e-02
         740       1.216281e-02       1.401902e-03       7.607336e-03       2.572341e-02       1.755811e-02       2.102576e-02
         750       7.048498e-03       2.073389e-03       5.161204e-03       2.526883e-02       8.512944e-03       1.753470e-02
         760       7.156015e-03       1.144795e-03       4.783619e-03       2.069884e-02       1.179583e-02       1.618441e-02
         770       7.893282e-03       7.267546e-04       4.456790e-03       2.007021e-02       8.456636e-03       1.337452e-02
         780       8.202929e-03       1.027458e-03       4.938707e-03       2.866683e-02       1.287607e-02       1.853679e-02
         790       8.501154e-03       3.876084e-03       5.508498e-03       2.218728e-02       1.221304e-02       1.814034e-02
         800       8.897587e-03       3.787060e-03       6.599839e-03       2.596090e-02       7.224200e-03       1.776945e-02
         810       7.802581e-03       2.147127e-03       4.520158e-03       2.499838e-02       1.055795e-02       1.763089e-02
         820       7.545253e-03       4.545073e-03       5.900277e-03       2.899120e-02       9.524866e-03       1.988241e-02
         830       1.108543e-02       4.818492e-03       7.182188e-03       2.698945e-02       7.455714e-03       1.962443e-02
         840       9.704395e-03       1.314118e-03       5.135977e-03       2.021358e-02       9.876320e-03       1.478356e-02
         850       1.151310e-02       7.508432e-04       5.836565e-03       2.372444e-02       1.070784e-02       1.742903e-02
         860       9.306264e-03       6.464973e-04       4.872450e-03       2.844471e-02       1.101474e-02       1.773179e-02
         870       9.220457e-03       1.635360e-03       7.148095e-03       3.186874e-02       8.361132e-03       1.835044e-02
         880       8.708512e-03       1.684877e-03       5.105692e-03       2.127891e-02       6.204343e-03       1.411274e-02
         890       7.427502e-03       1.509778e-03       4.604301e-03       2.457744e-02       9.969690e-03       1.799284e-02
         900       8.102373e-03       2.928837e-03       4.890959e-03       2.501516e-02       9.130037e-03       1.493443e-02
         910       6.424177e-03       1.441569e-03       5.122229e-03       2.238738e-02       6.717979e-03       1.476574e-02
         920       6.253332e-03       1.890838e-03       3.770241e-03       2.338986e-02       7.542447e-03       1.338349e-02
         930       1.200330e-02       2.363250e-03       6.041918e-03       2.268854e-02       7.968810e-03       1.478023e-02
         940       4.164992e-03       2.165467e-04       2.613939e-03       2.293052e-02       8.565091e-03       1.416327e-02
         950       1.017507e-02       2.316093e-03       6.358693e-03       2.725777e-02       1.317912e-02       1.875126e-02
         960       7.982642e-03       2.129418e-03       5.343076e-03       2.827261e-02       1.083397e-02       1.777171e-02
         970       1.028498e-02       1.613658e-03       4.599949e-03       2.324111e-02       8.810583e-03       1.565397e-02
         980       1.025255e-02       2.133200e-03       6.284677e-03       3.272496e-02       9.366541e-03       1.798142e-02
         990       6.757234e-03       4.459273e-03       5.610152e-03       2.480972e-02       8.260690e-03       1.670516e-02
        1000       9.198208e-03       1.428297e-03       5.521901e-03       2.697344e-02       9.496804e-03       1.470992e-02
