#       step         max_devi_v         min_devi_v         avg_devi_v         max_devi_f         min_devi_f         avg_devi_f
           0       1.073259e-02       7.936921e-04       5.870399e-03       3.743391e-02       1.116565e-02       2.159015e-02
          10       7.742566e-03       3.253511e-03       5.150137e-03       2.847381e-02       1.235209e-02       2.118485e-02
          20       7.426429e-03       1.334024e-03       5.221013e-03       2.842735e-02       7.414925e-03       1.703461e-02
          30       9.687395e-03       1.143201e-03       4.187693e-03       1.433436e-02       4.169040e-03       9.595195e-03
          40       1.771928e-02       9.723098e-04       8.267738e-03       2.523791e-02       9.336348e-03       1.730932e-02
          50       3.292147e-02       3.362372e-03       1.466684e-02       3.224954e-02       1.859305e-02       2.640136e-02
          60       2.885431e-02       3.329317e-03       1.207824e-02       2.783414e-02       1.588090e-02       2.208107e-02
          70       2.709824e-02       3.328614e-03       1.111747e-02       3.171275e-02       1.661365e-02       2.065581e-02
          80       1.564649e-02       3.731785e-03       7.599150e-03       2.318986e-02       1.054848e-02       1.531602e-02
          90       8.731105e-03       1.372244e-03       4.723676e-03       1.646895e-02       9.155204e-03       1.150023e-02
         100       1.076644e-02       2.446011e-03       5.917122e-03       2.120301e-02       8.991123e-03       1.446167e-02
         110       1.340502e-02       4.170033e-03       7.876881e-03       2.766451e-02       9.318601e-03       1.731225e-02
         120       1.044864e-02       3.758815e-03       6.955452e-03       2.579792e-02       1.756827e-02       2.251383e-02
         130       1.855782e-02       1.631767e-03       7.154189e-03       3.081071e-02       1.079520e-02       1.930858e-02
         140       9.898866e-03       1.607738e-03       5.576882e-03       3.584053e-02       6.725470e-03       1.656196e-02
         150       1.233492e-02       4.737901e-03       7.150314e-03       3.914776e-02       1.504979e-02       2.247950e-02
         160       1.089149e-02       4.839425e-03       6.340688e-03       3.176700e-02       1.012324e-02       1.957463e-02
         170       8.276507e-03       2.602088e-03       4.739882e-03       2.126195e-02       9.427809e-03       1.262307e-02
         180       5.220535e-03       7.824929e-04       3.111349e-03       2.046978e-02       7.476849e-03       1.204914e-02
         190       8.957197e-03       4.882065e-04       3.811935e-03       1.181876e-02       7.683006e-03       1.017627e-02
         200       8.981829e-03       7.041564e-04       4.754347e-03       1.282780e-02       6.293178e-03       1.061973e-02
         210       4.837729e-03       1.357219e-03       3.181766e-03       1.324237e-02       4.149531e-03       9.596030e-03
         220       6.838278e-03       1.191672e-03       4.185002e-03       1.421145e-02       5.432641e-03       1.109004e-02
         230       5.072501e-03       2.928291e-03       4.238961e-03       2.156372e-02       5.919470e-03       1.420882e-02
         240       1.413372e-02       2.362792e-03       6.221303e-03       4.103340e-02       7.718087e-03       1.798538e-02
         250       8.725917e-03       2.037580e-03       6.110258e-03       3.077438e-02       7.706787e-03       1.932190e-02
         260       6.774059e-03       3.554969e-03       4.794319e-03       3.144736e-02       1.375645e-02       2.059634e-02
         270       8.270583e-03       1.812752e-03       4.646808e-03       3.551759e-02       5.344230e-03       2.090833e-02
         280       1.305616e-02       8.727770e-04       6.482574e-03       3.338023e-02       1.630103e-02       2.318724e-02
         290       6.354704e-03       9.042116e-04       3.468595e-03       2.154738e-02       6.420505e-03       1.289734e-02
         300       8.439115e-03       2.078265e-03       5.309581e-03       2.843881e-02       1.283836e-02       1.870059e-02
         310       8.903976e-03       1.851422e-03       5.506306e-03       2.626542e-02       6.685164e-03       1.394103e-02
         320       6.160225e-03       2.614329e-03       3.977169e-03       1.809730e-02       5.148414e-03       1.057035e-02
         330       7.232511e-03       1.671817e-03       3.610222e-03       1.773271e-02       4.999363e-03       1.221965e-02
         340       7.281559e-03       8.823254e-04       3.712917e-03       1.682993e-02       6.608945e-03       1.036172e-02
         350       4.208891e-03       2.080279e-03       3.568804e-03       2.276139e-02       4.473454e-03       1.429433e-02
         360       8.199211e-03       1.706384e-03       4.612215e-03       1.918334e-02       6.108381e-03       1.158980e-02
         370       1.231987e-02       1.204534e-03       6.357551e-03       2.310529e-02       1.104252e-02       1.494684e-02
         380       1.505885e-02       1.094550e-03       5.958655e-03       2.044857e-02       9.120487e-03       1.326127e-02
         390       1.602414e-02       2.886889e-03       7.202625e-03       2.319512e-02       1.311848e-02       1.758986e-02
         400       1.552580e-02       1.747452e-03       6.408329e-03       3.504791e-02       1.208395e-02       2.020991e-02
         410       1.782248e-02       2.405353e-03       8.436462e-03       3.198143e-02       7.370297e-03       2.087033e-02
         420       9.663080e-03       2.727899e-03       5.171348e-03       2.679357e-02       7.001253e-03       1.862253e-02
         430       7.356312e-03       1.750461e-03       4.449685e-03       2.034577e-02       6.860749e-03       1.277016e-02
         440       7.624272e-03       1.515675e-03       4.321689e-03       1.334541e-02       5.237512e-03       9.151812e-03
         450       6.490646e-03       1.673396e-03       3.619540e-03       1.586081e-02       6.115281e-03       1.006002e-02
         460       6.742086e-03       1.293767e-03       3.987326e-03       1.824611e-02       6.086557e-03       1.014934e-02
         470       1.033364e-02       4.787045e-04       5.580137e-03       2.239229e-02       8.488487e-03       1.365126e-02
         480       9.302386e-03       1.666022e-03       4.878416e-03       1.435241e-02       6.665917e-03       1.085869e-02
         490       6.114575e-03       1.107423e-03       3.303367e-03       1.392649e-02       6.871769e-03       1.020331e-02
         500       1.196926e-02       1.605551e-03       6.114163e-03       2.346537e-02       4.644167e-03       1.533983e-02
         510       1.115422e-02       8.812077e-04       5.175201e-03       1.547470e-02       5.041699e-03       1.152391e-02
         520       1.122254e-02       9.525255e-04       5.387717e-03       1.599933e-02       5.493556e-03       1.074291e-02
         530       1.124540e-02       1.921448e-03       5.932665e-03       1.852650e-02       5.846937e-03       1.329406e-02
         540       1.612288e-02       4.506109e-04       8.048773e-03       2.310956e-02       6.879596e-03       1.683617e-02
         550       7.137485e-03       1.812529e-03       3.688530e-03       1.507766e-02       6.855173e-03       1.015977e-02
         560       6.318792e-03       2.437641e-03       3.562367e-03       1.153205e-02       6.277816e-03       9.683467e-03
         570       3.369067e-03       1.414645e-03       2.939358e-03       1.198908e-02       6.454295e-03       8.828284e-03
         580       6.391377e-03       1.152140e-03       3.415823e-03       1.189352e-02       3.149468e-03       7.795670e-03
         590       9.288677e-03       1.409928e-03       4.559026e-03       1.658558e-02       8.304417e-03       1.288049e-02
         600       1.112688e-02       1.570844e-03       5.746997e-03       3.083339e-02       1.124987e-02       1.943761e-02
         610       1.315106e-02       2.156302e-03       5.697301e-03       3.149079e-02       8.040250e-03       1.895435e-02
         620       1.127588e-02       2.261314e-03       5.462461e-03       2.245794e-02       8.902254e-03       1.599647e-02
         630       7.694536e-03       2.162969e-03       4.077869e-03       2.608452e-02       4.791762e-03       1.279736e-02
         640       6.496345e-03       2.464977e-03       4.451779e-03       1.919696e-02       4.812364e-03       1.035672e-02
         650       7.062301e-03       1.581183e-03       3.997424e-03       1.980504e-02       7.589007e-03       1.205211e-02
         660       8.812810e-03       2.883804e-03       4.694499e-03       1.954000e-02       5.808431e-03       1.257016e-02
         670       1.094372e-02       1.580380e-03       4.514213e-03       1.957490e-02       5.807023e-03       1.133761e-02
         680       7.501146e-03       2.798602e-03       4.376397e-03       1.680401e-02       6.627925e-03       1.150335e-02
         690       8.866083e-03       3.450391e-03       5.813329e-03       2.131611e-02       6.917646e-03       1.466619e-02
         700       6.869907e-03       1.700977e-03       4.954121e-03       1.949198e-02       7.227190e-03       1.431667e-02
         710       9.391626e-03       7.720480e-04       4.577282e-03       1.644192e-02       7.544369e-03       1.326604e-02
         720       9.006088e-03       2.165355e-03       4.434432e-03       1.652001e-02       8.331953e-03       1.260973e-02
         730       8.063186e-03       1.704458e-03       4.233121e-03       1.857398e-02       9.054652e-03       1.379075e-02
         740       1.153149e-02       9.597161e-04       6.238823e-03       2.540405e-02       8.597654e-03       1.572607e-02
         750       1.135305e-02       2.034075e-03       6.050999e-03       2.639851e-02       4.669456e-03       1.516606e-02
         760       8.728279e-03       2.918427e-03       5.841345e-03       1.967539e-02       7.749462e-03       1.693199e-02
         770       4.135046e-03       1.369697e-03       2.877401e-03       1.827295e-02       9.098750e-03       1.381257e-02
         780       8.376524e-03       2.742604e-03       4.502676e-03       2.315235e-02       5.163369e-03       1.284314e-02
         790       6.427634e-03       1.645614e-03       3.980212e-03       2.289511e-02       4.116649e-03       1.539332e-02
         800       8.592254e-03       2.067769e-03       5.481845e-03       2.735630e-02       5.706997e-03       1.535479e-02
         810       4.555164e-03       1.901402e-03       3.036672e-03       1.759446e-02       8.161828e-03       1.250435e-02
         820       5.949339e-03       2.776631e-03       4.225370e-03       2.355366e-02       1.254280e-02       1.632887e-02
         830       9.027856e-03       3.233053e-03       5.527932e-03       2.494402e-02       6.822659e-03       1.702385e-02
         840       1.629720e-02       1.361061e-03       6.966230e-03       3.655419e-02       5.619798e-03       1.805012e-02
         850       1.420345e-02       2.292890e-03       6.871833e-03       3.185770e-02       6.561721e-03       1.790318e-02
         860       1.337102e-02       7.311179e-04       7.102634e-03       2.038560e-02       6.530442e-03       1.535404e-02
         870       1.210246e-02       1.397414e-03       5.444288e-03       2.178630e-02       8.063276e-03       1.364557e-02
         880       1.224236e-02       1.210555e-03       5.992985e-03       2.875327e-02       7.802608e-03       1.681622e-02
         890       1.033541e-02       1.323213e-03       4.830574e-03       2.469713e-02       6.358722e-03       1.378831e-02
         900       7.834013e-03       1.829519e-03       4.565224e-03       2.493410e-02       5.900734e-03       1.498986e-02
         910       6.713269e-03       4.240284e-03       5.570447e-03       2.392848e-02       6.798909e-03       1.830196e-02
         920       1.052951e-02       8.165583e-04       4.387844e-03       2.035480e-02       7.379077e-03       1.286697e-02
         930       6.606192e-03       1.215147e-03       4.018341e-03       2.118868e-02       9.733662e-03       1.424991e-02
         940       1.450008e-02       4.640892e-03       8.137822e-03       2.618259e-02       1.294677e-02       1.854221e-02
         950       6.175556e-03       1.840280e-03       3.383758e-03       2.794749e-02       4.852540e-03       1.496860e-02
         960       1.008495e-02       2.897884e-03       5.381784e-03       3.066995e-02       6.096919e-03       1.954279e-02
         970       1.047742e-02       1.975392e-03       5.935651e-03       3.314616e-02       7.870654e-03       1.758291e-02
         980       1.534047e-02       2.905381e-03       6.955900e-03       2.888909e-02       5.930750e-03       1.882876e-02
         990       9.277100e-03       2.529831e-03       4.655395e-03       2.655201e-02       3.201327e-03       1.556274e-02
        1000       5.793991e-03       2.767827e-03       3.849282e-03       1.910678e-02       4.853327e-03       1.347528e-02
