#       step         max_devi_v         min_devi_v         avg_devi_v         max_devi_f         min_devi_f         avg_devi_f
           0       1.388269e-02       5.610884e-04       6.233846e-03       1.676875e-02       5.118811e-03       1.217514e-02
          10       1.366472e-02       1.150474e-03       6.718665e-03       2.118314e-02       1.052941e-02       1.477316e-02
          20       1.381155e-02       9.355154e-04       6.367738e-03       2.340768e-02       8.299604e-03       1.601618e-02
          30       8.933185e-03       1.330972e-03       4.636874e-03       1.417934e-02       6.084423e-03       1.111541e-02
          40       7.962386e-03       8.800057e-04       3.756464e-03       2.106235e-02       6.678033e-03       1.290448e-02
          50       8.183763e-03       1.573357e-03       4.802540e-03       2.366160e-02       9.406480e-03       1.479685e-02
          60       9.344935e-03       6.473699e-04       4.361004e-03       1.964954e-02       5.015353e-03       1.243582e-02
          70       1.806114e-02       2.612595e-03       7.057849e-03       2.063926e-02       1.073479e-02       1.571617e-02
          80       1.740244e-02       1.065362e-03       7.636446e-03       2.625124e-02       6.992502e-03       1.614756e-02
          90       1.195117e-02       1.031698e-03       5.808280e-03       2.645509e-02       6.299403e-03       1.575553e-02
         100       5.953289e-03       1.620480e-03       3.857936e-03       1.486048e-02       5.890969e-03       1.040855e-02
         110       7.989424e-03       2.108536e-03       4.577523e-03       1.349956e-02       6.003178e-03       9.211086e-03
         120       8.895265e-03       1.532285e-03       4.511305e-03       1.240855e-02       7.103336e-03       1.073173e-02
         130       8.207110e-03       2.212291e-03       4.159602e-03       1.419636e-02       7.719780e-03       1.074689e-02
         140       8.140662e-03       1.557460e-03       4.054894e-03       1.706819e-02       6.783885e-03       1.068199e-02
         150       1.464234e-02       2.129910e-03       7.018145e-03       2.584850e-02       4.839520e-03       1.923863e-02
         160       1.159213e-02       1.087000e-03       6.418222e-03       2.716587e-02       4.739636e-03       1.712550e-02
         170       1.387905e-02       1.053858e-03       6.295329e-03       2.294442e-02       3.955247e-03       1.548401e-02
         180       1.083386e-02       1.261667e-03       5.874139e-03       2.368209e-02       4.993644e-03       1.579669e-02
         190       1.360183e-02       1.355699e-03       5.933183e-03       3.250672e-02       7.208504e-03       1.410104e-02
         200       1.523880e-02       4.094427e-03       7.657217e-03       3.370366e-02       6.430801e-03       1.692018e-02
         210       7.932389e-03       1.132951e-03       5.409249e-03       2.425564e-02       5.274736e-03       1.369108e-02
         220       8.283341e-03       7.769094e-04       4.228006e-03       1.503669e-02       5.616188e-03       9.677807e-03
         230       6.359316e-03       4.762209e-04       3.144685e-03       1.182980e-02       4.883305e-03       7.539013e-03
         240       9.277714e-03       2.492255e-03       5.133967e-03       2.001653e-02       5.652870e-03       1.170272e-02
         250       4.939479e-03       1.086648e-03       3.391571e-03       2.290759e-02       6.525545e-03       1.181485e-02
         260       6.804417e-03       9.782770e-04       3.105557e-03       1.582633e-02       4.285160e-03       8.843144e-03
         270       8.171061e-03       2.162134e-03       4.190163e-03       2.740371e-02       2.393896e-03       1.463212e-02
         280       1.070731e-02       2.354841e-03       6.694504e-03       3.445932e-02       6.553606e-03       2.218575e-02
         290       7.915961e-03       3.330809e-03       5.017312e-03       2.559976e-02       6.784766e-03       1.669551e-02
         300       9.274683e-03       4.415814e-03       7.009624e-03       3.041494e-02       6.314913e-03       1.767940e-02
         310       9.142221e-03       1.122258e-03       4.667531e-03       2.809457e-02       8.910411e-03       1.784113e-02
         320       7.226583e-03       1.429132e-03       5.214630e-03       2.990617e-02       7.522463e-03       1.543140e-02
         330       9.969306e-03       2.020937e-03       5.621327e-03       1.940026e-02       8.429674e-03       1.372009e-02
         340       7.608553e-03       1.556686e-03       4.885840e-03       2.151794e-02       6.863270e-03       1.369019e-02
         350       1.102136e-02       2.511448e-03       6.478769e-03       2.963219e-02       8.971183e-03       1.696526e-02
         360       5.420235e-03       1.081332e-03       3.021001e-03       1.124332e-02       4.088068e-03       8.612953e-03
         370       6.878096e-03       1.754448e-03       3.662620e-03       1.519992e-02       3.885104e-03       9.807479e-03
         380       4.653678e-03       1.804688e-03       3.166278e-03       1.257012e-02       4.801236e-03       9.035207e-03
         390       6.794106e-03       1.846791e-03       3.628126e-03       1.356556e-02       3.092827e-03       9.224650e-03
         400       7.429538e-03       1.298895e-03       4.014948e-03       1.678587e-02       3.035033e-03       9.555075e-03
         410       6.649643e-03       8.059341e-04       3.557051e-03       2.279130e-02       4.605004e-03       1.163435e-02
         420       8.910133e-03       1.384802e-03       4.314727e-03       1.659990e-02       6.272827e-03       1.099847e-02
         430       9.051951e-03       1.375314e-03       4.762485e-03       2.861760e-02       8.735969e-03       1.563514e-02
         440       1.356117e-02       2.496787e-03       6.604927e-03       3.060493e-02       7.227872e-03       1.966552e-02
         450       1.347613e-02       4.565335e-03       7.590248e-03       3.193508e-02       1.143050e-02       2.069512e-02
         460       7.115707e-03       1.239588e-03       4.951759e-03       2.043822e-02       6.203439e-03       1.466253e-02
         470       8.325553e-03       2.831982e-03       5.564487e-03       2.349299e-02       8.236424e-03       1.678902e-02
         480       5.453385e-03       9.455743e-04       2.797793e-03       1.545151e-02       4.387999e-03       8.872974e-03
         490       6.624520e-03       9.436555e-04       4.462346e-03       1.844166e-02       5.062703e-03       1.245878e-02
         500       7.274849e-03       1.614276e-03       3.427170e-03       1.252098e-02       9.175627e-03       1.047256e-02
         510       7.228948e-03       1.440512e-03       3.528255e-03       1.661969e-02       5.004128e-03       1.034255e-02
         520       1.439020e-02       3.089820e-03       6.800276e-03       2.611932e-02       9.795428e-03       1.597997e-02
         530       1.195601e-02       2.620504e-03       5.667392e-03       2.513856e-02       5.477893e-03       1.318707e-02
         540       8.684738e-03       2.591861e-03       5.082320e-03       2.045530e-02       5.321409e-03       1.188667e-02
         550       9.137752e-03       1.618664e-03       4.256235e-03       1.709734e-02       6.039354e-03       1.257189e-02
         560       1.245011e-02       1.312115e-03       5.079395e-03       1.752496e-02       3.013975e-03       9.852218e-03
         570       1.174901e-02       9.143077e-04       4.988878e-03       1.983885e-02       6.583731e-03       1.163102e-02
         580       1.306591e-02       1.771808e-03       4.937830e-03       1.564320e-02       8.044996e-03       1.188618e-02
         590       8.607790e-03       4.306094e-04       3.255855e-03       1.608040e-02       5.845835e-03       9.236230e-03
         600       6.786078e-03       9.417765e-04       4.063331e-03       1.995154e-02       4.687587e-03       1.218320e-02
         610       1.221733e-02       1.941280e-03       5.533457e-03       2.299318e-02       4.224965e-03       1.289957e-02
         620       7.350736e-03       1.336426e-03       4.467009e-03       1.860065e-02       5.789475e-03       1.186598e-02
         630       5.635703e-03       2.367937e-03       3.920820e-03       2.167979e-02       4.938831e-03       1.120523e-02
         640       7.908743e-03       2.236602e-03       3.888524e-03       2.093071e-02       5.141584e-03       1.141862e-02
         650       1.118367e-02       2.166440e-03       5.803421e-03       2.439270e-02       8.955405e-03       1.420928e-02
         660       1.063777e-02       1.227748e-03       5.020572e-03       1.883065e-02       1.170564e-02       1.562763e-02
         670       8.440618e-03       1.462221e-03       3.537174e-03       1.448291e-02       8.766862e-03       1.113470e-02
         680       6.027218e-03       1.543773e-03       4.168840e-03       2.131198e-02       9.290205e-03       1.286108e-02
         690       7.268089e-03       1.625203e-03       5.515344e-03       2.036866e-02       7.210617e-03       1.411089e-02
         700       6.143544e-03       1.068987e-03       4.848505e-03       1.715095e-02       3.459550e-03       1.084261e-02
         710       8.085111e-03       1.037631e-03       4.644507e-03       2.263900e-02       8.963240e-03       1.598142e-02
         720       9.079439e-03       2.033878e-03       4.857158e-03       2.042171e-02       5.441094e-03       1.263021e-02
         730       1.465800e-02       1.817780e-03       6.338301e-03       2.502643e-02       8.919531e-03       1.666163e-02
         740       1.008958e-02       2.104635e-03       5.435168e-03       1.971063e-02       8.418895e-03       1.412607e-02
         750       7.957539e-03       1.122881e-03       3.587662e-03       1.635981e-02       8.617096e-03       1.196203e-02
         760       6.569561e-03       1.984311e-03       4.245939e-03       1.932166e-02       7.280577e-03       1.335440e-02
         770       7.558081e-03       2.175090e-03       4.654472e-03       1.907916e-02       5.974565e-03       1.207803e-02
         780       5.948799e-03       1.611064e-03       3.477865e-03       1.832273e-02       5.604763e-03       9.359226e-03
         790       5.816621e-03       1.958454e-03       3.748725e-03       1.948660e-02       3.802555e-03       1.252825e-02
         800       1.015889e-02       2.444404e-03       5.560732e-03       2.240495e-02       4.456762e-03       1.453433e-02
         810       8.166162e-03       4.121951e-03       5.474906e-03       2.767543e-02       6.528680e-03       1.564634e-02
         820       7.916979e-03       1.699197e-03       4.293443e-03       1.721018e-02       7.491139e-03       1.432767e-02
         830       6.316924e-03       1.425075e-03       4.860422e-03       2.072904e-02       5.006552e-03       1.303410e-02
         840       6.791811e-03       9.348426e-04       4.242277e-03       1.864994e-02       8.030219e-03       1.152283e-02
         850       6.250951e-03       9.667610e-04       2.953681e-03       2.247779e-02       1.042105e-02       1.587280e-02
         860       1.368802e-02       1.858705e-03       6.725758e-03       2.760980e-02       1.228255e-02       1.798254e-02
         870       7.094064e-03       3.225248e-03       5.185386e-03       2.587863e-02       1.096878e-02       1.732880e-02
         880       1.187408e-02       2.275455e-03       5.572560e-03       2.667926e-02       7.108120e-03       1.423688e-02
         890       9.902760e-03       1.131932e-03       4.673054e-03       1.895405e-02       7.730796e-03       1.212141e-02
         900       8.898851e-03       2.148325e-03       5.644234e-03       2.567293e-02       1.060459e-02       1.747158e-02
         910       6.192540e-03       1.891557e-03       4.534591e-03       1.608917e-02       3.803743e-03       1.025039e-02
         920       5.484588e-03       2.530587e-03       3.836748e-03       1.425357e-02       6.405808e-03       9.577344e-03
         930       6.241826e-03       8.332923e-04       3.852804e-03       1.931661e-02       3.781779e-03       9.983021e-03
         940       4.715727e-03       1.321906e-03       3.482615e-03       1.471705e-02       5.419895e-03       1.076380e-02
         950       4.076377e-03       2.125863e-03       3.052708e-03       1.266860e-02       5.068209e-03       8.855876e-03
         960       6.416315e-03       1.121336e-03       2.903463e-03       2.345643e-02       8.760828e-03       1.418399e-02
         970       9.890362e-03       1.301291e-03       4.391883e-03       3.161227e-02       7.478803e-03       1.532769e-02
         980       8.334719e-03       1.465271e-03       4.470186e-03       1.535652e-02       7.436434e-03       1.180939e-02
         990       5.907444e-03       1.457527e-03       3.544548e-03       1.992677e-02       1.072225e-02       1.327878e-02
        1000       1.211469e-02       1.855733e-03       5.222404e-03       2.882571e-02       4.867655e-03       1.531307e-02
