#       step         max_devi_v         min_devi_v         avg_devi_v         max_devi_f         min_devi_f         avg_devi_f
           0       1.700768e-02       6.259643e-04       7.649563e-03       2.350359e-02       1.223856e-02       1.930974e-02
          10       1.027188e-02       2.130377e-03       5.943990e-03       3.221438e-02       1.283052e-02       2.123113e-02
          20       9.742998e-03       2.175175e-03       5.400305e-03       2.860526e-02       1.160233e-02       1.959010e-02
          30       9.963118e-03       2.736785e-03       5.319866e-03       2.038389e-02       7.143323e-03       1.327693e-02
          40       1.125940e-02       3.827223e-03       5.794935e-03       1.763049e-02       8.196556e-03       1.251532e-02
          50       1.518258e-02       1.486870e-03       6.764274e-03       2.442589e-02       9.023930e-03       1.549454e-02
          60       1.951557e-02       8.223971e-04       8.860775e-03       2.627805e-02       1.095585e-02       1.646380e-02
          70       1.525156e-02       2.513270e-03       7.271992e-03       1.803009e-02       9.086386e-03       1.390976e-02
          80       1.042490e-02       4.212249e-03       6.423299e-03       2.433766e-02       4.538825e-03       1.365536e-02
          90       6.106858e-03       1.150265e-03       4.125910e-03       1.896946e-02       8.041739e-03       1.197819e-02
         100       4.491556e-03       4.785154e-04       3.200610e-03       1.391783e-02       5.575597e-03       8.513214e-03
         110       1.096068e-02       2.445792e-03       5.380249e-03       2.498654e-02       5.120397e-03       1.399531e-02
         120       6.383018e-03       2.532284e-03       4.890287e-03       2.868794e-02       5.912806e-03       1.525309e-02
         130       6.770080e-03       2.606195e-03       4.641616e-03       2.110941e-02       7.666274e-03       1.425115e-02
         140       9.411581e-03       1.732754e-03       5.704276e-03       2.553100e-02       7.058681e-03       1.493546e-02
         150       4.985378e-03       1.081731e-03       3.344271e-03       1.821391e-02       5.515042e-03       1.198637e-02
         160       4.603467e-03       1.874495e-03       3.201434e-03       1.457242e-02       7.145537e-03       1.017089e-02
         170       9.901018e-03       2.951840e-03       5.545548e-03       1.863515e-02       9.270818e-03       1.226555e-02
         180       9.071843e-03       6.476579e-04       4.197482e-03       1.889455e-02       4.239281e-03       9.567060e-03
         190       9.520081e-03       1.188596e-03       3.773630e-03       1.122169e-02       4.054567e-03       8.530134e-03
         200       1.000778e-02       1.744806e-03       4.897684e-03       1.646704e-02       3.610038e-03       1.120598e-02
         210       6.036222e-03       2.253030e-03       4.320500e-03       2.145843e-02       6.739647e-03       1.310156e-02
         220       8.698482e-03       1.706310e-03       5.102249e-03       2.221345e-02       1.058888e-02       1.461508e-02
         230       4.553528e-03       1.341266e-03       3.183486e-03       1.740868e-02       4.281252e-03       9.700585e-03
         240       9.687446e-03       3.333868e-03       5.688558e-03       2.250210e-02       5.439407e-03       1.465981e-02
         250       7.217033e-03       1.575566e-03       4.681335e-03       2.350991e-02       8.539203e-03       1.566796e-02
         260       8.284773e-03       2.508818e-03       5.164393e-03       2.383346e-02       1.051017e-02       1.512233e-02
         270       6.469688e-03       2.271121e-03       4.128120e-03       2.191897e-02       6.072153e-03       1.293717e-02
         280       1.238921e-02       2.342630e-03       6.477465e-03       2.923435e-02       1.060084e-02       1.983440e-02
         290       9.099367e-03       5.753362e-04       5.494039e-03       2.652317e-02       4.115632e-03       1.415806e-02
         300       6.873253e-03       1.331672e-03       4.497881e-03       2.119323e-02       5.758213e-03       1.210057e-02
         310       9.802543e-03       1.361155e-03       5.004089e-03       2.315205e-02       5.699881e-03       1.396027e-02
         320       6.460652e-03       1.593671e-03       4.413008e-03       2.568387e-02       5.214406e-03       1.473243e-02
         330       1.053770e-02       1.451130e-03       4.858217e-03       3.183636e-02       6.839741e-03       1.515316e-02
         340       8.080907e-03       1.295166e-03       4.007262e-03       1.772778e-02       7.252424e-03       1.066354e-02
         350       3.811693e-03       8.762470e-04       2.166153e-03       1.494905e-02       4.471632e-03       8.829849e-03
         360       4.974533e-03       1.635263e-03       3.470156e-03       1.541647e-02       8.801628e-03       1.153271e-02
         370       1.047092e-02       1.647269e-03       5.713957e-03       2.355561e-02       6.277595e-03       1.371170e-02
         380       1.047611e-02       2.552059e-03       5.493993e-03       2.406302e-02       7.083645e-03       1.438833e-02
         390       7.199718e-03       3.029018e-03       5.518077e-03       2.183018e-02       9.989381e-03       1.507804e-02
         400       7.612825e-03       2.731287e-03       5.190119e-03       2.275667e-02       6.950563e-03       1.526707e-02
         410       7.620443e-03       2.962893e-03       4.768670e-03       3.277841e-02       1.001809e-02       1.822740e-02
         420       7.838184e-03       2.205597e-03       5.359430e-03       2.249317e-02       6.395722e-03       1.583891e-02
         430       8.684397e-03       1.387515e-03       4.958105e-03       1.823870e-02       5.591242e-03       1.351818e-02
         440       1.084298e-02       1.445981e-03       5.057601e-03       1.673799e-02       1.119363e-02       1.382008e-02
         450       9.879329e-03       1.384003e-03       5.084299e-03       2.679510e-02       6.252064e-03       1.357244e-02
         460       6.667699e-03       5.280671e-04       3.994341e-03       1.809878e-02       8.631665e-03       1.179243e-02
         470       7.881748e-03       4.359896e-04       4.782079e-03       1.444123e-02       5.558967e-03       1.031144e-02
         480       8.538188e-03       1.009229e-03       5.950827e-03       1.743075e-02       8.290536e-03       1.229304e-02
         490       9.252948e-03       2.106961e-03       6.009967e-03       1.855202e-02       9.132416e-03       1.353578e-02
         500       8.708654e-03       1.940208e-03       5.151978e-03       2.093108e-02       8.500486e-03       1.340079e-02
         510       6.313433e-03       2.261951e-03       4.850705e-03       1.986372e-02       9.831303e-03       1.499005e-02
         520       9.371280e-03       2.034599e-03       6.084614e-03       2.550727e-02       1.027884e-02       1.545397e-02
         530       8.316280e-03       1.873708e-03       4.354186e-03       2.021663e-02       6.198111e-03       1.083188e-02
         540       7.368343e-03       2.617526e-03       5.435061e-03       2.032703e-02       8.766950e-03       1.545377e-02
         550       9.292864e-03       1.625737e-03       4.549648e-03       1.848569e-02       6.370422e-03       1.326390e-02
         560       6.395684e-03       1.820455e-03       4.064533e-03       2.003891e-02       6.653741e-03       1.384115e-02
         570       9.780799e-03       3.536808e-03       6.162605e-03       2.851200e-02       9.517549e-03       1.852779e-02
         580       8.354356e-03       1.562554e-03       5.151697e-03       2.016645e-02       1.196797e-02       1.491568e-02
         590       7.222633e-03       1.377392e-03       4.546221e-03       2.767638e-02       8.160690e-03       1.631832e-02
         600       9.288256e-03       2.357315e-03       5.606583e-03       2.158602e-02       1.237414e-02       1.607529e-02
         610       1.237267e-02       1.751885e-03       6.663714e-03       2.640003e-02       5.481201e-03       1.588650e-02
         620       8.890158e-03       2.206310e-03       4.840696e-03       2.074029e-02       4.344874e-03       1.246540e-02
         630       8.752177e-03       1.345341e-03       4.481120e-03       2.247745e-02       3.570145e-03       1.606303e-02
         640       9.602021e-03       1.379001e-03       6.104342e-03       2.050047e-02       1.117565e-02       1.592337e-02
         650       6.320409e-03       8.306298e-04       3.702507e-03       2.088130e-02       7.047655e-03       1.239525e-02
         660       9.328175e-03       3.862112e-03       6.010849e-03       2.361646e-02       8.990516e-03       1.621495e-02
         670       1.355464e-02       7.943148e-04       7.031485e-03       3.325982e-02       1.611492e-02       2.117696e-02
         680       8.911658e-03       6.296175e-04       4.641021e-03       2.455742e-02       1.026869e-02       1.726023e-02
         690       6.837303e-03       2.169299e-03       4.520515e-03       2.191481e-02       1.061043e-02       1.625874e-02
         700       4.627424e-03       1.920043e-03       3.059901e-03       1.649345e-02       9.316007e-03       1.301928e-02
         710       7.861781e-03       2.229402e-03       4.379767e-03       2.176064e-02       7.594024e-03       1.375557e-02
         720       7.899035e-03       2.023227e-03       4.806384e-03       3.006368e-02       5.674696e-03       1.211714e-02
         730       8.193880e-03       1.481447e-03       5.487677e-03       2.298928e-02       7.018760e-03       1.290037e-02
         740       8.216443e-03       4.116449e-03       6.726251e-03       3.436707e-02       8.157546e-03       1.791207e-02
         750       7.208020e-03       1.497438e-03       5.332168e-03       3.830755e-02       7.945013e-03       1.639471e-02
         760       7.275819e-03       1.481248e-03       4.664903e-03       2.247982e-02       9.081644e-03       1.560776e-02
         770       1.317472e-02       3.942572e-03       7.476629e-03       2.062190e-02       1.133448e-02       1.590344e-02
         780       1.234465e-02       3.241849e-03       1.011842e-02       3.220719e-02       1.657288e-02       2.226532e-02
         790       9.966822e-03       3.206091e-03       7.291956e-03       3.676562e-02       5.148208e-03       1.846641e-02
         800       1.506414e-02       1.744333e-03       6.629011e-03       2.320538e-02       5.814894e-03       1.485112e-02
         810       1.374146e-02       2.037353e-03       6.487806e-03       2.657656e-02       7.967369e-03       1.792795e-02
         820       1.230667e-02       2.584933e-03       6.189530e-03       1.930083e-02       8.223407e-03       1.306860e-02
         830       8.693890e-03       1.240107e-03       4.192879e-03       1.733606e-02       5.853524e-03       1.063814e-02
         840       7.714340e-03       2.338321e-03       4.501656e-03       1.770106e-02       9.598608e-03       1.427875e-02
         850       6.930430e-03       1.032535e-03       4.138054e-03       2.282953e-02       1.090952e-02       1.663446e-02
         860       7.585250e-03       2.369615e-03       4.494240e-03       2.409469e-02       3.186801e-03       1.593558e-02
         870       6.395045e-03       2.812998e-03       4.162715e-03       2.282493e-02       7.631032e-03       1.261972e-02
         880       8.775067e-03       3.144652e-03       5.673763e-03       3.273806e-02       9.714414e-03       1.916720e-02
         890       1.385554e-02       1.545003e-03       5.593141e-03       2.862227e-02       9.283383e-03       2.082033e-02
         900       5.105159e-03       1.732581e-03       3.348478e-03       1.905484e-02       2.943290e-03       9.370941e-03
         910       7.892867e-03       1.096588e-03       3.569665e-03       1.738417e-02       5.854468e-03       1.015181e-02
         920       4.130825e-03       1.504004e-03       3.181474e-03       2.988678e-02       1.120766e-02       1.764572e-02
         930       1.244785e-02       6.619154e-04       5.779083e-03       2.030776e-02       6.961752e-03       1.377954e-02
         940       7.092766e-03       2.616851e-03       5.201316e-03       1.975209e-02       8.374300e-03       1.268883e-02
         950       5.756684e-03       1.941284e-03       4.129770e-03       2.136045e-02       7.129441e-03       1.427846e-02
         960       8.129752e-03       1.355256e-03       4.983868e-03       3.191115e-02       4.145366e-03       1.416845e-02
         970       1.133566e-02       2.355906e-03       6.778854e-03       3.863512e-02       7.145946e-03       1.992589e-02
         980       5.409268e-03       1.443724e-03       3.925442e-03       2.244637e-02       9.009658e-03       1.469093e-02
         990       7.674554e-03       5.277410e-03       6.182180e-03       2.405812e-02       9.235069e-03       1.610694e-02
        1000       7.786431e-03       2.630099e-03       4.845586e-03       2.298879e-02       5.491180e-03       1.490457e-02
