#       step         max_devi_v         min_devi_v         avg_devi_v         max_devi_f         min_devi_f         avg_devi_f
           0       9.191404e-03       1.309877e-05       4.581578e-03       1.798670e-02       9.436255e-03       1.581958e-02
          10       1.554326e-02       1.932987e-03       7.120753e-03       2.979212e-02       1.254610e-02       2.168145e-02
          20       1.677077e-02       1.794265e-03       8.252594e-03       3.389645e-02       1.645416e-02       2.311510e-02
          30       1.953441e-02       1.528130e-03       7.835382e-03       3.050764e-02       1.285170e-02       1.983499e-02
          40       7.827611e-03       3.011471e-03       4.704270e-03       1.557474e-02       8.641879e-03       1.229773e-02
          50       1.018431e-02       1.676961e-03       5.407956e-03       2.298184e-02       7.237402e-03       1.313937e-02
          60       1.108970e-02       2.196613e-03       5.251341e-03       2.407863e-02       9.403980e-03       1.537944e-02
          70       1.141505e-02       2.465538e-03       5.123405e-03       2.137589e-02       1.000372e-02       1.506220e-02
          80       1.158326e-02       1.234550e-03       5.474243e-03       2.508582e-02       1.005119e-02       1.599519e-02
          90       1.177504e-02       1.699518e-03       5.527860e-03       2.800326e-02       6.698982e-03       1.403003e-02
         100       9.876007e-03       2.214799e-03       5.725206e-03       1.827480e-02       9.344735e-03       1.393838e-02
         110       7.984331e-03       2.561619e-03       4.590824e-03       2.315826e-02       6.378235e-03       1.534200e-02
         120       1.543202e-02       3.032081e-03       8.455697e-03       3.052573e-02       1.182627e-02       2.013926e-02
         130       9.066996e-03       3.626902e-03       5.597635e-03       3.005169e-02       1.778947e-02       2.417933e-02
         140       1.416409e-02       2.512727e-03       7.212214e-03       2.285989e-02       1.169503e-02       1.898173e-02
         150       9.189716e-03       3.072927e-03       5.412129e-03       2.271263e-02       1.442288e-02       1.939256e-02
         160       1.341489e-02       2.844045e-03       7.581092e-03       2.732662e-02       1.460800e-02       2.002143e-02
         170       9.334885e-03       1.939697e-03       5.767656e-03       2.432816e-02       9.236309e-03       1.697412e-02
         180       1.337156e-02       3.226138e-03       6.784215e-03       2.330734e-02       1.217421e-02       1.870160e-02
         190       8.818299e-03       4.759722e-03       5.968800e-03       3.125359e-02       9.748631e-03       1.708525e-02
         200       1.228851e-02       1.648979e-03       5.634132e-03       2.516431e-02       1.051039e-02       1.817353e-02
         210       8.335310e-03       1.856878e-03       4.586512e-03       3.390156e-02       1.042140e-02       1.989363e-02
         220       1.164767e-02       1.516388e-03       5.543861e-03       3.042742e-02       1.067847e-02       1.769602e-02
         230       9.663885e-03       1.585247e-03       5.780738e-03       2.388171e-02       1.092295e-02       1.769116e-02
         240       1.092427e-02       3.870002e-03       5.900878e-03       1.910695e-02       1.165015e-02       1.669312e-02
         250       7.332279e-03       2.765323e-03       4.515394e-03       2.509466e-02       1.081181e-02       1.587712e-02
         260       1.963837e-02       2.777432e-03       8.487046e-03       2.631071e-02       1.902028e-02       2.157842e-02
         270       2.027297e-02       1.886835e-03       9.382420e-03       2.897489e-02       1.790688e-02       2.218149e-02
         280       1.698237e-02       2.889484e-03       7.221938e-03       2.726480e-02       1.212443e-02       1.968749e-02
         290       1.048143e-02       9.674995e-04       5.842912e-03       2.982551e-02       1.164823e-02       1.837918e-02
         300       6.390080e-03       2.747943e-03       4.309933e-03       2.945618e-02       1.291545e-02       2.098661e-02
         310       1.561418e-02       1.350250e-03       7.967935e-03       3.795123e-02       2.055182e-02       2.536765e-02
         320       1.141599e-02       1.118135e-03       5.343594e-03       2.071531e-02       1.018018e-02       1.553890e-02
         330       1.352787e-02       3.553604e-03       7.444918e-03       2.454054e-02       5.878306e-03       1.548249e-02
         340       1.124111e-02       4.021882e-03       5.750916e-03       2.561320e-02       9.741172e-03       1.790235e-02
         350       1.434493e-02       3.885000e-03       6.570220e-03       2.863287e-02       1.047853e-02       2.062999e-02
         360       1.019647e-02       2.429226e-03       5.412639e-03       1.802128e-02       1.052433e-02       1.392279e-02
         370       8.852921e-03       3.109208e-03       4.888050e-03       2.668120e-02       1.407748e-02       1.815726e-02
         380       7.588700e-03       2.832050e-03       4.838246e-03       1.682151e-02       1.008875e-02       1.371584e-02
         390       1.004984e-02       2.464026e-03       5.469976e-03       2.442032e-02       7.852835e-03       1.613231e-02
         400       5.600792e-03       8.841695e-04       3.659949e-03       1.797936e-02       6.188710e-03       1.183257e-02
         410       7.778691e-03       2.510057e-03       5.252352e-03       2.529289e-02       7.600757e-03       1.541654e-02
         420       7.916379e-03       2.155905e-03       4.629126e-03       3.217130e-02       8.676704e-03       1.666232e-02
         430       6.759050e-03       1.748892e-03       4.900094e-03       2.181737e-02       5.684482e-03       1.540861e-02
         440       1.431050e-02       2.641908e-03       7.913651e-03       3.370651e-02       8.286266e-03       2.264643e-02
         450       1.814919e-02       2.753063e-03       7.443544e-03       3.191406e-02       1.050066e-02       2.035271e-02
         460       1.324483e-02       3.530670e-03       7.200525e-03       3.380367e-02       1.118279e-02       2.082278e-02
         470       1.683345e-02       2.148576e-03       7.200035e-03       2.933296e-02       8.905439e-03       2.043390e-02
         480       1.492816e-02       1.454159e-03       7.870503e-03       3.003956e-02       1.046559e-02       1.946981e-02
         490       1.283658e-02       7.775775e-04       6.087111e-03       1.931802e-02       4.886466e-03       1.299134e-02
         500       7.993779e-03       6.056022e-04       4.034298e-03       1.462883e-02       3.980430e-03       1.122910e-02
         510       9.889773e-03       1.851936e-03       5.905168e-03       2.622618e-02       8.472522e-03       1.644131e-02
         520       1.922050e-02       2.439937e-03       8.271121e-03       2.901993e-02       1.197572e-02       2.112166e-02
         530       1.113896e-02       2.307235e-03       5.169040e-03       2.631202e-02       8.968692e-03       1.723985e-02
         540       8.231762e-03       1.399271e-03       4.671079e-03       2.304902e-02       8.784923e-03       1.614507e-02
         550       9.097823e-03       7.734095e-04       5.586230e-03       2.923188e-02       7.178040e-03       1.739656e-02
         560       8.869209e-03       1.747325e-03       4.280295e-03       2.401571e-02       1.007766e-02       1.596195e-02
         570       9.512130e-03       1.407372e-03       3.985837e-03       1.989618e-02       8.507758e-03       1.519298e-02
         580       6.398361e-03       2.662848e-03       4.114185e-03       2.368959e-02       9.112721e-03       1.494157e-02
         590       1.729225e-02       3.526231e-03       7.432598e-03       2.200169e-02       1.018098e-02       1.462123e-02
         600       1.138826e-02       2.744030e-03       6.217020e-03       2.393822e-02       9.854984e-03       1.582482e-02
         610       9.485278e-03       2.494783e-03       4.932197e-03       2.329998e-02       7.681206e-03       1.592177e-02
         620       9.384473e-03       4.433151e-03       6.124377e-03       3.149251e-02       7.649624e-03       1.570123e-02
         630       6.563344e-03       2.072004e-03       4.017926e-03       2.359171e-02       6.255519e-03       1.578850e-02
         640       5.537002e-03       1.771856e-03       3.459652e-03       2.174924e-02       8.462058e-03       1.412013e-02
         650       7.084700e-03       9.955820e-04       3.486888e-03       2.051652e-02       6.996976e-03       1.384956e-02
         660       5.884760e-03       1.552837e-03       3.442996e-03       1.750883e-02       8.220979e-03       1.237885e-02
         670       9.898929e-03       2.813134e-04       5.168663e-03       3.417849e-02       7.629424e-03       1.610481e-02
         680       1.072049e-02       1.870614e-03       5.219128e-03       1.522797e-02       7.417774e-03       1.223541e-02
         690       1.000049e-02       1.775787e-03       5.179418e-03       2.182530e-02       7.170764e-03       1.344933e-02
         700       6.121642e-03       2.621828e-03       4.633194e-03       1.760111e-02       7.355115e-03       1.316398e-02
         710       7.947024e-03       3.572735e-03       4.965486e-03       1.894706e-02       8.338187e-03       1.272332e-02
         720       9.053880e-03       3.748660e-03       6.243975e-03       3.056935e-02       8.859595e-03       1.781994e-02
         730       7.550787e-03       2.054871e-03       5.134426e-03       2.290085e-02       7.002127e-03       1.493861e-02
         740       8.654436e-03       1.672967e-03       4.509778e-03       1.904039e-02       1.016640e-02       1.281856e-02
         750       8.736839e-03       1.880559e-03       4.596536e-03       1.611171e-02       6.382848e-03       1.143828e-02
         760       7.697588e-03       2.351353e-03       4.592186e-03       1.922639e-02       7.454323e-03       1.233484e-02
         770       6.396587e-03       6.210872e-04       3.708543e-03       1.367535e-02       7.513719e-03       1.049856e-02
         780       7.202130e-03       2.558455e-04       3.528320e-03       2.574094e-02       5.030098e-03       1.357157e-02
         790       7.851938e-03       1.968162e-03       3.877150e-03       1.618710e-02       1.051858e-02       1.361922e-02
         800       7.675412e-03       3.408219e-03       5.099864e-03       2.026336e-02       1.213708e-02       1.632374e-02
         810       1.330679e-02       2.689110e-03       6.908260e-03       3.660747e-02       9.961716e-03       1.987639e-02
         820       8.673624e-03       1.573403e-03       5.280138e-03       3.467514e-02       8.591470e-03       1.921689e-02
         830       8.363781e-03       2.232897e-03       4.662213e-03       1.761580e-02       6.053974e-03       1.391423e-02
         840       6.105613e-03       1.246917e-03       4.198915e-03       2.022102e-02       8.186107e-03       1.235609e-02
         850       5.468647e-03       1.757336e-03       4.279419e-03       2.033811e-02       6.802686e-03       1.135520e-02
         860       1.755379e-02       2.025535e-03       7.234770e-03       2.845604e-02       8.444036e-03       1.653710e-02
         870       6.755883e-03       3.273081e-03       5.194212e-03       2.361946e-02       6.830700e-03       1.630164e-02
         880       7.504869e-03       7.761607e-04       4.139505e-03       1.802412e-02       8.950925e-03       1.370751e-02
         890       5.625359e-03       4.882445e-04       3.909109e-03       1.774185e-02       1.017674e-02       1.440182e-02
         900       6.721321e-03       6.213053e-04       4.000523e-03       1.904691e-02       9.536130e-03       1.279175e-02
         910       1.343442e-02       1.210118e-03       6.809857e-03       2.551579e-02       6.932011e-03       1.498966e-02
         920       1.233392e-02       1.268680e-03       5.608750e-03       2.122126e-02       6.274027e-03       1.410183e-02
         930       1.048337e-02       3.003709e-03       6.023872e-03       2.106088e-02       5.706781e-03       1.453899e-02
         940       1.134724e-02       2.283017e-03       6.007458e-03       3.134266e-02       7.147851e-03       1.633697e-02
         950       1.343196e-02       2.904175e-03       6.481609e-03       2.278153e-02       1.079089e-02       1.806845e-02
         960       7.268268e-03       3.021922e-03       5.762106e-03       2.804137e-02       1.130321e-02       1.687122e-02
         970       7.502966e-03       3.151029e-03       5.217802e-03       2.667171e-02       1.003161e-02       1.637991e-02
         980       9.235934e-03       4.382684e-03       6.666719e-03       2.975852e-02       1.590318e-02       2.266158e-02
         990       6.510370e-03       2.911946e-03       4.608003e-03       2.245149e-02       7.115091e-03       1.534638e-02
        1000       8.324598e-03       1.488388e-03       5.852187e-03       2.397495e-02       1.336360e-02       1.719027e-02
