#       step         max_devi_v         min_devi_v         avg_devi_v         max_devi_f         min_devi_f         avg_devi_f
           0       2.100843e-02       5.639232e-05       8.457609e-03       2.224922e-02       1.251918e-02       1.611656e-02
          10       1.921768e-02       9.486095e-04       7.871535e-03       1.988010e-02       1.278709e-02       1.644643e-02
          20       1.786288e-02       9.290091e-04       9.101667e-03       2.781692e-02       1.423625e-02       1.847901e-02
          30       1.488228e-02       6.086325e-04       6.969811e-03       1.676702e-02       9.422267e-03       1.313476e-02
          40       1.251483e-02       5.482941e-04       6.299347e-03       1.353976e-02       8.648244e-03       1.148846e-02
          50       8.568017e-03       7.970463e-04       4.263177e-03       1.206376e-02       8.439949e-03       1.001861e-02
          60       4.900543e-03       5.343752e-04       2.831340e-03       9.547009e-03       6.604164e-03       8.333314e-03
          70       9.848015e-03       1.334006e-03       4.181928e-03       1.153845e-02       5.934827e-03       8.645441e-03
          80       8.292073e-03       9.261519e-04       3.539154e-03       1.163372e-02       4.833224e-03       8.699079e-03
          90       4.168686e-03       1.404098e-03       2.594052e-03       1.223603e-02       8.427938e-03       9.747192e-03
         100       8.352938e-03       1.058118e-03       3.973079e-03       1.025701e-02       7.158697e-03       9.330419e-03
         110       1.275151e-02       1.435895e-03       6.205407e-03       2.164887e-02       3.124744e-03       1.181915e-02
         120       1.335489e-02       1.021613e-03       6.442172e-03       2.080661e-02       8.717995e-03       1.317169e-02
         130       8.682066e-03       2.242425e-03       4.376286e-03       2.427362e-02       5.909043e-03       1.192821e-02
         140       1.317949e-02       2.641291e-03       7.190631e-03       2.796559e-02       7.260460e-03       2.037861e-02
         150       9.446443e-03       1.150529e-03       4.484561e-03       1.665453e-02       6.425420e-03       1.160599e-02
         160       8.333660e-03       1.815963e-04       5.437640e-03       2.775836e-02       7.400405e-03       1.678332e-02
         170       6.472879e-03       2.449603e-03       4.893564e-03       1.827993e-02       1.255889e-02       1.573998e-02
         180       1.264030e-02       2.245929e-03       6.127320e-03       2.405013e-02       7.214236e-03       1.659210e-02
         190       7.742494e-03       4.834096e-04       4.567329e-03       1.860718e-02       7.067910e-03       1.161268e-02
         200       6.667230e-03       1.850891e-03       4.259590e-03       2.409464e-02       4.634708e-03       1.100786e-02
         210       8.403138e-03       1.069024e-03       5.619836e-03       2.631604e-02       5.537321e-03       1.486324e-02
         220       5.470801e-03       9.798068e-04       3.963112e-03       2.350039e-02       4.565048e-03       1.180153e-02
         230       1.060572e-02       3.059429e-03       5.743437e-03       1.852653e-02       7.884561e-03       1.353788e-02
         240       4.871747e-03       2.890563e-03       3.714450e-03       2.058523e-02       4.554764e-03       1.139527e-02
         250       6.224897e-03       1.140153e-03       3.411861e-03       1.537379e-02       3.519324e-03       8.764471e-03
         260       5.213733e-03       2.366907e-03       3.089119e-03       1.669436e-02       7.507925e-03       1.253209e-02
         270       1.182793e-02       1.328314e-03       5.242869e-03       2.981117e-02       7.666150e-03       1.481397e-02
         280       1.388155e-02       2.177520e-03       7.648286e-03       3.996192e-02       1.326971e-02       2.334931e-02
         290       1.028220e-02       2.929795e-03       5.624128e-03       2.991098e-02       1.331651e-02       1.898069e-02
         300       1.171013e-02       2.334578e-03       5.785388e-03       2.782523e-02       5.403520e-03       1.646526e-02
         310       7.939678e-03       2.922258e-03       4.733067e-03       2.330806e-02       4.342343e-03       1.339904e-02
         320       5.710022e-03       8.568357e-04       3.089774e-03       1.578517e-02       7.681916e-03       1.036013e-02
         330       1.432968e-02       2.463063e-03       7.433214e-03       3.192769e-02       1.056106e-02       1.861693e-02
         340       1.629795e-02       9.802527e-04       7.608904e-03       2.934953e-02       7.514849e-03       1.813772e-02
         350       9.864117e-03       2.064233e-03       5.070984e-03       2.664329e-02       5.122659e-03       1.405977e-02
         360       6.015887e-03       2.323046e-03       4.729919e-03       2.315352e-02       5.556047e-03       1.319842e-02
         370       8.728222e-03       9.493026e-04       4.784765e-03       2.277581e-02       3.571309e-03       1.178279e-02
         380       6.580277e-03       3.341368e-03       5.670445e-03       2.755758e-02       4.331421e-03       1.390787e-02
         390       3.776231e-03       1.027956e-03       2.494750e-03       1.195502e-02       3.061814e-03       7.253603e-03
         400       4.680820e-03       6.102950e-04       2.451930e-03       9.820941e-03       5.632230e-03       7.644158e-03
         410       7.212784e-03       1.739612e-03       3.527887e-03       1.596024e-02       8.124087e-03       1.041824e-02
         420       6.672800e-03       8.741918e-04       4.477109e-03       2.189393e-02       1.214776e-02       1.513765e-02
         430       9.364723e-03       4.934143e-03       7.472570e-03       2.316213e-02       7.285128e-03       1.848211e-02
         440       6.680046e-03       2.144627e-03       4.450676e-03       2.493494e-02       6.316619e-03       1.703349e-02
         450       6.526742e-03       5.156716e-04       3.322868e-03       2.014076e-02       5.627420e-03       1.254525e-02
         460       7.549887e-03       2.421827e-03       4.866315e-03       2.506698e-02       7.895961e-03       1.274048e-02
         470       5.713669e-03       1.217655e-03       3.343959e-03       1.367843e-02       6.498036e-03       8.928290e-03
         480       6.197017e-03       1.496223e-03       3.760189e-03       1.817995e-02       6.578992e-03       1.209932e-02
         490       5.531699e-03       1.330249e-03       3.060197e-03       1.123887e-02       7.242467e-03       9.196172e-03
         500       7.801998e-03       1.688651e-03       3.985027e-03       1.538492e-02       7.193472e-03       9.270625e-03
         510       9.231100e-03       6.722224e-04       4.368465e-03       1.437691e-02       7.217823e-03       1.034526e-02
         520       9.328768e-03       2.440520e-03       5.246983e-03       2.175828e-02       7.905860e-03       1.432713e-02
         530       1.020704e-02       3.328022e-03       6.552676e-03       3.493779e-02       4.098474e-03       1.925316e-02
         540       5.971244e-03       1.465033e-03       3.508833e-03       2.132603e-02       5.648780e-03       1.092299e-02
         550       6.296699e-03       1.285743e-03       4.893283e-03       2.494379e-02       1.024039e-02       1.704055e-02
         560       6.023943e-03       2.143431e-03       3.970017e-03       2.543686e-02       1.153254e-02       1.709913e-02
         570       9.978297e-03       1.332708e-03       5.273224e-03       2.907186e-02       7.529436e-03       1.979873e-02
         580       9.763114e-03       1.662289e-03       6.052332e-03       2.374452e-02       1.207473e-02       1.810201e-02
         590       4.184833e-03       4.209707e-04       2.433270e-03       1.354638e-02       6.220125e-03       9.109445e-03
         600       1.028346e-02       3.249107e-03       6.269726e-03       2.389360e-02       8.578336e-03       1.692648e-02
         610       1.257270e-02       1.334778e-03       6.666391e-03       2.380876e-02       8.619498e-03       1.676971e-02
         620       7.955706e-03       1.280143e-03       4.844444e-03       1.945126e-02       6.709183e-03       1.525650e-02
         630       9.604370e-03       7.961638e-04       5.862800e-03       2.597477e-02       5.370892e-03       1.464508e-02
         640       9.330993e-03       1.829642e-03       5.494030e-03       2.202275e-02       9.632078e-03       1.604962e-02
         650       8.855802e-03       2.860975e-03       6.072883e-03       2.482260e-02       1.000460e-02       1.671831e-02
         660       7.706203e-03       2.185804e-03       5.612478e-03       2.634506e-02       9.903314e-03       1.560964e-02
         670       1.059829e-02       3.754669e-03       5.685704e-03       2.548035e-02       9.733276e-03       1.690184e-02
         680       8.897065e-03       2.025703e-03       5.279305e-03       2.091222e-02       1.047460e-02       1.581604e-02
         690       7.524706e-03       2.195748e-03       4.540598e-03       2.051746e-02       1.274420e-02       1.591763e-02
         700       6.857058e-03       7.695742e-04       4.510078e-03       2.144232e-02       6.609675e-03       1.506719e-02
         710       7.037080e-03       1.328943e-03       4.257521e-03       2.140772e-02       9.729258e-03       1.306819e-02
         720       9.145400e-03       2.420792e-03       4.740105e-03       2.879425e-02       6.566222e-03       1.795668e-02
         730       1.311139e-02       5.989003e-04       6.096536e-03       2.872974e-02       7.842229e-03       1.876595e-02
         740       9.307777e-03       1.777556e-03       5.724485e-03       2.466055e-02       1.150124e-02       1.592267e-02
         750       1.173624e-02       2.549844e-03       6.711219e-03       2.697748e-02       8.509459e-03       1.415855e-02
         760       9.576061e-03       2.348945e-03       4.652504e-03       1.970757e-02       5.251431e-03       1.102702e-02
         770       1.100532e-02       1.182072e-03       5.865438e-03       1.838314e-02       6.520752e-03       1.201921e-02
         780       7.823366e-03       2.070358e-03       4.102884e-03       1.889831e-02       6.855596e-03       1.182658e-02
         790       8.375307e-03       2.260870e-03       4.559773e-03       2.060864e-02       8.324826e-03       1.171396e-02
         800       7.144689e-03       3.146190e-03       4.936365e-03       2.010510e-02       7.257171e-03       1.315159e-02
         810       1.074150e-02       2.077350e-03       5.045517e-03       1.914832e-02       4.443119e-03       1.306135e-02
         820       8.942924e-03       9.820011e-04       4.703144e-03       2.796544e-02       5.032918e-03       1.344443e-02
         830       1.173793e-02       2.838175e-03       6.023347e-03       2.392726e-02       8.706626e-03       1.591447e-02
         840       7.515868e-03       2.542668e-03       5.155149e-03       2.096790e-02       6.638604e-03       1.325841e-02
         850       7.535085e-03       1.448274e-03       4.825384e-03       1.888154e-02       8.492708e-03       1.243328e-02
         860       1.761498e-02       5.998474e-03       9.017065e-03       3.520061e-02       1.232283e-02       2.279850e-02
         870       1.561651e-02       3.805542e-03       7.713311e-03       3.086979e-02       1.353907e-02       2.176537e-02
         880       1.517518e-02       3.846620e-03       6.881518e-03       3.186863e-02       1.274157e-02       1.959497e-02
         890       1.265022e-02       1.882318e-03       5.601058e-03       2.129669e-02       1.560370e-02       1.892098e-02
         900       9.319693e-03       3.243978e-03       5.398052e-03       2.320422e-02       7.429980e-03       1.356135e-02
         910       9.649334e-03       2.820632e-03       5.402525e-03       2.042189e-02       4.685314e-03       1.258312e-02
         920       9.580523e-03       1.504876e-03       6.118113e-03       1.772260e-02       8.263049e-03       1.355717e-02
         930       1.322579e-02       3.347457e-03       6.041959e-03       2.097621e-02       7.908702e-03       1.408841e-02
         940       8.010341e-03       3.649225e-03       5.863453e-03       3.051534e-02       5.071747e-03       1.517483e-02
         950       7.558278e-03       2.834259e-03       4.157823e-03       1.526946e-02       5.517484e-03       1.118600e-02
         960       5.720845e-03       2.867648e-03       4.264228e-03       2.007092e-02       6.397460e-03       1.149119e-02
         970       7.421429e-03       1.865554e-03       4.508085e-03       2.083134e-02       1.260810e-02       1.577904e-02
         980       1.196792e-02       2.139069e-03       5.181855e-03       2.270758e-02       7.788773e-03       1.580434e-02
         990       3.221021e-03       6.236303e-04       2.061508e-03       1.049031e-02       5.789799e-03       7.752735e-03
        1000       4.623526e-03       4.206344e-04       2.790433e-03       1.125002e-02       5.811538e-03       8.929783e-03
