#       step         max_devi_v         min_devi_v         avg_devi_v         max_devi_f         min_devi_f         avg_devi_f
           0       8.400367e-03       2.399502e-04       3.792100e-03       2.736300e-02       7.860124e-03       1.284597e-02
          10       6.707840e-03       4.719089e-04       2.982818e-03       2.748501e-02       7.870625e-03       1.237009e-02
          20       6.269534e-03       1.182962e-03       4.023723e-03       1.775331e-02       5.342906e-03       1.220728e-02
          30       9.432875e-03       8.554839e-04       4.516431e-03       1.713476e-02       5.771057e-03       1.041459e-02
          40       1.035507e-02       1.759913e-03       4.965751e-03       2.785608e-02       5.386342e-03       1.404178e-02
          50       5.406371e-03       1.296166e-03       3.536645e-03       1.707615e-02       6.371679e-03       1.001926e-02
          60       9.143459e-03       1.886930e-03       5.074663e-03       2.791032e-02       9.669414e-03       1.398602e-02
          70       6.353979e-03       1.630541e-03       3.498685e-03       2.186456e-02       4.816885e-03       1.060599e-02
          80       1.033161e-02       2.202747e-03       4.533772e-03       1.884191e-02       7.040763e-03       1.083362e-02
          90       6.575882e-03       2.115869e-03       3.836623e-03       2.191041e-02       5.515146e-03       1.074451e-02
         100       7.475787e-03       1.534494e-03       5.055763e-03       2.600862e-02       8.251771e-03       1.777122e-02
         110       6.684727e-03       1.631837e-03       4.789994e-03       2.525615e-02       8.621421e-03       1.477162e-02
         120       5.081897e-03       1.397319e-03       3.904056e-03       1.950386e-02       8.261664e-03       1.217821e-02
         130       1.122246e-02       1.356514e-03       6.905588e-03       2.864931e-02       7.179196e-03       1.899567e-02
         140       1.140494e-02       3.641508e-03       6.682671e-03       2.825039e-02       6.816425e-03       1.664556e-02
         150       9.833267e-03       2.143311e-03       4.938471e-03       2.201714e-02       1.023743e-02       1.636639e-02
         160       7.663734e-03       2.151512e-03       4.533473e-03       2.417146e-02       8.742624e-03       1.411583e-02
         170       1.073847e-02       2.146125e-03       5.362667e-03       3.403660e-02       7.131790e-03       1.535296e-02
         180       5.344277e-03       1.784408e-03       3.577933e-03       2.025136e-02       6.349712e-03       1.090601e-02
         190       7.056904e-03       4.536875e-04       4.025980e-03       1.809592e-02       3.949703e-03       1.126774e-02
         200       8.539717e-03       1.532783e-03       5.862598e-03       3.298266e-02       3.798379e-03       1.446009e-02
         210       8.103770e-03       3.089519e-03       5.345266e-03       2.844572e-02       4.312488e-03       1.495916e-02
         220       8.969924e-03       9.164761e-04       5.693410e-03       3.606485e-02       5.484142e-03       1.545723e-02
         230       9.003801e-03       1.771327e-03       4.700883e-03       2.417727e-02       5.436120e-03       1.386548e-02
         240       6.127128e-03       7.999348e-04       3.469879e-03       2.342789e-02       4.734161e-03       1.265882e-02
         250       8.317249e-03       1.709902e-03       4.524722e-03       1.556557e-02       6.066761e-03       1.034406e-02
         260       6.098268e-03       8.043221e-04       3.992585e-03       2.725609e-02       5.337576e-03       1.201359e-02
         270       7.557984e-03       2.418352e-03       4.859424e-03       2.787912e-02       4.557001e-03       1.531011e-02
         280       7.626226e-03       1.706974e-03       5.577871e-03       2.302122e-02       5.706134e-03       1.583863e-02
         290       1.289299e-02       4.497676e-03       7.818038e-03       3.483752e-02       6.948784e-03       1.811644e-02
         300       9.448469e-03       1.849180e-03       5.720857e-03       2.124418e-02       8.918056e-03       1.535384e-02
         310       8.857210e-03       1.868226e-03       4.908946e-03       2.631206e-02       8.535760e-03       1.528943e-02
         320       1.490006e-02       2.238601e-03       7.833092e-03       2.987968e-02       1.012302e-02       1.749182e-02
         330       1.590126e-02       1.208917e-03       8.698989e-03       2.631491e-02       9.727776e-03       1.819546e-02
         340       1.457939e-02       6.275101e-04       6.882799e-03       2.305521e-02       8.240142e-03       1.477346e-02
         350       1.797514e-02       1.602003e-03       7.646724e-03       3.108241e-02       6.743138e-03       1.791640e-02
         360       9.600946e-03       1.241203e-03       5.227509e-03       2.986272e-02       9.999536e-03       1.718991e-02
         370       9.353401e-03       1.906681e-03       5.622541e-03       2.035685e-02       6.804293e-03       1.550670e-02
         380       8.697339e-03       9.888512e-04       5.528994e-03       2.408784e-02       1.119374e-02       1.938600e-02
         390       8.213172e-03       1.308744e-03       5.550370e-03       3.076578e-02       1.531855e-02       2.248584e-02
         400       7.745066e-03       1.802526e-03       5.822847e-03       2.883529e-02       9.385484e-03       1.834078e-02
         410       1.295710e-02       1.343213e-03       8.295017e-03       3.935686e-02       1.566764e-02       2.293322e-02
         420       1.055803e-02       2.557358e-03       6.687183e-03       2.556154e-02       1.081229e-02       1.683975e-02
         430       7.047416e-03       2.262345e-03       5.187879e-03       2.242948e-02       6.248097e-03       1.314975e-02
         440       7.530153e-03       2.519942e-03       4.581079e-03       2.043054e-02       5.671791e-03       1.372449e-02
         450       9.873139e-03       1.754445e-03       4.320135e-03       2.152652e-02       7.968656e-03       1.405850e-02
         460       1.118947e-02       1.505399e-03       4.489946e-03       2.070989e-02       6.905496e-03       1.494580e-02
         470       8.242234e-03       1.359031e-03       4.335007e-03       1.641870e-02       8.405174e-03       1.218843e-02
         480       9.860418e-03       1.636579e-03       4.650238e-03       1.556647e-02       9.174482e-03       1.197574e-02
         490       6.685693e-03       1.098360e-03       3.460417e-03       2.002406e-02       8.698611e-03       1.491447e-02
         500       1.231061e-02       1.690106e-03       6.004339e-03       2.582615e-02       8.641161e-03       1.531170e-02
         510       8.421715e-03       1.681842e-03       5.522862e-03       2.624671e-02       7.087305e-03       1.482199e-02
         520       1.140961e-02       3.961968e-03       6.562542e-03       3.694026e-02       7.509315e-03       1.707285e-02
         530       6.288326e-03       9.339844e-04       3.213106e-03       2.233951e-02       7.229640e-03       1.293958e-02
         540       8.517247e-03       1.651317e-03       4.376032e-03       3.714283e-02       4.863141e-03       1.726515e-02
         550       1.191492e-02       1.627603e-03       5.834627e-03       3.209454e-02       1.010813e-02       1.783949e-02
         560       8.156974e-03       1.672572e-03       4.644231e-03       2.113323e-02       3.724811e-03       1.345890e-02
         570       1.142308e-02       2.065372e-03       5.361100e-03       1.746714e-02       5.328787e-03       1.211333e-02
         580       1.133932e-02       1.438568e-03       5.221794e-03       1.656296e-02       6.086982e-03       1.169211e-02
         590       6.993113e-03       1.194308e-03       4.428306e-03       1.978423e-02       8.813668e-03       1.323224e-02
         600       9.933581e-03       8.524559e-04       7.465391e-03       2.806338e-02       1.365647e-02       2.005058e-02
         610       7.862193e-03       4.565376e-03       6.112559e-03       2.314725e-02       1.158562e-02       1.587228e-02
         620       6.980476e-03       2.641072e-03       5.124543e-03       2.273531e-02       5.715456e-03       1.440124e-02
         630       9.278533e-03       2.651930e-03       5.326648e-03       2.737467e-02       7.749791e-03       1.991430e-02
         640       1.528229e-02       2.795582e-03       7.463179e-03       3.250964e-02       1.301083e-02       2.395218e-02
         650       9.693214e-03       1.320118e-03       5.784052e-03       3.340538e-02       1.307395e-02       2.251016e-02
         660       5.975290e-03       3.315829e-03       4.624512e-03       2.538800e-02       1.207225e-02       1.928186e-02
         670       9.150238e-03       1.218616e-03       4.633242e-03       2.072613e-02       6.131096e-03       1.475738e-02
         680       1.033891e-02       3.527594e-03       6.237372e-03       2.564493e-02       9.675189e-03       1.733741e-02
         690       8.629222e-03       2.078975e-03       5.194538e-03       2.070042e-02       9.313346e-03       1.546261e-02
         700       1.095802e-02       5.134490e-04       4.900704e-03       2.155382e-02       6.104731e-03       1.445487e-02
         710       1.521514e-02       9.714101e-04       5.641782e-03       1.848376e-02       7.438667e-03       1.276153e-02
         720       1.648912e-02       1.007674e-03       6.961217e-03       1.845397e-02       8.799722e-03       1.364699e-02
         730       1.303715e-02       1.214760e-03       5.215859e-03       2.070821e-02       7.156609e-03       1.486671e-02
         740       1.420296e-02       2.124782e-03       6.104788e-03       2.443656e-02       1.026225e-02       1.491248e-02
         750       1.065473e-02       1.155848e-03       4.791530e-03       2.228492e-02       9.059283e-03       1.639527e-02
         760       9.671394e-03       2.327227e-03       5.747464e-03       2.385048e-02       8.532930e-03       1.429640e-02
         770       1.532065e-02       2.293206e-03       7.235176e-03       2.539921e-02       1.029995e-02       1.705811e-02
         780       6.976393e-03       2.516234e-03       4.425823e-03       1.953378e-02       5.618326e-03       1.422470e-02
         790       7.633959e-03       1.258346e-03       4.381770e-03       3.041762e-02       4.218419e-03       1.536608e-02
         800       6.309255e-03       1.900292e-03       4.917004e-03       1.833161e-02       8.029195e-03       1.417482e-02
         810       9.271897e-03       3.143638e-03       5.731444e-03       2.529542e-02       1.531933e-02       2.031593e-02
         820       1.018986e-02       2.935250e-03       6.422998e-03       2.856087e-02       5.830724e-03       1.644953e-02
         830       9.289999e-03       2.314547e-03       5.328728e-03       2.396418e-02       1.066233e-02       1.553798e-02
         840       8.288246e-03       2.990438e-03       4.303897e-03       2.539748e-02       7.573853e-03       1.655348e-02
         850       7.921094e-03       1.705412e-03       4.475029e-03       1.989480e-02       6.546863e-03       1.249487e-02
         860       7.761474e-03       1.252225e-03       4.705384e-03       2.257157e-02       4.044323e-03       1.310542e-02
         870       7.318349e-03       3.344489e-03       5.271132e-03       1.994198e-02       2.904249e-03       1.277605e-02
         880       7.947882e-03       2.137805e-03       4.096983e-03       1.754963e-02       4.544770e-03       1.021710e-02
         890       8.262381e-03       1.339500e-03       4.425800e-03       2.213876e-02       4.437444e-03       1.210926e-02
         900       6.565185e-03       3.082670e-03       4.619570e-03       2.064641e-02       6.849932e-03       1.231706e-02
         910       9.832482e-03       1.989619e-03       5.395031e-03       3.073066e-02       8.833206e-03       1.652725e-02
         920       8.339403e-03       2.775781e-03       4.912103e-03       2.171976e-02       6.266168e-03       1.154396e-02
         930       6.043956e-03       2.947693e-03       4.409259e-03       2.907418e-02       3.683095e-03       1.587803e-02
         940       8.423642e-03       3.545700e-03       5.477259e-03       3.284900e-02       5.057416e-03       1.725922e-02
         950       7.647902e-03       1.668572e-03       6.367695e-03       2.695782e-02       9.558902e-03       1.689321e-02
         960       7.362101e-03       1.868720e-03       4.481847e-03       1.853246e-02       7.074627e-03       1.318985e-02
         970       9.626881e-03       1.176357e-03       6.003272e-03       2.693952e-02       1.088648e-02       1.730420e-02
         980       9.708355e-03       2.246485e-03       6.622384e-03       3.283144e-02       7.813304e-03       1.900641e-02
         990       1.354813e-02       1.260947e-03       6.721811e-03       2.894132e-02       9.838744e-03       1.731540e-02
        1000       1.383665e-02       2.133163e-03       7.601586e-03       2.908648e-02       8.307720e-03       1.626476e-02
