#       step         max_devi_v         min_devi_v         avg_devi_v         max_devi_f         min_devi_f         avg_devi_f
           0       9.169818e-03       9.287005e-04       3.581248e-03       1.656592e-02       7.454527e-03       1.310316e-02
          10       4.219451e-03       1.563973e-03       2.893524e-03       2.543548e-02       6.161148e-03       1.488504e-02
          20       6.598830e-03       1.122289e-03       3.441455e-03       2.411465e-02       7.458995e-03       1.372736e-02
          30       5.759027e-03       2.131885e-03       3.557685e-03       2.346668e-02       3.256469e-03       1.346180e-02
          40       1.005867e-02       1.427189e-03       4.829529e-03       1.659136e-02       4.601408e-03       9.715603e-03
          50       1.790402e-02       2.260677e-03       8.312665e-03       2.919395e-02       5.490635e-03       1.735342e-02
          60       1.290014e-02       2.691633e-03       6.693923e-03       2.744106e-02       4.193600e-03       1.542109e-02
          70       9.578354e-03       3.182902e-03       5.785071e-03       2.641957e-02       3.884801e-03       1.386072e-02
          80       1.075314e-02       1.997623e-03       5.934207e-03       2.362143e-02       5.271331e-03       1.351774e-02
          90       8.754080e-03       1.902064e-03       4.662144e-03       1.397514e-02       1.023470e-02       1.208924e-02
         100       9.831113e-03       1.523312e-03       4.683607e-03       1.360245e-02       3.734105e-03       9.457390e-03
         110       8.466648e-03       1.533011e-03       4.533804e-03       1.536089e-02       9.339931e-03       1.091001e-02
         120       1.017119e-02       1.810698e-03       6.342412e-03       2.735580e-02       5.814912e-03       1.679042e-02
         130       6.526112e-03       1.973234e-03       4.098012e-03       1.853678e-02       1.031132e-02       1.445447e-02
         140       1.659365e-02       1.172285e-03       6.004715e-03       2.552938e-02       5.874468e-03       1.611347e-02
         150       1.099081e-02       1.463857e-03       4.377739e-03       2.081169e-02       5.238477e-03       1.219169e-02
         160       8.404459e-03       1.164459e-03       4.122295e-03       1.942154e-02       7.495282e-03       1.386507e-02
         170       6.173460e-03       8.771547e-04       3.021265e-03       1.189034e-02       6.663330e-03       8.613548e-03
         180       1.170751e-02       2.868782e-03       5.472199e-03       2.237342e-02       1.003015e-02       1.578698e-02
         190       1.329172e-02       1.074027e-03       6.028375e-03       2.676520e-02       9.364120e-03       1.660760e-02
         200       1.248701e-02       5.634841e-04       5.797832e-03       1.959100e-02       6.774052e-03       1.405138e-02
         210       1.168844e-02       1.583700e-03       5.630405e-03       1.957750e-02       9.392505e-03       1.425455e-02
         220       8.158390e-03       1.990816e-03       5.083063e-03       2.186158e-02       7.685205e-03       1.522982e-02
         230       8.370809e-03       1.308502e-03       4.813592e-03       1.880473e-02       3.205523e-03       1.280237e-02
         240       1.229795e-02       1.890352e-03       5.957436e-03       2.700572e-02       7.397679e-03       1.469138e-02
         250       8.125751e-03       1.914232e-03       5.464075e-03       2.071547e-02       6.888276e-03       1.379999e-02
         260       7.117945e-03       2.555158e-03       4.618389e-03       2.371332e-02       8.842081e-03       1.571350e-02
         270       8.925809e-03       1.100872e-03       4.595779e-03       1.947540e-02       7.080334e-03       1.345433e-02
         280       9.143650e-03       1.789927e-03       4.883892e-03       2.075048e-02       8.275030e-03       1.342604e-02
         290       8.014216e-03       1.408985e-03       4.687652e-03       1.737428e-02       6.941098e-03       1.266693e-02
         300       1.238370e-02       1.457062e-03       5.653643e-03       2.822446e-02       8.871077e-03       1.600279e-02
         310       5.305157e-03       3.012436e-03       4.080624e-03       2.547885e-02       6.728296e-03       1.520104e-02
         320       8.699762e-03       6.426291e-04       3.965741e-03       1.775261e-02       7.591987e-03       1.162206e-02
         330       1.520561e-02       1.173614e-03       5.766247e-03       3.050380e-02       9.058463e-03       1.586364e-02
         340       8.671053e-03       1.328811e-03       4.433085e-03       2.834361e-02       6.185748e-03       1.495687e-02
         350       2.296343e-02       4.053712e-03       1.046638e-02       7.237572e-02       7.813954e-03       3.303553e-02
         360       9.284893e-03       5.658361e-03       7.034931e-03       3.903521e-02       8.510685e-03       2.291523e-02
         370       2.195566e-02       1.379879e-03       9.371950e-03       3.846749e-02       1.003336e-02       2.400128e-02
         380       1.017595e-02       3.055158e-03       4.897055e-03       2.406935e-02       4.669521e-03       1.284614e-02
         390       7.203354e-03       6.497337e-04       4.064237e-03       1.989154e-02       6.716813e-03       1.146972e-02
         400       1.187591e-02       7.683850e-04       4.811529e-03       2.636470e-02       5.362532e-03       1.666935e-02
         410       9.612637e-03       2.973516e-03       5.607441e-03       2.378365e-02       3.455523e-03       1.462574e-02
         420       1.123023e-02       3.348128e-03       6.423321e-03       2.334728e-02       1.079147e-02       1.682030e-02
         430       9.724783e-03       2.667494e-03       5.587529e-03       2.274348e-02       5.094321e-03       1.452528e-02
         440       5.979319e-03       9.963562e-04       4.129234e-03       1.826164e-02       5.121215e-03       1.162118e-02
         450       8.555177e-03       2.877150e-03       5.074044e-03       3.435966e-02       8.720120e-03       1.827788e-02
         460       1.680017e-02       3.495871e-03       8.797935e-03       4.102198e-02       7.369754e-03       2.070768e-02
         470       9.411137e-03       1.633603e-03       5.597590e-03       2.093606e-02       6.474034e-03       1.267894e-02
         480       8.998464e-03       1.949122e-03       5.384180e-03       2.286511e-02       8.659848e-03       1.343632e-02
         490       2.662873e-03       7.746953e-04       1.796239e-03       1.605724e-02       4.708660e-03       9.228636e-03
         500       4.433637e-03       1.080584e-03       3.039406e-03       1.024915e-02       5.972419e-03       8.329630e-03
         510       2.372787e-03       1.387332e-04       1.481357e-03       9.664804e-03       5.928394e-03       7.853145e-03
         520       4.777031e-03       1.103732e-03       2.909527e-03       1.035721e-02       7.214603e-03       8.520110e-03
         530       6.842439e-03       4.006364e-04       3.059541e-03       1.102536e-02       6.836795e-03       8.442899e-03
         540       6.370611e-03       7.819848e-04       2.638486e-03       1.110501e-02       1.348130e-03       7.308932e-03
         550       5.578211e-03       1.635192e-03       3.444181e-03       2.040503e-02       3.812068e-03       9.706247e-03
         560       7.762884e-03       2.048050e-03       5.308708e-03       2.336405e-02       6.278853e-03       1.323205e-02
         570       6.451804e-03       1.804476e-03       4.044515e-03       2.371270e-02       5.507427e-03       1.427331e-02
         580       5.673577e-03       3.191895e-03       4.311527e-03       2.259583e-02       6.642189e-03       1.360963e-02
         590       8.652770e-03       3.538431e-03       6.210790e-03       3.193834e-02       1.462698e-02       2.279043e-02
         600       4.791155e-03       1.965650e-03       3.409754e-03       2.288562e-02       8.759106e-03       1.453279e-02
         610       6.242618e-03       1.686968e-03       4.463331e-03       3.142286e-02       5.868211e-03       1.601080e-02
         620       6.960073e-03       9.662157e-04       3.930709e-03       2.883701e-02       6.287053e-03       1.580874e-02
         630       5.125357e-03       2.116543e-03       3.756365e-03       2.162913e-02       4.819761e-03       1.076789e-02
         640       1.340195e-02       1.414389e-03       6.300127e-03       3.491616e-02       8.846822e-03       1.863381e-02
         650       5.421425e-03       1.261864e-03       3.537443e-03       1.837513e-02       6.423089e-03       1.239737e-02
         660       4.953130e-03       7.400777e-04       2.820185e-03       1.379159e-02       6.001262e-03       1.047092e-02
         670       5.668622e-03       1.765961e-03       4.100759e-03       1.924135e-02       2.677623e-03       1.122335e-02
         680       6.487179e-03       2.476437e-03       3.860669e-03       2.001379e-02       2.668533e-03       1.017877e-02
         690       1.011612e-02       1.913116e-03       4.884316e-03       2.717459e-02       8.632051e-03       1.616285e-02
         700       8.353149e-03       2.186664e-03       4.749534e-03       2.253942e-02       6.839669e-03       1.577800e-02
         710       8.754318e-03       1.919181e-03       4.350848e-03       2.489600e-02       4.519904e-03       1.196386e-02
         720       1.164847e-02       1.306742e-03       4.932582e-03       2.674979e-02       4.920716e-03       1.343376e-02
         730       9.893611e-03       6.179149e-04       3.962851e-03       2.179969e-02       4.980967e-03       1.351380e-02
         740       5.744906e-03       1.504366e-03       2.958071e-03       1.741411e-02       6.303413e-03       1.131568e-02
         750       5.692555e-03       2.219535e-03       3.635780e-03       1.663168e-02       4.850020e-03       1.203336e-02
         760       7.261581e-03       2.017021e-03       4.866699e-03       2.571331e-02       4.261006e-03       1.456170e-02
         770       9.936574e-03       1.310130e-03       5.371117e-03       2.307236e-02       5.366280e-03       1.420629e-02
         780       6.825308e-03       2.260887e-03       4.199576e-03       2.173413e-02       4.513127e-03       1.288802e-02
         790       5.708380e-03       2.039521e-03       4.197430e-03       2.491296e-02       4.935952e-03       1.356783e-02
         800       1.247766e-02       5.659164e-03       7.683546e-03       4.055848e-02       5.841172e-03       1.929759e-02
         810       4.410117e-03       2.012789e-03       3.133267e-03       2.151897e-02       5.320197e-03       1.194266e-02
         820       6.334798e-03       1.472080e-03       3.355127e-03       2.027203e-02       4.483594e-03       1.021881e-02
         830       8.942620e-03       1.592330e-03       4.438063e-03       2.223252e-02       7.504307e-03       1.391961e-02
         840       1.017663e-02       1.567666e-03       5.905337e-03       2.851309e-02       9.829918e-03       1.742875e-02
         850       6.839228e-03       2.349532e-03       5.753677e-03       2.520450e-02       7.195598e-03       1.676287e-02
         860       9.762240e-03       2.370004e-03       6.283324e-03       3.279127e-02       1.192887e-02       2.070215e-02
         870       7.534267e-03       2.440843e-03       5.089647e-03       2.153845e-02       7.490551e-03       1.307046e-02
         880       7.328205e-03       2.491232e-03       4.522292e-03       1.983272e-02       7.397527e-03       1.252082e-02
         890       7.943077e-03       3.288170e-03       5.288047e-03       3.121843e-02       7.302533e-03       1.528976e-02
         900       1.018962e-02       3.215875e-03       6.476663e-03       2.928875e-02       1.077639e-02       1.892645e-02
         910       1.132407e-02       2.236454e-03       5.920432e-03       2.509855e-02       1.024158e-02       1.831009e-02
         920       1.080296e-02       1.967681e-03       5.642865e-03       2.099409e-02       6.839655e-03       1.373546e-02
         930       1.139443e-02       1.417077e-03       6.260505e-03       2.128994e-02       6.826416e-03       1.392624e-02
         940       1.055571e-02       3.292281e-03       6.773436e-03       2.454155e-02       1.205666e-02       1.695291e-02
         950       1.035530e-02       1.166690e-03       5.261178e-03       2.026657e-02       7.956357e-03       1.244521e-02
         960       9.173913e-03       1.146714e-03       4.455735e-03       1.675673e-02       7.479690e-03       1.301422e-02
         970       1.100050e-02       2.531847e-03       5.827916e-03       2.528633e-02       8.177304e-03       1.649680e-02
         980       1.222544e-02       1.054433e-03       6.599613e-03       2.254838e-02       8.024271e-03       1.550670e-02
         990       1.083483e-02       1.048086e-03       7.290177e-03       2.401203e-02       6.817812e-03       1.651315e-02
        1000       1.585263e-02       2.672122e-03       9.315295e-03       3.065491e-02       1.353081e-02       1.992096e-02
