#       step         max_devi_v         min_devi_v         avg_devi_v         max_devi_f         min_devi_f         avg_devi_f
           0       2.527478e-02       7.850784e-04       1.103854e-02       5.515038e-02       1.168199e-02       2.968252e-02
          10       7.512735e-03       4.446526e-03       6.202218e-03       2.928975e-02       8.512527e-03       2.148620e-02
          20       8.947606e-03       3.799694e-03       5.135377e-03       2.640070e-02       1.128724e-02       1.936245e-02
          30       8.961160e-03       3.266741e-03       5.124124e-03       1.763022e-02       1.026318e-02       1.291495e-02
          40       9.735227e-03       1.922434e-03       4.734466e-03       2.182602e-02       7.373205e-03       1.495235e-02
          50       1.456927e-02       1.972908e-03       7.066689e-03       1.960889e-02       8.533003e-03       1.622190e-02
          60       1.233324e-02       1.504693e-03       6.941518e-03       1.994819e-02       9.994655e-03       1.529103e-02
          70       1.199121e-02       1.915525e-03       7.150150e-03       2.446001e-02       8.449230e-03       1.600438e-02
          80       9.141807e-03       2.134668e-03       6.371713e-03       2.429981e-02       6.669189e-03       1.450701e-02
          90       7.472741e-03       1.278060e-03       4.628010e-03       2.103330e-02       5.989310e-03       1.103436e-02
         100       1.064427e-02       2.003288e-03       5.642109e-03       2.260530e-02       6.018774e-03       1.214860e-02
         110       5.917803e-03       7.060609e-04       3.412524e-03       1.244856e-02       6.700437e-03       8.958266e-03
         120       9.640777e-03       2.378687e-03       5.936446e-03       2.759117e-02       9.487438e-03       1.592807e-02
         130       1.271131e-02       2.368794e-03       6.465561e-03       2.893186e-02       1.009756e-02       1.699849e-02
         140       1.261655e-02       2.676350e-03       5.345799e-03       3.051498e-02       8.121639e-03       1.744358e-02
         150       1.606950e-02       2.204327e-03       6.786852e-03       2.877665e-02       9.157876e-03       1.500036e-02
         160       8.911931e-03       3.597995e-03       6.114809e-03       3.093123e-02       1.267526e-02       1.819621e-02
         170       7.064791e-03       7.740539e-04       3.814091e-03       2.294628e-02       4.080237e-03       1.265557e-02
         180       1.116653e-02       1.192657e-03       5.169810e-03       2.317027e-02       1.005969e-02       1.534662e-02
         190       7.436713e-03       1.767500e-03       4.584173e-03       1.524246e-02       9.553968e-03       1.235659e-02
         200       3.434949e-03       1.868160e-03       2.665255e-03       1.406271e-02       4.396809e-03       9.462378e-03
         210       5.747177e-03       1.554472e-03       3.156830e-03       1.729249e-02       7.703440e-03       1.231491e-02
         220       6.783417e-03       2.002959e-03       4.502623e-03       2.412679e-02       5.193087e-03       1.334270e-02
         230       7.259605e-03       1.371933e-03       4.568703e-03       2.601659e-02       6.416378e-03       1.696330e-02
         240       9.244680e-03       1.371034e-03       4.953213e-03       3.462120e-02       8.886454e-03       1.870202e-02
         250       6.205740e-03       1.285721e-03       3.488435e-03       1.805010e-02       9.488263e-03       1.499478e-02
         260       7.454164e-03       2.032346e-03       4.943823e-03       2.295903e-02       1.100351e-02       1.499685e-02
         270       1.076759e-02       1.780067e-03       4.257515e-03       1.627454e-02       7.567351e-03       1.163850e-02
         280       1.218365e-02       2.816703e-03       5.951734e-03       1.985892e-02       1.024284e-02       1.679889e-02
         290       6.507848e-03       1.249560e-03       4.449332e-03       1.861762e-02       7.326827e-03       1.185181e-02
         300       4.951624e-03       1.045399e-03       3.018260e-03       1.714434e-02       7.764532e-03       1.264530e-02
         310       9.274610e-03       2.762254e-03       5.465157e-03       2.395723e-02       1.030377e-02       1.692411e-02
         320       1.212817e-02       2.946052e-03       5.914454e-03       2.540563e-02       7.926398e-03       1.549293e-02
         330       7.505097e-03       2.434194e-03       4.532862e-03       2.365919e-02       7.068995e-03       1.230716e-02
         340       9.397791e-03       2.597142e-03       4.973443e-03       3.077453e-02       7.129462e-03       1.400028e-02
         350       1.127183e-02       1.709971e-03       6.014233e-03       2.290984e-02       8.201267e-03       1.684433e-02
         360       7.702668e-03       7.036317e-04       3.722418e-03       2.294729e-02       8.455392e-03       1.571337e-02
         370       7.905443e-03       1.403368e-03       4.473168e-03       2.283163e-02       5.448661e-03       1.306859e-02
         380       7.688131e-03       7.122180e-04       4.487184e-03       2.018629e-02       6.652379e-03       1.252080e-02
         390       7.472525e-03       1.465467e-03       4.105678e-03       1.857678e-02       4.338148e-03       1.320852e-02
         400       5.449713e-03       2.629660e-03       3.983761e-03       2.069842e-02       4.708330e-03       1.269004e-02
         410       6.973900e-03       2.021411e-03       4.401812e-03       1.592319e-02       9.647514e-03       1.309853e-02
         420       6.208980e-03       3.032534e-03       5.273360e-03       2.151924e-02       9.075356e-03       1.453797e-02
         430       1.038382e-02       2.181357e-03       5.268449e-03       2.108482e-02       7.307622e-03       1.334328e-02
         440       4.643926e-03       1.537701e-03       3.055797e-03       1.206612e-02       5.244672e-03       8.412177e-03
         450       9.536432e-03       1.794723e-03       5.620596e-03       1.588221e-02       6.322177e-03       1.296750e-02
         460       1.032863e-02       1.266157e-03       4.787046e-03       1.736544e-02       8.385636e-03       1.325454e-02
         470       1.028850e-02       9.907107e-04       4.823963e-03       1.879000e-02       5.430413e-03       1.153909e-02
         480       1.040343e-02       1.549399e-03       5.015393e-03       1.710431e-02       4.905417e-03       1.135692e-02
         490       9.306557e-03       2.111023e-03       5.517391e-03       2.063404e-02       7.728749e-03       1.256497e-02
         500       1.271423e-02       1.605751e-03       6.286954e-03       2.116986e-02       8.503146e-03       1.361873e-02
         510       7.663006e-03       1.923304e-03       4.111930e-03       1.974398e-02       6.437727e-03       1.316602e-02
         520       8.207165e-03       1.570798e-03       4.676677e-03       2.136174e-02       9.791147e-03       1.391893e-02
         530       1.230001e-02       3.758116e-03       6.805925e-03       2.547394e-02       6.404356e-03       1.529398e-02
         540       1.222016e-02       2.382794e-03       5.972149e-03       2.229595e-02       8.931122e-03       1.568362e-02
         550       9.632386e-03       2.314085e-03       4.632214e-03       1.756824e-02       3.597563e-03       1.173617e-02
         560       7.955045e-03       1.804574e-03       3.914213e-03       1.740686e-02       3.244999e-03       1.051355e-02
         570       9.333541e-03       1.535073e-03       4.902520e-03       1.823146e-02       3.550927e-03       1.159217e-02
         580       6.962385e-03       1.329979e-03       4.077957e-03       1.715122e-02       5.642876e-03       1.173506e-02
         590       1.284403e-02       6.454845e-04       5.376261e-03       1.943917e-02       7.468369e-03       1.246627e-02
         600       7.930930e-03       1.555973e-03       4.394239e-03       1.988972e-02       9.592492e-03       1.287729e-02
         610       1.170529e-02       1.032649e-03       5.215593e-03       3.211344e-02       2.881034e-03       1.502549e-02
         620       6.671172e-03       1.393673e-03       3.427746e-03       1.262115e-02       4.781418e-03       9.247184e-03
         630       5.379122e-03       1.636108e-03       3.380029e-03       1.805455e-02       8.802192e-03       1.138628e-02
         640       4.607593e-03       2.910039e-03       3.411662e-03       1.294629e-02       8.620524e-03       1.079635e-02
         650       5.291147e-03       5.233573e-04       3.501654e-03       1.475902e-02       6.168228e-03       1.158704e-02
         660       6.305367e-03       1.718466e-03       3.495823e-03       1.778846e-02       5.012365e-03       1.113770e-02
         670       7.310892e-03       1.624503e-03       4.050032e-03       2.349253e-02       3.230710e-03       1.104371e-02
         680       3.560799e-03       1.335809e-03       2.164326e-03       1.265895e-02       6.303696e-03       9.370765e-03
         690       5.686339e-03       3.253013e-03       4.248185e-03       1.702089e-02       6.527645e-03       1.082196e-02
         700       8.233743e-03       2.881115e-03       5.034668e-03       1.984994e-02       3.497428e-03       1.377042e-02
         710       7.535506e-03       2.305329e-03       4.230425e-03       2.165544e-02       3.177162e-03       1.137364e-02
         720       5.425660e-03       2.746135e-03       3.702036e-03       1.901523e-02       3.069292e-03       1.163440e-02
         730       9.801686e-03       2.133283e-03       4.735884e-03       1.879635e-02       4.859438e-03       1.324501e-02
         740       6.574948e-03       2.060039e-03       4.921259e-03       1.799144e-02       5.696105e-03       1.201682e-02
         750       7.005649e-03       3.132693e-03       4.470066e-03       2.492452e-02       7.352915e-03       1.457272e-02
         760       1.034524e-02       1.224614e-03       4.710627e-03       2.551607e-02       6.347869e-03       1.324065e-02
         770       4.791568e-03       9.285226e-04       2.845926e-03       1.482990e-02       6.118843e-03       9.010490e-03
         780       8.467023e-03       2.495165e-03       4.725705e-03       2.035338e-02       5.637486e-03       1.274526e-02
         790       4.685070e-03       1.210705e-03       3.119475e-03       1.995406e-02       6.055377e-03       1.283958e-02
         800       4.353786e-03       2.015696e-03       2.794785e-03       1.389106e-02       8.242814e-03       1.052357e-02
         810       4.397494e-03       2.260677e-03       3.261623e-03       1.143454e-02       2.641022e-03       7.870347e-03
         820       5.983107e-03       2.037204e-03       4.662049e-03       1.614846e-02       4.603350e-03       1.163627e-02
         830       8.330567e-03       1.642513e-03       4.872068e-03       2.611245e-02       5.950630e-03       1.352752e-02
         840       9.169616e-03       1.949356e-03       6.641043e-03       2.322225e-02       7.724836e-03       1.724892e-02
         850       9.993015e-03       2.877821e-03       6.877810e-03       3.055669e-02       5.870454e-03       1.830578e-02
         860       8.063190e-03       5.913281e-03       6.884162e-03       3.197346e-02       5.214498e-03       1.897346e-02
         870       5.637273e-03       3.341892e-03       4.421424e-03       1.727504e-02       8.661799e-03       1.361840e-02
         880       7.387800e-03       1.018910e-03       5.134617e-03       2.751374e-02       9.336560e-03       1.490782e-02
         890       5.162782e-03       1.810543e-03       3.391444e-03       1.822426e-02       1.174234e-02       1.554705e-02
         900       1.055556e-02       2.733356e-03       6.604198e-03       3.246877e-02       4.990685e-03       1.777890e-02
         910       9.698108e-03       2.250332e-03       5.093761e-03       2.332670e-02       1.047036e-02       1.678190e-02
         920       7.142753e-03       6.765681e-04       3.713754e-03       2.079416e-02       8.990729e-03       1.471416e-02
         930       7.150054e-03       7.999089e-04       3.593385e-03       2.403051e-02       8.286217e-03       1.416641e-02
         940       7.304203e-03       1.263307e-03       4.677532e-03       2.462774e-02       9.793968e-03       1.567573e-02
         950       4.148105e-03       9.538337e-04       2.502143e-03       1.442522e-02       7.210059e-03       9.745490e-03
         960       6.200568e-03       1.085224e-03       3.481854e-03       1.147037e-02       6.215003e-03       9.423366e-03
         970       6.408355e-03       3.002599e-03       4.602864e-03       1.803845e-02       9.359897e-03       1.235946e-02
         980       5.366563e-03       1.930008e-03       3.272376e-03       1.541306e-02       7.355085e-03       1.008849e-02
         990       4.537860e-03       1.892856e-03       2.744429e-03       1.831804e-02       4.511249e-03       1.233107e-02
        1000       2.126789e-03       1.192977e-03       1.842490e-03       1.271634e-02       3.547144e-03       7.188297e-03
