#       step         max_devi_v         min_devi_v         avg_devi_v         max_devi_f         min_devi_f         avg_devi_f
           0       1.714242e-02       3.628400e-03       9.024601e-03       6.078723e-02       2.931561e-02       4.252135e-02
          10       1.867689e-02       9.156592e-04       9.946025e-03       4.807919e-02       2.449955e-02       3.506970e-02
          20       1.314698e-02       2.799757e-03       5.936683e-03       2.511328e-02       1.221272e-02       1.656377e-02
          30       9.772646e-03       9.489593e-04       4.358442e-03       2.747250e-02       5.057053e-03       1.296287e-02
          40       8.495625e-03       8.275724e-04       4.245360e-03       1.197328e-02       4.141595e-03       8.382619e-03
          50       2.329520e-02       1.065661e-03       1.132345e-02       3.235103e-02       8.519406e-03       1.959637e-02
          60       1.684734e-02       1.598920e-03       8.661014e-03       2.313555e-02       1.205019e-02       1.624541e-02
          70       1.539471e-02       2.995611e-03       8.620412e-03       2.324180e-02       1.227499e-02       1.693082e-02
          80       1.876419e-02       4.746438e-03       1.031386e-02       3.193947e-02       1.199556e-02       2.006491e-02
          90       1.880153e-02       2.461502e-03       9.336373e-03       2.714889e-02       8.549797e-03       1.772316e-02
         100       1.454061e-02       2.292790e-03       6.808572e-03       1.774752e-02       7.929348e-03       1.328568e-02
         110       4.491546e-03       1.805864e-03       2.971748e-03       1.843464e-02       3.972764e-03       1.075407e-02
         120       6.346031e-03       1.022227e-03       4.228308e-03       2.138385e-02       5.426734e-03       1.376268e-02
         130       9.010133e-03       2.167751e-03       5.042930e-03       3.052180e-02       1.371342e-02       2.068452e-02
         140       1.380225e-02       1.284923e-03       8.414441e-03       2.955499e-02       9.160269e-03       1.926792e-02
         150       7.582332e-03       2.513769e-03       5.603234e-03       1.909630e-02       8.270961e-03       1.565258e-02
         160       1.005935e-02       2.216219e-03       5.704849e-03       2.688621e-02       6.490243e-03       1.353500e-02
         170       1.097858e-02       1.289702e-03       6.058418e-03       2.128338e-02       7.467332e-03       1.458398e-02
         180       1.410787e-02       3.750456e-03       7.416704e-03       3.211404e-02       9.350142e-03       1.686195e-02
         190       6.646563e-03       2.959394e-03       4.640798e-03       1.683491e-02       6.019267e-03       1.193256e-02
         200       7.504580e-03       2.329844e-03       4.861524e-03       1.569788e-02       5.379250e-03       1.231791e-02
         210       8.443666e-03       1.215093e-03       5.011208e-03       2.138395e-02       5.956678e-03       1.338105e-02
         220       5.505213e-03       1.865871e-03       3.400772e-03       1.666488e-02       4.290852e-03       1.163362e-02
         230       1.149662e-02       1.027122e-03       5.295588e-03       2.812322e-02       4.386019e-03       1.460657e-02
         240       8.205138e-03       1.780226e-03       4.734449e-03       1.865284e-02       6.402790e-03       1.186554e-02
         250       8.114441e-03       1.525960e-03       5.336589e-03       2.439376e-02       5.850067e-03       1.464527e-02
         260       1.156763e-02       3.524912e-03       6.127028e-03       2.455385e-02       1.196528e-02       1.887533e-02
         270       8.883763e-03       5.365248e-03       6.590120e-03       2.837910e-02       9.758352e-03       1.907399e-02
         280       1.102146e-02       3.968055e-03       8.573255e-03       3.820078e-02       1.307119e-02       2.238389e-02
         290       1.448030e-02       3.300835e-03       7.812988e-03       4.421515e-02       1.342106e-02       2.631342e-02
         300       1.865746e-02       3.083776e-03       9.156155e-03       5.104533e-02       9.381364e-03       2.518675e-02
         310       9.761484e-03       1.930689e-03       5.002331e-03       2.827459e-02       8.356276e-03       1.421341e-02
         320       1.122324e-02       1.351527e-03       4.957835e-03       1.727084e-02       6.370007e-03       1.183010e-02
         330       6.913132e-03       5.797418e-04       4.121806e-03       1.177311e-02       5.215208e-03       8.587656e-03
         340       4.992620e-03       2.424305e-03       3.997506e-03       1.331470e-02       4.269980e-03       9.781269e-03
         350       5.782778e-03       1.845508e-03       3.917521e-03       1.569813e-02       4.686679e-03       1.022041e-02
         360       7.227189e-03       1.919749e-03       3.957533e-03       1.577475e-02       5.447493e-03       9.389004e-03
         370       8.053586e-03       2.572588e-03       4.638720e-03       1.604019e-02       7.456211e-03       1.146522e-02
         380       5.241087e-03       2.255211e-03       3.905197e-03       1.560198e-02       7.962039e-03       1.077403e-02
         390       3.959197e-03       1.495919e-03       2.449970e-03       1.176483e-02       4.281281e-03       7.070635e-03
         400       6.941771e-03       2.601222e-03       3.980095e-03       2.440489e-02       7.372891e-03       1.256446e-02
         410       7.273589e-03       2.048874e-03       4.250343e-03       1.959025e-02       8.954149e-03       1.543292e-02
         420       1.051702e-02       2.191341e-03       4.739826e-03       1.810438e-02       6.623224e-03       1.306378e-02
         430       9.273478e-03       3.700255e-03       5.363758e-03       3.271157e-02       7.212247e-03       1.751463e-02
         440       6.906976e-03       2.130731e-03       4.714763e-03       2.227898e-02       1.022033e-02       1.508699e-02
         450       1.047758e-02       3.620192e-03       7.137841e-03       4.816788e-02       1.064010e-02       2.218075e-02
         460       8.470857e-03       2.259714e-03       5.217825e-03       2.608928e-02       6.110278e-03       1.927769e-02
         470       1.620475e-02       2.047500e-03       7.604945e-03       3.072285e-02       8.610132e-03       1.645451e-02
         480       1.039441e-02       1.621502e-03       6.095265e-03       2.484628e-02       1.145360e-02       1.751640e-02
         490       1.793133e-02       3.180024e-03       9.129018e-03       2.661207e-02       1.188806e-02       1.947994e-02
         500       1.210861e-02       2.066292e-03       8.017184e-03       3.003829e-02       1.220860e-02       2.008703e-02
         510       8.997689e-03       2.549323e-03       5.790966e-03       2.198009e-02       1.140578e-02       1.623154e-02
         520       1.151372e-02       2.595077e-03       6.150865e-03       2.338303e-02       9.308504e-03       1.579668e-02
         530       1.384262e-02       6.876353e-04       8.107420e-03       2.490776e-02       9.739855e-03       1.649898e-02
         540       1.466717e-02       1.062751e-03       7.450154e-03       2.508942e-02       8.704286e-03       1.769634e-02
         550       9.290703e-03       1.891768e-03       4.871367e-03       2.233635e-02       8.580123e-03       1.385183e-02
         560       2.691670e-03       8.794793e-04       2.054133e-03       2.162236e-02       5.121043e-03       1.258296e-02
         570       1.145866e-02       4.145020e-03       7.587140e-03       3.179966e-02       1.134579e-02       1.979567e-02
         580       1.145698e-02       2.402986e-03       6.103026e-03       2.818222e-02       1.105588e-02       1.851794e-02
         590       8.601093e-03       1.669204e-03       5.091480e-03       3.163852e-02       9.688482e-03       1.843854e-02
         600       9.792381e-03       1.100444e-03       5.218422e-03       2.999155e-02       9.893857e-03       1.890884e-02
         610       8.271677e-03       2.102794e-03       5.796667e-03       2.265274e-02       8.296316e-03       1.519825e-02
         620       1.319170e-02       2.227124e-03       7.380667e-03       4.072423e-02       6.122733e-03       2.096875e-02
         630       6.842170e-03       2.328527e-03       5.114865e-03       2.483810e-02       9.755756e-03       1.643802e-02
         640       7.881174e-03       3.042096e-03       5.465700e-03       2.326004e-02       7.331147e-03       1.576580e-02
         650       1.317325e-02       3.037486e-03       8.455589e-03       2.689681e-02       1.424050e-02       1.946767e-02
         660       1.688186e-02       8.835303e-04       7.831160e-03       2.592312e-02       1.296331e-02       1.964341e-02
         670       1.028212e-02       2.156798e-03       5.179173e-03       2.291262e-02       6.749422e-03       1.649348e-02
         680       1.234514e-02       1.854637e-03       5.967449e-03       2.794233e-02       7.581986e-03       1.734039e-02
         690       9.574019e-03       2.261691e-03       5.312213e-03       2.601308e-02       5.804769e-03       1.522857e-02
         700       1.263226e-02       3.925001e-04       5.380925e-03       2.005758e-02       4.923834e-03       1.359336e-02
         710       9.857982e-03       2.127053e-03       4.870229e-03       1.768573e-02       7.974026e-03       1.341759e-02
         720       1.235974e-02       9.420466e-04       4.766030e-03       1.858789e-02       6.026269e-03       1.081418e-02
         730       1.386644e-02       1.195689e-03       5.351318e-03       2.095668e-02       5.261510e-03       1.186653e-02
         740       1.691911e-02       9.563963e-04       6.745742e-03       2.135136e-02       6.256697e-03       1.416143e-02
         750       1.291665e-02       2.242565e-03       5.020359e-03       2.003896e-02       6.787289e-03       1.348036e-02
         760       1.399751e-02       1.754085e-03       5.761961e-03       1.820838e-02       8.420565e-03       1.366367e-02
         770       1.329546e-02       9.060757e-04       6.605588e-03       1.989130e-02       8.706583e-03       1.381734e-02
         780       1.250196e-02       1.099908e-03       6.873338e-03       2.281125e-02       7.928612e-03       1.476360e-02
         790       9.810169e-03       1.520690e-03       5.056964e-03       2.179868e-02       6.741544e-03       1.237991e-02
         800       5.658787e-03       1.397555e-03       3.272472e-03       1.241286e-02       6.312554e-03       9.179935e-03
         810       2.758825e-03       7.615233e-04       2.036325e-03       1.345792e-02       5.200955e-03       7.953204e-03
         820       5.574517e-03       7.316256e-04       3.864074e-03       2.725235e-02       4.455861e-03       1.370724e-02
         830       6.405282e-03       1.672017e-03       3.740163e-03       2.053490e-02       3.741926e-03       1.218696e-02
         840       7.939016e-03       2.021424e-03       4.853318e-03       2.223543e-02       3.800859e-03       1.396717e-02
         850       7.898516e-03       4.887134e-04       3.922754e-03       2.417390e-02       4.671195e-03       1.186437e-02
         860       6.465990e-03       2.345583e-03       4.832210e-03       2.302023e-02       7.659836e-03       1.346243e-02
         870       4.892955e-03       5.964650e-04       2.609098e-03       1.549564e-02       4.529769e-03       1.099979e-02
         880       4.861367e-03       1.490614e-03       2.772083e-03       1.616113e-02       5.377608e-03       1.146187e-02
         890       1.033005e-02       1.751817e-03       5.412845e-03       2.192845e-02       6.730686e-03       1.381027e-02
         900       1.017295e-02       2.055594e-03       5.903865e-03       2.730712e-02       1.104647e-02       1.837117e-02
         910       1.144068e-02       1.152112e-03       6.597038e-03       3.740911e-02       6.670867e-03       2.450684e-02
         920       1.179447e-02       2.128768e-03       7.740893e-03       3.992687e-02       9.184544e-03       2.366918e-02
         930       9.028729e-03       1.673419e-03       4.095873e-03       2.085476e-02       6.739974e-03       1.192727e-02
         940       5.913700e-03       1.550538e-03       3.840011e-03       2.459852e-02       5.485778e-03       1.315833e-02
         950       8.229455e-03       2.388792e-03       6.382138e-03       2.459927e-02       5.495816e-03       1.793622e-02
         960       9.774365e-03       2.494340e-03       6.665678e-03       3.349094e-02       1.225976e-02       2.219279e-02
         970       1.209506e-02       2.641111e-03       5.584023e-03       3.083231e-02       9.164647e-03       1.820971e-02
         980       9.399296e-03       2.542097e-03       4.596752e-03       1.807845e-02       8.428321e-03       1.366435e-02
         990       9.191839e-03       1.769505e-03       5.142209e-03       2.587707e-02       6.057603e-03       1.542178e-02
        1000       1.285235e-02       1.504079e-03       5.757395e-03       2.641897e-02       6.831648e-03       1.572377e-02
