#       step         max_devi_v         min_devi_v         avg_devi_v         max_devi_f         min_devi_f         avg_devi_f
           0       1.211331e-02       7.588245e-03       8.523846e-03       3.298744e-02       1.658218e-02       2.328542e-02
          10       9.754503e-03       4.697826e-03       6.828591e-03       2.885603e-02       6.895544e-03       2.103393e-02
          20       9.471996e-03       2.450799e-03       5.690103e-03       1.971105e-02       1.506492e-02       1.755861e-02
          30       8.676180e-03       2.050805e-03       4.923745e-03       2.380810e-02       1.050471e-02       1.562746e-02
          40       1.534571e-02       2.525234e-03       7.335045e-03       3.271925e-02       1.004310e-02       2.190831e-02
          50       8.539780e-03       1.309834e-03       4.678881e-03       1.853178e-02       6.191465e-03       1.282081e-02
          60       6.222333e-03       2.927487e-03       4.526160e-03       1.982852e-02       9.813503e-03       1.439190e-02
          70       5.257809e-03       1.380477e-03       3.544736e-03       1.970078e-02       6.558750e-03       1.176975e-02
          80       4.828406e-03       2.182703e-03       3.613673e-03       1.649558e-02       6.661894e-03       1.155545e-02
          90       6.094062e-03       2.796522e-03       4.257672e-03       1.367424e-02       9.129355e-03       1.103512e-02
         100       1.006639e-02       3.223445e-03       6.292819e-03       2.052794e-02       9.088182e-03       1.510130e-02
         110       1.224754e-02       2.147402e-03       5.802463e-03       2.809410e-02       7.920473e-03       1.768487e-02
         120       1.069924e-02       2.960102e-03       5.746134e-03       2.585402e-02       1.216822e-02       1.692166e-02
         130       8.408270e-03       2.312179e-03       5.129214e-03       3.342616e-02       1.343408e-02       2.002940e-02
         140       1.001839e-02       2.766518e-03       6.002007e-03       2.729795e-02       7.261351e-03       1.806047e-02
         150       1.195616e-02       2.338372e-03       6.838603e-03       3.090654e-02       1.057630e-02       1.929238e-02
         160       8.579978e-03       2.373284e-03       4.585500e-03       2.065153e-02       1.065585e-02       1.561956e-02
         170       1.211244e-02       2.651421e-03       6.359287e-03       2.750287e-02       1.211308e-02       1.877341e-02
         180       7.685436e-03       1.683712e-03       5.529267e-03       2.748091e-02       1.125841e-02       1.837824e-02
         190       8.173842e-03       1.688920e-03       5.351210e-03       2.629311e-02       1.051631e-02       1.598905e-02
         200       7.160049e-03       3.440012e-03       5.283211e-03       1.918260e-02       1.289007e-02       1.567954e-02
         210       6.206253e-03       1.394871e-03       3.090885e-03       1.784646e-02       5.822176e-03       1.239152e-02
         220       5.722529e-03       1.266110e-03       3.054192e-03       1.605019e-02       5.100850e-03       1.215931e-02
         230       8.966440e-03       1.453436e-03       3.875652e-03       2.415301e-02       6.193176e-03       1.392224e-02
         240       1.006759e-02       1.361527e-03       5.774141e-03       2.777425e-02       4.976772e-03       1.597458e-02
         250       1.176151e-02       2.701030e-03       6.131102e-03       2.100967e-02       1.087384e-02       1.709527e-02
         260       1.435322e-02       1.663616e-03       8.091301e-03       2.818362e-02       1.709515e-02       2.065628e-02
         270       1.445953e-02       2.217388e-03       6.560620e-03       2.668995e-02       1.396090e-02       1.962542e-02
         280       1.321900e-02       1.682016e-03       6.886121e-03       4.196135e-02       1.683820e-02       2.335274e-02
         290       1.367486e-02       5.889701e-03       7.937062e-03       3.678254e-02       1.330515e-02       2.254136e-02
         300       8.862542e-03       1.819485e-03       5.126748e-03       2.649974e-02       1.317124e-02       2.085046e-02
         310       1.112190e-02       3.422197e-03       6.095153e-03       2.665983e-02       1.142784e-02       1.743345e-02
         320       7.794242e-03       7.471543e-04       3.999210e-03       2.045973e-02       5.915234e-03       1.501103e-02
         330       1.031063e-02       2.808925e-03       5.457235e-03       2.810281e-02       1.347078e-02       1.992877e-02
         340       5.178144e-03       3.371017e-03       4.452348e-03       2.120244e-02       6.846504e-03       1.499323e-02
         350       9.130815e-03       2.544129e-03       5.277768e-03       1.972765e-02       1.112736e-02       1.566725e-02
         360       5.823541e-03       1.495996e-03       3.383215e-03       1.713529e-02       7.485480e-03       1.278492e-02
         370       7.235332e-03       1.782091e-03       3.984814e-03       1.720597e-02       7.112244e-03       1.297961e-02
         380       4.383954e-03       1.049685e-03       2.582426e-03       2.047753e-02       7.148330e-03       1.349709e-02
         390       7.596634e-03       2.241254e-03       4.268153e-03       3.418482e-02       1.358816e-02       1.943936e-02
         400       8.213156e-03       3.494975e-03       5.843005e-03       2.378743e-02       1.260796e-02       1.980300e-02
         410       9.018304e-03       1.291765e-03       5.460194e-03       2.668330e-02       7.568087e-03       1.901752e-02
         420       1.111112e-02       1.869419e-03       6.540710e-03       3.191543e-02       1.012831e-02       2.285758e-02
         430       1.592084e-02       4.390390e-03       8.913025e-03       3.603646e-02       8.533812e-03       2.561589e-02
         440       1.732867e-02       3.738937e-03       8.978953e-03       4.133499e-02       6.565368e-03       2.504922e-02
         450       1.067414e-02       7.851567e-04       6.410537e-03       2.444726e-02       6.123397e-03       1.625613e-02
         460       1.930797e-02       4.726514e-03       8.827147e-03       3.537528e-02       7.571955e-03       2.080459e-02
         470       1.181586e-02       2.056536e-03       5.774827e-03       2.668965e-02       1.073181e-02       1.615573e-02
         480       7.161964e-03       1.627789e-03       5.166430e-03       2.983317e-02       1.145029e-02       1.844185e-02
         490       1.064107e-02       1.858945e-03       5.425627e-03       2.991821e-02       6.352038e-03       1.604957e-02
         500       9.281590e-03       1.404643e-03       4.974651e-03       1.613671e-02       8.751647e-03       1.318207e-02
         510       1.166537e-02       1.539263e-03       5.670992e-03       2.761838e-02       8.523103e-03       1.633785e-02
         520       1.301035e-02       1.431488e-03       6.662512e-03       3.071438e-02       9.769402e-03       1.755397e-02
         530       8.213266e-03       2.587512e-03       5.530746e-03       2.483378e-02       9.696821e-03       1.759611e-02
         540       6.723744e-03       2.477865e-03       3.972899e-03       1.989495e-02       9.851890e-03       1.501014e-02
         550       1.206020e-02       1.994954e-03       5.582626e-03       3.411089e-02       9.808542e-03       1.757894e-02
         560       9.299781e-03       2.803614e-03       5.446273e-03       3.277189e-02       1.101476e-02       1.822287e-02
         570       1.482646e-02       3.274572e-03       6.784734e-03       3.768976e-02       9.753926e-03       2.203323e-02
         580       1.325053e-02       9.730294e-04       7.573030e-03       3.505746e-02       8.287365e-03       2.439517e-02
         590       7.799987e-03       2.590473e-03       4.787448e-03       1.967307e-02       1.067768e-02       1.510582e-02
         600       8.012941e-03       2.360911e-03       5.531229e-03       3.282748e-02       1.193267e-02       1.929524e-02
         610       1.009105e-02       1.197118e-03       4.754369e-03       2.127814e-02       9.991604e-03       1.393770e-02
         620       1.082645e-02       1.720901e-03       5.492287e-03       2.131301e-02       7.632058e-03       1.298002e-02
         630       9.928762e-03       1.818725e-03       6.062226e-03       2.652217e-02       6.119383e-03       1.750578e-02
         640       7.115930e-03       1.455473e-03       3.844621e-03       2.476425e-02       5.167380e-03       1.311620e-02
         650       1.141647e-02       3.328993e-03       5.508294e-03       2.211450e-02       6.667341e-03       1.313855e-02
         660       1.048067e-02       1.217445e-03       4.788848e-03       2.388475e-02       7.357424e-03       1.641041e-02
         670       1.949549e-02       1.814149e-03       8.451643e-03       3.742050e-02       1.205229e-02       2.158741e-02
         680       5.306050e-03       2.534525e-03       4.294015e-03       2.828041e-02       9.828846e-03       1.741883e-02
         690       1.121744e-02       2.809068e-03       5.811472e-03       2.647182e-02       1.312161e-02       1.835962e-02
         700       5.044776e-03       3.470588e-03       4.145461e-03       2.165187e-02       7.989774e-03       1.351803e-02
         710       1.207557e-02       3.072616e-03       7.648829e-03       2.389589e-02       8.558307e-03       1.871475e-02
         720       1.032666e-02       3.364598e-03       7.187258e-03       2.690893e-02       1.547874e-02       2.107644e-02
         730       6.077062e-03       8.893689e-04       4.693209e-03       2.343344e-02       9.674247e-03       1.626278e-02
         740       7.086959e-03       3.598431e-03       5.356149e-03       2.217891e-02       9.506812e-03       1.616277e-02
         750       7.681544e-03       3.545937e-03       4.790139e-03       2.293508e-02       8.802465e-03       1.822287e-02
         760       1.044698e-02       1.476124e-03       5.498148e-03       2.609865e-02       9.535067e-03       1.525179e-02
         770       6.726172e-03       3.001054e-03       4.383021e-03       1.963123e-02       6.845305e-03       1.383148e-02
         780       1.583509e-02       1.796918e-03       8.664912e-03       3.341217e-02       9.350296e-03       2.387658e-02
         790       8.121260e-03       6.487688e-04       5.623096e-03       2.945063e-02       7.965966e-03       1.987401e-02
         800       8.116232e-03       2.244001e-03       4.944735e-03       2.603270e-02       7.622916e-03       1.848657e-02
         810       8.432477e-03       2.473825e-03       5.129536e-03       2.052370e-02       8.183376e-03       1.572577e-02
         820       1.027557e-02       1.643153e-03       6.081491e-03       2.785042e-02       1.477738e-02       2.080168e-02
         830       8.428343e-03       1.013545e-03       5.395736e-03       2.768544e-02       1.259651e-02       1.773820e-02
         840       1.433082e-02       8.612480e-04       7.257547e-03       2.618472e-02       1.288425e-02       1.949057e-02
         850       7.966856e-03       9.873548e-04       4.670423e-03       2.248476e-02       1.045230e-02       1.900750e-02
         860       9.964007e-03       3.245728e-03       6.071133e-03       2.829467e-02       1.321918e-02       1.927972e-02
         870       9.277268e-03       3.377175e-03       5.317299e-03       2.718677e-02       1.222269e-02       1.846291e-02
         880       1.156253e-02       2.690800e-03       6.889082e-03       2.201617e-02       6.426812e-03       1.604178e-02
         890       7.678482e-03       3.556014e-03       5.355476e-03       2.235861e-02       1.476927e-02       1.936757e-02
         900       6.844665e-03       9.595379e-04       5.328448e-03       2.472858e-02       6.568730e-03       1.647165e-02
         910       8.745004e-03       1.701240e-03       5.174651e-03       2.087341e-02       8.290032e-03       1.291187e-02
         920       4.752662e-03       1.765630e-03       3.054136e-03       1.425120e-02       7.872630e-03       9.682791e-03
         930       1.035582e-02       9.499980e-04       4.863625e-03       2.398158e-02       6.708304e-03       1.391432e-02
         940       6.094226e-03       3.772172e-03       4.776273e-03       2.158220e-02       1.325534e-02       1.745183e-02
         950       9.924681e-03       2.791455e-03       6.311683e-03       2.532393e-02       9.992481e-03       1.676028e-02
         960       1.552533e-02       3.238729e-03       8.581830e-03       3.313496e-02       9.785440e-03       2.074582e-02
         970       1.248156e-02       3.334981e-03       7.146812e-03       2.900836e-02       9.086151e-03       1.965689e-02
         980       6.605812e-03       2.634535e-03       5.153140e-03       2.206159e-02       9.355301e-03       1.602662e-02
         990       8.219466e-03       2.963544e-03       5.570196e-03       2.173237e-02       9.478606e-03       1.664317e-02
        1000       7.003677e-03       3.972511e-03       5.222656e-03       2.117936e-02       7.034714e-03       1.629128e-02
