#       step         max_devi_v         min_devi_v         avg_devi_v         max_devi_f         min_devi_f         avg_devi_f
           0       2.376056e-02       1.300594e-03       1.290175e-02       5.969915e-02       1.317622e-02       3.692194e-02
          10       2.097753e-02       4.464875e-03       1.070367e-02       4.415330e-02       1.936590e-02       3.082181e-02
          20       1.184822e-02       3.785221e-03       6.783077e-03       3.155342e-02       1.461415e-02       2.256115e-02
          30       1.058493e-02       1.657791e-03       5.727734e-03       2.121871e-02       9.276243e-03       1.579618e-02
          40       8.034648e-03       1.140785e-03       4.666257e-03       2.363714e-02       7.335530e-03       1.435701e-02
          50       1.488974e-02       1.553625e-03       8.716023e-03       2.416145e-02       6.271441e-03       1.693645e-02
          60       1.004675e-02       1.435778e-03       6.484627e-03       2.164694e-02       6.024446e-03       1.446642e-02
          70       8.751388e-03       1.795774e-03       4.562135e-03       2.352083e-02       5.878765e-03       1.209081e-02
          80       7.434431e-03       1.528992e-03       4.023787e-03       1.120687e-02       5.703975e-03       9.216523e-03
          90       1.081139e-02       6.127253e-04       6.312306e-03       2.496533e-02       7.984079e-03       1.465020e-02
         100       6.093602e-03       8.192977e-04       3.393218e-03       1.710115e-02       6.476113e-03       1.327230e-02
         110       1.033421e-02       1.903599e-03       5.756830e-03       1.942495e-02       9.730499e-03       1.521854e-02
         120       8.508150e-03       2.180958e-03       4.457784e-03       2.545773e-02       1.703182e-02       2.045059e-02
         130       1.291831e-02       1.476841e-03       8.395408e-03       3.326173e-02       1.227257e-02       2.209688e-02
         140       1.202083e-02       2.906863e-03       6.125750e-03       2.859184e-02       1.034767e-02       1.919189e-02
         150       9.088017e-03       3.428758e-03       4.888672e-03       2.497314e-02       1.634705e-02       2.064620e-02
         160       1.441995e-02       2.579785e-03       7.487226e-03       2.821567e-02       1.416000e-02       2.180149e-02
         170       8.353894e-03       2.721733e-03       5.691065e-03       2.369775e-02       9.991609e-03       1.700896e-02
         180       7.252240e-03       3.579317e-03       5.430751e-03       1.561992e-02       1.159265e-02       1.372522e-02
         190       1.023614e-02       4.850149e-03       6.909977e-03       1.872448e-02       1.054010e-02       1.519353e-02
         200       7.050112e-03       1.769041e-03       3.620727e-03       2.020539e-02       8.710549e-03       1.397935e-02
         210       8.933002e-03       1.527246e-03       4.210127e-03       2.441221e-02       1.109811e-02       1.628202e-02
         220       1.241812e-02       3.017347e-03       6.173292e-03       2.358469e-02       9.987494e-03       1.641712e-02
         230       1.149271e-02       1.030206e-03       5.677917e-03       2.821606e-02       1.132884e-02       1.821861e-02
         240       6.199476e-03       2.274569e-03       4.611829e-03       2.223057e-02       1.039820e-02       1.542948e-02
         250       1.275195e-02       3.922731e-03       7.985522e-03       3.136374e-02       1.119747e-02       2.013773e-02
         260       1.163082e-02       2.831944e-03       6.531015e-03       2.734028e-02       1.247271e-02       1.933229e-02
         270       1.013124e-02       1.228908e-03       5.941424e-03       2.586570e-02       1.131901e-02       1.873667e-02
         280       1.131127e-02       4.150105e-03       7.170955e-03       2.387800e-02       1.458631e-02       1.918914e-02
         290       1.486182e-02       1.794144e-03       5.788322e-03       2.274209e-02       1.557981e-02       1.989808e-02
         300       8.876891e-03       3.558604e-03       5.726014e-03       3.672485e-02       9.704932e-03       2.450996e-02
         310       8.792980e-03       1.186654e-03       5.353754e-03       2.540693e-02       1.957271e-02       2.262332e-02
         320       8.839717e-03       7.690726e-04       4.717179e-03       2.133282e-02       1.312521e-02       1.690531e-02
         330       2.062080e-02       3.621400e-03       8.824493e-03       3.408002e-02       1.146432e-02       2.289366e-02
         340       6.092885e-03       3.229057e-03       4.332226e-03       2.178142e-02       6.966922e-03       1.302293e-02
         350       7.837684e-03       8.286343e-04       4.585013e-03       1.343648e-02       6.498737e-03       1.043526e-02
         360       8.070757e-03       5.460857e-04       4.620066e-03       2.031117e-02       6.303000e-03       1.368201e-02
         370       1.007270e-02       1.695292e-03       4.864699e-03       1.568782e-02       9.052761e-03       1.265085e-02
         380       8.134085e-03       2.000911e-03       4.901971e-03       2.436407e-02       1.104439e-02       1.784823e-02
         390       1.003652e-02       2.518451e-03       6.828698e-03       2.493578e-02       8.634167e-03       1.711684e-02
         400       1.064670e-02       3.689746e-03       6.448386e-03       2.750655e-02       5.708657e-03       1.712663e-02
         410       1.165120e-02       1.144719e-03       6.383966e-03       2.868148e-02       1.039217e-02       1.696156e-02
         420       7.477143e-03       1.996971e-03       4.645312e-03       2.286363e-02       1.153016e-02       1.596727e-02
         430       7.601207e-03       2.135549e-03       5.403040e-03       2.307181e-02       1.412303e-02       1.831049e-02
         440       1.376768e-02       2.622125e-03       7.108801e-03       2.362170e-02       1.000244e-02       1.815231e-02
         450       1.273232e-02       2.108948e-03       5.822791e-03       2.550428e-02       9.265400e-03       1.834613e-02
         460       9.236289e-03       3.053244e-03       6.057147e-03       2.535494e-02       1.173863e-02       1.673012e-02
         470       6.988863e-03       1.277992e-03       3.903597e-03       2.155611e-02       8.130951e-03       1.412926e-02
         480       6.786140e-03       2.611652e-03       4.672235e-03       1.739016e-02       8.748226e-03       1.323699e-02
         490       8.288155e-03       1.802394e-03       4.170645e-03       1.809093e-02       9.306825e-03       1.341908e-02
         500       1.267371e-02       2.566488e-03       6.102729e-03       1.989003e-02       6.977068e-03       1.481492e-02
         510       1.278683e-02       2.537245e-03       6.154474e-03       2.133864e-02       6.410190e-03       1.592503e-02
         520       1.064508e-02       3.484111e-03       5.382386e-03       2.114839e-02       9.050484e-03       1.753439e-02
         530       1.758573e-02       3.476190e-03       8.463893e-03       3.307292e-02       1.084355e-02       2.435482e-02
         540       1.251687e-02       2.521100e-03       6.744797e-03       4.266744e-02       1.428596e-02       2.752195e-02
         550       6.656000e-03       2.429487e-03       4.618423e-03       2.365504e-02       1.000899e-02       1.677864e-02
         560       9.312917e-03       1.459452e-03       4.623868e-03       2.665557e-02       1.545558e-02       1.916950e-02
         570       9.913705e-03       3.124810e-03       7.066018e-03       3.770405e-02       1.300772e-02       2.352982e-02
         580       1.033751e-02       1.895779e-03       5.075893e-03       2.796280e-02       1.194890e-02       1.735074e-02
         590       9.765106e-03       1.672229e-03       4.745388e-03       2.312298e-02       1.064589e-02       1.692628e-02
         600       5.846115e-03       1.649090e-03       3.616473e-03       2.610617e-02       1.215004e-02       1.861411e-02
         610       8.709012e-03       3.966999e-03       6.274080e-03       2.373240e-02       1.160207e-02       1.720155e-02
         620       8.484655e-03       2.637136e-03       5.453635e-03       2.114510e-02       1.042759e-02       1.549066e-02
         630       7.984082e-03       2.085624e-03       5.002151e-03       2.401633e-02       1.451899e-02       1.884846e-02
         640       6.472432e-03       1.594529e-03       4.177397e-03       2.801589e-02       1.526287e-02       2.038472e-02
         650       1.091450e-02       2.375513e-03       6.516974e-03       2.402573e-02       1.262870e-02       1.732515e-02
         660       1.011127e-02       2.649007e-03       6.695699e-03       3.206260e-02       1.438662e-02       2.218859e-02
         670       9.679708e-03       2.876269e-03       5.379532e-03       2.658694e-02       8.750930e-03       1.744558e-02
         680       1.043571e-02       1.876932e-03       6.204780e-03       2.162692e-02       1.226505e-02       1.810808e-02
         690       8.842989e-03       2.176366e-03       6.971243e-03       2.541756e-02       8.129390e-03       1.709599e-02
         700       9.501447e-03       2.877488e-03       6.680696e-03       2.496551e-02       1.099931e-02       1.738296e-02
         710       1.241953e-02       1.008590e-03       4.808686e-03       3.077776e-02       1.112110e-02       1.905149e-02
         720       6.304315e-03       2.117646e-03       3.623943e-03       2.053151e-02       6.527120e-03       1.481051e-02
         730       1.224023e-02       1.413330e-03       6.384035e-03       3.292181e-02       7.108020e-03       1.938585e-02
         740       7.359716e-03       3.056543e-03       4.599715e-03       2.679720e-02       9.434156e-03       1.644121e-02
         750       1.052350e-02       3.072344e-03       6.361755e-03       3.177033e-02       9.959306e-03       2.144346e-02
         760       1.289752e-02       4.739314e-03       7.428771e-03       2.945828e-02       1.444257e-02       1.893091e-02
         770       1.125227e-02       2.961626e-03       6.507406e-03       2.929325e-02       9.574877e-03       1.868052e-02
         780       1.026559e-02       4.099682e-03       5.908072e-03       2.229469e-02       9.082543e-03       1.636055e-02
         790       1.587856e-02       4.305372e-03       9.024346e-03       2.959420e-02       7.801023e-03       2.242242e-02
         800       1.292564e-02       1.146293e-03       6.829243e-03       2.447227e-02       8.955954e-03       1.876813e-02
         810       8.738038e-03       2.582612e-03       6.360866e-03       2.525545e-02       1.444337e-02       2.071781e-02
         820       1.344298e-02       3.805999e-03       7.068589e-03       2.536392e-02       1.098513e-02       1.841705e-02
         830       9.665511e-03       2.505784e-03       5.489044e-03       2.435250e-02       8.910929e-03       1.606457e-02
         840       9.176248e-03       1.178378e-03       5.836743e-03       2.057847e-02       1.414683e-02       1.627358e-02
         850       1.102258e-02       1.550971e-03       6.519998e-03       2.244553e-02       9.692231e-03       1.609548e-02
         860       9.481472e-03       1.510818e-03       4.914359e-03       2.189605e-02       8.383454e-03       1.434527e-02
         870       7.796097e-03       1.094543e-03       4.506856e-03       2.271629e-02       6.589370e-03       1.348386e-02
         880       8.923923e-03       2.057778e-03       5.442512e-03       2.827169e-02       6.371277e-03       1.582875e-02
         890       9.160326e-03       1.940423e-03       5.266028e-03       1.937932e-02       1.012284e-02       1.475282e-02
         900       9.866059e-03       1.418030e-03       5.139103e-03       3.040920e-02       9.546099e-03       1.596034e-02
         910       8.408931e-03       2.051635e-03       6.450648e-03       2.199460e-02       1.056220e-02       1.548745e-02
         920       1.776684e-02       2.555539e-03       7.470014e-03       3.418341e-02       1.298236e-02       2.129533e-02
         930       1.205285e-02       2.905417e-03       6.299715e-03       2.894028e-02       7.269344e-03       2.013529e-02
         940       9.465873e-03       2.364977e-03       5.158709e-03       2.154534e-02       1.558347e-02       1.812061e-02
         950       7.843584e-03       2.700224e-03       4.292813e-03       2.244370e-02       1.463864e-02       1.840696e-02
         960       1.091474e-02       2.661494e-03       5.799474e-03       2.046813e-02       8.002780e-03       1.406181e-02
         970       8.093921e-03       1.361930e-03       4.323244e-03       2.176423e-02       6.383141e-03       1.493910e-02
         980       9.763171e-03       1.733163e-03       5.896889e-03       3.671018e-02       1.198878e-02       2.149257e-02
         990       8.585836e-03       3.409602e-03       6.456280e-03       2.277326e-02       9.283183e-03       1.809413e-02
        1000       1.175704e-02       4.877415e-03       7.152437e-03       2.672179e-02       8.112163e-03       1.866663e-02
