#       step         max_devi_v         min_devi_v         avg_devi_v         max_devi_f         min_devi_f         avg_devi_f
           0       1.320088e-02       1.906568e-03       8.645919e-03       3.846173e-02       1.163943e-02       2.713487e-02
          10       1.553462e-02       3.360608e-03       8.192237e-03       5.091863e-02       1.997258e-02       3.021254e-02
          20       1.001244e-02       1.683055e-03       4.421471e-03       2.482106e-02       4.902428e-03       1.458770e-02
          30       1.018425e-02       3.530489e-03       6.650117e-03       1.846363e-02       1.148058e-02       1.574076e-02
          40       1.070205e-02       6.389826e-04       5.408073e-03       1.894009e-02       7.406403e-03       1.294345e-02
          50       2.349286e-02       2.356409e-03       9.428509e-03       2.804012e-02       4.976543e-03       1.935694e-02
          60       2.251036e-02       2.035162e-03       9.303709e-03       3.054690e-02       6.729248e-03       2.057903e-02
          70       1.696679e-02       1.317124e-03       7.128769e-03       2.506247e-02       7.794168e-03       1.798856e-02
          80       9.116553e-03       1.233760e-03       4.886719e-03       1.917552e-02       9.783602e-03       1.309584e-02
          90       1.144226e-02       3.357994e-03       5.860314e-03       2.449198e-02       8.470683e-03       1.381945e-02
         100       6.873662e-03       1.371036e-03       3.914290e-03       1.468047e-02       5.692893e-03       1.030436e-02
         110       9.931065e-03       1.603513e-03       4.529836e-03       1.886872e-02       1.021072e-02       1.463793e-02
         120       9.752336e-03       2.071302e-03       5.958995e-03       2.548325e-02       9.970543e-03       1.715192e-02
         130       1.306092e-02       1.273822e-03       6.189393e-03       2.994236e-02       1.177237e-02       1.830917e-02
         140       8.252466e-03       2.950171e-03       5.505891e-03       2.882708e-02       1.168057e-02       1.810765e-02
         150       9.163878e-03       7.480706e-04       4.370834e-03       2.741727e-02       8.612014e-03       1.543147e-02
         160       8.513542e-03       2.688334e-03       5.144028e-03       2.751702e-02       1.109451e-02       1.582088e-02
         170       8.616702e-03       2.993754e-03       5.673696e-03       2.791392e-02       1.104863e-02       1.899203e-02
         180       9.839767e-03       1.211673e-03       5.244598e-03       2.952515e-02       4.977505e-03       1.348862e-02
         190       1.040682e-02       1.458405e-03       5.312643e-03       2.300875e-02       7.051474e-03       1.279901e-02
         200       7.688813e-03       1.386011e-03       4.942236e-03       2.252892e-02       5.090938e-03       1.134016e-02
         210       1.356581e-02       1.932095e-03       6.644134e-03       2.493211e-02       7.112231e-03       1.486940e-02
         220       1.443816e-02       1.774460e-03       6.747564e-03       2.686094e-02       9.100471e-03       1.696578e-02
         230       1.575538e-02       2.576163e-03       8.172855e-03       3.568464e-02       5.488562e-03       2.047271e-02
         240       8.571986e-03       7.978935e-04       5.542649e-03       2.508157e-02       6.109522e-03       1.517043e-02
         250       6.912147e-03       1.744504e-03       4.867378e-03       2.385817e-02       7.386301e-03       1.374707e-02
         260       1.578179e-02       2.059624e-03       8.260141e-03       3.386125e-02       1.138564e-02       2.100888e-02
         270       1.746211e-02       1.333832e-03       8.215241e-03       2.945584e-02       9.307460e-03       2.231029e-02
         280       8.634626e-03       2.013501e-03       4.814599e-03       2.681771e-02       1.073885e-02       1.567239e-02
         290       1.159356e-02       3.783817e-03       6.525588e-03       3.221692e-02       1.560912e-02       2.004647e-02
         300       1.381627e-02       2.080728e-03       7.135981e-03       2.523966e-02       1.272481e-02       1.992036e-02
         310       1.150309e-02       2.798927e-03       6.759905e-03       2.470134e-02       7.494113e-03       1.651808e-02
         320       7.050590e-03       9.710523e-04       4.116781e-03       1.656220e-02       3.014051e-03       1.042432e-02
         330       6.265818e-03       2.174606e-03       4.711065e-03       1.705977e-02       6.769346e-03       1.266829e-02
         340       5.906615e-03       2.563318e-03       4.220325e-03       1.866454e-02       3.712267e-03       1.060783e-02
         350       9.158686e-03       1.965540e-03       6.016685e-03       2.582633e-02       5.516351e-03       1.445094e-02
         360       9.349060e-03       3.447185e-04       4.624162e-03       1.757634e-02       6.005952e-03       1.115589e-02
         370       8.150776e-03       5.427635e-04       5.134786e-03       3.218280e-02       6.826622e-03       1.522917e-02
         380       8.223912e-03       1.321978e-03       3.815643e-03       1.866614e-02       2.999699e-03       1.022047e-02
         390       6.191984e-03       1.999820e-03       3.580178e-03       1.638675e-02       4.753834e-03       1.062799e-02
         400       5.978626e-03       1.221473e-03       3.234900e-03       1.036288e-02       3.826924e-03       7.935433e-03
         410       5.618331e-03       8.196029e-04       2.403633e-03       8.017018e-03       5.062470e-03       6.068074e-03
         420       4.582648e-03       2.179019e-03       3.574394e-03       2.020914e-02       7.731802e-03       1.346916e-02
         430       9.613662e-03       1.269598e-03       4.719844e-03       2.797569e-02       8.244681e-03       1.495594e-02
         440       8.422010e-03       1.735436e-03       5.339064e-03       2.915439e-02       6.990032e-03       1.644411e-02
         450       1.015112e-02       1.884802e-03       5.878054e-03       2.347235e-02       7.033892e-03       1.429070e-02
         460       5.791241e-03       1.633726e-03       3.060553e-03       1.285285e-02       6.291462e-03       9.572776e-03
         470       5.895609e-03       7.326411e-04       2.895152e-03       1.388555e-02       4.173218e-03       9.718339e-03
         480       6.196972e-03       9.004313e-04       3.083641e-03       1.700856e-02       4.879639e-03       1.046587e-02
         490       5.865985e-03       1.176360e-03       3.318705e-03       1.965239e-02       8.348814e-03       1.286058e-02
         500       7.211445e-03       1.312238e-03       4.032342e-03       2.221987e-02       1.131717e-02       1.668580e-02
         510       7.223167e-03       1.868683e-03       3.395199e-03       2.005096e-02       4.592147e-03       1.238780e-02
         520       5.604383e-03       1.330320e-03       2.957809e-03       1.478114e-02       5.105304e-03       9.843866e-03
         530       1.310703e-02       1.610132e-03       5.156958e-03       1.812615e-02       6.921971e-03       1.296140e-02
         540       1.829766e-02       2.411812e-03       7.113209e-03       2.447753e-02       9.259304e-03       1.580734e-02
         550       1.973947e-02       2.121932e-03       8.632819e-03       3.774502e-02       4.326763e-03       1.865033e-02
         560       1.503937e-02       2.180566e-03       6.232415e-03       2.525055e-02       2.255046e-03       1.415347e-02
         570       7.428167e-03       4.268496e-04       3.920155e-03       2.241348e-02       5.632850e-03       1.235021e-02
         580       9.205344e-03       2.533971e-03       4.890772e-03       2.254038e-02       6.995396e-03       1.518184e-02
         590       1.058864e-02       2.461910e-03       4.988517e-03       3.414003e-02       5.752100e-03       1.356190e-02
         600       1.449916e-02       3.444717e-03       6.433196e-03       3.869316e-02       8.069374e-03       1.726529e-02
         610       5.832444e-03       2.480859e-03       4.647790e-03       3.824947e-02       8.701227e-03       1.627682e-02
         620       1.003834e-02       2.274250e-03       5.137437e-03       3.109971e-02       6.465763e-03       1.474515e-02
         630       7.752176e-03       2.681328e-03       4.770761e-03       2.495670e-02       6.111791e-03       1.484792e-02
         640       7.533966e-03       1.699754e-03       4.767834e-03       1.964522e-02       6.140913e-03       1.119619e-02
         650       6.972994e-03       9.513353e-04       4.768826e-03       2.352479e-02       4.102468e-03       1.354854e-02
         660       5.667682e-03       1.485475e-03       3.388245e-03       2.036202e-02       8.518687e-03       1.345059e-02
         670       6.925348e-03       4.239190e-04       3.730400e-03       2.085087e-02       7.628582e-03       1.376222e-02
         680       1.369591e-02       3.354082e-03       6.461718e-03       2.494930e-02       8.914702e-03       1.757481e-02
         690       1.248613e-02       1.072584e-03       5.701789e-03       2.051948e-02       7.268228e-03       1.451877e-02
         700       1.050100e-02       1.598847e-03       4.603315e-03       2.531874e-02       6.947275e-03       1.397442e-02
         710       7.011431e-03       1.374859e-03       4.636799e-03       2.811930e-02       5.836101e-03       1.576486e-02
         720       8.966742e-03       3.257723e-03       5.623450e-03       3.369659e-02       7.355566e-03       1.849934e-02
         730       5.987811e-03       3.449884e-03       4.211175e-03       3.541462e-02       4.827628e-03       1.530491e-02
         740       7.345922e-03       3.760215e-03       5.182534e-03       3.074221e-02       7.882303e-03       1.648857e-02
         750       6.139500e-03       2.779019e-03       4.357377e-03       2.510731e-02       8.550457e-03       1.403350e-02
         760       6.967964e-03       2.288918e-03       3.462656e-03       2.512867e-02       6.475422e-03       1.436866e-02
         770       6.592628e-03       1.847493e-03       4.281057e-03       1.984337e-02       6.465327e-03       1.463646e-02
         780       9.288227e-03       2.779182e-03       6.842406e-03       2.178368e-02       7.197503e-03       1.567102e-02
         790       1.075323e-02       1.357960e-03       5.490437e-03       1.884172e-02       5.771254e-03       1.532997e-02
         800       1.210597e-02       2.207577e-03       6.617195e-03       2.090623e-02       7.207956e-03       1.529167e-02
         810       8.376476e-03       8.739613e-04       3.437755e-03       1.478127e-02       4.689537e-03       9.567680e-03
         820       1.025721e-02       3.748267e-04       4.915570e-03       2.103498e-02       2.591717e-03       1.258564e-02
         830       5.166491e-03       1.203187e-03       3.340702e-03       2.059216e-02       3.394122e-03       1.171922e-02
         840       8.787452e-03       1.509667e-03       4.168100e-03       2.284530e-02       3.748841e-03       1.285795e-02
         850       9.486804e-03       5.062790e-04       4.496050e-03       2.689075e-02       5.053088e-03       1.293803e-02
         860       7.807008e-03       1.553951e-03       3.922067e-03       1.610482e-02       8.620510e-03       1.264751e-02
         870       7.608351e-03       1.048133e-03       3.538796e-03       1.407035e-02       6.721060e-03       9.438443e-03
         880       6.798715e-03       1.154043e-03       4.842506e-03       2.304457e-02       5.426936e-03       1.179379e-02
         890       6.212074e-03       1.378258e-03       3.110079e-03       2.086821e-02       3.280815e-03       1.079810e-02
         900       8.901886e-03       2.019810e-03       5.008980e-03       2.076799e-02       3.454467e-03       1.476621e-02
         910       9.359496e-03       2.492753e-03       4.575630e-03       2.093064e-02       4.624399e-03       1.291143e-02
         920       6.688862e-03       2.312170e-03       3.850242e-03       2.291450e-02       2.756802e-03       1.237379e-02
         930       8.667261e-03       2.196526e-03       5.158118e-03       3.071413e-02       3.043635e-03       1.572352e-02
         940       1.090404e-02       3.552007e-03       6.135600e-03       2.202164e-02       7.332205e-03       1.353159e-02
         950       5.092176e-03       1.901223e-03       3.480600e-03       2.327902e-02       6.173613e-03       1.475811e-02
         960       5.992730e-03       2.030907e-03       3.994927e-03       2.188211e-02       6.160930e-03       1.366071e-02
         970       8.469658e-03       2.045356e-03       4.409613e-03       2.915111e-02       6.266049e-03       2.029866e-02
         980       9.225347e-03       2.071712e-03       5.960033e-03       2.893722e-02       5.817227e-03       1.527788e-02
         990       1.190059e-02       1.284460e-03       5.920230e-03       1.754323e-02       7.064438e-03       1.331135e-02
        1000       9.171448e-03       1.363162e-03       4.851116e-03       1.896839e-02       4.804826e-03       1.339039e-02
