#       step         max_devi_v         min_devi_v         avg_devi_v         max_devi_f         min_devi_f         avg_devi_f
           0       1.531694e-02       1.082645e-03       6.292657e-03       2.150327e-02       8.707827e-03       1.418107e-02
          10       1.393624e-02       1.292183e-03       6.741450e-03       3.207121e-02       7.534813e-03       1.990811e-02
          20       1.359803e-02       1.114260e-03       6.080320e-03       1.920510e-02       1.056981e-02       1.392445e-02
          30       1.054980e-02       6.575224e-04       4.976906e-03       3.769091e-02       8.406229e-03       1.850830e-02
          40       1.697734e-02       7.032703e-04       7.097600e-03       3.827382e-02       6.305642e-03       1.978138e-02
          50       9.469587e-03       6.710583e-04       3.811488e-03       1.262901e-02       4.949724e-03       8.777654e-03
          60       1.089329e-02       5.869739e-04       4.278126e-03       1.161522e-02       7.548278e-03       9.036955e-03
          70       1.256431e-02       6.025684e-04       5.449268e-03       1.601379e-02       7.808869e-03       1.121467e-02
          80       1.254892e-02       4.928946e-04       4.839760e-03       1.123441e-02       7.371311e-03       9.663184e-03
          90       7.586536e-03       4.459317e-04       4.057123e-03       1.216867e-02       7.130719e-03       1.002076e-02
         100       4.590658e-03       2.768234e-04       2.758189e-03       1.328549e-02       7.196369e-03       9.902191e-03
         110       1.234172e-02       7.875260e-04       6.012333e-03       2.344380e-02       5.305437e-03       1.370979e-02
         120       1.113929e-02       6.324397e-04       4.608298e-03       2.091989e-02       3.276846e-03       1.166010e-02
         130       8.393997e-03       2.797684e-04       4.448768e-03       1.865953e-02       5.734399e-03       1.189771e-02
         140       6.162951e-03       3.592806e-04       3.223180e-03       1.842221e-02       5.130678e-03       1.038289e-02
         150       8.254686e-03       5.925213e-04       3.955788e-03       1.865267e-02       3.392035e-03       1.299524e-02
         160       1.166446e-02       3.478752e-04       5.665202e-03       2.861726e-02       7.145899e-03       1.659586e-02
         170       7.832093e-03       4.846086e-04       4.091258e-03       2.094116e-02       1.122173e-02       1.599792e-02
         180       8.167506e-03       1.639235e-04       4.170211e-03       1.827840e-02       7.139025e-03       1.315302e-02
         190       1.378226e-02       5.160185e-04       5.126448e-03       2.310402e-02       6.301155e-03       1.350966e-02
         200       8.850832e-03       9.328674e-05       5.685814e-03       2.218256e-02       6.428865e-03       1.570781e-02
         210       1.147466e-02       8.145599e-04       5.164729e-03       3.471615e-02       4.960566e-03       1.717537e-02
         220       9.277276e-03       7.341034e-04       5.214525e-03       2.162877e-02       7.903367e-03       1.394625e-02
         230       6.426500e-03       3.361891e-04       2.502793e-03       1.322146e-02       6.313319e-03       8.550576e-03
         240       5.905732e-03       3.311952e-04       3.745490e-03       1.968416e-02       7.416005e-03       1.261231e-02
         250       7.344132e-03       3.144637e-04       3.731904e-03       2.396787e-02       6.253198e-03       1.369260e-02
         260       9.797584e-03       3.951531e-04       4.353059e-03       2.765373e-02       3.760191e-03       1.336683e-02
         270       3.921790e-03       2.547199e-04       2.178069e-03       1.534728e-02       5.508358e-03       9.227968e-03
         280       6.994832e-03       3.127954e-04       3.229501e-03       1.685034e-02       5.838432e-03       9.271820e-03
         290       8.453235e-03       2.695525e-04       4.380297e-03       2.601222e-02       7.228766e-03       1.495056e-02
         300       5.852261e-03       3.428004e-04       3.278384e-03       1.572218e-02       7.587183e-03       1.194929e-02
         310       6.943899e-03       3.547905e-04       3.582596e-03       1.668144e-02       5.663930e-03       1.218080e-02
         320       7.003924e-03       2.967736e-04       3.969711e-03       1.648059e-02       4.157679e-03       1.012624e-02
         330       7.611671e-03       5.973192e-04       3.523046e-03       1.676243e-02       6.172725e-03       1.032578e-02
         340       7.543428e-03       7.880366e-04       3.865369e-03       1.817268e-02       6.248138e-03       1.184196e-02
         350       9.332119e-03       1.237972e-03       4.254050e-03       1.661498e-02       7.700084e-03       1.196833e-02
         360       1.744358e-02       9.087731e-04       6.340198e-03       2.760682e-02       6.029933e-03       1.675470e-02
         370       8.630046e-03       1.505695e-03       4.433875e-03       1.903087e-02       7.930830e-03       1.242364e-02
         380       7.704749e-03       1.269558e-03       3.778734e-03       2.157232e-02       5.483039e-03       1.244968e-02
         390       1.391904e-02       2.502463e-03       5.961688e-03       2.294099e-02       7.015471e-03       1.293204e-02
         400       6.873377e-03       1.466786e-03       3.318969e-03       2.194393e-02       3.977558e-03       1.333160e-02
         410       5.034041e-03       1.109211e-03       3.099457e-03       1.784418e-02       6.521967e-03       1.119819e-02
         420       5.402752e-03       1.101381e-03       3.404694e-03       2.182192e-02       8.769694e-03       1.250677e-02
         430       5.366998e-03       1.820230e-03       2.759634e-03       1.133150e-02       4.900935e-03       9.169948e-03
         440       4.424771e-03       2.095784e-03       2.847748e-03       1.191236e-02       5.025927e-03       8.318349e-03
         450       6.984341e-03       2.922517e-03       4.713958e-03       2.161301e-02       9.019782e-03       1.339651e-02
         460       5.255155e-03       7.716639e-04       3.909135e-03       1.790062e-02       7.790946e-03       1.203239e-02
         470       5.989865e-03       5.777367e-04       3.527002e-03       1.771257e-02       5.422145e-03       1.060166e-02
         480       7.035944e-03       3.041862e-04       3.450868e-03       2.252957e-02       5.644592e-03       1.213508e-02
         490       8.992639e-03       2.703976e-03       5.238332e-03       2.059023e-02       4.504661e-03       1.436932e-02
         500       5.324740e-03       5.492746e-04       2.696245e-03       1.569286e-02       5.387374e-03       1.053665e-02
         510       5.299836e-03       2.652125e-04       3.178309e-03       2.177786e-02       9.185480e-03       1.342195e-02
         520       7.016067e-03       2.239415e-03       4.399645e-03       2.955442e-02       9.031955e-03       1.540093e-02
         530       3.652010e-03       9.604629e-04       2.386334e-03       1.569864e-02       6.577845e-03       1.117748e-02
         540       4.520248e-03       8.543631e-04       3.048207e-03       1.250004e-02       4.252599e-03       9.161371e-03
         550       3.312947e-03       5.973158e-04       1.845292e-03       1.213846e-02       5.004439e-03       8.334945e-03
         560       6.085957e-03       6.532400e-04       3.363119e-03       1.436274e-02       4.513122e-03       8.535948e-03
         570       7.157396e-03       2.745154e-03       4.771697e-03       2.018003e-02       4.413781e-03       1.410763e-02
         580       4.628175e-03       2.037424e-03       3.846896e-03       1.716519e-02       4.484002e-03       1.057525e-02
         590       8.856205e-03       3.622886e-03       5.108970e-03       1.865588e-02       5.786975e-03       1.181074e-02
         600       5.896596e-03       3.306661e-03       4.755430e-03       1.919331e-02       5.297484e-03       1.208401e-02
         610       7.163122e-03       2.163522e-03       3.641408e-03       1.245587e-02       5.120329e-03       8.676041e-03
         620       6.274058e-03       1.690016e-03       4.190105e-03       1.548391e-02       6.270329e-03       1.092296e-02
         630       9.233747e-03       2.262679e-03       5.437700e-03       2.297779e-02       6.933988e-03       1.557265e-02
         640       1.266201e-02       3.049831e-03       7.327240e-03       3.938274e-02       1.243649e-02       2.053736e-02
         650       1.669940e-02       2.374880e-03       6.615098e-03       3.067543e-02       7.122791e-03       1.759073e-02
         660       1.503293e-02       2.690008e-03       6.208614e-03       3.425026e-02       1.022400e-02       2.142055e-02
         670       2.423960e-02       3.432325e-03       1.212136e-02       4.209449e-02       1.141133e-02       3.075506e-02
         680       1.265083e-02       1.395767e-03       7.117547e-03       2.257547e-02       7.855736e-03       1.602267e-02
         690       9.346041e-03       3.696773e-03       5.794039e-03       2.933215e-02       7.585245e-03       2.004533e-02
         700       1.248325e-02       2.652039e-03       7.076891e-03       2.869537e-02       7.113164e-03       2.289603e-02
         710       1.198244e-02       5.327630e-04       5.653425e-03       2.721624e-02       6.280124e-03       1.831186e-02
         720       1.796328e-02       2.634829e-03       9.163078e-03       4.404075e-02       1.026539e-02       2.383808e-02
         730       1.162533e-02       1.053521e-03       5.515315e-03       2.509417e-02       7.983298e-03       1.633496e-02
         740       1.119132e-02       2.977806e-03       5.899451e-03       2.822051e-02       3.719327e-03       1.465466e-02
         750       9.385926e-03       3.373341e-03       6.540013e-03       3.477170e-02       5.392933e-03       1.918003e-02
         760       8.383089e-03       2.048509e-03       5.267573e-03       2.339355e-02       5.786149e-03       1.432368e-02
         770       1.030368e-02       3.085795e-03       5.558577e-03       2.920454e-02       1.065025e-02       1.925478e-02
         780       1.499572e-02       4.518022e-03       7.411504e-03       3.768402e-02       8.704786e-03       2.161873e-02
         790       1.145000e-02       5.567479e-03       7.837293e-03       3.905122e-02       1.060881e-02       2.317064e-02
         800       7.619566e-03       2.490308e-03       5.551015e-03       2.826091e-02       1.052792e-02       1.868254e-02
         810       1.241775e-02       2.911069e-03       7.373954e-03       2.719284e-02       1.307824e-02       2.064107e-02
         820       8.484861e-03       2.364402e-03       5.217808e-03       2.349310e-02       5.188922e-03       1.694101e-02
         830       8.796762e-03       4.496217e-03       7.297597e-03       2.409793e-02       9.560533e-03       1.780545e-02
         840       8.400854e-03       3.151046e-03       5.900508e-03       2.380278e-02       8.435714e-03       1.662956e-02
         850       1.042374e-02       1.688248e-03       5.700496e-03       2.549156e-02       6.137942e-03       1.697065e-02
         860       8.440226e-03       2.825688e-03       4.933377e-03       1.999571e-02       6.249224e-03       1.435307e-02
         870       1.233209e-02       1.133053e-03       5.522833e-03       2.542385e-02       5.568941e-03       1.531957e-02
         880       1.054004e-02       1.165798e-03       4.619708e-03       2.263425e-02       5.849993e-03       1.352577e-02
         890       9.034184e-03       1.913672e-03       5.353732e-03       2.473987e-02       9.075908e-03       1.571723e-02
         900       7.090685e-03       1.010810e-03       4.165679e-03       2.947311e-02       6.409657e-03       1.938607e-02
         910       1.605745e-02       3.060985e-03       7.542359e-03       3.372876e-02       9.815020e-03       2.107673e-02
         920       1.089997e-02       1.778208e-03       5.840759e-03       2.850100e-02       1.008632e-02       1.627992e-02
         930       9.806387e-03       1.303924e-03       5.853456e-03       2.951940e-02       9.435292e-03       1.771137e-02
         940       7.504855e-03       2.883194e-03       4.703348e-03       3.053218e-02       1.093917e-02       1.736496e-02
         950       7.709337e-03       2.780303e-03       4.669135e-03       2.220529e-02       1.082601e-02       1.563543e-02
         960       9.164029e-03       3.310768e-03       5.818992e-03       1.950074e-02       1.071949e-02       1.456224e-02
         970       7.147856e-03       2.880226e-03       4.462988e-03       1.645390e-02       9.061137e-03       1.266504e-02
         980       1.088091e-02       1.747004e-03       6.185175e-03       2.213045e-02       6.879323e-03       1.593548e-02
         990       1.021568e-02       1.840969e-03       6.131389e-03       3.378642e-02       8.351513e-03       2.179843e-02
        1000       9.148275e-03       2.293802e-03       5.539720e-03       2.050657e-02       1.111812e-02       1.627336e-02
