#       step         max_devi_v         min_devi_v         avg_devi_v         max_devi_f         min_devi_f         avg_devi_f
           0       1.239960e-02       9.842740e-04       4.706744e-03       1.378832e-02       5.794620e-03       1.059320e-02
          10       1.495386e-02       1.969903e-03       5.669932e-03       2.049868e-02       5.594378e-03       1.261083e-02
          20       5.977260e-03       1.001402e-03       3.665263e-03       1.840649e-02       1.018505e-02       1.473457e-02
          30       7.448111e-03       1.805523e-03       4.043978e-03       1.725003e-02       8.207404e-03       1.381990e-02
          40       6.839018e-03       1.190398e-03       3.106795e-03       1.236657e-02       6.745039e-03       9.505436e-03
          50       9.822940e-03       1.922287e-03       4.502009e-03       1.900408e-02       7.150184e-03       1.248020e-02
          60       1.266679e-02       1.025763e-03       5.714931e-03       2.279449e-02       7.732034e-03       1.227858e-02
          70       1.217635e-02       1.331192e-03       5.452199e-03       2.442709e-02       7.696690e-03       1.266206e-02
          80       1.603341e-02       1.836269e-03       6.593645e-03       2.398835e-02       7.002001e-03       1.258510e-02
          90       7.283625e-03       1.298405e-03       3.791323e-03       1.208997e-02       3.961256e-03       8.631374e-03
         100       1.045500e-02       1.524821e-03       4.111417e-03       1.363851e-02       6.187069e-03       1.005433e-02
         110       7.397750e-03       2.449151e-03       4.062039e-03       1.666017e-02       1.077919e-02       1.333408e-02
         120       5.535955e-03       1.617133e-03       3.876256e-03       1.994100e-02       1.063602e-02       1.567086e-02
         130       7.566328e-03       2.094052e-03       5.124603e-03       2.884823e-02       6.423674e-03       1.937499e-02
         140       7.057547e-03       7.644452e-04       4.283319e-03       2.176595e-02       1.257185e-02       1.685071e-02
         150       1.195656e-02       1.608529e-03       5.406905e-03       3.611958e-02       7.512713e-03       1.697193e-02
         160       9.021698e-03       2.182676e-03       5.667200e-03       2.515761e-02       6.403254e-03       1.651637e-02
         170       4.349474e-03       1.818768e-03       2.983576e-03       1.488048e-02       6.512343e-03       1.059227e-02
         180       5.142289e-03       1.067819e-03       2.688929e-03       1.810055e-02       8.960497e-03       1.223090e-02
         190       8.592596e-03       3.028032e-03       5.852998e-03       3.196180e-02       4.049849e-03       1.455410e-02
         200       1.221749e-02       1.522507e-03       5.600044e-03       2.969643e-02       5.539460e-03       1.310924e-02
         210       9.524961e-03       8.244778e-04       5.225248e-03       2.011514e-02       8.424457e-03       1.285525e-02
         220       1.003528e-02       6.330474e-04       5.298810e-03       1.840436e-02       8.027095e-03       1.168542e-02
         230       9.882703e-03       1.123222e-03       4.597613e-03       2.107745e-02       7.471049e-03       1.191319e-02
         240       1.156483e-02       4.983185e-04       4.569712e-03       2.259426e-02       6.721472e-03       1.191999e-02
         250       8.225847e-03       1.355008e-03       4.457978e-03       2.299919e-02       6.390310e-03       1.590484e-02
         260       7.392011e-03       7.523407e-04       4.622132e-03       1.887145e-02       1.046815e-02       1.400344e-02
         270       7.166054e-03       2.396509e-03       4.302554e-03       2.708570e-02       6.349700e-03       1.477055e-02
         280       7.201883e-03       3.196045e-03       5.179514e-03       2.959214e-02       1.214304e-02       1.870793e-02
         290       7.511943e-03       2.705081e-03       4.215850e-03       1.917643e-02       9.579003e-03       1.564384e-02
         300       1.005311e-02       2.626502e-03       4.750971e-03       2.802362e-02       5.240840e-03       1.607611e-02
         310       1.203952e-02       2.718920e-03       6.036686e-03       2.270144e-02       4.851914e-03       1.717094e-02
         320       5.112062e-03       8.984340e-04       3.033069e-03       1.574346e-02       6.966847e-03       1.028722e-02
         330       6.693119e-03       2.745505e-03       4.432044e-03       1.928247e-02       1.243500e-02       1.489319e-02
         340       1.083139e-02       2.842190e-03       6.622761e-03       2.251264e-02       3.783538e-03       1.711090e-02
         350       1.188810e-02       1.024234e-03       5.986232e-03       2.549223e-02       7.176374e-03       1.362061e-02
         360       7.196873e-03       1.572991e-03       4.687796e-03       2.155111e-02       6.849455e-03       1.232195e-02
         370       1.037705e-02       1.597795e-03       4.329047e-03       1.638357e-02       4.161143e-03       1.026218e-02
         380       5.792416e-03       9.102722e-04       3.841259e-03       1.844981e-02       6.032422e-03       1.104320e-02
         390       5.551890e-03       2.141860e-03       4.087269e-03       1.583671e-02       6.437786e-03       9.762517e-03
         400       8.204933e-03       1.186947e-03       3.529239e-03       2.386237e-02       5.163672e-03       1.380178e-02
         410       6.447881e-03       1.081486e-03       3.127549e-03       1.767575e-02       6.919021e-03       1.193386e-02
         420       7.140974e-03       1.569795e-03       5.016183e-03       2.402673e-02       8.583575e-03       1.392793e-02
         430       9.157586e-03       2.131759e-03       5.127244e-03       2.084519e-02       5.751556e-03       1.453043e-02
         440       8.778503e-03       1.116296e-03       5.235822e-03       2.522418e-02       6.726025e-03       1.312222e-02
         450       5.213364e-03       2.503642e-03       4.225201e-03       2.375893e-02       5.344831e-03       1.334421e-02
         460       7.446284e-03       2.011526e-03       5.078009e-03       1.935526e-02       5.882468e-03       1.342462e-02
         470       8.945208e-03       1.449501e-03       4.823311e-03       2.098577e-02       7.051632e-03       1.293176e-02
         480       9.734518e-03       1.190208e-03       5.199889e-03       1.628349e-02       6.506269e-03       1.143972e-02
         490       1.079465e-02       1.138346e-03       4.895097e-03       1.801054e-02       4.657087e-03       9.910625e-03
         500       8.606169e-03       1.951328e-03       4.394560e-03       1.808653e-02       5.674992e-03       1.097932e-02
         510       8.320172e-03       2.770129e-03       5.455227e-03       2.367946e-02       4.251167e-03       1.206434e-02
         520       7.200024e-03       1.736937e-03       4.522310e-03       1.794581e-02       3.602962e-03       9.997182e-03
         530       7.327883e-03       2.302972e-03       4.413419e-03       1.746819e-02       3.924872e-03       1.073098e-02
         540       6.699678e-03       2.421071e-03       4.141021e-03       2.445085e-02       4.809634e-03       1.323905e-02
         550       7.546909e-03       1.092240e-03       4.007813e-03       1.869946e-02       5.594148e-03       1.168706e-02
         560       6.321874e-03       7.910076e-04       3.472174e-03       1.509344e-02       5.597712e-03       9.217064e-03
         570       5.423027e-03       9.902020e-04       3.443745e-03       1.861861e-02       4.896169e-03       9.899644e-03
         580       9.263041e-03       1.870417e-03       5.084789e-03       2.529376e-02       5.375203e-03       1.332109e-02
         590       6.696128e-03       1.631193e-03       4.386088e-03       2.031912e-02       4.920590e-03       1.163068e-02
         600       8.490526e-03       3.366277e-03       5.198872e-03       3.144091e-02       6.380341e-03       1.545791e-02
         610       8.253871e-03       1.055785e-03       4.516338e-03       1.614479e-02       6.015439e-03       1.255475e-02
         620       8.219039e-03       2.864892e-03       5.071461e-03       2.105857e-02       6.072467e-03       1.371643e-02
         630       9.991617e-03       2.764072e-03       5.156601e-03       2.274230e-02       5.925093e-03       1.704364e-02
         640       9.835025e-03       2.622995e-03       6.329057e-03       3.062292e-02       6.128438e-03       1.797156e-02
         650       1.001429e-02       1.233616e-03       5.716274e-03       2.420184e-02       5.827671e-03       1.719432e-02
         660       8.883294e-03       1.373940e-03       5.394440e-03       2.408087e-02       8.887822e-03       1.796050e-02
         670       5.885268e-03       1.849505e-03       3.879258e-03       2.487878e-02       7.932634e-03       1.330758e-02
         680       7.373432e-03       2.907608e-03       5.169739e-03       2.917602e-02       6.261359e-03       1.387495e-02
         690       7.053496e-03       2.938573e-03       4.905113e-03       2.260000e-02       6.410210e-03       1.387972e-02
         700       1.175282e-02       1.205921e-03       6.603316e-03       3.575108e-02       9.136289e-03       1.921854e-02
         710       6.166962e-03       3.150338e-03       4.641906e-03       3.484977e-02       1.144964e-02       1.758167e-02
         720       1.032549e-02       1.923304e-03       4.319035e-03       2.191584e-02       8.003964e-03       1.386518e-02
         730       7.828520e-03       7.349220e-04       3.207044e-03       1.347146e-02       6.462542e-03       8.915151e-03
         740       4.630424e-03       1.468631e-03       2.580274e-03       2.380804e-02       7.208133e-03       1.274123e-02
         750       1.051295e-02       7.752948e-04       5.212223e-03       2.518880e-02       8.328376e-03       1.578069e-02
         760       8.499466e-03       1.621390e-03       4.050734e-03       2.453022e-02       8.642177e-03       1.422903e-02
         770       1.120255e-02       2.587735e-03       6.321282e-03       2.549476e-02       8.105442e-03       1.566472e-02
         780       6.522330e-03       2.876785e-03       5.304655e-03       2.053930e-02       5.799842e-03       1.195508e-02
         790       7.495213e-03       2.963735e-03       4.791763e-03       2.152375e-02       3.397008e-03       1.227524e-02
         800       3.330855e-03       1.356729e-03       2.100946e-03       1.464559e-02       4.778862e-03       7.554249e-03
         810       7.964601e-03       5.805823e-04       4.406096e-03       2.843034e-02       6.381129e-03       1.419611e-02
         820       1.233947e-02       1.247143e-03       5.351061e-03       2.804711e-02       7.052081e-03       1.849705e-02
         830       1.828431e-02       2.813471e-03       8.397144e-03       3.210061e-02       9.497769e-03       2.153603e-02
         840       8.606352e-03       1.510489e-03       4.407621e-03       2.255662e-02       5.374517e-03       1.247794e-02
         850       9.576545e-03       1.129983e-03       4.964673e-03       1.899672e-02       5.142584e-03       1.254635e-02
         860       8.894056e-03       1.838104e-03       5.415423e-03       2.212413e-02       6.707455e-03       1.484568e-02
         870       9.599625e-03       4.423178e-04       3.775968e-03       2.093803e-02       1.055891e-02       1.632674e-02
         880       4.166260e-03       1.641454e-03       2.904183e-03       1.631186e-02       7.171183e-03       1.294750e-02
         890       1.020402e-02       2.915413e-03       5.705880e-03       2.684338e-02       8.513639e-03       1.562301e-02
         900       5.904823e-03       2.125921e-03       4.010577e-03       2.149360e-02       6.345170e-03       1.197726e-02
         910       5.117851e-03       1.837071e-03       3.451573e-03       2.074897e-02       5.244309e-03       1.154852e-02
         920       1.391767e-02       2.212613e-03       5.995771e-03       3.082527e-02       7.210844e-03       1.749813e-02
         930       1.458684e-02       2.674071e-03       6.796935e-03       3.655798e-02       8.145780e-03       1.845611e-02
         940       5.650593e-03       1.053748e-03       3.707816e-03       2.877871e-02       5.653913e-03       1.494002e-02
         950       6.780948e-03       1.096548e-03       3.143408e-03       1.779178e-02       5.707747e-03       1.103313e-02
         960       9.128854e-03       1.559790e-03       4.546776e-03       2.162592e-02       4.128310e-03       1.265305e-02
         970       9.167055e-03       2.368116e-03       5.422420e-03       3.163552e-02       5.545193e-03       1.638872e-02
         980       6.026543e-03       2.501526e-03       3.885228e-03       1.832560e-02       3.868823e-03       1.134156e-02
         990       1.048207e-02       2.359350e-03       5.868670e-03       2.393807e-02       2.782262e-03       1.429221e-02
        1000       8.658874e-03       1.392475e-03       5.653201e-03       2.298737e-02       6.482509e-03       1.575007e-02
