#       step         max_devi_v         min_devi_v         avg_devi_v         max_devi_f         min_devi_f         avg_devi_f
           0       9.581327e-03       1.035002e-03       4.375922e-03       1.551050e-02       7.234655e-03       1.156255e-02
          10       1.086098e-02       2.410603e-03       4.847250e-03       1.547667e-02       1.279066e-02       1.401578e-02
          20       1.257774e-02       2.053787e-03       5.311188e-03       1.581499e-02       7.948431e-03       1.208821e-02
          30       7.423838e-03       8.230883e-04       3.791943e-03       1.231907e-02       6.219827e-03       1.033436e-02
          40       7.257028e-03       2.245978e-03       4.540779e-03       1.894547e-02       6.769427e-03       1.241517e-02
          50       1.180049e-02       1.745257e-03       6.201987e-03       2.605704e-02       6.573518e-03       1.339196e-02
          60       1.116071e-02       1.530167e-03       5.946838e-03       2.558721e-02       5.894430e-03       1.331378e-02
          70       1.278698e-02       1.444374e-03       7.771280e-03       3.071666e-02       5.727238e-03       1.772004e-02
          80       7.948705e-03       2.344955e-03       4.985953e-03       2.036792e-02       6.108168e-03       1.185682e-02
          90       9.734093e-03       3.938170e-03       6.429367e-03       2.636335e-02       6.706520e-03       1.470369e-02
         100       6.700354e-03       1.257138e-03       4.273713e-03       2.117183e-02       6.391689e-03       1.295038e-02
         110       1.213897e-02       1.496128e-03       5.729141e-03       2.145759e-02       6.277019e-03       1.320581e-02
         120       1.010046e-02       2.174939e-03       5.550141e-03       2.108749e-02       6.004896e-03       1.361691e-02
         130       9.055145e-03       1.191279e-03       5.314277e-03       2.393054e-02       6.217904e-03       1.391065e-02
         140       6.512516e-03       1.439776e-03       2.823932e-03       2.344032e-02       6.869326e-03       1.332667e-02
         150       8.012739e-03       1.550500e-03       3.821190e-03       1.740717e-02       7.095897e-03       1.376249e-02
         160       1.066168e-02       2.082399e-03       4.853985e-03       1.997216e-02       5.156878e-03       1.234934e-02
         170       8.776310e-03       1.024377e-03       3.992426e-03       2.210096e-02       5.939110e-03       1.256718e-02
         180       5.598571e-03       2.386767e-03       4.276110e-03       1.783134e-02       6.725461e-03       1.305968e-02
         190       5.812653e-03       2.737003e-03       4.446988e-03       2.065932e-02       7.510201e-03       1.354288e-02
         200       4.897948e-03       1.547049e-03       3.330081e-03       2.108748e-02       8.628520e-03       1.267037e-02
         210       6.080754e-03       9.932863e-04       2.963325e-03       1.662386e-02       7.375945e-03       1.093476e-02
         220       6.659775e-03       1.225756e-03       3.161820e-03       1.578684e-02       7.597836e-03       1.184053e-02
         230       1.235713e-02       9.018237e-04       4.650624e-03       1.960431e-02       4.000210e-03       1.095793e-02
         240       7.772162e-03       1.812853e-03       3.767728e-03       2.486656e-02       7.291222e-03       1.307279e-02
         250       8.510054e-03       6.261676e-04       4.091607e-03       2.803568e-02       6.186279e-03       1.453605e-02
         260       2.169144e-02       3.521144e-03       9.679164e-03       3.067384e-02       1.208362e-02       2.091339e-02
         270       1.534153e-02       1.659520e-03       5.613137e-03       2.087878e-02       6.550480e-03       1.174619e-02
         280       1.518527e-02       1.192864e-03       5.944963e-03       2.010417e-02       1.095945e-02       1.517850e-02
         290       1.386978e-02       4.158646e-03       8.143121e-03       3.811644e-02       1.059092e-02       2.268456e-02
         300       8.701495e-03       2.920485e-03       4.651269e-03       1.817141e-02       6.299793e-03       1.259498e-02
         310       1.214726e-02       9.054591e-04       6.394079e-03       2.608282e-02       9.103171e-03       1.485680e-02
         320       1.524944e-02       2.424396e-03       7.482193e-03       2.888358e-02       9.356983e-03       1.736366e-02
         330       8.394565e-03       1.372942e-03       4.337905e-03       1.429974e-02       5.768106e-03       9.972354e-03
         340       1.548826e-02       2.372775e-03       7.054571e-03       2.531812e-02       6.234485e-03       1.481285e-02
         350       4.348226e-03       1.190510e-03       2.730330e-03       2.885883e-02       7.766580e-03       1.241908e-02
         360       6.149223e-03       1.801131e-03       4.018600e-03       1.522713e-02       8.508480e-03       1.167593e-02
         370       9.183492e-03       1.826127e-03       4.919458e-03       2.388591e-02       1.000839e-02       1.561110e-02
         380       9.439201e-03       2.513446e-03       6.206778e-03       3.590480e-02       4.174707e-03       1.627363e-02
         390       8.472949e-03       1.181750e-03       3.924949e-03       1.741534e-02       7.052513e-03       1.218744e-02
         400       1.383091e-02       7.036976e-04       6.855665e-03       2.310737e-02       8.661164e-03       1.484638e-02
         410       1.212151e-02       1.872339e-03       5.294852e-03       2.352449e-02       6.356087e-03       1.199549e-02
         420       1.099981e-02       1.306610e-03       6.023252e-03       2.428262e-02       4.161085e-03       1.401380e-02
         430       1.044462e-02       8.445743e-04       5.527082e-03       2.609091e-02       4.971523e-03       1.209403e-02
         440       8.064895e-03       5.486903e-04       3.316503e-03       1.512633e-02       4.705732e-03       8.686383e-03
         450       7.924060e-03       9.555223e-04       3.522787e-03       1.702624e-02       5.095881e-03       9.813787e-03
         460       9.948089e-03       2.992806e-03       6.115230e-03       2.922604e-02       2.474218e-03       1.577128e-02
         470       1.067064e-02       1.471981e-03       4.809567e-03       1.786800e-02       5.609549e-03       1.293119e-02
         480       8.377498e-03       2.413682e-03       4.453606e-03       1.301425e-02       7.868015e-03       1.075330e-02
         490       8.734845e-03       1.162735e-03       3.654520e-03       2.180952e-02       7.051741e-03       1.352723e-02
         500       1.498335e-02       1.417966e-03       6.216360e-03       1.981540e-02       9.698016e-03       1.391551e-02
         510       7.839433e-03       2.258690e-03       4.917591e-03       2.648705e-02       6.133774e-03       1.540605e-02
         520       1.060626e-02       8.552518e-04       4.870781e-03       3.103413e-02       6.732348e-03       1.702176e-02
         530       5.173551e-03       7.833152e-04       2.475760e-03       1.693288e-02       2.552419e-03       1.069174e-02
         540       8.249510e-03       1.244051e-03       3.630989e-03       1.287951e-02       3.198527e-03       8.877785e-03
         550       8.102466e-03       1.311476e-03       4.150309e-03       2.067415e-02       3.976518e-03       1.113686e-02
         560       8.748681e-03       1.613331e-03       3.916072e-03       1.142076e-02       5.897717e-03       9.209252e-03
         570       1.297455e-02       1.429336e-03       5.268146e-03       1.121454e-02       5.727842e-03       8.482597e-03
         580       1.304562e-02       1.370614e-03       5.434508e-03       1.238357e-02       5.734821e-03       9.489609e-03
         590       1.691024e-02       1.384335e-03       6.010568e-03       1.660932e-02       5.548407e-03       9.445233e-03
         600       1.076898e-02       8.413282e-04       4.233802e-03       1.019010e-02       7.117918e-03       8.560992e-03
         610       9.674772e-03       6.877900e-04       4.440950e-03       1.450210e-02       5.659808e-03       9.924135e-03
         620       8.997236e-03       2.050780e-03       4.498422e-03       1.262442e-02       7.286703e-03       1.042029e-02
         630       1.220528e-02       1.373418e-03       6.162449e-03       1.571390e-02       7.215271e-03       1.170168e-02
         640       1.146484e-02       9.946319e-04       5.606285e-03       1.572453e-02       7.096699e-03       1.129848e-02
         650       1.171480e-02       1.597764e-03       5.685036e-03       2.007689e-02       9.792434e-03       1.451842e-02
         660       9.835214e-03       1.885073e-03       5.306656e-03       1.820873e-02       9.191644e-03       1.282791e-02
         670       1.255642e-02       3.526092e-03       6.734144e-03       2.978392e-02       7.434895e-03       1.623651e-02
         680       6.615014e-03       2.110777e-03       4.243035e-03       1.452429e-02       3.121439e-03       1.043938e-02
         690       1.225709e-02       1.761324e-03       6.026574e-03       2.106358e-02       7.186186e-03       1.390636e-02
         700       9.120837e-03       2.650999e-03       5.302671e-03       2.080984e-02       3.921439e-03       1.282226e-02
         710       3.982513e-03       7.916031e-04       2.654445e-03       1.726423e-02       5.084444e-03       1.118344e-02
         720       1.081887e-02       2.663389e-03       4.945371e-03       2.138575e-02       3.946235e-03       1.189980e-02
         730       1.755522e-02       2.218697e-03       7.732090e-03       3.361526e-02       9.409393e-03       1.790706e-02
         740       8.198365e-03       1.777845e-03       5.044615e-03       2.379490e-02       4.861267e-03       1.413272e-02
         750       7.146311e-03       1.973777e-03       3.801548e-03       2.137105e-02       4.452216e-03       1.116922e-02
         760       6.159309e-03       2.156605e-03       3.678656e-03       1.855500e-02       5.595099e-03       1.062038e-02
         770       5.936866e-03       6.257521e-04       3.236135e-03       1.763996e-02       6.173026e-03       1.077797e-02
         780       3.365344e-03       1.405907e-03       2.552428e-03       1.098589e-02       3.381983e-03       7.895286e-03
         790       8.818230e-03       1.648592e-03       4.520763e-03       1.581466e-02       5.481670e-03       1.140075e-02
         800       9.486960e-03       1.128153e-03       4.534613e-03       2.436560e-02       5.769262e-03       1.509437e-02
         810       6.610252e-03       1.238194e-03       3.064413e-03       1.252422e-02       6.590529e-03       9.721021e-03
         820       8.741314e-03       2.594627e-03       4.977301e-03       2.702424e-02       6.041431e-03       1.246656e-02
         830       8.489713e-03       1.186733e-03       5.543774e-03       3.201382e-02       5.373718e-03       1.483816e-02
         840       5.038470e-03       1.022144e-03       3.035324e-03       1.500363e-02       5.650782e-03       1.040152e-02
         850       6.226689e-03       1.069475e-03       4.065387e-03       2.647172e-02       5.909605e-03       1.647701e-02
         860       7.867957e-03       2.436048e-03       4.549975e-03       2.423210e-02       5.837891e-03       1.477322e-02
         870       1.093264e-02       1.436894e-03       5.936927e-03       2.608394e-02       8.494677e-03       1.687476e-02
         880       7.435786e-03       1.120893e-03       3.928196e-03       1.911421e-02       4.697870e-03       1.096373e-02
         890       4.894697e-03       7.893853e-04       2.443551e-03       1.286402e-02       5.450928e-03       9.055363e-03
         900       8.102320e-03       2.684281e-03       4.336973e-03       2.479148e-02       5.080942e-03       1.197774e-02
         910       6.589915e-03       2.194755e-03       3.781118e-03       2.355094e-02       5.013907e-03       1.351672e-02
         920       1.139016e-02       2.288683e-03       6.918655e-03       2.907907e-02       4.830651e-03       1.873273e-02
         930       1.021622e-02       2.000560e-03       4.978501e-03       2.904809e-02       5.399942e-03       1.386518e-02
         940       1.045137e-02       8.667593e-04       5.274378e-03       2.187551e-02       6.315964e-03       1.311735e-02
         950       7.972652e-03       2.499730e-03       4.656263e-03       1.779886e-02       5.468097e-03       1.229775e-02
         960       8.301796e-03       2.761993e-03       4.809347e-03       2.882263e-02       5.674961e-03       1.641605e-02
         970       1.140915e-02       3.535417e-03       5.873599e-03       3.208385e-02       8.504629e-03       1.712499e-02
         980       1.126134e-02       1.263688e-03       7.010616e-03       3.046558e-02       6.516871e-03       1.765241e-02
         990       6.595008e-03       1.043193e-03       4.988415e-03       2.889772e-02       5.803718e-03       1.554048e-02
        1000       6.332816e-03       1.696583e-03       3.469817e-03       2.783679e-02       1.018115e-02       1.616911e-02
