#       step         max_devi_v         min_devi_v         avg_devi_v         max_devi_f         min_devi_f         avg_devi_f
           0       1.274441e-02       1.911343e-04       6.860965e-03       2.413138e-02       7.063904e-03       1.695778e-02
          10       9.613768e-03       4.147328e-03       5.797312e-03       3.579261e-02       4.269547e-03       1.822822e-02
          20       6.535938e-03       2.136013e-03       4.346113e-03       2.651202e-02       1.179138e-03       1.417621e-02
          30       9.855149e-03       3.651955e-03       6.468686e-03       2.476328e-02       4.466842e-03       1.633486e-02
          40       4.916658e-03       1.883394e-03       3.155403e-03       1.396697e-02       5.496501e-03       1.001451e-02
          50       5.930628e-03       1.076339e-03       3.284669e-03       1.385731e-02       4.859142e-03       9.353136e-03
          60       6.626002e-03       6.591974e-04       3.578397e-03       1.409911e-02       8.152214e-03       1.084615e-02
          70       5.050108e-03       1.554955e-03       3.310108e-03       1.296459e-02       7.943975e-03       1.080753e-02
          80       5.316839e-03       1.139218e-03       3.229806e-03       1.295129e-02       8.256274e-03       1.083307e-02
          90       4.173532e-03       7.040837e-04       3.299490e-03       1.356018e-02       6.047992e-03       9.251347e-03
         100       6.108355e-03       5.035953e-04       3.456281e-03       1.250710e-02       6.018669e-03       8.650229e-03
         110       6.847363e-03       1.615161e-03       3.785821e-03       1.365061e-02       4.767690e-03       1.014613e-02
         120       5.640481e-03       1.188020e-03       2.849994e-03       1.253934e-02       4.649373e-03       9.198674e-03
         130       7.306005e-03       4.477872e-03       6.157407e-03       2.429752e-02       1.037888e-02       1.601990e-02
         140       6.871097e-03       1.167237e-03       3.574000e-03       2.477757e-02       1.116646e-02       1.630854e-02
         150       9.804767e-03       2.607733e-03       5.963958e-03       2.547514e-02       1.083383e-02       1.720965e-02
         160       7.874543e-03       1.982873e-03       5.624118e-03       2.997651e-02       4.117464e-03       1.770132e-02
         170       1.172056e-02       2.984532e-03       5.632290e-03       1.874823e-02       6.530763e-03       1.408359e-02
         180       8.258658e-03       3.287520e-03       6.075135e-03       3.283818e-02       4.449577e-03       1.860731e-02
         190       1.077368e-02       2.331500e-03       5.649404e-03       2.419001e-02       4.295254e-03       1.619575e-02
         200       9.708052e-03       3.255857e-03       5.640906e-03       2.757012e-02       4.089850e-03       1.640666e-02
         210       1.184418e-02       2.748271e-03       6.914837e-03       3.004616e-02       3.855324e-03       1.830170e-02
         220       1.752936e-02       1.090280e-03       8.157579e-03       3.631265e-02       4.564209e-03       1.846087e-02
         230       8.021231e-03       3.802726e-03       5.832369e-03       3.573733e-02       6.133503e-03       2.082323e-02
         240       9.721315e-03       1.826792e-03       6.547504e-03       2.739983e-02       5.784147e-03       2.006669e-02
         250       7.371858e-03       1.060248e-03       3.775941e-03       1.865129e-02       6.250839e-03       1.204152e-02
         260       1.175528e-02       2.085780e-03       5.692692e-03       2.157889e-02       6.209256e-03       1.619022e-02
         270       1.138406e-02       3.191290e-03       5.663502e-03       2.279597e-02       7.501181e-03       1.564346e-02
         280       1.168331e-02       2.245838e-03       6.337543e-03       2.355874e-02       1.177259e-02       1.593641e-02
         290       6.968201e-03       2.020115e-03       4.203927e-03       2.381817e-02       8.824478e-03       1.607112e-02
         300       1.094292e-02       2.081559e-03       4.929308e-03       3.807690e-02       5.844644e-03       1.844460e-02
         310       1.231438e-02       1.206953e-03       5.545418e-03       2.339256e-02       8.111496e-03       1.532210e-02
         320       8.335715e-03       3.175297e-03       5.445162e-03       3.382471e-02       6.555688e-03       1.713418e-02
         330       9.400459e-03       8.815105e-04       4.927990e-03       2.306470e-02       8.556676e-03       1.668159e-02
         340       7.089399e-03       1.502030e-03       4.011907e-03       2.315372e-02       7.595153e-03       1.199243e-02
         350       6.768811e-03       1.269298e-03       3.132682e-03       1.181204e-02       4.529252e-03       9.081133e-03
         360       8.740014e-03       1.294640e-03       4.346310e-03       1.638637e-02       5.887732e-03       1.046395e-02
         370       4.112459e-03       2.564555e-03       3.371792e-03       1.633835e-02       8.966218e-03       1.143741e-02
         380       6.592147e-03       7.283074e-04       3.873503e-03       1.772828e-02       6.308899e-03       1.177996e-02
         390       5.348867e-03       1.242390e-03       3.430461e-03       1.241013e-02       6.770836e-03       9.446449e-03
         400       5.503314e-03       1.213201e-03       3.249279e-03       1.646769e-02       7.148223e-03       9.787497e-03
         410       5.599035e-03       1.126427e-03       3.644884e-03       1.776741e-02       6.239200e-03       9.487756e-03
         420       1.231025e-02       5.784665e-04       5.380455e-03       1.886379e-02       6.117009e-03       1.171336e-02
         430       1.587620e-02       1.717303e-03       7.191919e-03       2.577035e-02       1.044091e-02       1.622086e-02
         440       1.598780e-02       2.160233e-03       7.338536e-03       2.852307e-02       8.503915e-03       1.529093e-02
         450       1.507465e-02       2.246102e-03       6.370126e-03       2.906542e-02       5.640528e-03       1.446243e-02
         460       1.041923e-02       2.866431e-03       5.532853e-03       2.323045e-02       1.234716e-02       1.544935e-02
         470       4.922784e-03       1.492269e-03       4.382435e-03       1.474187e-02       8.378158e-03       1.279925e-02
         480       6.281950e-03       1.731722e-03       3.902270e-03       2.165250e-02       5.625454e-03       1.182791e-02
         490       1.239207e-02       2.140302e-03       6.183475e-03       2.502655e-02       1.154617e-02       1.728636e-02
         500       1.052289e-02       2.738559e-03       5.810508e-03       2.306959e-02       9.650435e-03       1.683637e-02
         510       8.621539e-03       3.947594e-03       5.508347e-03       2.632965e-02       1.305944e-02       1.799341e-02
         520       9.706697e-03       2.664394e-04       5.320163e-03       2.132223e-02       1.601665e-02       1.907868e-02
         530       1.051140e-02       5.391483e-03       6.720162e-03       3.899428e-02       1.709270e-02       2.370205e-02
         540       8.463086e-03       2.856130e-03       4.860403e-03       3.655055e-02       1.062228e-02       2.257291e-02
         550       1.043493e-02       2.519049e-03       5.684101e-03       2.780904e-02       1.124418e-02       1.703454e-02
         560       7.666826e-03       1.853333e-03       4.561725e-03       2.455147e-02       1.089289e-02       1.612729e-02
         570       1.179210e-02       2.602405e-03       6.456652e-03       2.525968e-02       1.728164e-02       2.165655e-02
         580       1.553649e-02       2.927928e-03       7.396232e-03       2.996385e-02       6.909744e-03       2.144791e-02
         590       9.875701e-03       1.305953e-03       4.788789e-03       2.761130e-02       1.133587e-02       1.808252e-02
         600       1.074357e-02       2.772054e-03       6.321534e-03       2.776925e-02       1.020329e-02       1.685734e-02
         610       7.290048e-03       7.720324e-04       4.716481e-03       2.669048e-02       8.166065e-03       1.600003e-02
         620       6.717091e-03       2.429037e-03       4.549253e-03       2.196664e-02       5.736114e-03       1.464249e-02
         630       7.171669e-03       2.652191e-03       4.776699e-03       2.012478e-02       7.995119e-03       1.258674e-02
         640       5.601809e-03       1.474144e-03       3.732718e-03       2.892261e-02       9.025034e-03       1.552959e-02
         650       1.183322e-02       4.254758e-03       6.015667e-03       3.205070e-02       1.190202e-02       1.826930e-02
         660       8.872538e-03       1.683617e-03       4.992797e-03       2.640040e-02       7.626549e-03       1.548961e-02
         670       1.667639e-02       2.996773e-03       6.876954e-03       3.284671e-02       1.332571e-02       2.155325e-02
         680       1.119016e-02       8.923549e-04       5.644604e-03       3.203543e-02       9.138029e-03       1.710957e-02
         690       1.289122e-02       1.477092e-03       6.394833e-03       3.263568e-02       5.541150e-03       1.700158e-02
         700       7.653365e-03       2.017509e-03       4.077249e-03       2.065421e-02       7.193069e-03       1.284136e-02
         710       1.114112e-02       8.024291e-04       6.008959e-03       3.190668e-02       4.638078e-03       1.663197e-02
         720       6.118112e-03       1.724456e-03       4.595664e-03       2.932804e-02       5.436022e-03       1.521966e-02
         730       7.978087e-03       3.121891e-03       5.191705e-03       3.146434e-02       6.902454e-03       1.851135e-02
         740       1.457325e-02       1.643712e-03       6.874326e-03       3.937304e-02       7.261288e-03       1.860535e-02
         750       1.071052e-02       1.581427e-03       4.993867e-03       2.957885e-02       7.668175e-03       1.628465e-02
         760       9.207737e-03       2.159966e-03       5.665708e-03       2.934637e-02       1.001030e-02       1.687021e-02
         770       8.379173e-03       1.994610e-03       5.988523e-03       3.061210e-02       1.339672e-02       2.084810e-02
         780       7.931936e-03       2.454674e-03       5.201102e-03       2.713591e-02       7.315832e-03       1.550920e-02
         790       8.751513e-03       2.694202e-03       4.507084e-03       2.023503e-02       7.467348e-03       1.638674e-02
         800       1.520345e-02       2.299523e-03       7.188249e-03       2.647303e-02       1.014062e-02       1.847350e-02
         810       1.362771e-02       1.508021e-03       6.877935e-03       3.622834e-02       7.964009e-03       2.123993e-02
         820       1.329699e-02       1.032939e-03       6.639436e-03       2.558659e-02       8.037306e-03       1.656805e-02
         830       1.059739e-02       2.712346e-03       5.679190e-03       2.574738e-02       9.624329e-03       1.694137e-02
         840       4.403433e-03       1.687341e-03       3.177107e-03       1.693858e-02       6.854376e-03       1.199396e-02
         850       7.420294e-03       3.861001e-03       5.273249e-03       2.044360e-02       8.161851e-03       1.686954e-02
         860       1.393685e-02       2.912053e-03       6.830127e-03       3.247766e-02       1.401847e-02       1.969924e-02
         870       8.306462e-03       1.025372e-03       4.309771e-03       1.968396e-02       7.965045e-03       1.422405e-02
         880       1.967325e-02       3.079809e-03       9.273105e-03       3.175374e-02       8.349426e-03       2.136304e-02
         890       1.175940e-02       3.851820e-03       7.332141e-03       3.169971e-02       1.128632e-02       2.129479e-02
         900       4.312127e-03       2.305258e-03       3.299874e-03       2.303810e-02       1.282185e-02       1.804567e-02
         910       6.996648e-03       3.002571e-03       5.220631e-03       2.638282e-02       1.451919e-02       1.880562e-02
         920       1.046190e-02       2.740001e-03       6.013989e-03       2.287808e-02       1.089947e-02       1.597736e-02
         930       1.323357e-02       3.744882e-03       6.596872e-03       2.243530e-02       1.313936e-02       1.880717e-02
         940       9.029335e-03       1.126278e-03       5.278396e-03       2.016186e-02       2.767166e-03       1.590359e-02
         950       5.889867e-03       1.932850e-03       3.542805e-03       2.081575e-02       7.884081e-03       1.557927e-02
         960       9.912179e-03       2.069204e-03       5.671066e-03       2.351406e-02       8.118933e-03       1.450073e-02
         970       1.070897e-02       1.974523e-03       4.808796e-03       1.693381e-02       5.007593e-03       1.367994e-02
         980       1.183272e-02       2.724077e-03       7.013653e-03       3.225684e-02       7.527269e-03       2.019018e-02
         990       1.468244e-02       2.969710e-03       8.509191e-03       3.953552e-02       7.784040e-03       2.158529e-02
        1000       1.005269e-02       1.373657e-03       5.396572e-03       2.926309e-02       7.652130e-03       1.653265e-02
