#       step         max_devi_v         min_devi_v         avg_devi_v         max_devi_f         min_devi_f         avg_devi_f
           0       1.409299e-02       3.858393e-03       7.553266e-03       5.115667e-02       1.945703e-02       3.248598e-02
          10       1.632893e-02       2.661540e-03       7.785962e-03       3.252389e-02       2.082474e-02       2.559132e-02
          20       1.235197e-02       2.362640e-03       7.206342e-03       2.800125e-02       1.859335e-02       2.319411e-02
          30       1.040263e-02       3.272957e-03       5.485761e-03       2.505070e-02       9.882595e-03       1.716457e-02
          40       8.641363e-03       1.131704e-03       4.814495e-03       2.048652e-02       1.015246e-02       1.461529e-02
          50       6.485582e-03       8.885128e-04       4.012649e-03       2.032229e-02       5.487932e-03       1.288157e-02
          60       4.136914e-03       1.888057e-03       2.841082e-03       1.245446e-02       6.843972e-03       1.014589e-02
          70       9.496963e-03       6.928975e-04       5.871026e-03       1.976888e-02       7.509084e-03       1.348890e-02
          80       5.811511e-03       1.740827e-03       3.685874e-03       1.554771e-02       6.335481e-03       1.044740e-02
          90       6.700637e-03       1.672616e-03       4.114103e-03       1.966212e-02       8.757130e-03       1.432155e-02
         100       1.515901e-02       1.966101e-03       6.952107e-03       2.561437e-02       7.009181e-03       1.763769e-02
         110       8.191715e-03       2.580738e-03       5.255952e-03       2.639210e-02       7.030461e-03       1.603340e-02
         120       1.079282e-02       1.689108e-03       5.908236e-03       3.131550e-02       8.195547e-03       1.845955e-02
         130       9.450379e-03       5.148791e-03       6.490941e-03       3.668413e-02       1.244797e-02       2.185969e-02
         140       1.416114e-02       3.987509e-03       8.299932e-03       3.614200e-02       1.620185e-02       2.448594e-02
         150       1.129855e-02       3.230761e-03       6.471330e-03       2.799959e-02       1.800220e-02       2.417551e-02
         160       1.366925e-02       3.118169e-03       7.634222e-03       2.596372e-02       1.326290e-02       2.223201e-02
         170       9.638159e-03       2.541639e-03       5.391874e-03       2.491524e-02       9.366884e-03       1.644782e-02
         180       1.441420e-02       3.429575e-03       7.433561e-03       2.374162e-02       1.433463e-02       1.950845e-02
         190       8.433918e-03       2.552316e-03       4.979184e-03       2.639629e-02       9.705908e-03       1.605454e-02
         200       6.252549e-03       2.167921e-03       3.952807e-03       2.254261e-02       9.545338e-03       1.548083e-02
         210       1.451613e-02       1.165095e-03       6.690474e-03       3.078131e-02       1.106770e-02       1.764832e-02
         220       1.040688e-02       3.580081e-03       5.835233e-03       2.327701e-02       9.779050e-03       1.649110e-02
         230       9.324650e-03       1.557260e-03       4.741403e-03       1.498868e-02       6.470740e-03       1.262137e-02
         240       8.725497e-03       2.508067e-03       5.047242e-03       1.746115e-02       6.176422e-03       1.463526e-02
         250       1.020962e-02       2.159432e-03       5.282702e-03       2.204557e-02       5.160483e-03       1.673871e-02
         260       9.609164e-03       2.368961e-03       4.948871e-03       2.311736e-02       6.672107e-03       1.697629e-02
         270       9.661382e-03       2.911873e-03       6.060861e-03       3.421252e-02       9.307864e-03       2.287762e-02
         280       1.019830e-02       1.706847e-03       5.387140e-03       3.344492e-02       1.198204e-02       2.044517e-02
         290       9.807003e-03       2.167458e-03       5.649688e-03       2.871357e-02       1.002885e-02       2.025905e-02
         300       5.859847e-03       1.795503e-03       3.224744e-03       2.262356e-02       9.789052e-03       1.662931e-02
         310       6.620764e-03       1.793394e-03       4.329668e-03       1.633211e-02       8.668755e-03       1.355094e-02
         320       9.256251e-03       3.935892e-03       6.521446e-03       3.467799e-02       1.145249e-02       1.918746e-02
         330       7.187489e-03       3.199110e-03       5.320960e-03       2.057960e-02       1.217172e-02       1.590870e-02
         340       1.652468e-02       1.785869e-03       6.548744e-03       2.539053e-02       1.358129e-02       1.761514e-02
         350       7.056177e-03       1.481901e-03       4.842588e-03       2.630904e-02       8.503527e-03       1.585323e-02
         360       2.376822e-02       2.930691e-03       1.162824e-02       4.756065e-02       1.244718e-02       2.493142e-02
         370       1.154191e-02       1.035456e-03       6.134992e-03       2.319510e-02       1.056679e-02       1.630745e-02
         380       1.009531e-02       7.341391e-04       5.756903e-03       2.974293e-02       9.232647e-03       1.828032e-02
         390       8.555044e-03       1.228707e-03       4.046444e-03       2.188264e-02       8.186572e-03       1.363630e-02
         400       9.718188e-03       3.874798e-03       5.533470e-03       2.356306e-02       9.419695e-03       1.721031e-02
         410       7.651560e-03       1.563154e-03       3.949997e-03       2.152524e-02       8.925140e-03       1.449552e-02
         420       1.010859e-02       2.899278e-03       5.858734e-03       2.221863e-02       1.121516e-02       1.664822e-02
         430       6.132553e-03       4.001573e-03       4.761330e-03       2.408203e-02       1.266648e-02       1.708867e-02
         440       6.240805e-03       1.589407e-03       3.648316e-03       2.346226e-02       8.545860e-03       1.448472e-02
         450       1.580547e-02       5.398928e-04       6.527439e-03       3.619638e-02       1.063237e-02       2.026322e-02
         460       1.313539e-02       2.254322e-03       5.346351e-03       3.612423e-02       1.069250e-02       1.870156e-02
         470       1.111875e-02       4.535820e-03       6.869412e-03       3.169558e-02       7.116500e-03       1.755773e-02
         480       1.213710e-02       4.169985e-03       8.139063e-03       3.459225e-02       1.442714e-02       2.246301e-02
         490       9.059181e-03       3.134351e-03       5.653193e-03       2.115174e-02       1.150666e-02       1.632161e-02
         500       1.114656e-02       2.604963e-03       5.829750e-03       2.879367e-02       1.181195e-02       1.839686e-02
         510       1.303778e-02       1.642290e-03       6.242236e-03       2.114971e-02       1.070765e-02       1.521025e-02
         520       7.968989e-03       2.558530e-03       4.796424e-03       2.222418e-02       1.125894e-02       1.616546e-02
         530       1.393968e-02       2.553480e-03       7.800216e-03       2.354455e-02       1.213486e-02       1.837952e-02
         540       1.115510e-02       1.067883e-03       4.851386e-03       1.999040e-02       1.177743e-02       1.614329e-02
         550       8.217093e-03       1.054132e-03       3.938605e-03       1.619272e-02       8.364363e-03       1.359549e-02
         560       1.051231e-02       1.104039e-03       5.432746e-03       2.452639e-02       6.677562e-03       1.565110e-02
         570       1.134965e-02       2.618724e-03       6.836211e-03       2.559648e-02       1.545488e-02       1.981132e-02
         580       1.201400e-02       1.548256e-03       5.449424e-03       1.795772e-02       9.281656e-03       1.392754e-02
         590       1.095561e-02       1.043744e-03       4.863615e-03       1.746631e-02       6.635251e-03       1.358114e-02
         600       1.024969e-02       2.101396e-03       6.694479e-03       2.292588e-02       7.289952e-03       1.737712e-02
         610       7.309867e-03       2.256434e-03       4.566404e-03       2.493717e-02       8.814252e-03       1.714027e-02
         620       6.261454e-03       2.497783e-03       4.607172e-03       1.963544e-02       8.008480e-03       1.406340e-02
         630       9.220795e-03       1.889625e-03       5.514577e-03       3.811722e-02       1.267810e-02       1.893949e-02
         640       6.066115e-03       2.690301e-03       4.433880e-03       1.962131e-02       1.274169e-02       1.460458e-02
         650       8.019560e-03       2.601689e-03       5.275730e-03       2.096555e-02       5.249961e-03       1.331133e-02
         660       6.337752e-03       1.775349e-03       4.202943e-03       2.102887e-02       8.908276e-03       1.417424e-02
         670       7.993553e-03       3.253719e-03       5.693579e-03       2.465465e-02       1.152978e-02       1.523685e-02
         680       6.190496e-03       2.383837e-03       4.144883e-03       2.600834e-02       1.012137e-02       1.629154e-02
         690       6.105163e-03       2.106961e-03       4.214785e-03       2.793382e-02       1.281408e-02       1.793013e-02
         700       1.839126e-02       2.108693e-03       9.954459e-03       3.239416e-02       8.271893e-03       2.134723e-02
         710       1.077936e-02       2.808031e-03       6.276020e-03       2.919538e-02       9.448368e-03       2.094432e-02
         720       1.512866e-02       1.289875e-03       5.597821e-03       2.427762e-02       6.173054e-03       1.740879e-02
         730       9.953546e-03       2.177694e-03       5.659701e-03       2.635950e-02       1.006610e-02       1.841321e-02
         740       7.560398e-03       1.270836e-03       4.735781e-03       2.231459e-02       8.647020e-03       1.666698e-02
         750       9.800982e-03       1.159305e-03       6.625886e-03       2.543480e-02       9.590956e-03       2.022187e-02
         760       9.884493e-03       8.530621e-04       5.060180e-03       2.423645e-02       1.151720e-02       1.859537e-02
         770       1.498045e-02       3.846245e-03       8.651985e-03       3.098203e-02       1.172644e-02       2.115325e-02
         780       1.198303e-02       2.428483e-03       4.832822e-03       2.697940e-02       6.500129e-03       1.572174e-02
         790       7.782261e-03       2.308447e-03       3.993430e-03       1.768794e-02       4.897368e-03       1.154260e-02
         800       7.827064e-03       1.665712e-03       4.235245e-03       2.012625e-02       5.804739e-03       1.137976e-02
         810       6.235618e-03       1.299248e-03       3.591890e-03       1.944037e-02       3.717100e-03       9.988590e-03
         820       6.641414e-03       1.959124e-03       4.065423e-03       1.659761e-02       8.073871e-03       1.120339e-02
         830       1.021237e-02       2.238419e-03       4.290321e-03       1.583354e-02       6.987870e-03       1.062301e-02
         840       7.648864e-03       2.940761e-03       4.158635e-03       2.788173e-02       8.800549e-03       1.461627e-02
         850       7.039022e-03       2.694421e-03       4.223083e-03       2.532311e-02       6.631816e-03       1.331358e-02
         860       9.468818e-03       1.046637e-03       5.411919e-03       2.283557e-02       1.270647e-02       1.853746e-02
         870       7.581378e-03       3.160864e-03       4.995656e-03       3.438851e-02       9.595725e-03       2.034944e-02
         880       8.731579e-03       1.244918e-03       5.269598e-03       2.881045e-02       1.103335e-02       1.884898e-02
         890       7.559192e-03       4.143131e-03       5.126506e-03       2.080100e-02       1.163958e-02       1.641903e-02
         900       8.112019e-03       3.329696e-03       6.042338e-03       3.016627e-02       1.454534e-02       1.945688e-02
         910       6.041952e-03       1.846958e-03       3.804232e-03       1.860970e-02       7.108625e-03       1.398066e-02
         920       6.334570e-03       2.228333e-03       4.213384e-03       2.327657e-02       8.319790e-03       1.606963e-02
         930       9.388659e-03       1.365895e-03       4.695798e-03       3.279647e-02       8.195158e-03       1.670739e-02
         940       8.427680e-03       2.324820e-03       5.025306e-03       2.287096e-02       5.390987e-03       1.549516e-02
         950       9.585319e-03       1.944187e-03       5.125389e-03       2.144494e-02       3.032093e-03       1.521604e-02
         960       1.179565e-02       1.137974e-03       5.640968e-03       2.365366e-02       3.901017e-03       1.634893e-02
         970       9.704579e-03       8.962093e-04       5.380002e-03       2.594508e-02       5.115197e-03       1.621296e-02
         980       6.346969e-03       2.123925e-03       4.455931e-03       2.137651e-02       5.031335e-03       1.239015e-02
         990       9.967683e-03       3.315564e-03       5.793312e-03       2.939415e-02       5.565788e-03       1.600604e-02
        1000       6.597837e-03       1.715468e-03       5.113207e-03       2.386633e-02       4.757757e-03       1.532942e-02
