#       step         max_devi_v         min_devi_v         avg_devi_v         max_devi_f         min_devi_f         avg_devi_f
           0       1.241701e-02       5.551130e-04       5.968923e-03       2.419189e-02       1.296635e-02       1.877896e-02
          10       1.267324e-02       1.785671e-03       6.452938e-03       2.237424e-02       1.062199e-02       1.522715e-02
          20       7.954266e-03       9.874658e-04       4.844572e-03       1.707272e-02       8.652220e-03       1.369309e-02
          30       8.699863e-03       6.222048e-04       3.669036e-03       2.948985e-02       7.053403e-03       1.417195e-02
          40       7.768361e-03       2.554803e-03       5.885691e-03       2.473246e-02       1.211121e-02       1.805221e-02
          50       1.024263e-02       1.828581e-03       5.719647e-03       2.894370e-02       7.415165e-03       1.466350e-02
          60       8.401492e-03       1.337730e-03       5.157401e-03       3.158910e-02       7.240322e-03       1.437264e-02
          70       7.775322e-03       9.559780e-04       4.839032e-03       3.488539e-02       8.146700e-03       1.525270e-02
          80       1.416401e-02       1.264645e-03       6.970082e-03       1.882342e-02       6.152672e-03       1.433696e-02
          90       1.670850e-02       1.009155e-03       8.225680e-03       2.006195e-02       7.249831e-03       1.440879e-02
         100       8.523779e-03       3.501327e-03       5.444602e-03       2.895835e-02       8.414263e-03       1.895294e-02
         110       7.154139e-03       1.096836e-03       5.101440e-03       2.687949e-02       1.047874e-02       1.673478e-02
         120       8.841609e-03       2.981703e-03       5.751598e-03       2.213242e-02       1.149538e-02       1.671189e-02
         130       9.098323e-03       3.493424e-03       5.259225e-03       2.750195e-02       1.061266e-02       1.689897e-02
         140       8.167747e-03       2.600994e-03       4.900157e-03       2.085754e-02       6.967632e-03       1.489571e-02
         150       1.162853e-02       3.492567e-03       8.113003e-03       3.782272e-02       6.737733e-03       2.122749e-02
         160       1.134452e-02       6.286174e-03       8.160028e-03       2.974416e-02       1.122298e-02       2.221536e-02
         170       9.090333e-03       3.834988e-03       6.425760e-03       3.688426e-02       1.361028e-02       2.129761e-02
         180       7.100692e-03       9.678107e-04       4.575916e-03       2.779185e-02       1.796216e-02       2.296362e-02
         190       1.069389e-02       1.607214e-03       6.273471e-03       2.861615e-02       1.653449e-02       2.180792e-02
         200       1.504221e-02       1.777785e-03       7.888989e-03       3.059280e-02       1.272031e-02       2.093325e-02
         210       1.776299e-02       3.095193e-03       9.230847e-03       4.568324e-02       1.576602e-02       2.397798e-02
         220       1.980965e-02       4.245069e-03       9.899470e-03       4.053303e-02       1.530460e-02       2.582922e-02
         230       2.140387e-02       1.721225e-03       9.383641e-03       3.417660e-02       1.662164e-02       2.421770e-02
         240       1.254169e-02       2.135309e-03       6.830643e-03       2.561820e-02       1.321914e-02       1.888103e-02
         250       8.744891e-03       2.681398e-03       6.060767e-03       2.727846e-02       1.390530e-02       2.065227e-02
         260       5.663547e-03       4.237956e-03       5.163482e-03       2.938222e-02       1.073578e-02       2.209777e-02
         270       7.516196e-03       2.749370e-03       4.644317e-03       2.234259e-02       1.017544e-02       1.676270e-02
         280       7.488649e-03       2.321957e-03       5.044420e-03       2.853477e-02       1.200255e-02       1.875462e-02
         290       6.604673e-03       3.347191e-03       5.202627e-03       2.430121e-02       5.493020e-03       1.817375e-02
         300       1.228385e-02       3.254071e-03       7.165943e-03       2.741922e-02       4.648530e-03       1.809336e-02
         310       6.743681e-03       2.002098e-03       4.020829e-03       2.608433e-02       4.821012e-03       1.304978e-02
         320       7.374134e-03       1.994433e-03       3.996595e-03       1.465193e-02       5.896316e-03       9.538385e-03
         330       7.624212e-03       1.052616e-03       5.010675e-03       2.038043e-02       9.698419e-03       1.436667e-02
         340       1.829777e-02       3.671738e-03       8.221083e-03       3.104315e-02       7.376339e-03       2.077233e-02
         350       1.016487e-02       4.400114e-03       6.478051e-03       2.460256e-02       8.716005e-03       1.833202e-02
         360       1.181920e-02       4.454311e-03       7.998002e-03       2.929819e-02       6.967315e-03       2.101807e-02
         370       1.378046e-02       4.606269e-03       8.264671e-03       2.875054e-02       1.286495e-02       2.150616e-02
         380       1.123433e-02       2.007592e-03       6.462586e-03       2.504004e-02       1.282626e-02       1.822418e-02
         390       7.329035e-03       2.231875e-03       4.149552e-03       2.443731e-02       1.300282e-02       1.646319e-02
         400       1.058139e-02       1.135816e-03       5.457948e-03       2.406202e-02       4.661247e-03       1.521098e-02
         410       1.118652e-02       3.214113e-03       6.039411e-03       3.170805e-02       1.117133e-02       1.826381e-02
         420       1.109006e-02       3.050394e-03       6.542595e-03       3.178908e-02       9.878735e-03       1.715206e-02
         430       8.199750e-03       1.574665e-03       4.725377e-03       2.513085e-02       1.192320e-02       1.627695e-02
         440       7.718622e-03       2.163384e-03       4.751598e-03       2.844101e-02       8.521057e-03       1.574923e-02
         450       8.869472e-03       1.499618e-03       4.754333e-03       2.086359e-02       1.044169e-02       1.491740e-02
         460       6.219564e-03       1.445549e-03       4.560603e-03       2.394421e-02       1.010464e-02       1.519747e-02
         470       5.978650e-03       1.814681e-03       4.450322e-03       2.568291e-02       9.177453e-03       1.307465e-02
         480       6.189905e-03       1.730395e-03       4.155385e-03       2.527541e-02       7.957450e-03       1.367425e-02
         490       9.020759e-03       2.977545e-03       5.249819e-03       2.599843e-02       1.013717e-02       1.760666e-02
         500       1.006144e-02       3.632340e-03       6.535022e-03       3.358000e-02       5.933412e-03       2.085557e-02
         510       1.339679e-02       2.882959e-03       7.170331e-03       2.874349e-02       7.017305e-03       2.016044e-02
         520       8.710496e-03       2.133145e-03       6.052460e-03       2.361788e-02       1.022740e-02       1.761046e-02
         530       1.010936e-02       2.041808e-03       6.156858e-03       3.077135e-02       8.548591e-03       2.166871e-02
         540       1.069298e-02       3.661187e-03       6.195691e-03       2.027226e-02       9.623164e-03       1.502451e-02
         550       8.917209e-03       1.780850e-03       6.307468e-03       3.046414e-02       5.569494e-03       1.822513e-02
         560       1.469759e-02       3.980582e-03       7.144857e-03       3.459389e-02       6.458399e-03       2.025162e-02
         570       7.634630e-03       3.312009e-03       4.909591e-03       2.777409e-02       6.489765e-03       1.842739e-02
         580       9.521846e-03       2.243826e-03       4.845418e-03       2.671382e-02       4.403246e-03       1.531604e-02
         590       7.650797e-03       2.072350e-03       5.520061e-03       2.080582e-02       1.271745e-02       1.626401e-02
         600       1.848489e-02       3.949436e-03       8.756277e-03       2.860306e-02       1.400803e-02       2.046742e-02
         610       7.050858e-03       2.808776e-03       5.041053e-03       3.348440e-02       1.245918e-02       2.164016e-02
         620       6.569931e-03       1.974596e-03       4.272146e-03       2.234531e-02       6.517251e-03       1.354646e-02
         630       1.161029e-02       2.685709e-03       5.723446e-03       3.059975e-02       1.192934e-02       1.943766e-02
         640       8.327087e-03       1.353123e-03       4.210795e-03       2.599774e-02       1.024045e-02       1.508028e-02
         650       4.259294e-03       1.707744e-03       3.292759e-03       2.340132e-02       6.799033e-03       1.248642e-02
         660       5.508138e-03       2.868317e-03       4.574215e-03       1.861824e-02       7.047476e-03       1.194357e-02
         670       4.126663e-03       2.450380e-03       3.624443e-03       2.039913e-02       7.295981e-03       1.192714e-02
         680       6.605627e-03       3.155682e-03       4.189434e-03       1.815796e-02       7.193613e-03       1.159889e-02
         690       5.151045e-03       1.778034e-03       2.870900e-03       2.649240e-02       8.560124e-03       1.312979e-02
         700       1.169881e-02       1.240509e-03       5.481293e-03       2.710352e-02       1.171746e-02       1.680456e-02
         710       8.692397e-03       2.382581e-03       5.756146e-03       3.269649e-02       7.608121e-03       1.721939e-02
         720       1.244013e-02       2.702043e-03       7.027739e-03       3.327733e-02       9.798453e-03       2.158256e-02
         730       1.826422e-02       4.772527e-03       7.846447e-03       3.668636e-02       9.045309e-03       2.052252e-02
         740       9.541666e-03       1.869695e-03       4.631994e-03       1.729227e-02       7.357240e-03       1.236532e-02
         750       6.915283e-03       1.653247e-03       5.081339e-03       2.895164e-02       1.050287e-02       1.839029e-02
         760       7.984039e-03       3.375473e-03       5.464049e-03       3.449925e-02       9.664671e-03       1.955142e-02
         770       7.215188e-03       2.461631e-03       4.459785e-03       1.851099e-02       7.178890e-03       1.376496e-02
         780       7.727798e-03       2.324848e-03       4.411516e-03       2.860095e-02       7.418350e-03       1.544638e-02
         790       1.286914e-02       1.361502e-03       5.868773e-03       3.157753e-02       7.618084e-03       1.783441e-02
         800       9.391545e-03       1.104635e-03       6.160675e-03       2.460678e-02       7.673687e-03       1.788977e-02
         810       8.476528e-03       2.372077e-03       5.176808e-03       1.998278e-02       7.464913e-03       1.295893e-02
         820       6.007935e-03       1.466890e-03       3.313696e-03       1.788914e-02       6.734307e-03       1.211040e-02
         830       5.495913e-03       1.431454e-03       2.708226e-03       1.398052e-02       6.666305e-03       9.801192e-03
         840       5.042051e-03       1.277950e-04       3.057526e-03       1.173173e-02       7.478412e-03       9.797324e-03
         850       6.231384e-03       6.288350e-04       3.259959e-03       1.348972e-02       6.640476e-03       9.706121e-03
         860       4.970656e-03       1.223940e-03       3.084052e-03       1.404969e-02       4.302466e-03       9.792409e-03
         870       9.504092e-03       1.641926e-03       4.016893e-03       2.118143e-02       3.974571e-03       1.214780e-02
         880       6.965909e-03       5.697435e-04       2.966120e-03       1.880109e-02       7.188850e-03       1.219999e-02
         890       9.034764e-03       1.444855e-03       3.740367e-03       2.022156e-02       8.007120e-03       1.456935e-02
         900       7.349686e-03       1.689002e-03       3.835340e-03       1.924891e-02       6.872582e-03       1.429000e-02
         910       7.507650e-03       9.875638e-04       3.744711e-03       2.204481e-02       8.097219e-03       1.657564e-02
         920       8.755426e-03       2.641940e-03       6.025251e-03       2.961534e-02       1.332212e-02       2.090040e-02
         930       1.142492e-02       2.337052e-03       7.078118e-03       2.314491e-02       1.208502e-02       1.706803e-02
         940       1.087694e-02       1.893883e-03       5.786097e-03       3.181527e-02       1.139497e-02       1.833615e-02
         950       1.308652e-02       2.409881e-03       6.567207e-03       2.565568e-02       1.126231e-02       1.713982e-02
         960       1.137338e-02       1.534531e-03       6.521841e-03       2.771946e-02       1.047749e-02       1.614613e-02
         970       1.378735e-02       6.021522e-04       6.367142e-03       2.464318e-02       9.128333e-03       1.551450e-02
         980       1.081930e-02       1.988445e-03       5.831090e-03       2.212284e-02       1.163285e-02       1.707378e-02
         990       1.199090e-02       1.504986e-03       6.825942e-03       3.610314e-02       1.177623e-02       1.868685e-02
        1000       1.783994e-02       3.470745e-03       8.190170e-03       3.445592e-02       1.012784e-02       1.986624e-02
