#       step         max_devi_v         min_devi_v         avg_devi_v         max_devi_f         min_devi_f         avg_devi_f
           0       1.465223e-02       1.002584e-03       5.904988e-03       2.138293e-02       8.207383e-03       1.490994e-02
          10       1.442065e-02       3.120372e-03       7.743812e-03       2.356885e-02       1.184049e-02       1.739935e-02
          20       1.557872e-02       3.594215e-03       6.994265e-03       2.333712e-02       9.130220e-03       1.608695e-02
          30       6.634881e-03       1.904362e-03       4.089061e-03       1.766245e-02       9.571981e-03       1.369461e-02
          40       6.316126e-03       1.787733e-03       3.763924e-03       2.905478e-02       7.660906e-03       1.434322e-02
          50       6.024982e-03       1.024800e-03       3.784923e-03       3.069303e-02       8.955636e-03       1.452360e-02
          60       1.328626e-02       2.103521e-03       6.686039e-03       3.031104e-02       8.098948e-03       1.637365e-02
          70       1.271040e-02       1.665725e-03       6.686808e-03       2.717688e-02       5.651762e-03       1.495971e-02
          80       6.813132e-03       1.297346e-03       3.950315e-03       3.552922e-02       7.215524e-03       1.605624e-02
          90       5.840840e-03       1.356817e-03       3.557995e-03       3.199593e-02       9.290914e-03       1.435475e-02
         100       5.978484e-03       2.265325e-03       3.768674e-03       2.789062e-02       7.932909e-03       1.213825e-02
         110       9.466024e-03       1.882990e-03       5.422990e-03       2.331172e-02       7.336832e-03       1.673033e-02
         120       7.512722e-03       2.072694e-03       4.798635e-03       2.770608e-02       6.651261e-03       1.573335e-02
         130       1.008440e-02       2.582766e-03       6.232450e-03       2.026421e-02       1.309462e-02       1.674280e-02
         140       8.229007e-03       3.247679e-03       5.306448e-03       2.845954e-02       1.155011e-02       1.900679e-02
         150       1.185103e-02       3.024644e-04       5.850000e-03       2.435170e-02       1.507620e-02       1.985868e-02
         160       1.446566e-02       2.320477e-03       6.224449e-03       2.420136e-02       1.171606e-02       1.625257e-02
         170       1.448268e-02       2.711973e-03       7.198497e-03       3.865876e-02       8.333018e-03       2.387835e-02
         180       7.716373e-03       2.221182e-03       4.355007e-03       1.770489e-02       7.024612e-03       1.145901e-02
         190       7.514569e-03       2.852166e-03       4.529547e-03       2.042625e-02       8.255258e-03       1.311627e-02
         200       1.194218e-02       1.628560e-03       5.682772e-03       2.162416e-02       5.058442e-03       1.328007e-02
         210       1.237639e-02       5.485877e-04       5.899490e-03       2.038399e-02       8.673113e-03       1.286784e-02
         220       1.394028e-02       9.444421e-04       6.727537e-03       2.717980e-02       1.036076e-02       1.668618e-02
         230       9.689575e-03       1.147832e-03       4.910483e-03       1.738765e-02       9.113983e-03       1.223559e-02
         240       8.731575e-03       6.550625e-04       4.763064e-03       1.842993e-02       8.495676e-03       1.295750e-02
         250       7.430657e-03       1.869553e-03       4.599399e-03       2.593081e-02       8.447240e-03       1.650172e-02
         260       5.801780e-03       1.115231e-03       4.021263e-03       2.231983e-02       7.334602e-03       1.330501e-02
         270       7.743121e-03       2.550108e-03       5.788201e-03       2.907047e-02       9.401462e-03       1.839608e-02
         280       8.815546e-03       2.405164e-03       6.099944e-03       2.535100e-02       8.361577e-03       1.690683e-02
         290       1.151601e-02       2.829065e-03       7.439636e-03       3.265433e-02       1.332392e-02       2.249381e-02
         300       1.095494e-02       1.010563e-03       6.759751e-03       2.335577e-02       9.222328e-03       1.654759e-02
         310       9.302233e-03       4.547406e-03       6.688261e-03       3.051417e-02       6.235948e-03       1.591225e-02
         320       9.232319e-03       9.986861e-04       4.768790e-03       2.045409e-02       8.352212e-03       1.486753e-02
         330       1.121780e-02       2.611694e-03       6.683547e-03       2.835987e-02       7.181220e-03       1.791443e-02
         340       9.788811e-03       1.138809e-03       4.974427e-03       2.121420e-02       5.896764e-03       1.340095e-02
         350       1.061143e-02       2.144053e-03       5.708897e-03       2.393101e-02       4.536901e-03       1.530956e-02
         360       7.131279e-03       1.741729e-03       4.148277e-03       1.850006e-02       4.254018e-03       1.110875e-02
         370       6.800145e-03       1.010261e-03       3.780557e-03       1.353284e-02       5.428164e-03       9.694890e-03
         380       1.058072e-02       1.912118e-03       5.026174e-03       2.370823e-02       8.206928e-03       1.428871e-02
         390       8.718634e-03       2.059892e-03       4.534068e-03       1.810540e-02       7.250509e-03       1.120544e-02
         400       1.517703e-02       1.108989e-03       7.575295e-03       4.354371e-02       7.402004e-03       2.089074e-02
         410       1.003632e-02       1.917959e-03       4.829500e-03       2.178449e-02       6.215680e-03       1.211963e-02
         420       7.308110e-03       6.594236e-04       4.733913e-03       1.794706e-02       5.477937e-03       1.068093e-02
         430       1.106097e-02       2.423482e-03       6.046922e-03       2.560688e-02       1.098665e-02       1.810031e-02
         440       8.262834e-03       3.735865e-03       5.530741e-03       2.835841e-02       8.461457e-03       1.732062e-02
         450       1.308528e-02       3.291549e-03       7.164162e-03       3.469286e-02       7.027573e-03       2.013584e-02
         460       1.355061e-02       1.552531e-03       6.539334e-03       2.099442e-02       7.613011e-03       1.316659e-02
         470       7.599059e-03       2.293117e-03       4.916244e-03       1.669288e-02       8.242702e-03       1.140631e-02
         480       7.555940e-03       1.446201e-03       4.077776e-03       2.153417e-02       9.399963e-03       1.484608e-02
         490       8.915989e-03       1.514523e-03       4.552448e-03       1.756594e-02       8.671757e-03       1.306699e-02
         500       6.706388e-03       1.118428e-03       3.952082e-03       1.682903e-02       6.701930e-03       1.165424e-02
         510       8.288479e-03       7.443903e-04       3.772126e-03       1.808042e-02       4.736869e-03       1.214078e-02
         520       4.141203e-03       7.938492e-04       2.405012e-03       1.200431e-02       4.025384e-03       6.543988e-03
         530       1.251615e-02       1.047707e-03       4.662311e-03       3.012793e-02       5.022912e-03       1.440698e-02
         540       1.041501e-02       1.064117e-03       5.418276e-03       2.261320e-02       3.717871e-03       1.297470e-02
         550       8.873562e-03       1.518479e-03       4.869791e-03       2.428954e-02       8.263540e-03       1.400733e-02
         560       9.661510e-03       2.011251e-03       5.638706e-03       2.834756e-02       6.569380e-03       1.383826e-02
         570       5.353685e-03       6.633388e-04       3.601915e-03       2.459752e-02       3.122442e-03       1.303726e-02
         580       4.221633e-03       6.783211e-04       2.042382e-03       1.054390e-02       4.717375e-03       7.000906e-03
         590       8.656462e-03       1.468647e-03       4.401409e-03       1.610531e-02       4.228405e-03       1.062346e-02
         600       4.097252e-03       9.017287e-04       2.429382e-03       1.110175e-02       3.676375e-03       7.156090e-03
         610       6.589608e-03       1.380899e-03       4.223985e-03       1.833279e-02       6.200036e-03       1.282360e-02
         620       8.633884e-03       2.779266e-03       5.023444e-03       1.777945e-02       7.666142e-03       1.258108e-02
         630       1.337636e-02       2.658664e-03       7.362865e-03       2.161282e-02       1.206594e-02       1.669247e-02
         640       9.550714e-03       1.642578e-03       5.400329e-03       2.497367e-02       1.044662e-02       1.671641e-02
         650       9.757716e-03       1.398405e-03       5.066255e-03       2.287374e-02       8.422461e-03       1.485424e-02
         660       7.773272e-03       1.432904e-03       4.773965e-03       1.957853e-02       7.443534e-03       1.274097e-02
         670       9.854090e-03       3.065452e-03       6.142281e-03       2.529284e-02       1.031015e-02       1.797242e-02
         680       8.909158e-03       1.629898e-03       4.475337e-03       2.398209e-02       1.085824e-02       1.493814e-02
         690       1.050156e-02       3.339375e-03       6.414206e-03       2.633037e-02       8.072616e-03       1.702866e-02
         700       6.857049e-03       2.147102e-03       4.549936e-03       2.117690e-02       6.253060e-03       1.140077e-02
         710       8.039761e-03       1.860996e-03       3.668066e-03       2.125666e-02       7.697924e-03       1.341545e-02
         720       6.703632e-03       8.522562e-04       3.648160e-03       2.287748e-02       5.887932e-03       1.315489e-02
         730       1.025311e-02       9.943553e-04       5.091126e-03       2.562938e-02       8.481503e-03       1.431411e-02
         740       1.273401e-02       1.885426e-03       5.817542e-03       2.017484e-02       1.225400e-02       1.616014e-02
         750       9.076394e-03       2.489592e-03       5.330164e-03       2.491632e-02       6.703864e-03       1.515640e-02
         760       1.117519e-02       9.952647e-04       6.056213e-03       2.792256e-02       7.729117e-03       1.536564e-02
         770       9.262329e-03       2.431026e-03       5.204666e-03       2.005659e-02       5.029306e-03       1.260791e-02
         780       1.040572e-02       3.648384e-03       5.680518e-03       1.986427e-02       8.645328e-03       1.352006e-02
         790       6.020469e-03       4.175722e-03       4.943014e-03       2.504324e-02       6.555673e-03       1.571586e-02
         800       5.183620e-03       1.441606e-03       3.827364e-03       2.062289e-02       9.891455e-03       1.456252e-02
         810       9.362276e-03       1.997237e-03       5.679429e-03       3.095296e-02       4.854402e-03       1.714093e-02
         820       1.067504e-02       2.169795e-03       5.859683e-03       3.506806e-02       6.325983e-03       1.797171e-02
         830       1.265877e-02       2.093092e-03       5.729681e-03       2.069787e-02       1.275612e-02       1.666120e-02
         840       9.304442e-03       2.828443e-03       5.270349e-03       2.788816e-02       7.160042e-03       1.640650e-02
         850       1.162228e-02       1.216808e-03       5.250877e-03       2.615709e-02       1.160196e-02       1.626678e-02
         860       1.276715e-02       9.034011e-04       5.287156e-03       2.656564e-02       8.184423e-03       1.501069e-02
         870       1.097007e-02       2.087846e-03       4.974218e-03       2.470332e-02       1.174859e-02       1.577297e-02
         880       1.050797e-02       1.415477e-03       4.161084e-03       2.323211e-02       8.815931e-03       1.324212e-02
         890       7.812486e-03       1.642219e-03       3.529252e-03       2.078030e-02       7.671116e-03       1.178835e-02
         900       9.998420e-03       9.096127e-04       5.424567e-03       2.292353e-02       1.202362e-02       1.706047e-02
         910       6.082718e-03       2.559799e-03       4.189395e-03       2.406324e-02       8.715806e-03       1.427683e-02
         920       7.046138e-03       1.924519e-03       4.383012e-03       1.720379e-02       6.130578e-03       1.245970e-02
         930       1.192069e-02       2.269344e-03       5.742310e-03       2.335171e-02       7.834773e-03       1.696585e-02
         940       8.607819e-03       2.111668e-03       5.411387e-03       2.436788e-02       1.130050e-02       1.451189e-02
         950       1.033168e-02       3.299586e-03       5.666897e-03       2.805604e-02       5.080470e-03       1.574574e-02
         960       5.638631e-03       1.152330e-03       2.986955e-03       1.858520e-02       4.963023e-03       1.061292e-02
         970       4.799812e-03       2.106663e-03       2.953163e-03       1.682284e-02       6.177412e-03       1.221175e-02
         980       6.287054e-03       1.311344e-03       3.152863e-03       1.687643e-02       7.501377e-03       1.146550e-02
         990       3.719217e-03       1.178886e-03       2.742092e-03       1.811073e-02       4.979852e-03       1.215393e-02
        1000       3.619472e-03       1.030575e-03       2.396460e-03       8.986374e-03       3.379162e-03       6.502681e-03
