#       step         max_devi_v         min_devi_v         avg_devi_v         max_devi_f         min_devi_f         avg_devi_f
           0       3.745510e-02       3.214011e-05       1.512726e-02       5.652891e-02       3.525783e-02       4.312278e-02
          10       4.478176e-02       4.251611e-03       1.665464e-02       1.004002e-01       1.992809e-02       4.298737e-02
          20       1.267899e-02       2.162165e-03       7.144478e-03       2.951706e-02       1.053423e-02       2.079029e-02
          30       1.061921e-02       9.686614e-04       5.637992e-03       2.619604e-02       1.013961e-02       1.696794e-02
          40       6.606715e-03       7.837922e-04       4.202675e-03       2.700260e-02       7.774620e-03       1.417354e-02
          50       1.080754e-02       1.211977e-03       5.422046e-03       1.330956e-02       8.182829e-03       1.094660e-02
          60       7.675700e-03       9.785270e-04       4.974187e-03       1.406045e-02       6.182529e-03       9.996593e-03
          70       7.752051e-03       8.036942e-04       5.264078e-03       1.619361e-02       5.566309e-03       1.049371e-02
          80       7.123393e-03       4.309776e-03       5.195900e-03       2.501463e-02       6.696163e-03       1.403402e-02
          90       1.036295e-02       6.442505e-04       6.260706e-03       1.888811e-02       1.084464e-02       1.380470e-02
         100       1.054738e-02       2.985284e-03       6.492581e-03       2.295104e-02       9.659085e-03       1.690581e-02
         110       1.456914e-02       4.048958e-03       8.932678e-03       3.105242e-02       9.464200e-03       2.029952e-02
         120       1.190286e-02       3.255477e-03       7.574996e-03       3.185744e-02       1.850119e-02       2.533728e-02
         130       1.266229e-02       2.777334e-03       8.037862e-03       3.401406e-02       1.100555e-02       2.311365e-02
         140       7.582875e-03       2.351594e-03       4.799544e-03       3.059510e-02       1.155224e-02       2.109604e-02
         150       1.107089e-02       3.663807e-03       7.068846e-03       3.476618e-02       1.383243e-02       2.276897e-02
         160       1.401376e-02       1.159250e-03       7.253003e-03       3.876596e-02       2.039954e-02       2.520040e-02
         170       9.480926e-03       1.822073e-03       5.488253e-03       2.881715e-02       9.979793e-03       1.787954e-02
         180       1.042673e-02       1.299147e-03       5.466761e-03       2.325839e-02       1.246138e-02       1.664479e-02
         190       1.130880e-02       3.492550e-03       6.345650e-03       1.845956e-02       1.229607e-02       1.554068e-02
         200       1.083310e-02       7.571240e-04       5.864299e-03       1.895895e-02       1.042407e-02       1.516171e-02
         210       9.131400e-03       1.304481e-03       4.595821e-03       1.878753e-02       1.041478e-02       1.470519e-02
         220       8.664088e-03       2.224664e-03       5.313510e-03       1.930967e-02       1.051838e-02       1.459521e-02
         230       1.138804e-02       2.412984e-03       5.639096e-03       2.254099e-02       1.155599e-02       1.614956e-02
         240       1.506917e-02       1.011589e-03       6.821788e-03       2.072046e-02       1.414755e-02       1.745244e-02
         250       1.325852e-02       2.483833e-03       7.461274e-03       2.547450e-02       1.019046e-02       1.822427e-02
         260       1.189149e-02       2.193957e-03       6.851150e-03       3.751217e-02       1.004134e-02       2.270165e-02
         270       1.581620e-02       2.564868e-03       8.289649e-03       3.514197e-02       1.488787e-02       2.424860e-02
         280       1.575033e-02       2.486553e-03       8.520497e-03       3.817716e-02       1.540019e-02       2.473372e-02
         290       1.719986e-02       3.486250e-03       8.687873e-03       4.833276e-02       1.651232e-02       2.772694e-02
         300       1.148288e-02       2.376703e-03       7.051304e-03       2.900661e-02       1.458678e-02       1.923699e-02
         310       1.199561e-02       4.676439e-03       7.257502e-03       3.058892e-02       1.655754e-02       2.064472e-02
         320       1.399695e-02       2.190666e-03       7.530999e-03       2.558422e-02       1.487218e-02       1.845197e-02
         330       1.118596e-02       1.007248e-03       6.133374e-03       2.148362e-02       1.104484e-02       1.634231e-02
         340       1.246033e-02       1.923656e-03       5.729540e-03       2.144291e-02       1.069023e-02       1.518903e-02
         350       8.472015e-03       3.501622e-03       5.600527e-03       2.501396e-02       5.485869e-03       1.538867e-02
         360       1.419654e-02       2.566021e-03       6.617012e-03       2.770989e-02       6.809923e-03       1.717445e-02
         370       1.144641e-02       1.753070e-03       6.288164e-03       2.506252e-02       7.014833e-03       1.520006e-02
         380       1.195037e-02       1.013830e-03       6.047553e-03       2.678812e-02       7.721139e-03       1.645098e-02
         390       7.495752e-03       1.344709e-03       4.851899e-03       2.640109e-02       1.074126e-02       1.714398e-02
         400       1.363828e-02       3.003154e-03       6.608979e-03       3.320021e-02       1.332832e-02       2.094362e-02
         410       1.685361e-02       3.329787e-03       7.045850e-03       2.871995e-02       1.063673e-02       1.944783e-02
         420       1.541483e-02       3.338291e-03       7.637046e-03       3.060207e-02       1.469973e-02       2.264911e-02
         430       8.785507e-03       2.828861e-03       5.735462e-03       2.463264e-02       9.590794e-03       1.891927e-02
         440       9.429951e-03       3.433544e-03       5.876109e-03       2.529327e-02       8.889702e-03       1.688053e-02
         450       7.306520e-03       9.250233e-04       3.648007e-03       2.279273e-02       9.532924e-03       1.760427e-02
         460       7.739285e-03       1.552487e-03       4.150590e-03       1.817491e-02       7.334941e-03       1.254281e-02
         470       6.207426e-03       1.001344e-03       3.932023e-03       1.988640e-02       7.062009e-03       1.389879e-02
         480       9.020176e-03       1.130997e-03       4.915471e-03       2.070405e-02       9.055713e-03       1.535795e-02
         490       8.673776e-03       1.446265e-03       5.044246e-03       2.022097e-02       9.651605e-03       1.401331e-02
         500       1.227562e-02       4.804322e-03       6.841851e-03       2.231899e-02       1.301816e-02       1.695924e-02
         510       8.845398e-03       2.051861e-03       4.849745e-03       2.580975e-02       8.222136e-03       1.806011e-02
         520       1.482822e-02       2.073741e-03       6.394891e-03       2.300899e-02       1.257831e-02       1.576741e-02
         530       9.330816e-03       6.045263e-04       4.913986e-03       2.064015e-02       8.734656e-03       1.338183e-02
         540       5.826882e-03       3.811049e-03       4.985686e-03       2.110857e-02       9.403364e-03       1.529458e-02
         550       1.161454e-02       1.377831e-03       6.197948e-03       2.456612e-02       1.305200e-02       1.778735e-02
         560       1.000047e-02       2.160978e-03       6.626944e-03       2.352248e-02       1.110499e-02       1.694464e-02
         570       9.372398e-03       1.588490e-03       4.971296e-03       2.056513e-02       1.157995e-02       1.571838e-02
         580       1.476857e-02       2.444090e-03       6.685086e-03       3.438538e-02       9.663684e-03       1.871462e-02
         590       9.789194e-03       3.916175e-03       5.754962e-03       2.525839e-02       1.150109e-02       1.842727e-02
         600       9.401176e-03       4.341168e-03       6.922481e-03       3.164430e-02       1.049806e-02       2.037110e-02
         610       1.130428e-02       3.517961e-03       6.873938e-03       3.276079e-02       1.099560e-02       1.953799e-02
         620       6.889802e-03       3.731348e-03       5.305424e-03       2.937982e-02       1.106674e-02       1.841936e-02
         630       1.009384e-02       1.957938e-03       6.590166e-03       3.206768e-02       1.217606e-02       1.932564e-02
         640       6.652089e-03       1.406273e-03       4.570619e-03       2.851877e-02       9.686560e-03       1.569048e-02
         650       8.563920e-03       1.755222e-03       5.413274e-03       2.625124e-02       7.975951e-03       1.557715e-02
         660       1.105689e-02       2.625920e-03       6.379290e-03       2.184553e-02       1.001740e-02       1.665476e-02
         670       1.152672e-02       2.503798e-03       6.494837e-03       2.928981e-02       9.708369e-03       1.818820e-02
         680       1.134627e-02       2.979658e-03       6.990056e-03       2.544132e-02       1.080580e-02       1.793349e-02
         690       8.630366e-03       2.942694e-03       6.304162e-03       4.170027e-02       1.783711e-02       2.517904e-02
         700       1.422463e-02       1.645427e-03       9.181496e-03       3.498295e-02       1.511137e-02       2.659917e-02
         710       1.404598e-02       3.394764e-03       8.523950e-03       3.585058e-02       8.845459e-03       2.374444e-02
         720       1.134553e-02       1.298764e-03       5.406628e-03       2.317490e-02       9.155950e-03       1.452192e-02
         730       8.568771e-03       2.440078e-03       5.055772e-03       1.740509e-02       1.110313e-02       1.345895e-02
         740       1.006970e-02       2.310347e-03       6.073967e-03       3.597651e-02       9.326837e-03       1.666918e-02
         750       1.185194e-02       2.370665e-03       6.502767e-03       3.454368e-02       7.530805e-03       1.636480e-02
         760       6.988180e-03       2.231512e-03       5.389943e-03       3.094880e-02       1.039999e-02       1.733311e-02
         770       1.091790e-02       2.721058e-03       5.525698e-03       2.942003e-02       1.044296e-02       1.994149e-02
         780       7.800910e-03       1.400788e-03       4.743418e-03       2.113729e-02       7.938132e-03       1.403611e-02
         790       8.633837e-03       2.781960e-03       5.146564e-03       2.823378e-02       1.170714e-02       1.797835e-02
         800       9.157460e-03       1.616060e-03       5.656113e-03       2.664757e-02       7.111107e-03       1.660348e-02
         810       6.909979e-03       2.717165e-03       4.982414e-03       2.818384e-02       1.369566e-02       2.073075e-02
         820       8.899223e-03       1.872341e-03       5.732437e-03       2.567010e-02       1.491829e-02       1.986637e-02
         830       9.912345e-03       2.245015e-03       5.675404e-03       2.620951e-02       9.844953e-03       1.933377e-02
         840       1.206559e-02       1.381093e-03       6.362665e-03       3.529936e-02       1.254061e-02       2.045577e-02
         850       9.578963e-03       2.913502e-03       5.467396e-03       1.865744e-02       1.321915e-02       1.571580e-02
         860       4.188975e-03       1.035553e-03       2.671535e-03       1.824584e-02       8.438623e-03       1.322003e-02
         870       9.010598e-03       2.426706e-03       5.122587e-03       2.240456e-02       1.117971e-02       1.563108e-02
         880       8.364363e-03       6.793824e-04       4.649014e-03       1.761590e-02       6.815873e-03       1.297714e-02
         890       4.149614e-03       1.545581e-03       3.047133e-03       1.377999e-02       8.791648e-03       1.098042e-02
         900       5.306899e-03       2.617594e-03       4.038675e-03       1.993011e-02       7.872926e-03       1.282668e-02
         910       1.123636e-02       1.480460e-03       5.039916e-03       2.003131e-02       6.396860e-03       1.318099e-02
         920       1.127517e-02       7.565548e-04       5.158126e-03       2.484255e-02       9.820894e-03       1.772802e-02
         930       7.444813e-03       1.314302e-03       5.629638e-03       2.393267e-02       1.120083e-02       1.766716e-02
         940       1.311732e-02       4.631138e-03       7.450836e-03       2.222273e-02       1.426689e-02       1.882843e-02
         950       7.703574e-03       3.649697e-03       5.551303e-03       2.000943e-02       1.000302e-02       1.684756e-02
         960       9.055748e-03       2.542739e-03       5.873014e-03       2.232773e-02       7.914048e-03       1.624341e-02
         970       7.828216e-03       2.601073e-03       5.168795e-03       3.101882e-02       1.249840e-02       1.990323e-02
         980       1.062804e-02       1.881057e-03       4.925110e-03       2.359948e-02       9.980163e-03       1.622603e-02
         990       1.237215e-02       2.492193e-03       6.014528e-03       2.521084e-02       1.538358e-02       2.003914e-02
        1000       9.052225e-03       1.295386e-03       5.235456e-03       2.242249e-02       1.277157e-02       1.657535e-02
