#       step         max_devi_v         min_devi_v         avg_devi_v         max_devi_f         min_devi_f         avg_devi_f
           0       2.346327e-02       1.152031e-05       9.024157e-03       2.530733e-02       1.182006e-02       1.694856e-02
          10       2.542116e-02       7.063874e-05       1.205262e-02       4.550075e-02       1.701822e-02       2.639568e-02
          20       2.043410e-02       9.001143e-05       8.313337e-03       2.692604e-02       1.771723e-02       2.110475e-02
          30       1.114626e-02       1.154946e-04       5.384182e-03       2.627507e-02       7.014507e-03       1.471556e-02
          40       1.263312e-02       2.252656e-04       6.624327e-03       2.342619e-02       6.764405e-03       1.377876e-02
          50       1.469596e-02       3.907808e-04       7.913637e-03       3.228054e-02       6.453873e-03       1.622467e-02
          60       1.534841e-02       3.894455e-04       8.358093e-03       3.629860e-02       4.286860e-03       1.539600e-02
          70       1.731639e-02       5.218010e-04       1.003276e-02       4.136623e-02       2.382109e-03       1.824061e-02
          80       6.078953e-03       2.583550e-04       3.508188e-03       1.262962e-02       1.814038e-03       9.161319e-03
          90       1.444647e-02       1.002528e-03       6.588025e-03       2.945391e-02       1.453640e-03       1.245715e-02
         100       6.256958e-03       5.147559e-04       3.320809e-03       1.344339e-02       2.563278e-03       7.541371e-03
         110       3.011544e-03       2.501153e-04       1.809801e-03       1.486956e-02       3.646118e-03       8.932673e-03
         120       6.308538e-03       3.836069e-04       2.855767e-03       1.405448e-02       5.253147e-03       8.870754e-03
         130       1.939486e-03       2.560511e-04       1.199697e-03       1.397103e-02       3.516344e-03       8.082501e-03
         140       8.889991e-03       7.067045e-04       4.393420e-03       2.778615e-02       4.139136e-03       1.204018e-02
         150       4.483708e-03       5.362283e-04       2.291827e-03       1.135948e-02       7.342725e-03       8.929561e-03
         160       4.086430e-03       8.300476e-04       2.339165e-03       1.726862e-02       3.326811e-03       1.058758e-02
         170       9.092710e-03       1.334448e-03       4.473837e-03       2.009737e-02       8.784062e-03       1.517201e-02
         180       5.649293e-03       5.407690e-04       2.933505e-03       2.389143e-02       5.258067e-03       1.416326e-02
         190       9.299729e-03       7.327792e-04       4.433147e-03       2.763174e-02       4.739802e-03       1.767554e-02
         200       9.698041e-03       8.890874e-04       4.615567e-03       2.409767e-02       6.350995e-03       1.541665e-02
         210       5.785652e-03       1.640598e-03       3.948442e-03       2.620769e-02       6.337615e-03       1.590930e-02
         220       8.814691e-03       2.194375e-03       4.490276e-03       2.510220e-02       9.642745e-03       1.584767e-02
         230       5.985115e-03       4.285876e-04       3.087066e-03       1.303423e-02       5.782087e-03       9.325887e-03
         240       7.545685e-03       8.148082e-04       3.881005e-03       9.836547e-03       5.822449e-03       8.204616e-03
         250       1.079417e-02       8.769246e-04       4.383921e-03       1.828518e-02       6.304257e-03       1.130898e-02
         260       6.078810e-03       2.247690e-03       4.618409e-03       2.457526e-02       4.300896e-03       1.215384e-02
         270       4.463039e-03       6.518458e-04       1.986710e-03       7.770842e-03       4.516478e-03       6.424693e-03
         280       4.938527e-03       8.245889e-04       2.240599e-03       1.198305e-02       6.663431e-03       8.391451e-03
         290       1.955282e-03       4.884331e-04       1.244151e-03       1.245433e-02       5.723422e-03       8.260384e-03
         300       6.219980e-03       7.713228e-04       2.705209e-03       1.711832e-02       5.995647e-03       9.849244e-03
         310       9.949154e-03       6.695440e-04       4.306921e-03       2.310116e-02       5.897268e-03       1.238772e-02
         320       1.088387e-02       3.370634e-03       5.912384e-03       2.498459e-02       6.103615e-03       1.729071e-02
         330       6.974125e-03       4.914678e-04       3.943711e-03       2.214999e-02       7.010196e-03       1.290256e-02
         340       9.901763e-03       8.090710e-04       4.305387e-03       1.832340e-02       6.086351e-03       1.091510e-02
         350       1.546712e-02       2.133233e-03       7.759252e-03       4.442281e-02       4.943857e-03       2.091879e-02
         360       1.335816e-02       2.742132e-03       6.292092e-03       2.582742e-02       6.647083e-03       1.619570e-02
         370       1.072001e-02       2.215262e-03       5.339264e-03       2.202949e-02       8.977969e-03       1.471145e-02
         380       1.150531e-02       1.739783e-03       5.549016e-03       2.065409e-02       5.655195e-03       1.173522e-02
         390       1.268641e-02       2.543641e-03       6.139106e-03       1.806256e-02       8.620369e-03       1.260801e-02
         400       6.711610e-03       1.455238e-03       3.847226e-03       1.754584e-02       6.181498e-03       1.130465e-02
         410       1.017992e-02       9.599458e-04       5.146356e-03       1.501945e-02       8.858717e-03       1.251944e-02
         420       7.983509e-03       1.165336e-03       4.276297e-03       1.472819e-02       5.003021e-03       1.101329e-02
         430       1.157646e-02       3.178610e-04       5.921921e-03       2.437718e-02       7.263629e-03       1.466112e-02
         440       1.126417e-02       1.078134e-03       4.931933e-03       1.942618e-02       5.875075e-03       1.185211e-02
         450       1.067723e-02       1.165238e-03       4.599350e-03       2.001406e-02       3.845865e-03       1.308578e-02
         460       8.020635e-03       1.309681e-03       3.944804e-03       1.984892e-02       5.835934e-03       1.322814e-02
         470       8.481008e-03       1.501206e-03       4.998771e-03       3.100910e-02       6.231214e-03       1.678655e-02
         480       7.355919e-03       8.552893e-04       3.290449e-03       1.145387e-02       3.877329e-03       8.715504e-03
         490       4.602155e-03       4.896427e-04       2.405132e-03       1.506987e-02       5.253319e-03       9.211736e-03
         500       5.775099e-03       4.895939e-04       2.618185e-03       1.642598e-02       4.693193e-03       1.126144e-02
         510       6.659304e-03       1.362692e-03       3.644053e-03       2.037462e-02       4.390202e-03       1.061520e-02
         520       1.012437e-02       1.124276e-03       4.478578e-03       1.916975e-02       3.762911e-03       1.064831e-02
         530       1.368809e-02       2.045016e-03       5.935627e-03       2.940846e-02       2.996877e-03       1.655930e-02
         540       4.504988e-03       6.256694e-04       2.248714e-03       1.131583e-02       2.938421e-03       8.261392e-03
         550       6.599845e-03       1.348415e-03       3.705350e-03       2.023270e-02       3.539235e-03       1.098787e-02
         560       1.058649e-02       1.166686e-03       3.953663e-03       2.356416e-02       4.103742e-03       1.178594e-02
         570       4.151199e-03       1.529254e-03       2.338556e-03       8.959753e-03       4.244021e-03       7.170099e-03
         580       2.963391e-03       1.244523e-03       1.960771e-03       1.088995e-02       3.739998e-03       6.935327e-03
         590       7.316005e-03       3.911896e-04       2.882974e-03       1.632413e-02       2.708005e-03       8.478886e-03
         600       4.339064e-03       8.967409e-04       2.501754e-03       1.256176e-02       1.689758e-03       8.118098e-03
         610       4.431565e-03       1.440915e-03       2.593482e-03       1.245344e-02       3.784122e-03       8.267701e-03
         620       7.661880e-03       9.874219e-04       3.522496e-03       1.990816e-02       4.731598e-03       1.248706e-02
         630       4.623435e-03       7.828018e-04       2.737071e-03       1.642096e-02       4.866785e-03       9.398255e-03
         640       4.758820e-03       1.664256e-03       3.456905e-03       2.154946e-02       4.018577e-03       1.011663e-02
         650       6.598947e-03       1.542036e-03       3.066148e-03       1.814526e-02       4.980900e-03       1.007422e-02
         660       5.776766e-03       2.827308e-03       3.694460e-03       2.086720e-02       5.293212e-03       1.301074e-02
         670       7.589909e-03       3.177567e-03       4.806396e-03       1.733302e-02       5.270948e-03       1.201420e-02
         680       1.349376e-02       4.259928e-03       9.962939e-03       4.467568e-02       6.054974e-03       2.224475e-02
         690       1.289153e-02       3.358437e-03       7.848841e-03       3.440063e-02       7.197041e-03       2.123916e-02
         700       1.570592e-02       3.153601e-03       8.314696e-03       3.276650e-02       1.087972e-02       2.433525e-02
         710       1.759360e-02       2.636108e-03       7.045673e-03       3.451208e-02       1.464483e-02       2.453933e-02
         720       2.017762e-02       1.261347e-03       8.031663e-03       3.854868e-02       1.150390e-02       2.419989e-02
         730       1.379102e-02       2.249743e-03       6.143523e-03       3.025618e-02       4.677333e-03       1.541335e-02
         740       9.686137e-03       7.174986e-04       5.663364e-03       2.326938e-02       9.360196e-03       1.569988e-02
         750       1.240033e-02       2.393163e-03       7.446002e-03       3.484175e-02       8.065634e-03       2.155476e-02
         760       7.515668e-03       1.506421e-03       5.620351e-03       2.509761e-02       1.092244e-02       1.835603e-02
         770       7.920078e-03       4.066543e-03       5.924216e-03       3.284686e-02       6.374501e-03       1.686370e-02
         780       7.062776e-03       2.116126e-03       3.921092e-03       1.507880e-02       6.230700e-03       1.141929e-02
         790       1.045595e-02       1.753160e-03       4.806051e-03       2.493266e-02       4.414635e-03       1.121523e-02
         800       1.284360e-02       1.817881e-03       6.551126e-03       2.990798e-02       4.807788e-03       1.369943e-02
         810       1.432089e-02       6.749153e-04       6.763248e-03       3.105437e-02       6.431807e-03       1.537446e-02
         820       1.239489e-02       1.723354e-03       6.967537e-03       2.800378e-02       7.468910e-03       1.593903e-02
         830       8.406159e-03       2.356849e-03       4.131116e-03       1.274494e-02       7.000885e-03       9.970132e-03
         840       5.481198e-03       2.143119e-03       3.291232e-03       1.742578e-02       6.593207e-03       1.128819e-02
         850       5.589965e-03       9.034590e-04       3.543625e-03       2.267379e-02       4.411296e-03       1.151653e-02
         860       1.049856e-02       3.453457e-03       5.674832e-03       2.085545e-02       8.721505e-03       1.367554e-02
         870       1.217374e-02       4.919237e-03       7.209524e-03       3.069479e-02       1.025737e-02       1.790757e-02
         880       1.290058e-02       3.419102e-03       6.845489e-03       2.459503e-02       5.949666e-03       1.696200e-02
         890       7.595261e-03       1.751822e-03       4.908266e-03       2.351364e-02       1.075881e-02       1.552541e-02
         900       9.372678e-03       1.390043e-03       5.117900e-03       4.138308e-02       1.119258e-02       1.893259e-02
         910       1.502240e-02       3.279488e-03       6.713888e-03       2.048398e-02       5.172131e-03       1.438296e-02
         920       9.335413e-03       8.085669e-04       4.933950e-03       2.541683e-02       8.671766e-03       1.682083e-02
         930       6.537078e-03       2.954525e-03       5.185168e-03       2.755646e-02       8.253222e-03       1.673715e-02
         940       1.071776e-02       2.700880e-03       5.206828e-03       3.685468e-02       6.064306e-03       1.682804e-02
         950       6.600359e-03       2.566362e-03       3.835386e-03       2.622501e-02       4.508497e-03       1.508017e-02
         960       5.878927e-03       1.717994e-03       3.242626e-03       1.595111e-02       7.966481e-03       1.140324e-02
         970       9.108055e-03       1.408284e-03       4.822206e-03       1.688046e-02       8.187221e-03       1.260695e-02
         980       7.904320e-03       2.852076e-03       6.596858e-03       2.812265e-02       7.530475e-03       1.631037e-02
         990       4.962031e-03       1.921104e-03       3.384644e-03       1.451799e-02       8.979961e-03       1.201817e-02
        1000       6.973397e-03       2.128705e-03       4.516386e-03       1.757805e-02       8.300058e-03       1.229902e-02
