#       step         max_devi_v         min_devi_v         avg_devi_v         max_devi_f         min_devi_f         avg_devi_f
           0       7.072458e-03       9.902034e-05       3.670161e-03       1.431754e-02       6.323094e-03       1.010415e-02
          10       6.191309e-03       1.950795e-03       4.736784e-03       3.033892e-02       5.749335e-03       1.728975e-02
          20       7.091942e-03       2.359242e-03       4.108023e-03       1.789333e-02       8.958405e-03       1.365314e-02
          30       8.184171e-03       9.168311e-04       4.382181e-03       1.953135e-02       2.633867e-03       1.325025e-02
          40       5.384098e-03       1.059014e-03       2.852736e-03       1.058979e-02       5.618386e-03       7.596021e-03
          50       6.051693e-03       3.066358e-04       4.194708e-03       1.322505e-02       5.519246e-03       9.371080e-03
          60       2.018661e-02       2.608916e-03       8.327024e-03       2.108809e-02       5.683131e-03       1.233389e-02
          70       2.624534e-02       1.500191e-03       1.022357e-02       2.280248e-02       6.187364e-03       1.495853e-02
          80       2.494967e-02       1.624063e-03       9.797828e-03       2.365359e-02       7.352893e-03       1.547503e-02
          90       1.805615e-02       1.734635e-03       7.370787e-03       2.149999e-02       8.532712e-03       1.376443e-02
         100       7.426936e-03       1.439138e-03       3.665059e-03       1.337512e-02       6.850705e-03       9.651328e-03
         110       9.478417e-03       9.489834e-04       5.533420e-03       2.092825e-02       6.736181e-03       1.343739e-02
         120       7.293366e-03       1.870014e-03       3.809465e-03       1.607477e-02       6.294217e-03       9.937166e-03
         130       8.105309e-03       3.008907e-03       5.637752e-03       2.354464e-02       1.067324e-02       1.673053e-02
         140       1.244488e-02       2.281006e-03       7.186500e-03       2.755231e-02       1.653353e-02       2.124550e-02
         150       1.171841e-02       1.625433e-03       6.740346e-03       3.157469e-02       9.950742e-03       2.064244e-02
         160       1.189293e-02       2.342062e-03       5.814915e-03       3.323422e-02       5.892976e-03       1.885868e-02
         170       8.397336e-03       2.146558e-03       5.938138e-03       2.632558e-02       8.192349e-03       1.698866e-02
         180       7.252845e-03       1.813367e-03       4.592401e-03       4.258362e-02       1.171837e-02       2.300316e-02
         190       9.741886e-03       2.385843e-03       5.448848e-03       2.466688e-02       9.554044e-03       1.547836e-02
         200       8.959992e-03       5.290199e-04       4.740255e-03       1.200296e-02       7.321183e-03       1.014882e-02
         210       9.091796e-03       2.373948e-03       4.723965e-03       1.486893e-02       6.735936e-03       1.083649e-02
         220       7.943930e-03       2.171987e-03       4.472410e-03       1.851869e-02       7.026473e-03       1.245836e-02
         230       6.323598e-03       1.241029e-03       3.386541e-03       1.954272e-02       5.267024e-03       1.044359e-02
         240       8.734769e-03       9.044654e-04       5.050084e-03       2.343065e-02       5.831791e-03       1.393897e-02
         250       1.407435e-02       3.421787e-03       7.624730e-03       2.797560e-02       1.019372e-02       1.934091e-02
         260       1.239193e-02       2.587522e-03       6.330013e-03       2.452045e-02       7.060735e-03       1.736647e-02
         270       8.027085e-03       1.547893e-03       5.276183e-03       1.772772e-02       9.875211e-03       1.374693e-02
         280       1.028105e-02       2.417845e-03       6.123146e-03       1.578117e-02       9.525714e-03       1.325253e-02
         290       1.213283e-02       2.224225e-03       6.457379e-03       3.082701e-02       9.461917e-03       1.695591e-02
         300       9.090936e-03       2.199615e-03       5.452204e-03       2.479862e-02       8.606460e-03       1.910342e-02
         310       1.310602e-02       4.113274e-03       7.283126e-03       3.393881e-02       8.553701e-03       2.205121e-02
         320       1.303078e-02       2.706445e-03       6.440517e-03       2.758649e-02       9.649330e-03       1.579018e-02
         330       1.248136e-02       1.128679e-03       7.097864e-03       2.640773e-02       1.096961e-02       1.743696e-02
         340       1.041072e-02       2.109266e-03       6.412341e-03       2.467977e-02       8.115076e-03       1.623302e-02
         350       9.681434e-03       2.347987e-03       6.436582e-03       2.509169e-02       7.035655e-03       1.765305e-02
         360       1.182672e-02       8.632152e-04       5.959876e-03       2.830861e-02       5.152733e-03       1.575520e-02
         370       1.052538e-02       2.883287e-03       5.509755e-03       3.060845e-02       8.898526e-03       1.601148e-02
         380       9.153659e-03       1.536329e-03       4.162249e-03       1.542739e-02       6.008717e-03       1.106254e-02
         390       6.828872e-03       5.171077e-04       2.932181e-03       1.554223e-02       6.090303e-03       9.948312e-03
         400       4.779406e-03       1.322110e-03       2.929452e-03       1.381459e-02       2.907536e-03       9.520258e-03
         410       6.202392e-03       1.660260e-03       4.156046e-03       3.009083e-02       1.054477e-02       1.696231e-02
         420       8.588059e-03       1.903689e-03       4.124503e-03       2.333392e-02       7.124601e-03       1.217023e-02
         430       7.205931e-03       1.238961e-03       4.181937e-03       2.641429e-02       1.064113e-02       1.372736e-02
         440       4.399387e-03       2.400040e-03       3.125182e-03       1.354375e-02       9.984298e-03       1.119728e-02
         450       5.794132e-03       1.977328e-03       3.961977e-03       1.850258e-02       5.445611e-03       1.145143e-02
         460       1.059681e-02       2.331234e-03       4.637068e-03       2.291372e-02       5.702812e-03       1.241409e-02
         470       8.437967e-03       1.247090e-03       4.161211e-03       1.386369e-02       5.205854e-03       1.033017e-02
         480       8.390864e-03       1.120809e-03       4.531718e-03       1.665584e-02       5.838830e-03       1.123038e-02
         490       1.387464e-02       2.265776e-03       6.387503e-03       1.979004e-02       6.020839e-03       1.400894e-02
         500       1.252951e-02       1.658303e-03       5.335949e-03       1.509142e-02       6.982181e-03       1.206849e-02
         510       1.644285e-02       1.434258e-03       5.811448e-03       2.193981e-02       6.369373e-03       1.251527e-02
         520       7.942327e-03       1.180588e-03       3.924466e-03       1.274685e-02       6.770086e-03       9.803192e-03
         530       5.349754e-03       6.725757e-04       2.631748e-03       1.352135e-02       6.043607e-03       9.665273e-03
         540       1.060571e-02       1.428431e-03       6.325012e-03       2.849476e-02       7.149276e-03       1.470801e-02
         550       1.127881e-02       2.202085e-03       5.526056e-03       2.340963e-02       4.911832e-03       1.334050e-02
         560       8.763715e-03       8.549878e-04       4.343323e-03       1.864950e-02       5.513754e-03       1.158980e-02
         570       1.210419e-02       1.391234e-03       5.979163e-03       2.314203e-02       7.305255e-03       1.458009e-02
         580       1.492886e-02       1.424908e-03       6.425042e-03       3.076882e-02       5.581356e-03       1.546192e-02
         590       7.213650e-03       1.633351e-03       4.258845e-03       2.027568e-02       8.377869e-03       1.396500e-02
         600       7.614079e-03       2.507413e-03       4.712050e-03       4.572086e-02       8.727064e-03       2.055158e-02
         610       1.012148e-02       3.067801e-03       6.439984e-03       3.032273e-02       9.497071e-03       2.116489e-02
         620       8.354847e-03       4.266544e-04       4.838786e-03       3.130320e-02       8.321897e-03       1.954275e-02
         630       5.492239e-03       2.292908e-03       4.590617e-03       2.036001e-02       1.009459e-02       1.370535e-02
         640       6.709793e-03       1.174194e-03       4.450705e-03       2.160891e-02       9.076392e-03       1.497978e-02
         650       7.211164e-03       2.486044e-03       5.439770e-03       2.103146e-02       9.407048e-03       1.603390e-02
         660       1.469615e-02       2.024081e-03       7.020068e-03       2.280431e-02       1.091656e-02       1.674586e-02
         670       1.218186e-02       1.500118e-03       7.169516e-03       2.572625e-02       7.538803e-03       1.628505e-02
         680       1.233594e-02       2.475002e-03       6.879538e-03       2.180080e-02       7.177012e-03       1.501858e-02
         690       9.585635e-03       2.162007e-03       6.068172e-03       2.472452e-02       6.297299e-03       1.484256e-02
         700       1.194238e-02       3.234965e-03       7.153677e-03       2.040276e-02       7.565857e-03       1.320216e-02
         710       1.106959e-02       1.154804e-03       5.338116e-03       1.926393e-02       5.297104e-03       1.247633e-02
         720       7.278931e-03       2.224008e-03       4.762285e-03       1.664839e-02       8.908648e-03       1.215682e-02
         730       9.161052e-03       1.425298e-03       4.699930e-03       1.725455e-02       6.953002e-03       1.134415e-02
         740       1.402467e-02       2.634551e-03       5.957228e-03       2.866874e-02       3.846245e-03       1.903460e-02
         750       4.531002e-03       3.539280e-03       4.074628e-03       2.085817e-02       3.901431e-03       1.650512e-02
         760       1.003769e-02       2.684936e-03       5.821707e-03       3.335131e-02       4.996060e-03       1.543092e-02
         770       1.163307e-02       1.765840e-03       6.280101e-03       1.865905e-02       5.142965e-03       1.406552e-02
         780       1.023178e-02       7.776034e-04       5.782592e-03       3.339742e-02       7.525350e-03       1.509707e-02
         790       6.853868e-03       1.072162e-03       3.450254e-03       1.017987e-02       5.937545e-03       8.390170e-03
         800       8.015659e-03       3.053113e-03       5.289613e-03       1.976277e-02       6.869556e-03       1.315675e-02
         810       1.145554e-02       8.750061e-04       6.527830e-03       2.243043e-02       1.009031e-02       1.627929e-02
         820       1.328928e-02       4.239453e-04       7.596675e-03       2.772944e-02       5.715358e-03       1.713381e-02
         830       1.022082e-02       1.080594e-03       5.428892e-03       2.248350e-02       4.429299e-03       1.485344e-02
         840       9.737576e-03       9.059939e-04       4.223482e-03       2.116580e-02       4.596019e-03       1.096669e-02
         850       8.147929e-03       5.377736e-04       3.644466e-03       1.211976e-02       7.201315e-03       8.866018e-03
         860       8.589765e-03       3.553609e-04       3.933281e-03       1.047201e-02       2.577295e-03       7.544230e-03
         870       7.199993e-03       6.066571e-04       4.511479e-03       1.896827e-02       3.081993e-03       1.137493e-02
         880       4.854327e-03       5.359440e-04       2.654447e-03       9.715724e-03       4.221521e-03       7.244432e-03
         890       4.613991e-03       8.896326e-04       2.887717e-03       1.202138e-02       4.575667e-03       7.653328e-03
         900       8.235203e-03       1.935839e-03       4.441971e-03       2.316867e-02       3.947003e-03       1.158245e-02
         910       8.228690e-03       2.108970e-03       4.206005e-03       1.828410e-02       6.585947e-03       1.042294e-02
         920       6.567224e-03       1.847840e-03       3.899956e-03       1.343649e-02       5.803454e-03       9.066685e-03
         930       8.313655e-03       1.537409e-03       3.900149e-03       1.548416e-02       6.875821e-03       1.254609e-02
         940       8.290770e-03       7.901918e-04       3.858217e-03       1.680244e-02       3.702557e-03       1.260390e-02
         950       7.541377e-03       1.629354e-03       5.065699e-03       1.842534e-02       1.083308e-02       1.410036e-02
         960       7.997962e-03       1.939411e-03       4.851983e-03       2.755546e-02       8.290028e-03       1.575592e-02
         970       6.096173e-03       2.985537e-03       4.616526e-03       2.216089e-02       1.279084e-02       1.579728e-02
         980       1.323684e-02       1.745123e-03       6.182614e-03       2.357625e-02       1.140570e-02       1.697864e-02
         990       8.800257e-03       1.751789e-03       4.859271e-03       2.457744e-02       7.292968e-03       1.575491e-02
        1000       1.473585e-02       2.700100e-03       6.974230e-03       2.327344e-02       6.958150e-03       1.714020e-02
