#       step         max_devi_v         min_devi_v         avg_devi_v         max_devi_f         min_devi_f         avg_devi_f
           0       6.532512e-03       6.556862e-04       2.924879e-03       1.477931e-02       6.003729e-03       9.460610e-03
          10       7.213362e-03       1.289725e-03       3.337775e-03       2.107359e-02       5.830068e-03       1.174915e-02
          20       9.771952e-03       1.012879e-03       4.854576e-03       1.548438e-02       5.917064e-03       1.094961e-02
          30       9.886652e-03       1.360488e-03       4.899699e-03       1.497564e-02       4.441728e-03       1.061833e-02
          40       1.169116e-02       2.017160e-03       5.479753e-03       2.151603e-02       6.068207e-03       1.325948e-02
          50       4.412225e-03       1.102472e-03       3.301712e-03       1.724450e-02       7.836673e-03       1.180896e-02
          60       9.512456e-03       1.854414e-03       5.350117e-03       2.605767e-02       5.763827e-03       1.345464e-02
          70       1.207824e-02       1.483003e-03       7.469715e-03       2.760772e-02       7.265329e-03       1.388928e-02
          80       1.329144e-02       1.309355e-03       8.006255e-03       2.993359e-02       7.650873e-03       1.441653e-02
          90       9.748743e-03       1.913434e-03       5.803725e-03       1.504588e-02       7.351112e-03       1.194286e-02
         100       8.545914e-03       1.157494e-03       4.818978e-03       1.218564e-02       7.077851e-03       9.909919e-03
         110       9.023693e-03       1.496391e-03       4.608266e-03       1.303001e-02       3.542563e-03       8.348121e-03
         120       6.623326e-03       7.574616e-04       3.396056e-03       1.122271e-02       7.925980e-03       9.036006e-03
         130       4.948881e-03       1.026929e-03       2.354522e-03       1.252030e-02       5.710206e-03       8.819620e-03
         140       7.079590e-03       9.097428e-04       4.084598e-03       2.289456e-02       8.523375e-03       1.414363e-02
         150       3.542956e-03       7.881669e-04       2.039824e-03       1.650442e-02       7.791283e-03       1.054667e-02
         160       4.733478e-03       1.403493e-03       3.087141e-03       1.249822e-02       4.423586e-03       1.013595e-02
         170       6.834856e-03       2.556569e-03       4.833665e-03       2.464397e-02       7.375493e-03       1.595639e-02
         180       1.296632e-02       4.011195e-03       6.880702e-03       2.887587e-02       9.659203e-03       2.028678e-02
         190       4.139161e-03       2.127698e-03       3.111975e-03       2.257651e-02       7.986678e-03       1.467335e-02
         200       4.414674e-03       1.783848e-03       3.191980e-03       1.675282e-02       5.947341e-03       1.182737e-02
         210       7.717757e-03       1.050774e-03       4.358616e-03       2.192735e-02       7.409998e-03       1.322146e-02
         220       6.972258e-03       2.407891e-03       4.277656e-03       2.510923e-02       6.398358e-03       1.657752e-02
         230       7.670399e-03       9.062515e-04       4.510034e-03       2.380620e-02       5.409626e-03       1.495038e-02
         240       9.957787e-03       3.882749e-03       6.284265e-03       3.397610e-02       4.274886e-03       1.778860e-02
         250       8.572263e-03       1.656051e-03       4.564722e-03       1.500197e-02       4.739563e-03       1.015898e-02
         260       7.159481e-03       1.669193e-03       4.690712e-03       1.898348e-02       4.785109e-03       1.086110e-02
         270       1.200683e-02       2.773127e-03       6.063766e-03       1.945728e-02       5.840755e-03       1.430283e-02
         280       8.969358e-03       3.532421e-03       5.583540e-03       2.614183e-02       6.215703e-03       1.559014e-02
         290       1.543274e-02       3.769395e-03       7.787899e-03       4.582789e-02       6.421409e-03       2.117208e-02
         300       9.415617e-03       2.822074e-03       4.853122e-03       2.417282e-02       6.917046e-03       1.183388e-02
         310       5.907880e-03       1.075412e-03       3.072969e-03       1.341890e-02       6.955450e-03       9.153065e-03
         320       7.625894e-03       9.259977e-04       4.401889e-03       2.619532e-02       6.293880e-03       1.242722e-02
         330       1.386102e-02       1.484553e-03       5.443276e-03       2.902091e-02       5.478299e-03       1.492394e-02
         340       1.136379e-02       1.689818e-03       5.364884e-03       1.966280e-02       4.886118e-03       1.396541e-02
         350       1.507911e-02       2.383801e-04       6.440779e-03       1.704548e-02       6.246485e-03       1.266189e-02
         360       1.717201e-02       1.561298e-03       7.220813e-03       1.810003e-02       7.240433e-03       1.359980e-02
         370       1.693563e-02       1.278815e-03       6.603840e-03       1.807345e-02       7.623242e-03       1.361400e-02
         380       1.301795e-02       1.336200e-03       5.650367e-03       1.536704e-02       7.259995e-03       1.175703e-02
         390       1.350653e-02       2.320369e-03       6.835457e-03       2.597909e-02       6.927906e-03       1.661232e-02
         400       7.390221e-03       2.603480e-03       4.598559e-03       2.132219e-02       4.937414e-03       1.084189e-02
         410       1.047788e-02       6.838299e-04       3.961078e-03       1.447321e-02       8.538769e-03       1.095908e-02
         420       5.498660e-03       1.438894e-03       3.112039e-03       1.282342e-02       5.817566e-03       9.115597e-03
         430       5.561915e-03       1.381211e-03       3.568162e-03       1.966166e-02       7.299554e-03       1.220405e-02
         440       6.894082e-03       1.478017e-03       5.109593e-03       2.480169e-02       6.822589e-03       1.619177e-02
         450       6.198569e-03       1.328154e-03       3.151748e-03       1.768561e-02       4.710256e-03       1.293216e-02
         460       8.980120e-03       5.696523e-04       3.793569e-03       1.615200e-02       4.735011e-03       9.088948e-03
         470       6.569422e-03       7.727682e-04       2.881252e-03       1.203947e-02       5.259363e-03       8.806446e-03
         480       7.269995e-03       1.208380e-03       3.608668e-03       1.329517e-02       4.860581e-03       9.790955e-03
         490       3.299014e-03       7.563292e-04       2.805716e-03       1.620155e-02       7.394582e-03       1.121115e-02
         500       4.711150e-03       1.740754e-03       3.094125e-03       3.180887e-02       8.481801e-03       1.684165e-02
         510       9.641510e-03       2.152365e-03       5.202305e-03       2.713993e-02       4.403754e-03       1.522277e-02
         520       4.988313e-03       8.286554e-04       3.333669e-03       1.941021e-02       6.424500e-03       1.097238e-02
         530       9.343293e-03       2.695375e-03       5.875515e-03       2.138747e-02       7.403868e-03       1.350165e-02
         540       8.291491e-03       9.032400e-04       5.100699e-03       1.965546e-02       5.283371e-03       1.275302e-02
         550       8.998119e-03       1.554408e-03       4.139722e-03       2.298391e-02       6.833429e-03       1.364167e-02
         560       4.491030e-03       1.350449e-03       3.164617e-03       1.406135e-02       3.136936e-03       9.250169e-03
         570       6.995222e-03       1.714851e-03       3.168041e-03       1.539964e-02       4.205934e-03       9.071569e-03
         580       8.243400e-03       2.282177e-03       4.913647e-03       2.309904e-02       4.637619e-03       1.332068e-02
         590       7.567577e-03       1.376728e-03       4.585173e-03       1.871406e-02       9.896627e-03       1.429307e-02
         600       8.790387e-03       1.635746e-03       4.641127e-03       2.109222e-02       7.706588e-03       1.326832e-02
         610       9.553011e-03       1.768782e-03       5.515662e-03       2.745538e-02       5.099275e-03       1.322474e-02
         620       9.473932e-03       2.038931e-03       5.026517e-03       2.609563e-02       5.672750e-03       1.363021e-02
         630       1.116860e-02       3.286025e-03       6.412701e-03       3.429739e-02       6.576279e-03       1.808552e-02
         640       9.373446e-03       1.451235e-03       4.337336e-03       2.447076e-02       6.003289e-03       1.175225e-02
         650       9.075330e-03       1.974939e-03       4.482807e-03       2.378693e-02       5.460525e-03       1.206738e-02
         660       8.184719e-03       2.326876e-03       4.454254e-03       2.152818e-02       5.636082e-03       1.145995e-02
         670       1.058199e-02       1.019274e-03       5.967445e-03       2.584877e-02       7.085932e-03       1.385225e-02
         680       1.184940e-02       2.993497e-03       6.698175e-03       2.827421e-02       7.778322e-03       1.704820e-02
         690       1.069324e-02       3.245201e-03       6.326915e-03       2.949564e-02       3.730013e-03       1.557261e-02
         700       7.619365e-03       1.879978e-03       4.675638e-03       2.219543e-02       6.782386e-03       1.175229e-02
         710       8.476136e-03       1.398890e-03       4.405924e-03       2.261905e-02       3.299594e-03       9.812962e-03
         720       1.294787e-02       2.209617e-03       5.931278e-03       3.262427e-02       2.994090e-03       1.460841e-02
         730       1.306089e-02       2.342095e-03       5.753137e-03       3.420599e-02       4.322007e-03       1.599309e-02
         740       1.394252e-02       3.343277e-03       7.113967e-03       3.522881e-02       5.629183e-03       1.983371e-02
         750       6.232007e-03       2.081738e-03       4.105590e-03       2.039445e-02       4.735263e-03       1.207516e-02
         760       5.299559e-03       1.069488e-03       3.779197e-03       2.512795e-02       3.426144e-03       1.207165e-02
         770       4.041716e-03       1.144646e-03       2.539291e-03       1.728381e-02       3.447228e-03       9.529425e-03
         780       8.224995e-03       9.272808e-04       3.717592e-03       1.213101e-02       3.392579e-03       9.301560e-03
         790       5.403015e-03       1.435327e-03       3.131221e-03       1.886630e-02       2.541722e-03       8.856758e-03
         800       5.082963e-03       1.091571e-03       2.525727e-03       1.526717e-02       4.596513e-03       9.732318e-03
         810       5.736172e-03       1.314497e-03       2.547073e-03       1.345017e-02       2.011452e-03       7.545539e-03
         820       5.451712e-03       1.155095e-03       3.173419e-03       1.486259e-02       2.945881e-03       1.012534e-02
         830       5.348728e-03       1.484492e-03       2.581462e-03       1.092408e-02       6.050489e-03       7.833385e-03
         840       5.015819e-03       1.261580e-03       2.869198e-03       1.836877e-02       5.946236e-03       1.146921e-02
         850       9.269654e-03       1.118629e-03       3.908335e-03       2.012630e-02       6.132532e-03       1.276753e-02
         860       8.731239e-03       1.747644e-03       4.962702e-03       2.530435e-02       4.552620e-03       1.447671e-02
         870       1.159944e-02       2.250333e-03       5.032043e-03       2.508952e-02       4.699279e-03       1.371929e-02
         880       9.434179e-03       4.379596e-04       4.310461e-03       1.856784e-02       5.486756e-03       1.253569e-02
         890       6.471041e-03       1.033976e-03       3.761680e-03       2.245431e-02       6.047281e-03       1.244811e-02
         900       5.275242e-03       2.156569e-03       3.441199e-03       2.164083e-02       7.048891e-03       1.336814e-02
         910       5.207851e-03       7.065509e-04       2.317581e-03       1.166927e-02       4.127621e-03       6.944656e-03
         920       4.037184e-03       7.852135e-04       2.070942e-03       1.280445e-02       4.759868e-03       7.921779e-03
         930       5.569936e-03       1.933871e-03       3.124087e-03       1.847543e-02       4.729656e-03       1.019025e-02
         940       6.461365e-03       1.775305e-03       4.020257e-03       2.174332e-02       5.225564e-03       1.310658e-02
         950       8.398416e-03       1.354384e-03       4.313936e-03       2.108497e-02       5.111146e-03       1.318023e-02
         960       9.554576e-03       8.646906e-04       4.335461e-03       1.739153e-02       5.460747e-03       9.667376e-03
         970       6.214959e-03       7.140114e-04       3.476712e-03       1.930322e-02       6.836990e-03       1.213523e-02
         980       5.107523e-03       1.535097e-03       3.393672e-03       1.700483e-02       4.232460e-03       1.053307e-02
         990       1.238946e-02       1.376398e-03       5.467083e-03       3.192808e-02       9.156851e-03       1.757826e-02
        1000       5.579907e-03       8.502431e-04       3.806665e-03       1.679457e-02       6.156656e-03       1.184767e-02
