#       step         max_devi_v         min_devi_v         avg_devi_v         max_devi_f         min_devi_f         avg_devi_f
           0       3.266195e-02       1.922696e-05       1.530247e-02       7.036188e-02       7.316585e-03       3.903425e-02
          10       1.437557e-02       4.552444e-03       8.755951e-03       3.606804e-02       5.287474e-03       2.474278e-02
          20       8.852060e-03       3.054508e-03       5.610793e-03       2.422308e-02       1.036755e-02       1.746167e-02
          30       7.584900e-03       2.731480e-03       4.806668e-03       3.038444e-02       6.098230e-03       1.691396e-02
          40       8.680722e-03       7.792467e-04       4.121806e-03       1.695099e-02       3.043670e-03       9.953636e-03
          50       2.422394e-02       5.120671e-03       1.132922e-02       2.640167e-02       1.636693e-02       2.131876e-02
          60       2.145763e-02       4.016254e-03       1.076247e-02       2.542493e-02       1.603402e-02       2.005269e-02
          70       1.888411e-02       5.414615e-03       1.018058e-02       2.389218e-02       1.572886e-02       1.971309e-02
          80       1.920826e-02       6.144573e-03       1.060363e-02       2.434843e-02       1.688462e-02       2.080969e-02
          90       1.222903e-02       3.571462e-03       7.805665e-03       2.864035e-02       7.953558e-03       1.785328e-02
         100       1.406022e-02       2.356239e-03       6.072797e-03       2.790349e-02       5.678349e-03       1.585044e-02
         110       1.231006e-02       2.162054e-03       5.044482e-03       1.640536e-02       6.707122e-03       1.173763e-02
         120       9.857974e-03       2.555144e-03       5.997050e-03       2.337978e-02       6.358824e-03       1.687226e-02
         130       8.054149e-03       2.580965e-03       3.931796e-03       2.489249e-02       8.249161e-03       1.678871e-02
         140       8.601544e-03       4.522885e-03       6.276160e-03       2.378687e-02       8.642072e-03       1.734137e-02
         150       1.334345e-02       4.008515e-04       5.648152e-03       2.072173e-02       9.221294e-03       1.741183e-02
         160       1.024041e-02       1.714214e-03       4.509944e-03       2.452765e-02       9.825907e-03       1.721134e-02
         170       9.447769e-03       3.393819e-03       5.154204e-03       2.223881e-02       8.985104e-03       1.457789e-02
         180       4.182306e-03       2.831249e-03       3.713128e-03       2.116482e-02       6.983406e-03       1.180080e-02
         190       5.436272e-03       2.481942e-03       4.398027e-03       2.059286e-02       7.707547e-03       1.277987e-02
         200       6.083884e-03       1.903822e-03       4.132291e-03       1.715137e-02       3.230215e-03       1.101242e-02
         210       6.725270e-03       3.603524e-03       4.847276e-03       1.808531e-02       4.453028e-03       1.320718e-02
         220       8.154039e-03       1.007835e-03       4.103765e-03       2.439908e-02       5.558676e-03       1.375987e-02
         230       8.126520e-03       1.707533e-03       3.962664e-03       1.791994e-02       5.740618e-03       1.065110e-02
         240       1.011491e-02       8.327391e-04       4.231622e-03       1.706907e-02       5.761922e-03       1.200959e-02
         250       8.817446e-03       1.948166e-03       5.156923e-03       2.254586e-02       3.994471e-03       1.369269e-02
         260       3.856206e-03       1.260142e-03       2.247247e-03       1.356120e-02       5.174078e-03       7.767852e-03
         270       8.047968e-03       1.354149e-03       4.162424e-03       1.595860e-02       6.222589e-03       1.042446e-02
         280       1.317768e-02       1.509697e-03       6.963281e-03       3.024959e-02       7.975763e-03       1.891815e-02
         290       1.164414e-02       2.142982e-03       5.847748e-03       2.824389e-02       1.067953e-02       1.682455e-02
         300       1.301059e-02       1.179268e-03       6.807442e-03       2.765723e-02       1.111280e-02       1.660036e-02
         310       1.102957e-02       1.850333e-03       6.641310e-03       2.587047e-02       1.194239e-02       2.010518e-02
         320       1.068233e-02       2.555828e-03       6.134015e-03       2.413803e-02       1.042134e-02       1.718056e-02
         330       9.610276e-03       1.731850e-03       5.478663e-03       1.727185e-02       4.624444e-03       1.272943e-02
         340       1.353001e-02       2.370285e-03       5.680776e-03       1.784648e-02       4.698062e-03       1.183616e-02
         350       7.610058e-03       3.383113e-03       4.995997e-03       2.213720e-02       5.060461e-03       1.337430e-02
         360       7.777434e-03       1.732378e-03       4.615244e-03       1.974016e-02       1.211269e-02       1.530627e-02
         370       6.428649e-03       2.747775e-03       4.166350e-03       2.098789e-02       5.631535e-03       1.440527e-02
         380       1.149690e-02       2.787629e-03       5.328570e-03       2.246078e-02       5.661102e-03       1.396684e-02
         390       1.205380e-02       1.427116e-03       5.895484e-03       2.318140e-02       5.415495e-03       1.353681e-02
         400       8.867675e-03       2.032499e-03       4.927765e-03       3.494036e-02       8.054610e-03       1.719914e-02
         410       1.876039e-02       1.097622e-03       7.999397e-03       4.341549e-02       8.959980e-03       2.431662e-02
         420       1.869272e-02       1.064472e-03       8.771410e-03       3.009614e-02       7.871637e-03       2.046391e-02
         430       1.620166e-02       4.227542e-03       9.337572e-03       3.820294e-02       7.513642e-03       2.254578e-02
         440       4.697455e-03       1.372780e-03       2.744592e-03       1.292154e-02       7.384821e-03       9.284338e-03
         450       4.809450e-03       1.545786e-03       3.459526e-03       1.745328e-02       8.491699e-03       1.174601e-02
         460       1.256800e-02       2.212009e-03       6.598433e-03       3.587682e-02       7.672349e-03       1.735387e-02
         470       8.809296e-03       2.280219e-03       5.237241e-03       3.113825e-02       6.757795e-03       1.570967e-02
         480       1.422981e-02       2.045919e-03       6.289259e-03       2.065961e-02       6.611876e-03       1.504033e-02
         490       1.116008e-02       2.487912e-03       5.874226e-03       2.061864e-02       5.588638e-03       1.344377e-02
         500       7.161813e-03       1.746160e-03       4.433319e-03       2.231229e-02       5.694593e-03       1.318698e-02
         510       8.984782e-03       2.331484e-03       4.230709e-03       2.227924e-02       1.881309e-03       1.233210e-02
         520       8.662464e-03       1.110835e-03       3.895053e-03       1.755772e-02       3.970517e-03       1.181846e-02
         530       6.569136e-03       8.788390e-04       3.682340e-03       1.457374e-02       7.460640e-03       1.164390e-02
         540       6.558446e-03       1.182595e-03       3.230022e-03       1.447260e-02       8.315326e-03       1.070626e-02
         550       5.317880e-03       8.161781e-04       3.023391e-03       1.675052e-02       7.284788e-03       1.172212e-02
         560       1.120133e-02       1.386855e-03       5.823919e-03       2.005108e-02       1.225094e-02       1.679660e-02
         570       1.471557e-02       1.395619e-03       5.785886e-03       1.972255e-02       8.341327e-03       1.409455e-02
         580       9.204046e-03       1.606044e-03       4.051112e-03       1.655052e-02       6.234201e-03       1.138451e-02
         590       5.142283e-03       1.040469e-03       3.726151e-03       2.468239e-02       4.496867e-03       1.196244e-02
         600       8.026877e-03       8.063516e-04       4.255642e-03       2.014955e-02       4.172761e-03       1.246145e-02
         610       9.588208e-03       2.014809e-03       5.078488e-03       3.593158e-02       5.159147e-03       1.935987e-02
         620       8.604276e-03       2.180770e-03       5.040760e-03       2.539034e-02       6.783371e-03       1.513493e-02
         630       1.041849e-02       1.421091e-03       4.241120e-03       1.387688e-02       6.261726e-03       9.397548e-03
         640       6.557218e-03       1.098922e-03       3.414246e-03       1.851622e-02       8.241721e-03       1.098080e-02
         650       8.863009e-03       1.158903e-03       4.901352e-03       2.355833e-02       5.143481e-03       1.378795e-02
         660       1.008103e-02       1.214843e-03       5.073517e-03       2.066166e-02       6.175692e-03       1.381235e-02
         670       4.344556e-03       4.698064e-04       2.555284e-03       1.249183e-02       4.460344e-03       8.684046e-03
         680       5.970249e-03       1.857619e-03       3.976201e-03       1.459754e-02       8.871455e-03       1.245116e-02
         690       6.416619e-03       2.314572e-03       4.055908e-03       2.100194e-02       8.283935e-03       1.350898e-02
         700       8.530188e-03       2.237172e-03       4.038300e-03       2.667845e-02       4.986649e-03       1.332378e-02
         710       8.931974e-03       1.838350e-03       3.826626e-03       1.971504e-02       5.850681e-03       1.146576e-02
         720       8.838817e-03       2.981108e-03       4.591834e-03       2.315913e-02       9.224289e-03       1.392538e-02
         730       1.075831e-02       1.610583e-03       5.856584e-03       1.667953e-02       6.610672e-03       1.336787e-02
         740       8.071817e-03       2.631119e-03       5.124801e-03       1.881890e-02       5.605159e-03       1.211986e-02
         750       5.787648e-03       3.138832e-03       3.877965e-03       2.042588e-02       9.004353e-03       1.403677e-02
         760       5.460446e-03       2.068383e-03       3.741487e-03       1.771633e-02       4.784021e-03       1.081231e-02
         770       4.556188e-03       2.532285e-03       3.601384e-03       1.429397e-02       4.662051e-03       1.033800e-02
         780       1.092091e-02       2.746850e-03       6.033598e-03       2.795028e-02       8.885430e-03       1.645771e-02
         790       9.899407e-03       1.262797e-03       5.227323e-03       2.166106e-02       5.036042e-03       1.363357e-02
         800       1.154246e-02       2.348588e-03       5.976094e-03       3.903826e-02       3.469873e-03       1.589345e-02
         810       5.168095e-03       2.051241e-03       3.884865e-03       2.306470e-02       3.283994e-03       1.111998e-02
         820       9.703563e-03       3.026301e-03       5.482843e-03       3.113099e-02       3.272088e-03       1.605930e-02
         830       5.980910e-03       7.015265e-04       3.746331e-03       2.086953e-02       3.223345e-03       1.319054e-02
         840       9.553350e-03       1.059118e-03       4.872177e-03       1.823618e-02       3.413401e-03       1.162858e-02
         850       8.466074e-03       1.995158e-03       5.560832e-03       1.653277e-02       7.624837e-03       1.193719e-02
         860       7.643000e-03       2.357397e-03       4.792741e-03       2.380724e-02       3.523826e-03       1.276662e-02
         870       5.479054e-03       1.154780e-03       3.298021e-03       1.555898e-02       4.708711e-03       1.042317e-02
         880       5.350992e-03       1.716706e-03       3.940872e-03       2.279698e-02       3.910090e-03       1.180565e-02
         890       7.506706e-03       1.342374e-03       3.914472e-03       2.307691e-02       4.880071e-03       1.344777e-02
         900       6.299016e-03       2.565816e-03       3.904721e-03       1.950821e-02       3.424003e-03       1.210549e-02
         910       5.213430e-03       2.252956e-03       3.214090e-03       2.911636e-02       8.309766e-03       1.512505e-02
         920       5.186047e-03       1.785771e-03       3.344099e-03       1.425473e-02       6.653889e-03       9.715074e-03
         930       6.294189e-03       3.303909e-03       5.059709e-03       2.515114e-02       5.794082e-03       1.450297e-02
         940       8.557612e-03       6.266610e-04       4.016043e-03       1.573549e-02       5.224648e-03       9.593379e-03
         950       1.239484e-02       3.424588e-03       7.281480e-03       3.407912e-02       9.080392e-03       1.984380e-02
         960       7.103663e-03       3.910807e-03       5.322822e-03       2.525818e-02       4.875465e-03       1.388336e-02
         970       7.964816e-03       1.873877e-03       5.494677e-03       2.813697e-02       4.269604e-03       1.590817e-02
         980       1.230145e-02       1.992706e-03       6.626778e-03       3.432110e-02       5.327109e-03       1.923810e-02
         990       9.319588e-03       1.334322e-03       4.583830e-03       2.126003e-02       5.405620e-03       1.154022e-02
        1000       6.710166e-03       1.344045e-03       4.209508e-03       1.958662e-02       6.973385e-03       1.253370e-02
