#       step         max_devi_v         min_devi_v         avg_devi_v         max_devi_f         min_devi_f         avg_devi_f
           0       1.678248e-02       3.727074e-03       7.877895e-03       3.620514e-02       7.659745e-03       2.033227e-02
          10       1.896469e-02       2.477537e-03       8.691066e-03       2.879265e-02       9.263573e-03       2.103827e-02
          20       1.003996e-02       2.229755e-03       4.732282e-03       2.510195e-02       5.804249e-03       1.509359e-02
          30       7.150804e-03       1.496893e-03       3.653141e-03       1.611473e-02       7.063035e-03       1.079121e-02
          40       8.918201e-03       3.165011e-03       5.512113e-03       2.746130e-02       6.878311e-03       1.521126e-02
          50       2.026482e-02       3.468459e-03       8.416070e-03       2.599404e-02       1.032513e-02       1.906330e-02
          60       2.464473e-02       4.021290e-03       1.124733e-02       2.714406e-02       2.003607e-02       2.311660e-02
          70       2.605461e-02       2.905114e-03       1.281144e-02       3.306702e-02       1.686023e-02       2.549997e-02
          80       2.107073e-02       2.283611e-03       1.053192e-02       3.697934e-02       9.979634e-03       2.203048e-02
          90       7.458148e-03       2.723905e-03       5.814962e-03       2.400857e-02       7.398970e-03       1.542465e-02
         100       1.088017e-02       1.332206e-03       5.014566e-03       2.775868e-02       6.640699e-03       1.417714e-02
         110       9.355213e-03       1.553352e-03       4.777054e-03       3.280505e-02       1.142021e-02       1.744318e-02
         120       9.225396e-03       1.352819e-03       5.060549e-03       3.086748e-02       7.972290e-03       1.673304e-02
         130       6.818987e-03       1.247811e-03       4.864082e-03       3.139988e-02       9.653838e-03       1.744828e-02
         140       7.593733e-03       1.884292e-03       5.306380e-03       2.741847e-02       6.177069e-03       1.430764e-02
         150       1.006556e-02       8.133515e-04       5.742325e-03       1.943692e-02       7.828949e-03       1.230496e-02
         160       8.126334e-03       9.978552e-04       4.315937e-03       1.908712e-02       6.133279e-03       1.385479e-02
         170       1.195138e-02       2.659672e-03       6.733326e-03       2.221916e-02       1.132776e-02       1.625478e-02
         180       9.899564e-03       1.444114e-03       4.148832e-03       1.367225e-02       4.968077e-03       8.319204e-03
         190       3.241735e-03       1.823791e-03       2.382458e-03       1.106007e-02       3.608158e-03       8.903670e-03
         200       5.288782e-03       2.476072e-03       3.798822e-03       1.943119e-02       5.110122e-03       1.262384e-02
         210       6.493449e-03       4.227705e-04       3.079124e-03       3.619394e-02       8.603900e-03       1.907662e-02
         220       8.909381e-03       2.150929e-03       5.759386e-03       1.753438e-02       7.271317e-03       1.272588e-02
         230       1.149155e-02       2.959189e-03       6.212303e-03       2.632240e-02       7.295109e-03       1.569437e-02
         240       1.835136e-02       2.044150e-03       7.459180e-03       1.853289e-02       9.860208e-03       1.442863e-02
         250       7.220023e-03       1.057847e-03       3.160677e-03       1.658448e-02       5.167332e-03       1.063496e-02
         260       9.478734e-03       1.405977e-03       4.759772e-03       2.495818e-02       3.767234e-03       1.178499e-02
         270       1.208099e-02       2.168434e-03       5.010192e-03       1.814088e-02       5.538662e-03       1.093451e-02
         280       6.215379e-03       1.498683e-03       3.163912e-03       1.161911e-02       4.844320e-03       8.921773e-03
         290       3.300944e-03       2.014638e-04       2.347511e-03       1.766910e-02       3.923845e-03       8.836800e-03
         300       6.100924e-03       1.657601e-03       3.482872e-03       1.537103e-02       6.948822e-03       9.924114e-03
         310       6.675014e-03       1.381684e-03       3.534919e-03       1.041007e-02       4.920244e-03       8.825513e-03
         320       8.000958e-03       1.515449e-03       3.733753e-03       9.636648e-03       5.123075e-03       7.725271e-03
         330       6.878123e-03       2.419036e-03       3.770568e-03       1.184009e-02       6.672995e-03       9.201040e-03
         340       6.710298e-03       5.636592e-04       3.618881e-03       1.216521e-02       6.188341e-03       9.877313e-03
         350       6.462522e-03       1.057930e-03       3.331718e-03       1.244268e-02       5.354910e-03       9.279028e-03
         360       5.694981e-03       1.144284e-03       2.530725e-03       1.044633e-02       3.628445e-03       7.304515e-03
         370       1.390744e-02       1.309755e-03       5.749736e-03       1.749411e-02       8.238706e-03       1.135125e-02
         380       9.908472e-03       5.259538e-04       4.905700e-03       1.372919e-02       8.058624e-03       1.044145e-02
         390       8.053048e-03       1.263473e-03       3.657710e-03       1.383929e-02       5.870723e-03       8.709758e-03
         400       6.545031e-03       3.078562e-03       4.178785e-03       2.223667e-02       6.668272e-03       1.319497e-02
         410       7.611667e-03       1.890643e-03       3.135679e-03       1.285058e-02       6.307239e-03       1.062215e-02
         420       6.065679e-03       1.987888e-03       4.396983e-03       2.142919e-02       6.379269e-03       1.457115e-02
         430       6.084400e-03       2.222992e-03       4.043857e-03       1.729974e-02       6.557864e-03       1.119066e-02
         440       1.141937e-02       8.361665e-04       4.238786e-03       1.625132e-02       5.371041e-03       1.075439e-02
         450       8.729077e-03       2.465466e-03       4.262964e-03       1.981887e-02       2.937912e-03       9.514883e-03
         460       1.019398e-02       1.301846e-03       6.369568e-03       2.900185e-02       1.154850e-02       1.905590e-02
         470       2.107636e-02       1.521918e-03       1.043477e-02       2.524822e-02       1.384682e-02       1.750848e-02
         480       9.646740e-03       9.457826e-04       4.541146e-03       3.542276e-02       1.099885e-02       2.248098e-02
         490       1.220944e-02       8.158233e-04       5.731490e-03       3.151402e-02       1.435981e-02       2.269217e-02
         500       1.506572e-02       1.544792e-03       7.639002e-03       2.467269e-02       1.037948e-02       1.695673e-02
         510       1.214809e-02       2.897787e-03       6.234150e-03       1.882892e-02       9.317930e-03       1.410567e-02
         520       6.020640e-03       2.540633e-03       4.611906e-03       1.571728e-02       6.871269e-03       1.182259e-02
         530       8.140124e-03       3.465876e-03       5.063649e-03       1.360849e-02       2.535529e-03       1.007348e-02
         540       8.143749e-03       1.331867e-03       3.730744e-03       1.312112e-02       5.050122e-03       9.874943e-03
         550       1.008875e-02       1.698384e-03       4.979069e-03       1.447402e-02       8.071868e-03       1.111996e-02
         560       9.998958e-03       2.915385e-03       5.055171e-03       2.427169e-02       5.067547e-03       1.382918e-02
         570       7.868503e-03       3.839359e-03       5.650451e-03       2.447375e-02       4.559558e-03       1.322722e-02
         580       1.136435e-02       1.481511e-03       5.849772e-03       2.957738e-02       9.058008e-03       1.569508e-02
         590       7.722918e-03       9.479892e-04       4.794053e-03       3.215317e-02       9.244087e-03       1.541825e-02
         600       5.026502e-03       1.581435e-03       3.315957e-03       2.010414e-02       7.064059e-03       1.163373e-02
         610       7.123094e-03       1.501957e-03       3.382979e-03       2.310229e-02       7.122643e-03       1.156179e-02
         620       5.211048e-03       8.616975e-04       2.647717e-03       1.527111e-02       5.904048e-03       1.016961e-02
         630       7.938341e-03       5.583341e-04       4.594395e-03       2.877255e-02       7.747668e-03       1.648544e-02
         640       1.194759e-02       3.043142e-03       6.127229e-03       2.428606e-02       9.932859e-03       1.623068e-02
         650       3.861187e-03       9.466125e-04       2.646503e-03       1.517450e-02       8.692853e-03       1.130291e-02
         660       9.772452e-03       1.624216e-03       4.212940e-03       2.330996e-02       6.030388e-03       1.228843e-02
         670       1.333357e-02       1.577290e-03       6.812437e-03       3.610987e-02       6.266974e-03       1.703658e-02
         680       1.064458e-02       1.623763e-03       5.019636e-03       2.898402e-02       2.858271e-03       1.597020e-02
         690       1.683784e-02       9.539535e-04       7.494277e-03       2.273544e-02       9.179089e-03       1.509669e-02
         700       1.230650e-02       1.972803e-03       5.961147e-03       1.846022e-02       7.201154e-03       1.137292e-02
         710       1.571705e-02       2.304360e-03       6.325502e-03       2.268122e-02       6.409967e-03       1.241444e-02
         720       9.155259e-03       8.530094e-04       4.452045e-03       2.024208e-02       6.998017e-03       1.099689e-02
         730       8.307256e-03       6.896428e-04       4.360837e-03       1.163684e-02       7.039205e-03       8.968041e-03
         740       7.129842e-03       5.042450e-04       3.684265e-03       1.749941e-02       4.582207e-03       9.455456e-03
         750       6.159457e-03       7.046845e-04       2.949171e-03       1.199535e-02       5.187293e-03       8.077729e-03
         760       4.692754e-03       8.281292e-04       2.317470e-03       1.416719e-02       3.777304e-03       7.695151e-03
         770       7.271753e-03       3.457090e-03       4.880354e-03       2.281646e-02       5.561844e-03       1.138314e-02
         780       1.516743e-02       2.225526e-03       6.687457e-03       2.531612e-02       5.562969e-03       1.450066e-02
         790       8.092336e-03       1.519543e-03       4.177542e-03       1.511609e-02       5.015400e-03       1.092792e-02
         800       6.777355e-03       1.251813e-03       3.555268e-03       1.314439e-02       6.124108e-03       1.004199e-02
         810       9.481256e-03       1.679989e-03       3.916349e-03       2.091611e-02       6.208927e-03       1.151459e-02
         820       6.497318e-03       1.770653e-03       3.687301e-03       2.313927e-02       5.934756e-03       1.403345e-02
         830       1.031224e-02       1.792102e-03       4.785747e-03       1.354676e-02       5.342293e-03       1.024271e-02
         840       6.518667e-03       1.162516e-03       3.256341e-03       1.423680e-02       5.938573e-03       1.021366e-02
         850       6.017228e-03       1.813920e-03       3.462829e-03       1.593203e-02       3.638993e-03       1.065185e-02
         860       9.715246e-03       1.869679e-03       4.443308e-03       1.873935e-02       6.882052e-03       1.206025e-02
         870       9.557457e-03       1.663214e-03       5.307373e-03       2.585465e-02       5.436944e-03       1.317445e-02
         880       7.729645e-03       1.222252e-03       3.687741e-03       1.130238e-02       6.184750e-03       9.370157e-03
         890       6.949967e-03       1.071938e-03       3.450310e-03       1.214426e-02       5.718993e-03       8.794974e-03
         900       5.815072e-03       1.181992e-03       2.865690e-03       1.217039e-02       4.806253e-03       7.285693e-03
         910       3.068828e-03       8.691935e-04       2.080445e-03       8.725718e-03       3.930480e-03       6.058748e-03
         920       3.942167e-03       9.124083e-04       2.627992e-03       1.357837e-02       3.656138e-03       7.588629e-03
         930       5.297150e-03       1.511352e-03       3.005461e-03       1.103959e-02       4.040655e-03       8.168413e-03
         940       7.259459e-03       1.024315e-03       3.242457e-03       1.023649e-02       5.649191e-03       7.944797e-03
         950       3.419870e-03       3.843770e-04       2.537918e-03       1.719234e-02       4.195954e-03       9.707682e-03
         960       7.598138e-03       2.375450e-03       4.505069e-03       1.644223e-02       8.451110e-03       1.353299e-02
         970       6.602989e-03       8.493929e-04       3.539021e-03       1.568353e-02       8.628181e-03       1.239410e-02
         980       9.102397e-03       1.872879e-03       4.284680e-03       2.184774e-02       1.014701e-02       1.409340e-02
         990       6.458321e-03       1.368400e-03       3.567790e-03       2.060894e-02       8.484404e-03       1.282518e-02
        1000       4.024128e-03       1.329043e-03       2.117797e-03       2.047249e-02       6.037630e-03       1.098397e-02
