#       step         max_devi_v         min_devi_v         avg_devi_v         max_devi_f         min_devi_f         avg_devi_f
           0       1.468441e-02       1.554400e-03       8.662982e-03       4.477578e-02       1.912278e-02       2.730634e-02
          10       1.136079e-02       4.683743e-03       7.479216e-03       4.094044e-02       1.527466e-02       2.723174e-02
          20       1.606290e-02       2.216550e-03       7.650311e-03       3.517144e-02       1.061253e-02       2.143961e-02
          30       9.436039e-03       4.152518e-03       6.478833e-03       3.235187e-02       9.882920e-03       1.918958e-02
          40       1.966285e-02       1.090924e-03       8.904818e-03       3.826315e-02       1.034796e-02       2.009430e-02
          50       1.809454e-02       8.676627e-04       8.403177e-03       2.398566e-02       8.810909e-03       1.721553e-02
          60       1.957825e-02       2.236606e-03       9.605088e-03       2.076949e-02       9.796752e-03       1.731947e-02
          70       2.043949e-02       1.718006e-03       1.004676e-02       2.118749e-02       9.959970e-03       1.801346e-02
          80       2.234121e-02       8.959224e-04       1.143851e-02       2.694645e-02       1.678272e-02       2.088083e-02
          90       1.442892e-02       1.654089e-03       7.473882e-03       2.813744e-02       9.322582e-03       1.630494e-02
         100       1.099651e-02       2.307238e-03       5.533415e-03       2.292417e-02       7.701157e-03       1.327789e-02
         110       7.455982e-03       1.373840e-03       4.094788e-03       1.740698e-02       9.178322e-03       1.341561e-02
         120       1.887246e-02       3.224629e-03       9.019375e-03       4.099480e-02       9.203294e-03       2.749933e-02
         130       1.157791e-02       9.332285e-04       6.291913e-03       3.406440e-02       1.477397e-02       2.483014e-02
         140       9.129847e-03       2.424850e-03       5.161551e-03       3.005007e-02       1.306328e-02       2.190769e-02
         150       2.064713e-02       2.678862e-03       8.750162e-03       4.779528e-02       1.372987e-02       2.448876e-02
         160       9.480143e-03       1.630584e-03       6.394620e-03       2.892957e-02       9.360889e-03       1.607119e-02
         170       8.797211e-03       1.875531e-03       4.724380e-03       2.072952e-02       6.579077e-03       1.337675e-02
         180       9.216783e-03       4.154828e-04       4.961906e-03       1.740198e-02       3.748230e-03       1.107719e-02
         190       5.975445e-03       9.960193e-04       3.573609e-03       1.479838e-02       4.884212e-03       9.656769e-03
         200       1.147566e-02       2.324432e-03       5.216766e-03       1.622795e-02       6.939181e-03       1.116956e-02
         210       9.845229e-03       1.120484e-03       4.597526e-03       2.072356e-02       2.842392e-03       1.193894e-02
         220       6.757930e-03       6.878703e-04       3.528439e-03       1.436476e-02       4.673292e-03       8.843749e-03
         230       1.067600e-02       1.449745e-03       6.104859e-03       1.925322e-02       7.537503e-03       1.299768e-02
         240       1.707221e-02       2.525403e-03       7.490439e-03       2.290891e-02       3.738290e-03       1.567140e-02
         250       1.311662e-02       2.996561e-03       6.065636e-03       2.971084e-02       1.234839e-02       2.221228e-02
         260       7.586818e-03       2.059745e-03       5.188517e-03       2.799003e-02       1.363335e-02       2.005904e-02
         270       1.595836e-02       4.521593e-03       8.331855e-03       3.131735e-02       1.427290e-02       2.226259e-02
         280       7.487564e-03       3.014599e-03       5.600844e-03       2.839190e-02       8.122663e-03       2.042814e-02
         290       1.533802e-02       2.314346e-03       9.289852e-03       3.730163e-02       8.363361e-03       2.334930e-02
         300       1.150107e-02       1.787355e-03       6.088757e-03       3.405549e-02       7.180699e-03       1.733867e-02
         310       1.141836e-02       2.820881e-03       5.940527e-03       2.188070e-02       5.445360e-03       1.487825e-02
         320       1.376264e-02       2.649313e-03       7.180171e-03       2.674277e-02       1.198087e-02       1.881800e-02
         330       1.857148e-02       2.254224e-03       8.652734e-03       3.256894e-02       1.044886e-02       2.011961e-02
         340       1.882420e-02       6.991179e-04       9.336242e-03       3.410618e-02       1.101143e-02       1.998614e-02
         350       1.889239e-02       1.359715e-03       9.750488e-03       3.357713e-02       9.138215e-03       2.088511e-02
         360       1.230088e-02       2.123441e-03       6.851685e-03       2.444450e-02       1.046011e-02       1.980440e-02
         370       1.123975e-02       9.941700e-04       6.459034e-03       2.131332e-02       6.558274e-03       1.500228e-02
         380       1.172700e-02       4.201335e-03       6.592914e-03       2.516453e-02       7.236490e-03       1.513600e-02
         390       7.010190e-03       2.795287e-03       5.016501e-03       2.479925e-02       6.619457e-03       1.483478e-02
         400       7.815815e-03       3.255287e-03       4.866080e-03       2.830500e-02       1.048776e-02       1.807122e-02
         410       9.623380e-03       2.541331e-03       4.786827e-03       2.215379e-02       9.124450e-03       1.446073e-02
         420       8.630846e-03       2.971501e-03       5.058488e-03       2.574520e-02       9.424515e-03       1.660618e-02
         430       9.523446e-03       3.562943e-03       6.063777e-03       2.549623e-02       7.210253e-03       1.649524e-02
         440       1.176222e-02       3.338898e-03       5.979332e-03       2.551255e-02       9.493702e-03       1.767333e-02
         450       6.058939e-03       1.819509e-03       3.774515e-03       2.146635e-02       5.895089e-03       1.244215e-02
         460       9.072067e-03       2.534382e-03       4.821933e-03       2.563208e-02       9.585430e-03       1.576954e-02
         470       9.521913e-03       6.153925e-04       5.063496e-03       2.055210e-02       7.997148e-03       1.217454e-02
         480       9.179999e-03       3.398992e-03       5.885306e-03       2.425415e-02       4.347779e-03       1.372676e-02
         490       8.735285e-03       9.639056e-04       4.730863e-03       1.660020e-02       7.635018e-03       1.154610e-02
         500       9.541922e-03       1.622782e-03       4.954471e-03       2.255234e-02       6.034486e-03       1.568774e-02
         510       1.157302e-02       2.199336e-03       6.442289e-03       2.710444e-02       7.834327e-03       1.739469e-02
         520       1.227016e-02       2.199551e-03       6.614968e-03       2.856885e-02       7.818656e-03       1.956449e-02
         530       8.301265e-03       3.921164e-03       5.851029e-03       2.390625e-02       1.192382e-02       1.733510e-02
         540       1.083790e-02       3.072152e-03       5.541781e-03       2.411965e-02       6.325283e-03       1.479735e-02
         550       7.234157e-03       1.251356e-03       4.131203e-03       2.168486e-02       6.947455e-03       1.234637e-02
         560       8.790828e-03       1.668652e-03       3.991268e-03       2.308660e-02       1.085675e-02       1.400602e-02
         570       6.963287e-03       1.658579e-03       4.076532e-03       3.900922e-02       1.013429e-02       2.350581e-02
         580       7.558920e-03       1.123451e-03       5.410261e-03       2.520175e-02       7.808054e-03       1.647354e-02
         590       1.065142e-02       2.358105e-03       6.532103e-03       1.986851e-02       1.109310e-02       1.531905e-02
         600       1.264301e-02       1.806816e-03       7.357258e-03       2.425181e-02       4.118651e-03       1.586185e-02
         610       1.311239e-02       1.446643e-03       6.850813e-03       3.004426e-02       8.834998e-03       1.626256e-02
         620       1.212639e-02       1.506580e-03       5.064105e-03       2.882618e-02       9.636404e-03       1.947368e-02
         630       7.387701e-03       1.061031e-03       3.445758e-03       2.223373e-02       1.028690e-02       1.575794e-02
         640       9.238542e-03       1.803278e-03       4.394679e-03       1.691195e-02       8.028882e-03       1.140124e-02
         650       9.757752e-03       1.875163e-03       6.216382e-03       2.560084e-02       9.525743e-03       1.519783e-02
         660       9.055819e-03       9.482303e-04       4.797878e-03       2.117207e-02       8.285616e-03       1.461372e-02
         670       1.030967e-02       2.496490e-03       6.503823e-03       3.582652e-02       1.085912e-02       2.055546e-02
         680       1.244356e-02       2.031969e-03       7.577717e-03       3.144116e-02       7.816587e-03       1.830069e-02
         690       1.075137e-02       1.737785e-03       6.226473e-03       2.476963e-02       8.507506e-03       1.627017e-02
         700       1.013912e-02       2.864073e-03       6.081558e-03       2.380408e-02       1.074742e-02       1.671405e-02
         710       6.265395e-03       7.439003e-04       3.864643e-03       1.656049e-02       6.381605e-03       1.126710e-02
         720       6.337390e-03       1.591422e-03       3.350512e-03       1.760406e-02       7.380358e-03       1.079582e-02
         730       8.046446e-03       8.427000e-04       5.021674e-03       2.171000e-02       5.153052e-03       1.361158e-02
         740       9.070397e-03       2.922240e-03       5.852350e-03       2.542878e-02       7.552001e-03       1.452853e-02
         750       8.158709e-03       3.064251e-03       6.175297e-03       3.110860e-02       7.582726e-03       1.902822e-02
         760       1.102564e-02       3.837989e-03       6.159279e-03       2.810704e-02       7.727422e-03       1.924288e-02
         770       1.445259e-02       1.609262e-03       7.300596e-03       3.593218e-02       9.716905e-03       2.014568e-02
         780       8.722015e-03       2.233366e-03       4.930838e-03       2.779513e-02       8.918641e-03       1.918444e-02
         790       1.044378e-02       1.550180e-03       5.744220e-03       2.561254e-02       6.961905e-03       1.735690e-02
         800       7.153680e-03       1.490974e-03       4.183308e-03       2.231834e-02       7.099069e-03       1.224477e-02
         810       9.692013e-03       4.161192e-03       6.753673e-03       2.749300e-02       1.390920e-02       2.088871e-02
         820       8.557980e-03       2.583744e-03       5.290652e-03       2.100573e-02       1.085875e-02       1.578319e-02
         830       8.791441e-03       3.456146e-03       6.097537e-03       2.860219e-02       1.185727e-02       1.848711e-02
         840       7.212158e-03       1.336230e-03       4.271681e-03       2.109515e-02       6.143000e-03       1.202557e-02
         850       6.046293e-03       7.254480e-04       3.477696e-03       1.308648e-02       4.766313e-03       8.301669e-03
         860       1.048990e-02       3.228435e-03       5.449532e-03       2.213658e-02       6.380966e-03       1.447673e-02
         870       9.004903e-03       9.388227e-04       5.264682e-03       2.643471e-02       7.465118e-03       1.472987e-02
         880       1.153033e-02       8.417588e-04       5.257527e-03       2.348755e-02       4.319198e-03       1.261514e-02
         890       1.444546e-02       7.115137e-04       5.489138e-03       2.555368e-02       3.260402e-03       1.192971e-02
         900       1.888467e-02       1.433104e-03       7.378230e-03       2.645532e-02       7.811739e-03       1.648493e-02
         910       1.517888e-02       3.763964e-03       6.971064e-03       3.011818e-02       9.471584e-03       1.713773e-02
         920       7.375465e-03       3.745293e-03       5.933614e-03       2.597894e-02       1.074866e-02       1.843437e-02
         930       1.096602e-02       3.563872e-03       6.818480e-03       2.513494e-02       8.675151e-03       1.581498e-02
         940       1.156949e-02       2.308263e-03       6.577154e-03       2.298935e-02       1.089419e-02       1.687083e-02
         950       9.095888e-03       2.300437e-03       5.777598e-03       2.133181e-02       9.064760e-03       1.570661e-02
         960       1.850115e-02       2.223251e-03       7.997867e-03       3.306253e-02       1.235646e-02       2.232125e-02
         970       7.977404e-03       2.555500e-03       5.339432e-03       2.662004e-02       5.853684e-03       1.519740e-02
         980       7.469675e-03       1.610916e-03       5.049291e-03       2.121805e-02       7.111889e-03       1.486480e-02
         990       9.439770e-03       3.146690e-03       5.909810e-03       2.174557e-02       1.046102e-02       1.502562e-02
        1000       8.755584e-03       1.376229e-03       5.158395e-03       1.555835e-02       5.067720e-03       1.054270e-02
