#       step         max_devi_v         min_devi_v         avg_devi_v         max_devi_f         min_devi_f         avg_devi_f
           0       1.105535e-02       5.590790e-03       8.095344e-03       3.303358e-02       1.092865e-02       2.261432e-02
          10       1.655453e-02       3.731670e-04       6.821809e-03       3.345562e-02       6.305829e-03       1.916551e-02
          20       9.761316e-03       4.649782e-03       6.246177e-03       2.680524e-02       9.384385e-03       1.951623e-02
          30       6.963527e-03       2.131001e-03       4.656079e-03       2.411177e-02       1.319462e-02       1.744729e-02
          40       7.303007e-03       1.367119e-03       4.060665e-03       1.573078e-02       9.697543e-03       1.276337e-02
          50       5.195394e-03       2.471542e-03       3.913838e-03       2.017764e-02       6.642451e-03       1.290672e-02
          60       3.902855e-03       2.309295e-03       3.196234e-03       1.580963e-02       4.380969e-03       1.013788e-02
          70       7.738382e-03       3.033980e-03       4.698826e-03       1.633644e-02       5.354512e-03       1.057920e-02
          80       6.750327e-03       3.246397e-03       4.462363e-03       1.386662e-02       5.674227e-03       9.885925e-03
          90       7.405518e-03       2.980198e-03       4.604397e-03       1.682643e-02       5.929752e-03       1.107807e-02
         100       8.936680e-03       3.309921e-03       5.922708e-03       2.224870e-02       6.611520e-03       1.617472e-02
         110       8.718556e-03       3.560220e-03       5.971622e-03       2.483149e-02       1.129569e-02       1.659808e-02
         120       6.580099e-03       3.426923e-03       5.042686e-03       2.424911e-02       1.279102e-02       1.592325e-02
         130       8.317511e-03       1.893999e-03       5.555539e-03       3.296926e-02       1.612214e-02       2.090706e-02
         140       8.171789e-03       2.593964e-03       5.447167e-03       2.414755e-02       1.142902e-02       1.763067e-02
         150       1.041500e-02       4.961026e-03       6.782062e-03       2.331642e-02       1.164323e-02       1.894175e-02
         160       1.016321e-02       2.698999e-03       6.812337e-03       2.723844e-02       1.423494e-02       2.001807e-02
         170       6.844757e-03       3.850771e-03       5.341705e-03       1.827223e-02       1.180187e-02       1.512788e-02
         180       5.211118e-03       1.562704e-03       3.799950e-03       2.650628e-02       6.961962e-03       1.669568e-02
         190       9.025931e-03       1.245935e-03       4.649241e-03       2.112285e-02       5.366089e-03       1.403876e-02
         200       7.696403e-03       1.451533e-03       4.030873e-03       1.772760e-02       7.033600e-03       1.156358e-02
         210       8.444092e-03       1.802481e-03       5.079857e-03       1.889017e-02       7.236992e-03       1.184601e-02
         220       1.073809e-02       1.395628e-03       6.070468e-03       1.790256e-02       6.643927e-03       1.305624e-02
         230       8.495555e-03       2.811902e-03       5.851767e-03       2.741186e-02       7.825508e-03       1.576075e-02
         240       9.557372e-03       2.850682e-03       5.651566e-03       2.397651e-02       1.198498e-02       1.936519e-02
         250       1.210614e-02       4.640156e-03       6.503061e-03       2.665839e-02       1.194313e-02       1.808260e-02
         260       1.353394e-02       2.095353e-03       7.479360e-03       2.463739e-02       1.747150e-02       2.153033e-02
         270       1.997868e-02       3.187624e-03       8.889711e-03       4.121073e-02       1.476524e-02       2.640991e-02
         280       7.600767e-03       3.257934e-03       5.702624e-03       2.427117e-02       1.018284e-02       1.750329e-02
         290       1.161359e-02       1.386858e-03       5.889986e-03       2.303867e-02       1.608822e-02       1.894978e-02
         300       1.142690e-02       1.588582e-03       5.136877e-03       2.336509e-02       1.302047e-02       1.676294e-02
         310       5.878286e-03       2.279831e-03       4.152125e-03       1.679464e-02       9.209735e-03       1.390487e-02
         320       6.786432e-03       7.978368e-04       4.135903e-03       2.128448e-02       1.222102e-02       1.627627e-02
         330       1.279217e-02       1.467166e-03       6.066434e-03       2.554945e-02       8.408344e-03       1.693946e-02
         340       8.005840e-03       1.250548e-03       4.281744e-03       1.896827e-02       7.889591e-03       1.316171e-02
         350       7.891124e-03       7.698969e-04       4.043278e-03       1.838047e-02       1.098695e-02       1.366667e-02
         360       5.942827e-03       1.735682e-03       4.462362e-03       1.601206e-02       1.001129e-02       1.426187e-02
         370       6.921094e-03       2.465998e-03       4.687168e-03       1.917200e-02       1.253503e-02       1.605089e-02
         380       6.555655e-03       1.489831e-03       3.893357e-03       1.650145e-02       7.791050e-03       1.235924e-02
         390       6.856552e-03       3.127304e-03       4.307243e-03       2.442783e-02       1.225905e-02       1.853764e-02
         400       1.195617e-02       3.065583e-03       6.191618e-03       2.850161e-02       1.162849e-02       1.969788e-02
         410       1.038711e-02       2.538992e-03       7.477770e-03       2.776968e-02       6.047778e-03       1.654767e-02
         420       6.226402e-03       1.629148e-03       3.808481e-03       1.882492e-02       1.259645e-02       1.554341e-02
         430       1.050505e-02       3.060248e-03       6.523773e-03       2.527742e-02       1.304754e-02       1.940563e-02
         440       1.365898e-02       2.120937e-03       6.438665e-03       3.261664e-02       1.264401e-02       2.407326e-02
         450       7.281401e-03       1.393337e-03       4.181203e-03       2.209123e-02       1.204370e-02       1.862673e-02
         460       1.168569e-02       3.155497e-03       5.611342e-03       2.301593e-02       1.162829e-02       1.651526e-02
         470       1.216856e-02       1.825149e-03       6.015727e-03       2.623828e-02       9.667242e-03       1.521602e-02
         480       9.506450e-03       5.254327e-04       5.305376e-03       1.977059e-02       9.435855e-03       1.438620e-02
         490       1.083035e-02       2.863516e-03       5.988578e-03       3.145538e-02       1.178725e-02       2.064128e-02
         500       9.511285e-03       3.212495e-03       6.050701e-03       2.939112e-02       8.915652e-03       1.771952e-02
         510       9.816552e-03       2.469542e-03       5.615092e-03       2.852102e-02       7.011677e-03       1.607907e-02
         520       1.233248e-02       2.229148e-03       6.434363e-03       2.470673e-02       9.022029e-03       1.661420e-02
         530       1.533111e-02       4.363938e-03       9.516981e-03       2.725180e-02       1.252929e-02       1.937988e-02
         540       1.140242e-02       1.563557e-03       6.442029e-03       2.382000e-02       1.015917e-02       1.888244e-02
         550       7.572075e-03       1.345798e-03       4.625386e-03       2.539644e-02       1.292192e-02       1.806141e-02
         560       9.902407e-03       1.592573e-03       5.908162e-03       2.730489e-02       1.039182e-02       1.774613e-02
         570       9.372398e-03       8.451675e-04       4.903837e-03       1.904064e-02       8.520717e-03       1.486160e-02
         580       8.628064e-03       2.391740e-03       5.222799e-03       2.057035e-02       5.290962e-03       1.408077e-02
         590       8.672441e-03       2.559570e-03       5.732634e-03       2.690721e-02       4.221227e-03       1.516281e-02
         600       9.248159e-03       2.169472e-03       4.431909e-03       2.160698e-02       3.719510e-03       1.328796e-02
         610       1.005959e-02       1.176195e-03       4.760808e-03       2.928588e-02       7.165129e-03       1.620056e-02
         620       1.102748e-02       2.083356e-03       5.873981e-03       2.438013e-02       5.870604e-03       1.382119e-02
         630       6.551027e-03       1.899665e-03       3.560857e-03       1.981663e-02       6.536607e-03       1.203018e-02
         640       1.241669e-02       1.769200e-03       5.833710e-03       2.673667e-02       5.997388e-03       1.871124e-02
         650       5.350403e-03       8.393498e-04       3.576575e-03       2.089032e-02       6.345299e-03       1.249729e-02
         660       8.173254e-03       3.079308e-03       5.079037e-03       2.412562e-02       4.048132e-03       1.401025e-02
         670       8.109655e-03       3.059833e-03       4.584765e-03       2.151239e-02       4.324757e-03       1.310700e-02
         680       9.693025e-03       2.813291e-03       5.024424e-03       2.608063e-02       4.004139e-03       1.426815e-02
         690       7.947116e-03       2.137606e-03       5.553887e-03       2.352318e-02       4.170167e-03       1.383507e-02
         700       1.663579e-02       3.163236e-03       6.843420e-03       4.209180e-02       3.123631e-03       1.830938e-02
         710       6.059810e-03       2.166072e-03       3.690089e-03       1.838871e-02       5.888383e-03       1.210839e-02
         720       1.186576e-02       2.932904e-03       6.914723e-03       3.070302e-02       5.535100e-03       1.609931e-02
         730       7.051317e-03       3.182044e-03       5.145289e-03       2.603050e-02       5.647781e-03       1.427378e-02
         740       1.782749e-02       2.143968e-03       6.820819e-03       4.088909e-02       5.621719e-03       1.922087e-02
         750       8.626669e-03       2.946238e-03       5.499656e-03       2.346947e-02       5.797368e-03       1.586740e-02
         760       1.008968e-02       2.158594e-03       5.583863e-03       2.015734e-02       6.688159e-03       1.481180e-02
         770       1.410939e-02       2.469645e-03       6.224837e-03       2.615350e-02       8.164732e-03       1.585588e-02
         780       1.317905e-02       2.535368e-03       6.811554e-03       3.031544e-02       7.683745e-03       1.987648e-02
         790       1.104396e-02       4.415819e-03       7.048940e-03       3.441604e-02       8.131455e-03       2.078142e-02
         800       7.139755e-03       2.619611e-03       5.489121e-03       3.208168e-02       1.064677e-02       2.158304e-02
         810       9.516341e-03       3.418168e-03       6.327932e-03       2.316707e-02       1.337225e-02       1.883040e-02
         820       1.665624e-02       1.378090e-03       7.966737e-03       3.180718e-02       1.282256e-02       2.037619e-02
         830       1.435115e-02       5.227031e-03       8.135817e-03       3.316753e-02       1.082376e-02       2.195082e-02
         840       8.202827e-03       3.408998e-03       5.146545e-03       2.353688e-02       1.580151e-02       1.927122e-02
         850       8.811607e-03       2.079494e-03       4.804758e-03       2.137803e-02       9.988889e-03       1.540417e-02
         860       1.180468e-02       1.041578e-03       5.504874e-03       1.937048e-02       1.052530e-02       1.479080e-02
         870       1.518183e-02       2.305666e-03       6.869958e-03       3.331715e-02       1.353203e-02       2.189072e-02
         880       1.102485e-02       2.682526e-03       6.095081e-03       3.156601e-02       1.223552e-02       2.055322e-02
         890       9.372446e-03       1.608960e-03       5.677075e-03       2.496436e-02       8.284005e-03       1.469876e-02
         900       8.518464e-03       6.377815e-04       5.015128e-03       2.112858e-02       4.587745e-03       1.429644e-02
         910       1.293505e-02       2.045773e-03       6.888110e-03       2.789147e-02       5.526102e-03       1.673647e-02
         920       1.617764e-02       1.987999e-03       6.442116e-03       3.267804e-02       7.039175e-03       1.878033e-02
         930       8.278734e-03       4.266363e-03       6.824157e-03       3.173354e-02       1.033797e-02       1.996528e-02
         940       1.361494e-02       3.046144e-03       6.477287e-03       3.040035e-02       8.708723e-03       1.868877e-02
         950       7.262774e-03       3.239118e-03       5.313402e-03       2.568074e-02       8.258836e-03       1.611932e-02
         960       1.420717e-02       1.747869e-03       8.350272e-03       2.873536e-02       1.024418e-02       1.960858e-02
         970       8.054798e-03       1.365091e-03       4.546544e-03       3.199852e-02       1.045305e-02       2.158168e-02
         980       1.648513e-02       3.290074e-03       8.018238e-03       3.426707e-02       1.043879e-02       2.037916e-02
         990       9.843373e-03       4.553493e-03       6.190390e-03       3.233409e-02       1.151513e-02       1.943589e-02
        1000       7.117781e-03       2.207651e-03       4.298635e-03       2.502465e-02       1.067283e-02       1.556273e-02
