#       step         max_devi_v         min_devi_v         avg_devi_v         max_devi_f         min_devi_f         avg_devi_f
           0       2.685134e-02       2.421756e-05       1.326252e-02       4.918591e-02       2.257848e-02       3.614906e-02
          10       1.445125e-02       2.709168e-03       7.584191e-03       3.865302e-02       1.060680e-02       2.719819e-02
          20       7.302499e-03       2.281508e-03       4.519185e-03       3.015399e-02       9.136640e-03       1.851873e-02
          30       8.328516e-03       1.477854e-03       4.830015e-03       2.780379e-02       2.846438e-03       1.698491e-02
          40       1.506015e-02       1.895436e-03       7.481492e-03       2.316951e-02       8.794541e-03       1.660850e-02
          50       1.674159e-02       2.875480e-03       8.303702e-03       2.851146e-02       7.082540e-03       1.847959e-02
          60       1.056785e-02       1.756339e-03       5.764008e-03       1.938004e-02       9.672509e-03       1.504399e-02
          70       8.882930e-03       2.510906e-03       5.182148e-03       1.833191e-02       8.933018e-03       1.402417e-02
          80       5.993523e-03       8.937749e-04       3.721099e-03       1.600040e-02       6.799949e-03       1.140094e-02
          90       6.227220e-03       5.742269e-04       3.314098e-03       1.886951e-02       4.312614e-03       1.022330e-02
         100       6.501197e-03       1.095408e-03       2.963391e-03       1.769199e-02       4.965801e-03       1.110941e-02
         110       4.070120e-03       8.921052e-04       2.178294e-03       1.781941e-02       6.765091e-03       1.291585e-02
         120       9.328917e-03       1.393205e-03       5.751105e-03       2.642900e-02       7.981467e-03       2.019381e-02
         130       1.100816e-02       2.643098e-03       5.821898e-03       3.047556e-02       8.720328e-03       2.173450e-02
         140       9.984982e-03       3.046490e-03       4.853858e-03       2.923141e-02       1.396567e-02       1.951354e-02
         150       4.517956e-03       3.493186e-03       3.715488e-03       2.495412e-02       1.240363e-02       1.936238e-02
         160       7.263624e-03       2.770611e-03       4.148524e-03       2.586698e-02       8.626761e-03       1.617094e-02
         170       1.110188e-02       1.291400e-03       4.743137e-03       2.540908e-02       6.770778e-03       1.523412e-02
         180       7.964881e-03       1.153500e-03       4.679258e-03       1.678665e-02       7.872256e-03       1.091428e-02
         190       9.692760e-03       2.196649e-03       4.872433e-03       1.494723e-02       9.427441e-03       1.141638e-02
         200       1.048580e-02       1.829280e-03       4.862012e-03       1.740857e-02       9.318930e-03       1.284303e-02
         210       1.311440e-02       2.112701e-03       5.991634e-03       1.859081e-02       7.967241e-03       1.332225e-02
         220       3.040867e-03       1.290033e-03       2.452103e-03       1.293729e-02       6.721354e-03       9.577368e-03
         230       4.866907e-03       2.965523e-03       3.760817e-03       1.683284e-02       9.907293e-03       1.277627e-02
         240       5.075509e-03       2.316603e-03       3.089218e-03       1.592724e-02       7.190830e-03       1.232713e-02
         250       4.832398e-03       1.121673e-03       2.923356e-03       1.558719e-02       4.815810e-03       1.076350e-02
         260       7.667847e-03       6.318283e-04       3.716911e-03       1.818596e-02       5.464781e-03       1.202319e-02
         270       7.637247e-03       1.416807e-03       3.646706e-03       2.350476e-02       6.339861e-03       1.692373e-02
         280       1.230806e-02       1.913536e-03       5.159371e-03       2.394459e-02       7.081197e-03       1.526366e-02
         290       1.146450e-02       2.558736e-03       5.486842e-03       2.060235e-02       1.005441e-02       1.625270e-02
         300       8.180750e-03       5.426929e-04       5.125624e-03       2.941456e-02       1.306580e-02       1.897247e-02
         310       7.680004e-03       1.246310e-03       4.759367e-03       2.734948e-02       8.876602e-03       1.605051e-02
         320       6.985074e-03       1.689494e-03       3.271630e-03       1.193341e-02       4.670318e-03       8.741887e-03
         330       9.617052e-03       3.275956e-03       5.259194e-03       1.292871e-02       1.042275e-02       1.168022e-02
         340       4.315526e-03       2.895285e-03       3.879402e-03       1.560490e-02       7.899428e-03       1.063235e-02
         350       8.725566e-03       2.643832e-03       4.693268e-03       1.749285e-02       5.902635e-03       1.171825e-02
         360       9.287975e-03       1.492917e-03       4.320063e-03       1.785239e-02       6.986689e-03       1.169603e-02
         370       5.946468e-03       2.363238e-03       3.987629e-03       1.472534e-02       4.821855e-03       1.000054e-02
         380       7.162351e-03       1.502650e-03       4.642169e-03       2.124079e-02       4.855914e-03       1.310098e-02
         390       8.761436e-03       1.584953e-03       5.698141e-03       2.861265e-02       1.132634e-02       1.746799e-02
         400       7.665937e-03       1.356155e-03       4.302829e-03       1.570934e-02       7.113436e-03       1.245030e-02
         410       1.143285e-02       1.790980e-03       6.107274e-03       2.385255e-02       9.105686e-03       1.674263e-02
         420       1.627835e-02       1.503451e-04       8.913123e-03       2.928742e-02       1.508190e-02       2.234969e-02
         430       8.492672e-03       1.526995e-03       4.198222e-03       1.933206e-02       8.618523e-03       1.286287e-02
         440       5.607952e-03       1.964337e-03       3.528330e-03       1.772148e-02       4.479444e-03       1.255848e-02
         450       5.951219e-03       1.249032e-03       4.249298e-03       2.462802e-02       5.030897e-03       1.382162e-02
         460       1.426766e-02       2.202036e-03       6.227768e-03       2.052858e-02       7.979792e-03       1.339152e-02
         470       1.250565e-02       1.132603e-03       6.621278e-03       1.774501e-02       5.980691e-03       1.262971e-02
         480       1.402670e-02       2.168504e-03       7.202447e-03       2.218216e-02       1.051088e-02       1.502046e-02
         490       1.233627e-02       1.893058e-03       6.439412e-03       2.004054e-02       7.597007e-03       1.515239e-02
         500       4.002243e-03       1.369950e-03       2.388982e-03       1.546338e-02       7.357319e-03       1.119011e-02
         510       9.183961e-03       1.167855e-03       4.077209e-03       1.757181e-02       5.589451e-03       1.135081e-02
         520       4.606042e-03       8.614797e-04       3.417175e-03       2.790758e-02       7.358860e-03       1.555461e-02
         530       1.472178e-02       3.319871e-03       7.118533e-03       2.717629e-02       8.616746e-03       1.778215e-02
         540       1.276954e-02       4.646272e-03       8.548402e-03       3.591925e-02       1.185938e-02       2.424162e-02
         550       6.419702e-03       1.298089e-03       4.652357e-03       3.093308e-02       6.976566e-03       2.309479e-02
         560       8.200210e-03       8.677855e-04       5.310032e-03       1.749044e-02       8.259422e-03       1.249041e-02
         570       5.426260e-03       9.964133e-04       3.806083e-03       2.263799e-02       6.739424e-03       1.504272e-02
         580       6.042989e-03       3.377344e-03       4.488719e-03       1.718960e-02       9.486211e-03       1.317097e-02
         590       8.259634e-03       1.479732e-03       4.515182e-03       2.359142e-02       7.917827e-03       1.416489e-02
         600       1.452468e-02       1.347752e-03       6.437510e-03       3.288115e-02       1.108372e-02       1.738006e-02
         610       1.498406e-02       8.455968e-04       8.030255e-03       2.980190e-02       7.442594e-03       1.656945e-02
         620       1.000422e-02       1.189940e-03       5.684959e-03       2.609925e-02       1.004194e-02       1.678239e-02
         630       1.195760e-02       2.976001e-03       5.557391e-03       2.352966e-02       9.318849e-03       1.449813e-02
         640       1.585015e-02       1.160834e-03       7.912500e-03       2.859320e-02       1.009717e-02       1.764860e-02
         650       1.285719e-02       1.863278e-03       6.391145e-03       2.386199e-02       6.276523e-03       1.356107e-02
         660       1.205668e-02       6.761426e-04       4.831082e-03       2.438581e-02       6.933236e-03       1.415649e-02
         670       1.190390e-02       5.993174e-04       5.617944e-03       2.677297e-02       9.205193e-03       1.679406e-02
         680       2.103885e-02       5.227917e-04       8.054076e-03       3.121426e-02       1.422505e-02       2.100196e-02
         690       7.750671e-03       3.225338e-03       4.311127e-03       2.114615e-02       7.810476e-03       1.592320e-02
         700       7.358192e-03       2.959370e-03       4.423762e-03       2.296373e-02       9.582631e-03       1.746712e-02
         710       7.641067e-03       2.864136e-03       5.403723e-03       2.520477e-02       1.324938e-02       1.885918e-02
         720       5.722476e-03       2.514217e-03       3.982017e-03       2.323057e-02       7.833822e-03       1.432091e-02
         730       8.113268e-03       3.447968e-03       5.088660e-03       2.165340e-02       8.743006e-03       1.412775e-02
         740       5.086681e-03       1.886337e-03       3.708953e-03       1.813654e-02       4.923474e-03       1.138189e-02
         750       1.130838e-02       2.289292e-03       6.378665e-03       2.616676e-02       1.007039e-02       1.747739e-02
         760       1.321422e-02       1.857093e-03       6.217386e-03       3.874223e-02       5.448281e-03       1.748489e-02
         770       8.142999e-03       2.341300e-03       5.908652e-03       3.348070e-02       9.725273e-03       1.665353e-02
         780       8.615351e-03       2.878097e-03       5.652895e-03       3.651931e-02       6.689148e-03       1.555183e-02
         790       7.849079e-03       1.689392e-03       4.347043e-03       2.577340e-02       5.860515e-03       1.133644e-02
         800       8.101018e-03       1.736718e-03       4.325612e-03       2.600834e-02       5.240619e-03       1.252744e-02
         810       9.451941e-03       2.479250e-03       7.222163e-03       3.448279e-02       7.390212e-03       1.753534e-02
         820       9.618053e-03       2.844710e-03       5.819488e-03       2.652218e-02       1.032476e-02       1.581689e-02
         830       5.529875e-03       6.030200e-04       3.772902e-03       2.359795e-02       5.854691e-03       1.292025e-02
         840       5.433571e-03       2.593163e-03       3.797122e-03       2.001750e-02       8.474659e-03       1.349180e-02
         850       1.185091e-02       2.439010e-03       5.764728e-03       2.435958e-02       5.293525e-03       1.450141e-02
         860       1.096445e-02       2.842729e-04       5.576906e-03       2.160371e-02       8.736990e-03       1.278679e-02
         870       5.594990e-03       6.016000e-04       3.449654e-03       1.337816e-02       4.667795e-03       9.207543e-03
         880       9.220212e-03       1.495005e-03       5.576840e-03       2.388850e-02       5.908440e-03       1.480384e-02
         890       7.387799e-03       2.267660e-03       4.316580e-03       2.492307e-02       3.677323e-03       1.485817e-02
         900       4.495116e-03       1.400711e-03       2.592064e-03       1.538175e-02       4.838943e-03       9.551725e-03
         910       2.865715e-03       6.866289e-04       1.724786e-03       8.088998e-03       4.436084e-03       5.998253e-03
         920       9.314261e-03       1.729763e-03       3.741439e-03       1.566063e-02       7.105700e-03       1.070660e-02
         930       4.537673e-03       1.594899e-03       3.454519e-03       1.666258e-02       5.212726e-03       1.097969e-02
         940       4.366903e-03       7.182041e-04       3.030938e-03       1.087166e-02       5.482733e-03       8.466904e-03
         950       4.994048e-03       2.450288e-03       3.573378e-03       1.868620e-02       5.678343e-03       1.071487e-02
         960       1.307786e-02       2.735363e-03       5.815702e-03       2.946172e-02       7.884517e-03       1.566752e-02
         970       1.156928e-02       3.136432e-03       5.927572e-03       2.570989e-02       7.754959e-03       1.437151e-02
         980       1.581687e-02       3.906554e-03       7.992848e-03       2.604451e-02       8.136265e-03       1.990562e-02
         990       9.473163e-03       3.922399e-03       6.452402e-03       2.306149e-02       6.995309e-03       1.592105e-02
        1000       1.294381e-02       2.997480e-03       8.270419e-03       2.230969e-02       7.353854e-03       1.779281e-02
