#       step         max_devi_v         min_devi_v         avg_devi_v         max_devi_f         min_devi_f         avg_devi_f
           0       1.228820e-02       2.183126e-03       5.395967e-03       1.680312e-02       6.688466e-03       1.237911e-02
          10       1.623806e-02       2.412737e-03       7.907827e-03       3.307323e-02       1.064924e-02       1.981875e-02
          20       1.152453e-02       3.808194e-03       6.440735e-03       2.123422e-02       5.816342e-03       1.474770e-02
          30       9.935966e-03       1.650473e-03       5.071040e-03       2.218506e-02       9.455515e-03       1.517865e-02
          40       7.781210e-03       2.075152e-03       4.239015e-03       1.946287e-02       3.420962e-03       1.100372e-02
          50       1.011582e-02       2.618046e-03       5.328936e-03       2.557104e-02       7.422575e-03       1.278146e-02
          60       6.732875e-03       1.100513e-03       3.550079e-03       1.634697e-02       8.077941e-03       1.053896e-02
          70       7.236924e-03       5.369374e-04       3.411484e-03       1.208129e-02       6.493072e-03       9.114566e-03
          80       6.316256e-03       6.622534e-04       3.896161e-03       1.392112e-02       8.306240e-03       1.087123e-02
          90       1.016388e-02       2.485845e-03       5.513366e-03       2.891588e-02       7.822251e-03       1.504710e-02
         100       7.831763e-03       1.899967e-03       4.156604e-03       1.687862e-02       3.729053e-03       9.840420e-03
         110       4.136321e-03       2.222760e-03       3.183464e-03       1.507883e-02       4.597544e-03       1.021287e-02
         120       1.260808e-02       2.205468e-03       5.317973e-03       1.679508e-02       7.099103e-03       1.352338e-02
         130       1.213602e-02       1.558811e-03       5.798978e-03       2.834316e-02       1.042818e-02       1.861043e-02
         140       1.479361e-02       2.580699e-03       6.890729e-03       2.651694e-02       1.079677e-02       1.750685e-02
         150       1.443708e-02       2.919271e-03       7.350761e-03       2.522422e-02       9.766421e-03       1.641869e-02
         160       9.625963e-03       2.691978e-03       4.646747e-03       2.003073e-02       9.219945e-03       1.347182e-02
         170       4.124204e-03       2.318125e-03       3.345783e-03       2.827978e-02       7.175668e-03       1.544513e-02
         180       6.204400e-03       2.556196e-03       4.071725e-03       2.546067e-02       6.365867e-03       1.316785e-02
         190       6.602099e-03       7.182196e-04       3.866738e-03       2.163354e-02       6.459582e-03       1.239658e-02
         200       1.174122e-02       2.415742e-03       5.852370e-03       2.083186e-02       5.444858e-03       1.176097e-02
         210       9.049623e-03       7.914224e-04       4.480255e-03       1.949439e-02       7.647477e-03       1.144657e-02
         220       6.049937e-03       2.161931e-03       3.803290e-03       2.240757e-02       4.654826e-03       1.098185e-02
         230       1.012177e-02       1.635670e-03       5.834558e-03       3.224712e-02       8.397532e-03       1.748224e-02
         240       8.319125e-03       1.429079e-03       5.677386e-03       3.101661e-02       4.266299e-03       1.624278e-02
         250       1.422160e-02       2.059959e-03       6.576145e-03       2.904793e-02       7.149320e-03       1.553851e-02
         260       1.605235e-02       1.060352e-03       8.620236e-03       2.378177e-02       1.148181e-02       2.011112e-02
         270       1.617840e-02       1.743921e-03       8.388610e-03       2.629296e-02       1.027864e-02       1.684753e-02
         280       1.036553e-02       1.749141e-03       5.314864e-03       3.120717e-02       1.077535e-02       1.722408e-02
         290       9.461707e-03       2.550149e-03       5.844802e-03       3.008417e-02       1.072052e-02       2.120957e-02
         300       2.436997e-02       2.089667e-03       1.074747e-02       3.662597e-02       1.815755e-02       2.733093e-02
         310       1.005937e-02       3.691504e-03       5.878997e-03       2.835612e-02       1.498817e-02       2.229243e-02
         320       1.111116e-02       2.704491e-03       5.470486e-03       2.430652e-02       1.174564e-02       1.638096e-02
         330       6.497960e-03       6.463951e-04       3.467683e-03       1.518875e-02       4.797323e-03       1.007616e-02
         340       7.600779e-03       1.701714e-03       4.766017e-03       2.804215e-02       6.323848e-03       1.667141e-02
         350       9.765880e-03       1.204891e-03       6.261883e-03       2.251646e-02       7.461131e-03       1.524929e-02
         360       7.265261e-03       1.166762e-03       4.531047e-03       2.043504e-02       7.307392e-03       1.432142e-02
         370       7.160293e-03       1.722522e-03       4.708271e-03       2.233501e-02       5.073396e-03       1.433302e-02
         380       5.829858e-03       1.400067e-03       3.099569e-03       1.957065e-02       9.601423e-03       1.340468e-02
         390       8.157269e-03       3.174285e-03       4.938981e-03       1.999192e-02       8.650686e-03       1.363626e-02
         400       1.137994e-02       1.406077e-03       7.072192e-03       3.751440e-02       4.236153e-03       1.767929e-02
         410       1.126699e-02       2.187554e-03       5.230701e-03       2.229320e-02       5.768471e-03       1.591818e-02
         420       9.231961e-03       2.357138e-03       5.143980e-03       2.810292e-02       6.368992e-03       1.845967e-02
         430       1.150669e-02       2.126463e-03       6.168275e-03       2.754481e-02       4.919449e-03       1.912568e-02
         440       6.586644e-03       1.257356e-03       3.980685e-03       3.269571e-02       7.606327e-03       1.784605e-02
         450       1.197086e-02       1.660720e-03       6.467426e-03       2.578008e-02       1.191101e-02       1.807733e-02
         460       1.376934e-02       2.996636e-03       6.788491e-03       3.338079e-02       7.901369e-03       1.923202e-02
         470       6.646281e-03       2.940223e-03       4.739736e-03       2.573619e-02       8.642742e-03       1.762759e-02
         480       1.114779e-02       3.495617e-04       5.626841e-03       2.339000e-02       7.422619e-03       1.413622e-02
         490       1.145915e-02       1.655623e-03       6.473267e-03       3.523340e-02       5.578822e-03       1.721473e-02
         500       9.542419e-03       2.692551e-03       4.759289e-03       2.940099e-02       6.256498e-03       1.619132e-02
         510       1.228469e-02       3.477578e-03       7.385263e-03       3.675409e-02       5.278656e-03       1.941470e-02
         520       9.861759e-03       9.334066e-04       6.336302e-03       2.913210e-02       6.500251e-03       1.665951e-02
         530       8.572237e-03       3.918084e-04       5.067749e-03       2.371336e-02       4.278887e-03       1.512598e-02
         540       9.101813e-03       1.708513e-03       5.421419e-03       2.695136e-02       4.021529e-03       1.550966e-02
         550       9.646725e-03       4.223458e-03       6.134280e-03       3.286389e-02       8.265278e-03       1.653886e-02
         560       6.588491e-03       2.663317e-03       5.381899e-03       3.493195e-02       9.021043e-03       1.766580e-02
         570       7.954143e-03       2.495452e-04       4.736320e-03       2.447685e-02       6.989251e-03       1.384994e-02
         580       8.641903e-03       2.294044e-03       4.999418e-03       2.597735e-02       1.262012e-02       1.770113e-02
         590       1.134746e-02       2.403738e-03       5.433271e-03       2.516347e-02       1.160949e-02       1.828158e-02
         600       1.346389e-02       4.535890e-03       7.695833e-03       3.177197e-02       1.137224e-02       2.127174e-02
         610       1.026964e-02       2.260621e-03       6.745003e-03       3.470900e-02       1.272314e-02       2.304825e-02
         620       1.022338e-02       3.904115e-03       6.463074e-03       2.524659e-02       1.218540e-02       2.017335e-02
         630       6.065088e-03       2.587177e-03       3.941544e-03       1.634770e-02       8.125896e-03       1.243587e-02
         640       1.178743e-02       2.580006e-03       7.256529e-03       3.743795e-02       1.269740e-02       2.091882e-02
         650       9.971814e-03       2.179530e-03       6.003663e-03       1.983864e-02       7.193263e-03       1.442241e-02
         660       5.937002e-03       8.301758e-04       4.274575e-03       1.734593e-02       8.796956e-03       1.246394e-02
         670       4.774199e-03       2.867635e-03       4.058999e-03       1.603309e-02       6.633875e-03       1.251873e-02
         680       6.693888e-03       1.348009e-03       5.055835e-03       2.648030e-02       9.442202e-03       1.572755e-02
         690       1.040227e-02       3.182391e-03       6.858359e-03       3.031838e-02       6.734901e-03       1.742373e-02
         700       5.660622e-03       1.545225e-03       4.254849e-03       2.628485e-02       7.917103e-03       1.492287e-02
         710       7.982543e-03       2.099439e-03       6.366728e-03       2.984119e-02       9.658761e-03       2.060037e-02
         720       1.032996e-02       2.469426e-03       6.013594e-03       3.375595e-02       1.083887e-02       1.835054e-02
         730       1.030147e-02       4.177745e-03       6.809915e-03       2.400003e-02       1.241088e-02       1.734520e-02
         740       7.328402e-03       3.714292e-03       5.814817e-03       2.972812e-02       1.083664e-02       1.982602e-02
         750       7.793239e-03       3.230468e-03       4.781362e-03       2.442718e-02       8.203272e-03       1.784227e-02
         760       7.553935e-03       1.051698e-03       4.903151e-03       2.132704e-02       1.039032e-02       1.558418e-02
         770       9.792053e-03       2.869601e-03       5.727364e-03       2.561232e-02       1.220221e-02       1.958087e-02
         780       8.883442e-03       2.564768e-03       5.069007e-03       2.789692e-02       1.331671e-02       1.883032e-02
         790       8.996238e-03       1.941549e-03       4.970625e-03       2.059902e-02       6.292478e-03       1.505628e-02
         800       1.019648e-02       3.364471e-03       5.233357e-03       2.636475e-02       1.049571e-02       1.796835e-02
         810       5.867969e-03       1.753638e-03       2.889172e-03       2.015255e-02       1.036468e-02       1.285850e-02
         820       1.295005e-02       6.360128e-04       5.417283e-03       1.577211e-02       7.227745e-03       1.231454e-02
         830       8.640837e-03       1.757782e-03       5.288472e-03       2.761167e-02       7.801663e-03       1.532754e-02
         840       8.928955e-03       2.756193e-03       5.026185e-03       2.270981e-02       1.049209e-02       1.568190e-02
         850       8.933475e-03       2.065822e-03       5.820662e-03       2.315504e-02       1.169069e-02       1.891630e-02
         860       9.717131e-03       2.455093e-03       6.338041e-03       2.831235e-02       7.257265e-03       1.849955e-02
         870       6.422095e-03       2.293513e-03       4.000856e-03       2.692133e-02       7.866758e-03       1.941830e-02
         880       9.745340e-03       2.972171e-03       5.564083e-03       3.209238e-02       5.793892e-03       2.168315e-02
         890       8.068067e-03       1.713544e-03       5.030020e-03       2.839448e-02       6.967692e-03       1.848998e-02
         900       6.850917e-03       1.534891e-03       4.710369e-03       2.266755e-02       8.554921e-03       1.669298e-02
         910       5.630570e-03       2.237559e-03       3.873583e-03       2.381825e-02       9.231890e-03       1.649621e-02
         920       6.041670e-03       1.911980e-03       3.760923e-03       2.076621e-02       8.292356e-03       1.462339e-02
         930       1.018660e-02       3.107202e-03       6.329599e-03       2.421053e-02       1.055783e-02       1.609190e-02
         940       9.938847e-03       2.794043e-03       5.820000e-03       2.545242e-02       1.221901e-02       1.859034e-02
         950       1.151818e-02       2.052508e-03       6.262114e-03       2.650217e-02       6.525970e-03       1.865062e-02
         960       1.186081e-02       1.691155e-03       6.211831e-03       2.733309e-02       9.265897e-03       1.781502e-02
         970       7.470072e-03       4.325205e-03       5.593673e-03       2.461116e-02       1.221650e-02       1.874577e-02
         980       7.721010e-03       3.265494e-03       5.373001e-03       2.359642e-02       1.147841e-02       1.740698e-02
         990       7.589236e-03       2.659870e-03       5.458632e-03       2.312880e-02       8.010197e-03       1.683666e-02
        1000       1.118282e-02       2.283826e-03       6.531794e-03       2.397791e-02       8.023938e-03       1.810456e-02
