#       step         max_devi_v         min_devi_v         avg_devi_v         max_devi_f         min_devi_f         avg_devi_f
           0       1.660523e-02       9.683568e-05       6.653083e-03       1.571146e-02       9.137858e-03       1.249202e-02
          10       1.399571e-02       1.265296e-03       6.615208e-03       2.629407e-02       1.042643e-02       1.634470e-02
          20       1.445057e-02       1.588344e-04       5.964893e-03       1.920066e-02       9.051381e-03       1.413648e-02
          30       7.690320e-03       1.128477e-03       4.459535e-03       1.527622e-02       5.348089e-03       1.089965e-02
          40       6.631106e-03       7.300080e-04       3.465014e-03       1.012217e-02       4.912251e-03       7.634442e-03
          50       8.993594e-03       1.242572e-03       4.804483e-03       1.511562e-02       7.492619e-03       1.168035e-02
          60       8.964534e-03       1.683762e-03       5.070270e-03       2.106795e-02       6.042574e-03       1.241354e-02
          70       9.205566e-03       1.390305e-03       5.149047e-03       2.272756e-02       3.517537e-03       1.151634e-02
          80       8.364240e-03       1.230203e-03       4.939829e-03       2.066669e-02       5.134043e-03       1.087167e-02
          90       7.879501e-03       1.067742e-03       4.818426e-03       2.221921e-02       6.532251e-03       1.216612e-02
         100       8.456305e-03       9.255427e-04       3.971933e-03       1.631029e-02       3.049241e-03       8.603727e-03
         110       1.172267e-02       1.129094e-03       5.840177e-03       2.293774e-02       5.180587e-03       1.255327e-02
         120       7.113133e-03       1.438785e-03       3.347618e-03       1.315511e-02       6.867831e-03       8.877232e-03
         130       8.418834e-03       1.447774e-03       4.959886e-03       2.550887e-02       8.957407e-03       1.419808e-02
         140       7.491682e-03       1.224921e-03       3.557921e-03       2.523921e-02       7.679754e-03       1.511150e-02
         150       1.208403e-02       1.892895e-03       5.465463e-03       2.433475e-02       7.014158e-03       1.504014e-02
         160       1.280183e-02       2.189879e-03       6.701978e-03       2.995263e-02       8.577930e-03       1.920272e-02
         170       5.325736e-03       9.281313e-04       2.793125e-03       2.146741e-02       4.629127e-03       1.192075e-02
         180       6.007893e-03       2.397239e-03       4.082992e-03       1.754021e-02       5.569374e-03       1.240351e-02
         190       6.995819e-03       2.364757e-04       3.643287e-03       1.657585e-02       7.569352e-03       1.204055e-02
         200       7.861908e-03       1.633510e-03       4.334305e-03       2.019273e-02       5.828435e-03       1.542782e-02
         210       1.024287e-02       1.348726e-03       5.848470e-03       2.503557e-02       4.638066e-03       1.546593e-02
         220       7.359915e-03       6.729263e-04       4.352271e-03       1.810526e-02       5.464042e-03       1.161425e-02
         230       7.006135e-03       8.589922e-04       4.677389e-03       1.965496e-02       8.256969e-03       1.441106e-02
         240       6.355845e-03       1.279752e-03       3.280717e-03       1.652461e-02       4.918363e-03       9.703991e-03
         250       4.910303e-03       7.841556e-04       2.387955e-03       1.006175e-02       3.885795e-03       7.144843e-03
         260       6.384903e-03       9.202195e-04       3.242117e-03       1.869817e-02       8.837774e-03       1.343975e-02
         270       6.796013e-03       6.653324e-04       3.403828e-03       1.420287e-02       7.550560e-03       1.060650e-02
         280       1.007424e-02       1.319242e-03       5.164586e-03       2.130188e-02       1.043518e-02       1.575286e-02
         290       7.452961e-03       9.457045e-04       4.735846e-03       2.597797e-02       1.046587e-02       1.773256e-02
         300       9.166189e-03       2.054624e-03       4.787783e-03       2.494145e-02       4.968369e-03       1.442535e-02
         310       5.141696e-03       6.568979e-04       3.291913e-03       1.694896e-02       6.070296e-03       9.609684e-03
         320       8.481678e-03       4.698844e-04       3.263673e-03       1.382394e-02       4.997909e-03       7.294567e-03
         330       1.003497e-02       2.458086e-03       5.328591e-03       3.251919e-02       4.464986e-03       1.404028e-02
         340       1.234787e-02       2.948267e-03       7.387654e-03       3.125506e-02       9.084407e-03       1.657620e-02
         350       1.315217e-02       4.722648e-03       8.650002e-03       3.733894e-02       7.775029e-03       2.177732e-02
         360       1.178249e-02       6.884638e-03       8.457956e-03       3.222360e-02       1.195301e-02       1.863503e-02
         370       8.313975e-03       1.864683e-03       5.109812e-03       1.677958e-02       1.063549e-02       1.439146e-02
         380       8.469886e-03       1.663374e-03       5.561981e-03       2.978629e-02       4.547707e-03       1.496319e-02
         390       8.391908e-03       2.468856e-03       5.505977e-03       2.830773e-02       4.997270e-03       1.471807e-02
         400       6.148194e-03       2.718660e-03       4.123911e-03       2.375465e-02       4.917071e-03       1.309880e-02
         410       7.412279e-03       1.934385e-03       3.642133e-03       1.446645e-02       6.080623e-03       1.067929e-02
         420       6.388512e-03       1.600679e-03       4.238917e-03       2.035953e-02       8.765614e-03       1.325784e-02
         430       7.472256e-03       1.917290e-03       4.673710e-03       1.482311e-02       6.790720e-03       1.234396e-02
         440       6.567624e-03       8.468635e-04       3.936800e-03       1.824214e-02       7.580494e-03       1.104522e-02
         450       9.574659e-03       1.572274e-03       4.567320e-03       2.179155e-02       5.586248e-03       1.133946e-02
         460       4.432577e-03       1.921124e-03       3.215357e-03       1.168203e-02       4.510828e-03       7.267681e-03
         470       4.414496e-03       1.801843e-03       3.132185e-03       1.226335e-02       4.316269e-03       8.744710e-03
         480       4.151915e-03       8.188306e-04       2.515421e-03       1.163973e-02       5.746958e-03       8.639255e-03
         490       7.140028e-03       8.308318e-04       3.663994e-03       1.566679e-02       4.519860e-03       1.036641e-02
         500       5.372290e-03       7.003267e-04       2.860700e-03       1.464343e-02       3.950417e-03       9.927920e-03
         510       5.589652e-03       1.244896e-03       2.775649e-03       1.288701e-02       3.553349e-03       8.126796e-03
         520       8.842164e-03       3.039490e-03       5.339228e-03       1.831334e-02       8.139526e-03       1.474348e-02
         530       8.556600e-03       1.740216e-03       5.185466e-03       3.518956e-02       9.755940e-03       1.943673e-02
         540       1.085614e-02       4.000904e-03       6.624025e-03       3.250397e-02       9.465903e-03       2.057134e-02
         550       8.284990e-03       1.764983e-03       5.233508e-03       3.000594e-02       7.103138e-03       1.776889e-02
         560       6.059527e-03       1.952975e-03       3.789198e-03       2.625548e-02       4.853579e-03       1.369054e-02
         570       8.295226e-03       1.868597e-03       5.426088e-03       2.560372e-02       5.427157e-03       1.342905e-02
         580       9.591103e-03       3.948663e-03       6.637172e-03       2.347717e-02       4.654823e-03       1.304023e-02
         590       1.039827e-02       1.701903e-03       5.064527e-03       2.386486e-02       4.856691e-03       1.256888e-02
         600       1.032752e-02       6.483785e-04       5.089702e-03       1.963780e-02       7.403115e-03       1.189649e-02
         610       7.023483e-03       7.622033e-04       4.107099e-03       2.331241e-02       4.606363e-03       1.327084e-02
         620       6.095511e-03       5.203130e-04       2.977159e-03       2.003770e-02       2.704438e-03       1.245764e-02
         630       6.375082e-03       2.028114e-03       3.780852e-03       1.498357e-02       6.477023e-03       1.057971e-02
         640       3.882886e-03       3.626894e-04       2.018792e-03       1.104778e-02       4.367523e-03       6.877968e-03
         650       6.049609e-03       1.386487e-03       3.014447e-03       1.833313e-02       6.846988e-03       1.281605e-02
         660       6.224758e-03       1.953406e-03       4.053379e-03       1.542825e-02       1.064924e-02       1.286496e-02
         670       4.252204e-03       1.777285e-03       3.147685e-03       2.418823e-02       7.394209e-03       1.311443e-02
         680       6.071520e-03       1.102869e-03       3.270980e-03       2.232707e-02       1.171602e-02       1.531106e-02
         690       1.835503e-02       2.539702e-03       7.821836e-03       3.355355e-02       1.066169e-02       1.997949e-02
         700       9.902503e-03       2.204634e-03       6.109911e-03       4.010336e-02       6.792749e-03       1.889399e-02
         710       7.807305e-03       9.971291e-04       5.124567e-03       2.485733e-02       7.468326e-03       1.579984e-02
         720       7.760121e-03       2.913344e-03       4.470135e-03       1.724792e-02       5.421764e-03       1.187125e-02
         730       4.458607e-03       1.854975e-03       3.065394e-03       1.467596e-02       5.317367e-03       9.114352e-03
         740       5.057667e-03       1.955129e-03       3.289706e-03       1.609583e-02       6.161940e-03       9.180460e-03
         750       7.479854e-03       2.691782e-03       4.237413e-03       1.763077e-02       4.417873e-03       1.096315e-02
         760       6.936092e-03       7.340534e-04       3.393965e-03       1.545726e-02       5.206763e-03       8.774565e-03
         770       4.944619e-03       1.882641e-03       3.059745e-03       1.320487e-02       5.110657e-03       8.728882e-03
         780       6.623216e-03       1.413462e-03       3.058296e-03       1.493846e-02       4.779622e-03       8.752383e-03
         790       5.796491e-03       1.747931e-03       3.926280e-03       1.953647e-02       3.294445e-03       9.704357e-03
         800       4.794650e-03       2.204264e-03       3.153992e-03       1.457537e-02       2.050841e-03       9.043200e-03
         810       4.114330e-03       1.057493e-03       2.572350e-03       1.106540e-02       3.905549e-03       7.809401e-03
         820       3.331310e-03       1.034280e-03       2.874062e-03       1.808828e-02       4.439339e-03       1.080294e-02
         830       1.185447e-02       1.552826e-03       4.942416e-03       2.162954e-02       5.557326e-03       1.425871e-02
         840       1.063421e-02       1.620105e-03       4.539579e-03       2.276617e-02       4.704971e-03       1.433108e-02
         850       1.183576e-02       8.955092e-04       5.554025e-03       2.143278e-02       3.467292e-03       1.518640e-02
         860       1.016122e-02       4.790619e-04       4.032569e-03       1.703982e-02       2.786123e-03       1.199050e-02
         870       8.222874e-03       2.018927e-03       4.928336e-03       2.104707e-02       8.063396e-03       1.569924e-02
         880       7.887731e-03       1.686559e-03       4.628989e-03       1.717158e-02       4.910255e-03       1.106641e-02
         890       5.619483e-03       1.828240e-03       3.234132e-03       1.359150e-02       4.430484e-03       8.449762e-03
         900       5.961173e-03       1.598229e-03       3.051515e-03       1.741095e-02       3.614624e-03       8.760598e-03
         910       4.973297e-03       1.101497e-03       3.753551e-03       2.580292e-02       5.166961e-03       1.420503e-02
         920       5.306469e-03       1.543269e-03       3.058439e-03       2.179293e-02       2.783160e-03       1.360983e-02
         930       1.266324e-02       3.660767e-03       6.454817e-03       3.347852e-02       8.092867e-03       2.363843e-02
         940       1.946532e-02       1.654904e-03       8.713252e-03       3.042061e-02       1.382539e-02       2.066056e-02
         950       5.256547e-03       5.475645e-04       4.294597e-03       2.327179e-02       7.836055e-03       1.739372e-02
         960       1.106666e-02       5.158537e-04       5.082336e-03       1.591696e-02       8.735784e-03       1.312996e-02
         970       7.755096e-03       2.325021e-04       3.495268e-03       1.517051e-02       5.387560e-03       9.721275e-03
         980       3.349082e-03       1.151830e-03       1.832453e-03       1.231112e-02       5.254139e-03       7.647059e-03
         990       7.907416e-03       2.032915e-03       4.733363e-03       2.182357e-02       3.857940e-03       1.243704e-02
        1000       8.678588e-03       6.388549e-04       3.786885e-03       1.727650e-02       9.601197e-03       1.459378e-02
