#       step         max_devi_v         min_devi_v         avg_devi_v         max_devi_f         min_devi_f         avg_devi_f
           0       5.319167e-02       3.843044e-03       2.143535e-02       8.841071e-02       2.938312e-02       5.345034e-02
          10       1.641865e-02       2.202240e-03       8.794536e-03       4.022637e-02       2.077919e-02       3.170845e-02
          20       1.011322e-02       2.671836e-03       7.066646e-03       3.409977e-02       1.649201e-02       2.293951e-02
          30       9.360274e-03       2.539315e-03       5.125172e-03       1.613048e-02       8.288266e-03       1.234720e-02
          40       1.294505e-02       2.267216e-03       6.806510e-03       1.712715e-02       5.599830e-03       1.337991e-02
          50       1.154813e-02       2.033235e-03       6.872367e-03       1.518130e-02       1.121198e-02       1.328379e-02
          60       1.560410e-02       1.198812e-03       8.485303e-03       2.068115e-02       9.566785e-03       1.496805e-02
          70       1.595205e-02       7.399269e-04       8.546517e-03       2.163505e-02       7.532380e-03       1.505592e-02
          80       1.521520e-02       8.436780e-04       8.062827e-03       1.998860e-02       5.413669e-03       1.418364e-02
          90       1.245441e-02       2.066907e-03       7.746331e-03       2.125556e-02       1.258651e-02       1.553865e-02
         100       1.068792e-02       1.950484e-03       6.223692e-03       2.007283e-02       7.801964e-03       1.557925e-02
         110       5.266588e-03       7.022414e-04       2.202118e-03       9.166322e-03       4.601062e-03       6.491019e-03
         120       8.582178e-03       1.861689e-03       4.449716e-03       2.173308e-02       5.013073e-03       1.424493e-02
         130       1.374177e-02       3.448308e-03       6.743084e-03       3.071510e-02       7.598092e-03       1.934577e-02
         140       1.224821e-02       2.315670e-03       5.503505e-03       2.758839e-02       5.903856e-03       1.585257e-02
         150       9.746269e-03       1.153833e-03       4.159043e-03       1.875270e-02       6.506127e-03       1.312653e-02
         160       7.447456e-03       1.958485e-03       4.571001e-03       2.707265e-02       6.204528e-03       1.626110e-02
         170       1.117549e-02       2.149148e-03       4.953997e-03       1.833806e-02       5.821062e-03       1.257774e-02
         180       8.013307e-03       2.798469e-03       4.294514e-03       1.716854e-02       5.007671e-03       1.157182e-02
         190       5.854629e-03       1.572156e-03       3.680927e-03       1.148872e-02       5.506341e-03       8.776783e-03
         200       7.767172e-03       1.750941e-03       4.421785e-03       1.743334e-02       7.561007e-03       1.212857e-02
         210       1.049494e-02       2.528286e-03       5.011343e-03       2.320976e-02       5.584827e-03       1.473841e-02
         220       9.304231e-03       1.639188e-03       4.701743e-03       2.304404e-02       6.697409e-03       1.233982e-02
         230       1.325760e-02       1.119405e-03       6.420430e-03       2.748296e-02       8.668329e-03       1.592487e-02
         240       7.839674e-03       1.683104e-03       3.562980e-03       1.346270e-02       2.433144e-03       1.002453e-02
         250       5.932176e-03       2.583856e-03       3.644984e-03       1.501565e-02       5.241783e-03       9.429987e-03
         260       7.776364e-03       1.225932e-03       4.115168e-03       1.647656e-02       6.528338e-03       1.125493e-02
         270       7.622189e-03       3.237155e-04       4.036063e-03       1.397565e-02       8.829785e-03       1.138389e-02
         280       9.160983e-03       2.471692e-03       5.481693e-03       2.324601e-02       9.860843e-03       1.706434e-02
         290       4.978236e-03       1.601966e-03       3.490899e-03       1.876717e-02       1.086343e-02       1.462598e-02
         300       1.175173e-02       2.812773e-03       7.088051e-03       2.406942e-02       8.851737e-03       1.647394e-02
         310       7.979262e-03       1.743686e-03       5.164751e-03       2.173133e-02       1.203938e-02       1.493708e-02
         320       8.508271e-03       2.285487e-03       5.595969e-03       2.067560e-02       7.790710e-03       1.525943e-02
         330       1.870093e-02       2.179609e-03       8.463030e-03       3.338411e-02       1.151256e-02       2.079412e-02
         340       1.466966e-02       3.221743e-03       6.932281e-03       2.909980e-02       9.997495e-03       1.549393e-02
         350       1.198852e-02       1.167590e-03       5.343459e-03       2.341109e-02       8.032804e-03       1.416226e-02
         360       1.683265e-02       1.060561e-03       8.507211e-03       3.166837e-02       8.652615e-03       1.754582e-02
         370       9.256641e-03       2.345689e-03       5.904317e-03       3.394903e-02       4.226153e-03       1.489448e-02
         380       1.040994e-02       1.546501e-03       5.469264e-03       1.538850e-02       6.221413e-03       1.249985e-02
         390       1.140757e-02       2.172580e-03       5.403922e-03       2.404698e-02       7.660150e-03       1.557100e-02
         400       9.179480e-03       2.104929e-03       4.725776e-03       2.428709e-02       1.103810e-02       1.776615e-02
         410       8.608590e-03       2.525607e-03       5.175151e-03       2.515428e-02       1.342001e-02       1.729124e-02
         420       1.016193e-02       1.039942e-03       4.751377e-03       2.555854e-02       1.077905e-02       1.548794e-02
         430       1.345060e-02       2.034397e-03       6.456307e-03       2.164983e-02       7.067624e-03       1.506306e-02
         440       1.428479e-02       1.566887e-03       7.525432e-03       2.320367e-02       1.431406e-02       1.870890e-02
         450       1.331663e-02       5.718478e-04       5.446568e-03       2.422983e-02       7.881468e-03       1.345994e-02
         460       1.598802e-02       3.812412e-03       8.240561e-03       2.920383e-02       1.374811e-02       2.042100e-02
         470       1.576212e-02       1.603434e-03       6.575951e-03       3.061370e-02       1.153334e-02       1.928122e-02
         480       1.548735e-02       1.385431e-03       7.166075e-03       4.169625e-02       1.309374e-02       2.292671e-02
         490       7.738088e-03       1.523592e-03       5.476289e-03       2.853506e-02       1.085829e-02       1.702463e-02
         500       1.150197e-02       1.733489e-03       7.096679e-03       2.344710e-02       6.346203e-03       1.597071e-02
         510       7.901856e-03       1.146503e-03       3.725421e-03       1.274548e-02       7.182650e-03       1.024895e-02
         520       7.154262e-03       1.464213e-03       4.568053e-03       1.908940e-02       8.588160e-03       1.430776e-02
         530       1.138525e-02       6.763371e-04       4.101202e-03       1.452935e-02       6.267774e-03       9.841197e-03
         540       5.528869e-03       1.574671e-03       3.113338e-03       1.339141e-02       5.192628e-03       1.000708e-02
         550       7.104483e-03       3.512571e-03       4.719364e-03       1.694293e-02       9.293504e-03       1.387015e-02
         560       7.672110e-03       1.362465e-03       4.156241e-03       1.816723e-02       1.126830e-02       1.502564e-02
         570       1.041164e-02       2.372112e-03       5.285835e-03       1.850590e-02       1.050856e-02       1.495361e-02
         580       8.152413e-03       2.223354e-03       4.433272e-03       1.934716e-02       1.006334e-02       1.488299e-02
         590       1.181057e-02       2.157425e-03       5.161182e-03       2.453985e-02       1.306275e-02       1.910524e-02
         600       6.698357e-03       1.884937e-03       4.151535e-03       2.619819e-02       7.413226e-03       1.546177e-02
         610       7.052296e-03       1.921581e-03       3.860939e-03       1.821519e-02       6.446456e-03       1.320680e-02
         620       1.356291e-02       1.597504e-03       5.031359e-03       2.023345e-02       8.876253e-03       1.485109e-02
         630       8.061678e-03       1.753125e-03       4.288420e-03       1.809132e-02       5.036125e-03       1.295376e-02
         640       2.677850e-03       6.751469e-04       1.903822e-03       1.850540e-02       3.245126e-03       1.258593e-02
         650       5.320783e-03       8.908100e-04       3.755862e-03       1.748251e-02       3.507674e-03       9.907315e-03
         660       7.093062e-03       1.159918e-03       4.232841e-03       1.621234e-02       8.983150e-03       1.304858e-02
         670       6.853204e-03       1.254348e-03       3.438088e-03       1.576517e-02       4.395060e-03       8.758028e-03
         680       7.628186e-03       1.565294e-03       4.323004e-03       1.789298e-02       4.817492e-03       1.127675e-02
         690       9.190925e-03       1.055283e-03       4.852303e-03       1.885923e-02       7.772488e-03       1.314292e-02
         700       1.070259e-02       1.378510e-03       5.661306e-03       1.742170e-02       1.053441e-02       1.237811e-02
         710       1.351138e-02       1.581418e-03       7.249642e-03       2.632541e-02       7.804696e-03       1.796284e-02
         720       6.228466e-03       2.114497e-03       3.806444e-03       2.067335e-02       6.282605e-03       1.401462e-02
         730       5.315539e-03       2.536558e-03       3.402623e-03       2.010122e-02       7.901952e-03       1.238912e-02
         740       9.648800e-03       4.953068e-03       6.577284e-03       2.986006e-02       1.060836e-02       1.869206e-02
         750       1.055160e-02       2.149386e-03       5.569748e-03       2.722632e-02       4.950214e-03       1.668085e-02
         760       7.535598e-03       3.014058e-03       5.139820e-03       3.102151e-02       5.328056e-03       1.836759e-02
         770       1.295747e-02       2.004801e-03       5.461990e-03       2.619383e-02       6.683773e-03       1.642955e-02
         780       1.244258e-02       1.666364e-03       7.552932e-03       3.698343e-02       8.281198e-03       1.877445e-02
         790       5.360744e-03       1.572539e-03       3.242390e-03       2.089736e-02       5.419490e-03       1.336505e-02
         800       6.267123e-03       1.152575e-03       3.576731e-03       2.550864e-02       9.239061e-03       1.632729e-02
         810       1.002226e-02       3.833154e-03       6.468738e-03       3.931108e-02       4.473782e-03       1.682851e-02
         820       1.320273e-02       1.882918e-03       5.230330e-03       2.371712e-02       7.887870e-03       1.285010e-02
         830       9.862807e-03       8.625044e-04       4.793708e-03       1.655391e-02       7.680603e-03       1.035715e-02
         840       1.146070e-02       2.698682e-04       6.126969e-03       1.806758e-02       8.699650e-03       1.110592e-02
         850       1.704407e-02       3.024124e-03       7.788447e-03       1.799763e-02       4.576620e-03       1.299331e-02
         860       1.153232e-02       3.010442e-03       6.386171e-03       1.992663e-02       7.698713e-03       1.250032e-02
         870       1.383041e-02       9.160956e-04       6.482830e-03       2.810715e-02       6.481279e-03       1.473570e-02
         880       7.346679e-03       1.018446e-03       3.732164e-03       1.153091e-02       4.169432e-03       8.773960e-03
         890       6.242964e-03       7.245428e-04       2.954047e-03       1.042306e-02       5.549541e-03       8.342131e-03
         900       1.337210e-02       9.852646e-04       6.383197e-03       2.028346e-02       7.737203e-03       1.406539e-02
         910       7.681743e-03       1.492441e-03       4.961396e-03       2.475466e-02       6.757193e-03       1.312537e-02
         920       4.436923e-03       2.020868e-03       3.070692e-03       1.157540e-02       6.676988e-03       9.429174e-03
         930       7.459777e-03       2.108996e-03       3.804881e-03       1.788910e-02       4.164856e-03       9.818255e-03
         940       6.606222e-03       1.453354e-03       3.811157e-03       1.622100e-02       3.999728e-03       9.241322e-03
         950       1.089965e-02       3.490492e-03       6.003058e-03       3.162495e-02       6.586366e-03       1.510237e-02
         960       5.596611e-03       1.199368e-03       3.148039e-03       1.561683e-02       4.105644e-03       1.064932e-02
         970       2.389624e-03       9.408017e-04       1.477798e-03       1.169784e-02       4.599999e-03       7.377906e-03
         980       3.400370e-03       7.921952e-04       2.032278e-03       1.144373e-02       4.215704e-03       7.858351e-03
         990       4.336529e-03       9.342725e-04       2.703235e-03       1.219642e-02       5.393608e-03       7.724810e-03
        1000       6.412496e-03       1.051775e-03       3.700665e-03       1.603377e-02       5.257081e-03       9.559747e-03
